2023-06-24 12:42:03.329 [info] Extension host with pid 2060 started
2023-06-24 12:42:03.330 [info] Skipping acquiring lock for /home/eho/.config/Code - OSS/User/workspaceStorage/89f0e11072ab31905bffecc18d089df7.
2023-06-24 12:42:03.500 [info] ExtensionService#_doActivateExtension vscode.emmet, startup: false, activationEvent: 'onLanguage'
2023-06-24 12:42:03.501 [info] ExtensionService#_doActivateExtension ms-python.python, startup: false, activationEvent: 'onLanguage:python'
2023-06-24 12:42:03.501 [info] ExtensionService#_doActivateExtension ms-toolsai.jupyter, startup: false, activationEvent: 'onLanguage:python'
2023-06-24 12:42:04.125 [info] ExtensionService#_doActivateExtension vscode.git-base, startup: true, activationEvent: '*', root cause: vscode.git
2023-06-24 12:42:04.141 [info] ExtensionService#_doActivateExtension vscode.npm, startup: true, activationEvent: 'workspaceContains:package.json'
2023-06-24 12:42:04.170 [info] ExtensionService#_doActivateExtension vscode.git, startup: true, activationEvent: '*'
2023-06-24 12:42:04.170 [info] ExtensionService#_doActivateExtension vscode.github, startup: true, activationEvent: '*'
2023-06-24 12:42:04.257 [info] Eager extensions activated
2023-06-24 12:42:04.267 [info] ExtensionService#_doActivateExtension vscode.debug-auto-launch, startup: false, activationEvent: 'onStartupFinished'
2023-06-24 12:42:04.267 [info] ExtensionService#_doActivateExtension vscode.merge-conflict, startup: false, activationEvent: 'onStartupFinished'
2023-06-24 12:42:04.991 [error] Error: Extension 'ms-toolsai.jupyter' CANNOT use API proposal: notebookCellExecutionState.
Its package.json#enabledApiProposals-property declares:  but NOT notebookCellExecutionState.
 The missing proposal MUST be added and you must start in extension development mode or use the following command line switch: --enable-proposed-api ms-toolsai.jupyter
	at C (/usr/lib/code/out/vs/workbench/api/node/extensionHostProcess.js:94:44957)
	at Mc.onDidChangeNotebookCellExecutionState (/usr/lib/code/out/vs/workbench/api/node/extensionHostProcess.js:114:45108)
	at new A_ (/home/eho/.vscode-oss/extensions/ms-toolsai.jupyter-2023.3.100-universal/out/extension.node.js:24:436750)
	at f (/home/eho/.vscode-oss/extensions/ms-toolsai.jupyter-2023.3.100-universal/out/extension.node.js:2:544291)
	at /home/eho/.vscode-oss/extensions/ms-toolsai.jupyter-2023.3.100-universal/out/extension.node.js:2:546181
	at t.resolveInstance (/home/eho/.vscode-oss/extensions/ms-toolsai.jupyter-2023.3.100-universal/out/extension.node.js:2:546208)
	at /home/eho/.vscode-oss/extensions/ms-toolsai.jupyter-2023.3.100-universal/out/extension.node.js:2:549240
	at /home/eho/.vscode-oss/extensions/ms-toolsai.jupyter-2023.3.100-universal/out/extension.node.js:2:549577
	at /home/eho/.vscode-oss/extensions/ms-toolsai.jupyter-2023.3.100-universal/out/extension.node.js:2:548900
	at y (/home/eho/.vscode-oss/extensions/ms-toolsai.jupyter-2023.3.100-universal/out/extension.node.js:2:548932)
	at /home/eho/.vscode-oss/extensions/ms-toolsai.jupyter-2023.3.100-universal/out/extension.node.js:2:548794
	at /home/eho/.vscode-oss/extensions/ms-toolsai.jupyter-2023.3.100-universal/out/extension.node.js:2:548728
	at Array.map (<anonymous>)
	at /home/eho/.vscode-oss/extensions/ms-toolsai.jupyter-2023.3.100-universal/out/extension.node.js:2:548700
	at /home/eho/.vscode-oss/extensions/ms-toolsai.jupyter-2023.3.100-universal/out/extension.node.js:2:545539
	at Array.reduce (<anonymous>)
	at /home/eho/.vscode-oss/extensions/ms-toolsai.jupyter-2023.3.100-universal/out/extension.node.js:2:545511
	at /home/eho/.vscode-oss/extensions/ms-toolsai.jupyter-2023.3.100-universal/out/extension.node.js:2:545838
	at t.resolveInstance (/home/eho/.vscode-oss/extensions/ms-toolsai.jupyter-2023.3.100-universal/out/extension.node.js:2:546208)
	at /home/eho/.vscode-oss/extensions/ms-toolsai.jupyter-2023.3.100-universal/out/extension.node.js:2:549240
	at /home/eho/.vscode-oss/extensions/ms-toolsai.jupyter-2023.3.100-universal/out/extension.node.js:2:549577
	at /home/eho/.vscode-oss/extensions/ms-toolsai.jupyter-2023.3.100-universal/out/extension.node.js:2:548900
	at y (/home/eho/.vscode-oss/extensions/ms-toolsai.jupyter-2023.3.100-universal/out/extension.node.js:2:548932)
	at /home/eho/.vscode-oss/extensions/ms-toolsai.jupyter-2023.3.100-universal/out/extension.node.js:2:548794
	at t.resolve (/home/eho/.vscode-oss/extensions/ms-toolsai.jupyter-2023.3.100-universal/out/extension.node.js:2:550764)
	at /home/eho/.vscode-oss/extensions/ms-toolsai.jupyter-2023.3.100-universal/out/extension.node.js:2:519737
	at e._get (/home/eho/.vscode-oss/extensions/ms-toolsai.jupyter-2023.3.100-universal/out/extension.node.js:2:519106)
	at e._getButThrowIfAsync (/home/eho/.vscode-oss/extensions/ms-toolsai.jupyter-2023.3.100-universal/out/extension.node.js:2:519166)
	at e.get (/home/eho/.vscode-oss/extensions/ms-toolsai.jupyter-2023.3.100-universal/out/extension.node.js:2:514861)
	at $y.get (/home/eho/.vscode-oss/extensions/ms-toolsai.jupyter-2023.3.100-universal/out/extension.node.js:24:70129)
	at /home/eho/.vscode-oss/extensions/ms-toolsai.jupyter-2023.3.100-universal/out/extension.node.js:24:555933
	at process.processTicksAndRejections (node:internal/process/task_queues:96:5)
2023-06-24 12:42:05.461 [error] Error: Extension 'ms-python.python' CANNOT use API proposal: testObserver.
Its package.json#enabledApiProposals-property declares:  but NOT testObserver.
 The missing proposal MUST be added and you must start in extension development mode or use the following command line switch: --enable-proposed-api ms-python.python
	at C (/usr/lib/code/out/vs/workbench/api/node/extensionHostProcess.js:94:44957)
	at get testResults [as testResults] (/usr/lib/code/out/vs/workbench/api/node/extensionHostProcess.js:114:26184)
	at E.activate (/home/eho/.vscode-oss/extensions/ms-python.python-2023.6.1-universal/out/client/extension.js:2:792277)
	at /home/eho/.vscode-oss/extensions/ms-python.python-2023.6.1-universal/out/client/extension.js:2:2386
	at Array.map (<anonymous>)
	at f.activateWorkspace (/home/eho/.vscode-oss/extensions/ms-python.python-2023.6.1-universal/out/client/extension.js:2:2376)
	at process.processTicksAndRejections (node:internal/process/task_queues:96:5)
2023-06-24 12:43:13.420 [info] Extension host terminating: received terminate message from renderer
2023-06-24 12:43:13.445 [error] Canceled: Canceled
	at new l (/usr/lib/code/out/vs/workbench/api/node/extensionHostProcess.js:98:105190)
	at c.O (/usr/lib/code/out/vs/workbench/api/node/extensionHostProcess.js:108:11692)
	at G.<computed>.Q.charCodeAt.G.<computed> (/usr/lib/code/out/vs/workbench/api/node/extensionHostProcess.js:108:8967)
	at m.g (/usr/lib/code/out/vs/workbench/api/node/extensionHostProcess.js:98:125211)
	at m.executeCommand (/usr/lib/code/out/vs/workbench/api/node/extensionHostProcess.js:98:124587)
	at L.registerCommand.description (/usr/lib/code/out/vs/workbench/api/node/extensionHostProcess.js:98:123880)
	at m.h (/usr/lib/code/out/vs/workbench/api/node/extensionHostProcess.js:98:125797)
	at m.g (/usr/lib/code/out/vs/workbench/api/node/extensionHostProcess.js:98:124687)
	at m.executeCommand (/usr/lib/code/out/vs/workbench/api/node/extensionHostProcess.js:98:124587)
	at Object.executeCommand (/usr/lib/code/out/vs/workbench/api/node/extensionHostProcess.js:114:23801)
	at D (/usr/lib/code/extensions/git/dist/main.js:2:1467156)
	at E.invoke (/usr/lib/code/out/vs/workbench/api/node/extensionHostProcess.js:63:145)
	at h.deliver (/usr/lib/code/out/vs/workbench/api/node/extensionHostProcess.js:63:2121)
	at n.fire (/usr/lib/code/out/vs/workbench/api/node/extensionHostProcess.js:63:1729)
	at Object.m [as dispose] (/usr/lib/code/extensions/git/dist/main.js:2:1481885)
	at /usr/lib/code/extensions/git/dist/main.js:2:1485952
	at Array.forEach (<anonymous>)
	at g.dispose (/usr/lib/code/extensions/git/dist/main.js:2:1485938)
	at t.<anonymous> (/usr/lib/code/out/vs/workbench/api/node/extensionHostProcess.js:96:12398)
	at t.dispose (/usr/lib/code/out/vs/workbench/api/node/extensionHostProcess.js:96:12533)
	at t.<anonymous> (/usr/lib/code/extensions/git/dist/main.js:2:1469286)
	at t.dispose (/usr/lib/code/out/vs/workbench/api/node/extensionHostProcess.js:96:12533)
	at C (/usr/lib/code/out/vs/workbench/api/node/extensionHostProcess.js:10:12084)
	at E.Y (/usr/lib/code/out/vs/workbench/api/node/extensionHostProcess.js:110:11147)
	at /usr/lib/code/out/vs/workbench/api/node/extensionHostProcess.js:110:9131
	at Array.map (<anonymous>)
	at E.R (/usr/lib/code/out/vs/workbench/api/node/extensionHostProcess.js:110:9118)
	at E.terminate (/usr/lib/code/out/vs/workbench/api/node/extensionHostProcess.js:110:9389)
	at d.terminate (/usr/lib/code/out/vs/workbench/api/node/extensionHostProcess.js:114:1544)
	at p (/usr/lib/code/out/vs/workbench/api/node/extensionHostProcess.js:124:18690)
	at /usr/lib/code/out/vs/workbench/api/node/extensionHostProcess.js:124:16600
	at E.invoke (/usr/lib/code/out/vs/workbench/api/node/extensionHostProcess.js:63:145)
	at h.deliver (/usr/lib/code/out/vs/workbench/api/node/extensionHostProcess.js:63:2121)
	at n.fire (/usr/lib/code/out/vs/workbench/api/node/extensionHostProcess.js:63:1729)
	at p.fire (/usr/lib/code/out/vs/workbench/api/node/extensionHostProcess.js:72:14916)
	at s.E (/usr/lib/code/out/vs/workbench/api/node/extensionHostProcess.js:72:18982)
	at /usr/lib/code/out/vs/workbench/api/node/extensionHostProcess.js:72:16970
	at E.invoke (/usr/lib/code/out/vs/workbench/api/node/extensionHostProcess.js:63:145)
	at h.deliver (/usr/lib/code/out/vs/workbench/api/node/extensionHostProcess.js:63:2121)
	at n.fire (/usr/lib/code/out/vs/workbench/api/node/extensionHostProcess.js:63:1729)
	at d.acceptChunk (/usr/lib/code/out/vs/workbench/api/node/extensionHostProcess.js:72:12647)
	at /usr/lib/code/out/vs/workbench/api/node/extensionHostProcess.js:72:11934
	at Socket.s (/usr/lib/code/out/vs/workbench/api/node/extensionHostProcess.js:72:22469)
	at Socket.emit (node:events:526:28)
	at addChunk (node:internal/streams/readable:315:12)
	at readableAddChunk (node:internal/streams/readable:289:9)
	at Readable.push (node:internal/streams/readable:228:10)
	at Pipe.onStreamRead (node:internal/stream_base_commons:190:23) setContext undefined
2023-06-24 12:43:13.457 [info] Extension host with pid 2060 exiting with code 0
2023-06-24 12:43:15.054 [info] Extension host with pid 2374 started
2023-06-24 12:43:15.054 [info] Skipping acquiring lock for /home/eho/.config/Code - OSS/User/workspaceStorage/30e0f1d234004648f7ed151ca6496f96.
2023-06-24 12:43:15.127 [info] ExtensionService#_doActivateExtension vscode.git-base, startup: true, activationEvent: '*', root cause: vscode.git
2023-06-24 12:43:15.139 [info] ExtensionService#_doActivateExtension vscode.git, startup: true, activationEvent: '*'
2023-06-24 12:43:15.139 [info] ExtensionService#_doActivateExtension vscode.github, startup: true, activationEvent: '*'
2023-06-24 12:43:15.262 [info] Eager extensions activated
2023-06-24 12:43:15.330 [info] ExtensionService#_doActivateExtension vscode.debug-auto-launch, startup: false, activationEvent: 'onStartupFinished'
2023-06-24 12:43:15.331 [info] ExtensionService#_doActivateExtension vscode.merge-conflict, startup: false, activationEvent: 'onStartupFinished'
2023-06-24 12:43:23.017 [info] ExtensionService#_doActivateExtension vscode.emmet, startup: false, activationEvent: 'onLanguage'
2023-06-24 12:45:02.286 [error] {"message":"Git error","stdout":"","stderr":"fatal: not a git repository (or any of the parent directories): .git\n","exitCode":128}
2023-06-24 12:45:03.288 [error] {"message":"Git error","stdout":"","stderr":"fatal: not a git repository (or any of the parent directories): .git\n","exitCode":128}
2023-06-24 12:46:17.136 [info] ExtensionService#_doActivateExtension ms-python.python, startup: false, activationEvent: 'onLanguage:python'
2023-06-24 12:46:17.136 [info] ExtensionService#_doActivateExtension ms-toolsai.jupyter, startup: false, activationEvent: 'onLanguage:python'
2023-06-24 12:46:18.597 [error] Error: Extension 'ms-toolsai.jupyter' CANNOT use API proposal: notebookCellExecutionState.
Its package.json#enabledApiProposals-property declares:  but NOT notebookCellExecutionState.
 The missing proposal MUST be added and you must start in extension development mode or use the following command line switch: --enable-proposed-api ms-toolsai.jupyter
	at C (/usr/lib/code/out/vs/workbench/api/node/extensionHostProcess.js:94:44957)
	at Mc.onDidChangeNotebookCellExecutionState (/usr/lib/code/out/vs/workbench/api/node/extensionHostProcess.js:114:45108)
	at new A_ (/home/eho/.vscode-oss/extensions/ms-toolsai.jupyter-2023.3.100-universal/out/extension.node.js:24:436750)
	at f (/home/eho/.vscode-oss/extensions/ms-toolsai.jupyter-2023.3.100-universal/out/extension.node.js:2:544291)
	at /home/eho/.vscode-oss/extensions/ms-toolsai.jupyter-2023.3.100-universal/out/extension.node.js:2:546181
	at t.resolveInstance (/home/eho/.vscode-oss/extensions/ms-toolsai.jupyter-2023.3.100-universal/out/extension.node.js:2:546208)
	at /home/eho/.vscode-oss/extensions/ms-toolsai.jupyter-2023.3.100-universal/out/extension.node.js:2:549240
	at /home/eho/.vscode-oss/extensions/ms-toolsai.jupyter-2023.3.100-universal/out/extension.node.js:2:549577
	at /home/eho/.vscode-oss/extensions/ms-toolsai.jupyter-2023.3.100-universal/out/extension.node.js:2:548900
	at y (/home/eho/.vscode-oss/extensions/ms-toolsai.jupyter-2023.3.100-universal/out/extension.node.js:2:548932)
	at /home/eho/.vscode-oss/extensions/ms-toolsai.jupyter-2023.3.100-universal/out/extension.node.js:2:548794
	at /home/eho/.vscode-oss/extensions/ms-toolsai.jupyter-2023.3.100-universal/out/extension.node.js:2:548728
	at Array.map (<anonymous>)
	at /home/eho/.vscode-oss/extensions/ms-toolsai.jupyter-2023.3.100-universal/out/extension.node.js:2:548700
	at /home/eho/.vscode-oss/extensions/ms-toolsai.jupyter-2023.3.100-universal/out/extension.node.js:2:545539
	at Array.reduce (<anonymous>)
	at /home/eho/.vscode-oss/extensions/ms-toolsai.jupyter-2023.3.100-universal/out/extension.node.js:2:545511
	at /home/eho/.vscode-oss/extensions/ms-toolsai.jupyter-2023.3.100-universal/out/extension.node.js:2:545838
	at t.resolveInstance (/home/eho/.vscode-oss/extensions/ms-toolsai.jupyter-2023.3.100-universal/out/extension.node.js:2:546208)
	at /home/eho/.vscode-oss/extensions/ms-toolsai.jupyter-2023.3.100-universal/out/extension.node.js:2:549240
	at /home/eho/.vscode-oss/extensions/ms-toolsai.jupyter-2023.3.100-universal/out/extension.node.js:2:549577
	at /home/eho/.vscode-oss/extensions/ms-toolsai.jupyter-2023.3.100-universal/out/extension.node.js:2:548900
	at y (/home/eho/.vscode-oss/extensions/ms-toolsai.jupyter-2023.3.100-universal/out/extension.node.js:2:548932)
	at /home/eho/.vscode-oss/extensions/ms-toolsai.jupyter-2023.3.100-universal/out/extension.node.js:2:548794
	at t.resolve (/home/eho/.vscode-oss/extensions/ms-toolsai.jupyter-2023.3.100-universal/out/extension.node.js:2:550764)
	at /home/eho/.vscode-oss/extensions/ms-toolsai.jupyter-2023.3.100-universal/out/extension.node.js:2:519737
	at e._get (/home/eho/.vscode-oss/extensions/ms-toolsai.jupyter-2023.3.100-universal/out/extension.node.js:2:519106)
	at e._getButThrowIfAsync (/home/eho/.vscode-oss/extensions/ms-toolsai.jupyter-2023.3.100-universal/out/extension.node.js:2:519166)
	at e.get (/home/eho/.vscode-oss/extensions/ms-toolsai.jupyter-2023.3.100-universal/out/extension.node.js:2:514861)
	at $y.get (/home/eho/.vscode-oss/extensions/ms-toolsai.jupyter-2023.3.100-universal/out/extension.node.js:24:70129)
	at /home/eho/.vscode-oss/extensions/ms-toolsai.jupyter-2023.3.100-universal/out/extension.node.js:24:555933
	at process.processTicksAndRejections (node:internal/process/task_queues:96:5)
2023-06-24 12:46:19.106 [error] Error: Extension 'ms-python.python' CANNOT use API proposal: testObserver.
Its package.json#enabledApiProposals-property declares:  but NOT testObserver.
 The missing proposal MUST be added and you must start in extension development mode or use the following command line switch: --enable-proposed-api ms-python.python
	at C (/usr/lib/code/out/vs/workbench/api/node/extensionHostProcess.js:94:44957)
	at get testResults [as testResults] (/usr/lib/code/out/vs/workbench/api/node/extensionHostProcess.js:114:26184)
	at E.activate (/home/eho/.vscode-oss/extensions/ms-python.python-2023.6.1-universal/out/client/extension.js:2:792277)
	at /home/eho/.vscode-oss/extensions/ms-python.python-2023.6.1-universal/out/client/extension.js:2:2386
	at Array.map (<anonymous>)
	at f.activateWorkspace (/home/eho/.vscode-oss/extensions/ms-python.python-2023.6.1-universal/out/client/extension.js:2:2376)
	at process.processTicksAndRejections (node:internal/process/task_queues:96:5)
2023-06-24 12:47:03.386 [info] ExtensionService#_doActivateExtension vscode.extension-editing, startup: false, activationEvent: 'onLanguage:markdown'
2023-06-24 12:47:03.387 [info] ExtensionService#_doActivateExtension vscode.markdown-language-features, startup: false, activationEvent: 'onLanguage:markdown'
2023-06-24 12:47:04.053 [info] ExtensionService#_doActivateExtension vscode.markdown-math, startup: false, activationEvent: 'api', root cause: vscode.markdown-language-features
2023-06-24 13:13:57.108 [info] ExtensionService#_doActivateExtension vscode.github-authentication, startup: false, activationEvent: 'onAuthenticationRequest:github'
2023-06-24 13:14:57.537 [info] Extension host terminating: received terminate message from renderer
2023-06-24 13:14:57.558 [error] Canceled: Canceled
	at new l (/usr/lib/code/out/vs/workbench/api/node/extensionHostProcess.js:98:105190)
	at c.O (/usr/lib/code/out/vs/workbench/api/node/extensionHostProcess.js:108:11692)
	at G.<computed>.Q.charCodeAt.G.<computed> (/usr/lib/code/out/vs/workbench/api/node/extensionHostProcess.js:108:8967)
	at m.g (/usr/lib/code/out/vs/workbench/api/node/extensionHostProcess.js:98:125211)
	at m.executeCommand (/usr/lib/code/out/vs/workbench/api/node/extensionHostProcess.js:98:124587)
	at L.registerCommand.description (/usr/lib/code/out/vs/workbench/api/node/extensionHostProcess.js:98:123880)
	at m.h (/usr/lib/code/out/vs/workbench/api/node/extensionHostProcess.js:98:125797)
	at m.g (/usr/lib/code/out/vs/workbench/api/node/extensionHostProcess.js:98:124687)
	at m.executeCommand (/usr/lib/code/out/vs/workbench/api/node/extensionHostProcess.js:98:124587)
	at Object.executeCommand (/usr/lib/code/out/vs/workbench/api/node/extensionHostProcess.js:114:23801)
	at D (/usr/lib/code/extensions/git/dist/main.js:2:1467156)
	at E.invoke (/usr/lib/code/out/vs/workbench/api/node/extensionHostProcess.js:63:145)
	at h.deliver (/usr/lib/code/out/vs/workbench/api/node/extensionHostProcess.js:63:2121)
	at n.fire (/usr/lib/code/out/vs/workbench/api/node/extensionHostProcess.js:63:1729)
	at Object.m [as dispose] (/usr/lib/code/extensions/git/dist/main.js:2:1481885)
	at /usr/lib/code/extensions/git/dist/main.js:2:1485952
	at Array.forEach (<anonymous>)
	at g.dispose (/usr/lib/code/extensions/git/dist/main.js:2:1485938)
	at t.<anonymous> (/usr/lib/code/out/vs/workbench/api/node/extensionHostProcess.js:96:12398)
	at t.dispose (/usr/lib/code/out/vs/workbench/api/node/extensionHostProcess.js:96:12533)
	at t.<anonymous> (/usr/lib/code/extensions/git/dist/main.js:2:1469286)
	at t.dispose (/usr/lib/code/out/vs/workbench/api/node/extensionHostProcess.js:96:12533)
	at C (/usr/lib/code/out/vs/workbench/api/node/extensionHostProcess.js:10:12084)
	at E.Y (/usr/lib/code/out/vs/workbench/api/node/extensionHostProcess.js:110:11147)
	at /usr/lib/code/out/vs/workbench/api/node/extensionHostProcess.js:110:9131
	at Array.map (<anonymous>)
	at E.R (/usr/lib/code/out/vs/workbench/api/node/extensionHostProcess.js:110:9118)
	at E.terminate (/usr/lib/code/out/vs/workbench/api/node/extensionHostProcess.js:110:9389)
	at d.terminate (/usr/lib/code/out/vs/workbench/api/node/extensionHostProcess.js:114:1544)
	at p (/usr/lib/code/out/vs/workbench/api/node/extensionHostProcess.js:124:18690)
	at /usr/lib/code/out/vs/workbench/api/node/extensionHostProcess.js:124:16600
	at E.invoke (/usr/lib/code/out/vs/workbench/api/node/extensionHostProcess.js:63:145)
	at h.deliver (/usr/lib/code/out/vs/workbench/api/node/extensionHostProcess.js:63:2121)
	at n.fire (/usr/lib/code/out/vs/workbench/api/node/extensionHostProcess.js:63:1729)
	at p.fire (/usr/lib/code/out/vs/workbench/api/node/extensionHostProcess.js:72:14916)
	at s.E (/usr/lib/code/out/vs/workbench/api/node/extensionHostProcess.js:72:18982)
	at /usr/lib/code/out/vs/workbench/api/node/extensionHostProcess.js:72:16970
	at E.invoke (/usr/lib/code/out/vs/workbench/api/node/extensionHostProcess.js:63:145)
	at h.deliver (/usr/lib/code/out/vs/workbench/api/node/extensionHostProcess.js:63:2121)
	at n.fire (/usr/lib/code/out/vs/workbench/api/node/extensionHostProcess.js:63:1729)
	at d.acceptChunk (/usr/lib/code/out/vs/workbench/api/node/extensionHostProcess.js:72:12647)
	at /usr/lib/code/out/vs/workbench/api/node/extensionHostProcess.js:72:11934
	at Socket.s (/usr/lib/code/out/vs/workbench/api/node/extensionHostProcess.js:72:22469)
	at Socket.emit (node:events:526:28)
	at addChunk (node:internal/streams/readable:315:12)
	at readableAddChunk (node:internal/streams/readable:289:9)
	at Readable.push (node:internal/streams/readable:228:10)
	at Pipe.onStreamRead (node:internal/stream_base_commons:190:23) setContext undefined
2023-06-24 13:14:57.559 [error] Canceled: Canceled
	at new l (/usr/lib/code/out/vs/workbench/api/node/extensionHostProcess.js:98:105190)
	at c.O (/usr/lib/code/out/vs/workbench/api/node/extensionHostProcess.js:108:11692)
	at G.<computed>.Q.charCodeAt.G.<computed> (/usr/lib/code/out/vs/workbench/api/node/extensionHostProcess.js:108:8967)
	at m.g (/usr/lib/code/out/vs/workbench/api/node/extensionHostProcess.js:98:125211)
	at m.executeCommand (/usr/lib/code/out/vs/workbench/api/node/extensionHostProcess.js:98:124587)
	at L.registerCommand.description (/usr/lib/code/out/vs/workbench/api/node/extensionHostProcess.js:98:123880)
	at m.h (/usr/lib/code/out/vs/workbench/api/node/extensionHostProcess.js:98:125797)
	at m.g (/usr/lib/code/out/vs/workbench/api/node/extensionHostProcess.js:98:124687)
	at m.executeCommand (/usr/lib/code/out/vs/workbench/api/node/extensionHostProcess.js:98:124587)
	at Object.executeCommand (/usr/lib/code/out/vs/workbench/api/node/extensionHostProcess.js:114:23801)
	at D (/usr/lib/code/extensions/git/dist/main.js:2:1467156)
	at E.invoke (/usr/lib/code/out/vs/workbench/api/node/extensionHostProcess.js:63:145)
	at h.deliver (/usr/lib/code/out/vs/workbench/api/node/extensionHostProcess.js:63:2121)
	at n.fire (/usr/lib/code/out/vs/workbench/api/node/extensionHostProcess.js:63:1729)
	at Object.m [as dispose] (/usr/lib/code/extensions/git/dist/main.js:2:1481885)
	at /usr/lib/code/extensions/git/dist/main.js:2:1485952
	at Array.forEach (<anonymous>)
	at g.dispose (/usr/lib/code/extensions/git/dist/main.js:2:1485938)
	at t.<anonymous> (/usr/lib/code/out/vs/workbench/api/node/extensionHostProcess.js:96:12398)
	at t.dispose (/usr/lib/code/out/vs/workbench/api/node/extensionHostProcess.js:96:12533)
	at t.<anonymous> (/usr/lib/code/extensions/git/dist/main.js:2:1469286)
	at t.dispose (/usr/lib/code/out/vs/workbench/api/node/extensionHostProcess.js:96:12533)
	at C (/usr/lib/code/out/vs/workbench/api/node/extensionHostProcess.js:10:12084)
	at E.Y (/usr/lib/code/out/vs/workbench/api/node/extensionHostProcess.js:110:11147)
	at /usr/lib/code/out/vs/workbench/api/node/extensionHostProcess.js:110:9131
	at Array.map (<anonymous>)
	at E.R (/usr/lib/code/out/vs/workbench/api/node/extensionHostProcess.js:110:9118)
	at E.terminate (/usr/lib/code/out/vs/workbench/api/node/extensionHostProcess.js:110:9389)
	at d.terminate (/usr/lib/code/out/vs/workbench/api/node/extensionHostProcess.js:114:1544)
	at p (/usr/lib/code/out/vs/workbench/api/node/extensionHostProcess.js:124:18690)
	at /usr/lib/code/out/vs/workbench/api/node/extensionHostProcess.js:124:16600
	at E.invoke (/usr/lib/code/out/vs/workbench/api/node/extensionHostProcess.js:63:145)
	at h.deliver (/usr/lib/code/out/vs/workbench/api/node/extensionHostProcess.js:63:2121)
	at n.fire (/usr/lib/code/out/vs/workbench/api/node/extensionHostProcess.js:63:1729)
	at p.fire (/usr/lib/code/out/vs/workbench/api/node/extensionHostProcess.js:72:14916)
	at s.E (/usr/lib/code/out/vs/workbench/api/node/extensionHostProcess.js:72:18982)
	at /usr/lib/code/out/vs/workbench/api/node/extensionHostProcess.js:72:16970
	at E.invoke (/usr/lib/code/out/vs/workbench/api/node/extensionHostProcess.js:63:145)
	at h.deliver (/usr/lib/code/out/vs/workbench/api/node/extensionHostProcess.js:63:2121)
	at n.fire (/usr/lib/code/out/vs/workbench/api/node/extensionHostProcess.js:63:1729)
	at d.acceptChunk (/usr/lib/code/out/vs/workbench/api/node/extensionHostProcess.js:72:12647)
	at /usr/lib/code/out/vs/workbench/api/node/extensionHostProcess.js:72:11934
	at Socket.s (/usr/lib/code/out/vs/workbench/api/node/extensionHostProcess.js:72:22469)
	at Socket.emit (node:events:526:28)
	at addChunk (node:internal/streams/readable:315:12)
	at readableAddChunk (node:internal/streams/readable:289:9)
	at Readable.push (node:internal/streams/readable:228:10)
	at Pipe.onStreamRead (node:internal/stream_base_commons:190:23) setContext undefined
2023-06-24 13:14:57.562 [info] Extension host with pid 2374 exiting with code 0
2023-06-24 13:14:59.141 [info] Extension host with pid 3860 started
2023-06-24 13:14:59.141 [info] Skipping acquiring lock for /home/eho/.config/Code - OSS/User/workspaceStorage/a3aa71770c2638b6841732b797b78b0a.
2023-06-24 13:14:59.278 [info] ExtensionService#_doActivateExtension vscode.git-base, startup: true, activationEvent: '*', root cause: vscode.git
2023-06-24 13:14:59.279 [info] ExtensionService#_doActivateExtension ms-python.python, startup: true, activationEvent: 'workspaceContains:requirements.txt'
2023-06-24 13:14:59.482 [info] ExtensionService#_doActivateExtension vscode.git, startup: true, activationEvent: '*'
2023-06-24 13:14:59.483 [info] ExtensionService#_doActivateExtension vscode.github, startup: true, activationEvent: '*'
2023-06-24 13:14:59.605 [info] Eager extensions activated
2023-06-24 13:14:59.697 [info] ExtensionService#_doActivateExtension vscode.debug-auto-launch, startup: false, activationEvent: 'onStartupFinished'
2023-06-24 13:14:59.698 [info] ExtensionService#_doActivateExtension vscode.merge-conflict, startup: false, activationEvent: 'onStartupFinished'
2023-06-24 13:15:00.756 [error] Error: Extension 'ms-python.python' CANNOT use API proposal: testObserver.
Its package.json#enabledApiProposals-property declares:  but NOT testObserver.
 The missing proposal MUST be added and you must start in extension development mode or use the following command line switch: --enable-proposed-api ms-python.python
	at C (/usr/lib/code/out/vs/workbench/api/node/extensionHostProcess.js:94:44957)
	at get testResults [as testResults] (/usr/lib/code/out/vs/workbench/api/node/extensionHostProcess.js:114:26184)
	at E.activate (/home/eho/.vscode-oss/extensions/ms-python.python-2023.6.1-universal/out/client/extension.js:2:792277)
	at /home/eho/.vscode-oss/extensions/ms-python.python-2023.6.1-universal/out/client/extension.js:2:2386
	at Array.map (<anonymous>)
	at f.activateWorkspace (/home/eho/.vscode-oss/extensions/ms-python.python-2023.6.1-universal/out/client/extension.js:2:2376)
	at process.processTicksAndRejections (node:internal/process/task_queues:96:5)
2023-06-24 13:15:03.653 [info] ExtensionService#_doActivateExtension ms-toolsai.jupyter, startup: false, activationEvent: 'onLanguage:python'
2023-06-24 13:15:03.654 [info] ExtensionService#_doActivateExtension vscode.emmet, startup: false, activationEvent: 'onLanguage'
2023-06-24 13:15:04.983 [error] Error: Extension 'ms-toolsai.jupyter' CANNOT use API proposal: notebookCellExecutionState.
Its package.json#enabledApiProposals-property declares:  but NOT notebookCellExecutionState.
 The missing proposal MUST be added and you must start in extension development mode or use the following command line switch: --enable-proposed-api ms-toolsai.jupyter
	at C (/usr/lib/code/out/vs/workbench/api/node/extensionHostProcess.js:94:44957)
	at Mc.onDidChangeNotebookCellExecutionState (/usr/lib/code/out/vs/workbench/api/node/extensionHostProcess.js:114:45108)
	at new A_ (/home/eho/.vscode-oss/extensions/ms-toolsai.jupyter-2023.3.100-universal/out/extension.node.js:24:436750)
	at f (/home/eho/.vscode-oss/extensions/ms-toolsai.jupyter-2023.3.100-universal/out/extension.node.js:2:544291)
	at /home/eho/.vscode-oss/extensions/ms-toolsai.jupyter-2023.3.100-universal/out/extension.node.js:2:546181
	at t.resolveInstance (/home/eho/.vscode-oss/extensions/ms-toolsai.jupyter-2023.3.100-universal/out/extension.node.js:2:546208)
	at /home/eho/.vscode-oss/extensions/ms-toolsai.jupyter-2023.3.100-universal/out/extension.node.js:2:549240
	at /home/eho/.vscode-oss/extensions/ms-toolsai.jupyter-2023.3.100-universal/out/extension.node.js:2:549577
	at /home/eho/.vscode-oss/extensions/ms-toolsai.jupyter-2023.3.100-universal/out/extension.node.js:2:548900
	at y (/home/eho/.vscode-oss/extensions/ms-toolsai.jupyter-2023.3.100-universal/out/extension.node.js:2:548932)
	at /home/eho/.vscode-oss/extensions/ms-toolsai.jupyter-2023.3.100-universal/out/extension.node.js:2:548794
	at /home/eho/.vscode-oss/extensions/ms-toolsai.jupyter-2023.3.100-universal/out/extension.node.js:2:548728
	at Array.map (<anonymous>)
	at /home/eho/.vscode-oss/extensions/ms-toolsai.jupyter-2023.3.100-universal/out/extension.node.js:2:548700
	at /home/eho/.vscode-oss/extensions/ms-toolsai.jupyter-2023.3.100-universal/out/extension.node.js:2:545539
	at Array.reduce (<anonymous>)
	at /home/eho/.vscode-oss/extensions/ms-toolsai.jupyter-2023.3.100-universal/out/extension.node.js:2:545511
	at /home/eho/.vscode-oss/extensions/ms-toolsai.jupyter-2023.3.100-universal/out/extension.node.js:2:545838
	at t.resolveInstance (/home/eho/.vscode-oss/extensions/ms-toolsai.jupyter-2023.3.100-universal/out/extension.node.js:2:546208)
	at /home/eho/.vscode-oss/extensions/ms-toolsai.jupyter-2023.3.100-universal/out/extension.node.js:2:549240
	at /home/eho/.vscode-oss/extensions/ms-toolsai.jupyter-2023.3.100-universal/out/extension.node.js:2:549577
	at /home/eho/.vscode-oss/extensions/ms-toolsai.jupyter-2023.3.100-universal/out/extension.node.js:2:548900
	at y (/home/eho/.vscode-oss/extensions/ms-toolsai.jupyter-2023.3.100-universal/out/extension.node.js:2:548932)
	at /home/eho/.vscode-oss/extensions/ms-toolsai.jupyter-2023.3.100-universal/out/extension.node.js:2:548794
	at t.resolve (/home/eho/.vscode-oss/extensions/ms-toolsai.jupyter-2023.3.100-universal/out/extension.node.js:2:550764)
	at /home/eho/.vscode-oss/extensions/ms-toolsai.jupyter-2023.3.100-universal/out/extension.node.js:2:519737
	at e._get (/home/eho/.vscode-oss/extensions/ms-toolsai.jupyter-2023.3.100-universal/out/extension.node.js:2:519106)
	at e._getButThrowIfAsync (/home/eho/.vscode-oss/extensions/ms-toolsai.jupyter-2023.3.100-universal/out/extension.node.js:2:519166)
	at e.get (/home/eho/.vscode-oss/extensions/ms-toolsai.jupyter-2023.3.100-universal/out/extension.node.js:2:514861)
	at $y.get (/home/eho/.vscode-oss/extensions/ms-toolsai.jupyter-2023.3.100-universal/out/extension.node.js:24:70129)
	at /home/eho/.vscode-oss/extensions/ms-toolsai.jupyter-2023.3.100-universal/out/extension.node.js:24:555933
	at process.processTicksAndRejections (node:internal/process/task_queues:96:5)
2023-06-24 13:16:40.549 [info] Extension host terminating: received terminate message from renderer
2023-06-24 13:16:40.565 [error] Canceled: Canceled
	at new l (/usr/lib/code/out/vs/workbench/api/node/extensionHostProcess.js:98:105190)
	at c.O (/usr/lib/code/out/vs/workbench/api/node/extensionHostProcess.js:108:11692)
	at G.<computed>.Q.charCodeAt.G.<computed> (/usr/lib/code/out/vs/workbench/api/node/extensionHostProcess.js:108:8967)
	at m.g (/usr/lib/code/out/vs/workbench/api/node/extensionHostProcess.js:98:125211)
	at m.executeCommand (/usr/lib/code/out/vs/workbench/api/node/extensionHostProcess.js:98:124587)
	at L.registerCommand.description (/usr/lib/code/out/vs/workbench/api/node/extensionHostProcess.js:98:123880)
	at m.h (/usr/lib/code/out/vs/workbench/api/node/extensionHostProcess.js:98:125797)
	at m.g (/usr/lib/code/out/vs/workbench/api/node/extensionHostProcess.js:98:124687)
	at m.executeCommand (/usr/lib/code/out/vs/workbench/api/node/extensionHostProcess.js:98:124587)
	at Object.executeCommand (/usr/lib/code/out/vs/workbench/api/node/extensionHostProcess.js:114:23801)
	at D (/usr/lib/code/extensions/git/dist/main.js:2:1467156)
	at E.invoke (/usr/lib/code/out/vs/workbench/api/node/extensionHostProcess.js:63:145)
	at h.deliver (/usr/lib/code/out/vs/workbench/api/node/extensionHostProcess.js:63:2121)
	at n.fire (/usr/lib/code/out/vs/workbench/api/node/extensionHostProcess.js:63:1729)
	at Object.m [as dispose] (/usr/lib/code/extensions/git/dist/main.js:2:1481885)
	at /usr/lib/code/extensions/git/dist/main.js:2:1485952
	at Array.forEach (<anonymous>)
	at g.dispose (/usr/lib/code/extensions/git/dist/main.js:2:1485938)
	at t.<anonymous> (/usr/lib/code/out/vs/workbench/api/node/extensionHostProcess.js:96:12398)
	at t.dispose (/usr/lib/code/out/vs/workbench/api/node/extensionHostProcess.js:96:12533)
	at t.<anonymous> (/usr/lib/code/extensions/git/dist/main.js:2:1469286)
	at t.dispose (/usr/lib/code/out/vs/workbench/api/node/extensionHostProcess.js:96:12533)
	at C (/usr/lib/code/out/vs/workbench/api/node/extensionHostProcess.js:10:12084)
	at E.Y (/usr/lib/code/out/vs/workbench/api/node/extensionHostProcess.js:110:11147)
	at /usr/lib/code/out/vs/workbench/api/node/extensionHostProcess.js:110:9131
	at Array.map (<anonymous>)
	at E.R (/usr/lib/code/out/vs/workbench/api/node/extensionHostProcess.js:110:9118)
	at E.terminate (/usr/lib/code/out/vs/workbench/api/node/extensionHostProcess.js:110:9389)
	at d.terminate (/usr/lib/code/out/vs/workbench/api/node/extensionHostProcess.js:114:1544)
	at p (/usr/lib/code/out/vs/workbench/api/node/extensionHostProcess.js:124:18690)
	at /usr/lib/code/out/vs/workbench/api/node/extensionHostProcess.js:124:16600
	at E.invoke (/usr/lib/code/out/vs/workbench/api/node/extensionHostProcess.js:63:145)
	at h.deliver (/usr/lib/code/out/vs/workbench/api/node/extensionHostProcess.js:63:2121)
	at n.fire (/usr/lib/code/out/vs/workbench/api/node/extensionHostProcess.js:63:1729)
	at p.fire (/usr/lib/code/out/vs/workbench/api/node/extensionHostProcess.js:72:14916)
	at s.E (/usr/lib/code/out/vs/workbench/api/node/extensionHostProcess.js:72:18982)
	at /usr/lib/code/out/vs/workbench/api/node/extensionHostProcess.js:72:16970
	at E.invoke (/usr/lib/code/out/vs/workbench/api/node/extensionHostProcess.js:63:145)
	at h.deliver (/usr/lib/code/out/vs/workbench/api/node/extensionHostProcess.js:63:2121)
	at n.fire (/usr/lib/code/out/vs/workbench/api/node/extensionHostProcess.js:63:1729)
	at d.acceptChunk (/usr/lib/code/out/vs/workbench/api/node/extensionHostProcess.js:72:12647)
	at /usr/lib/code/out/vs/workbench/api/node/extensionHostProcess.js:72:11934
	at Socket.s (/usr/lib/code/out/vs/workbench/api/node/extensionHostProcess.js:72:22469)
	at Socket.emit (node:events:526:28)
	at addChunk (node:internal/streams/readable:315:12)
	at readableAddChunk (node:internal/streams/readable:289:9)
	at Readable.push (node:internal/streams/readable:228:10)
	at Pipe.onStreamRead (node:internal/stream_base_commons:190:23) setContext undefined
2023-06-24 13:16:40.568 [info] Extension host with pid 3860 exiting with code 0
