
PHP Tools server started.
    PID: 2661
    Processing files: *.php; *.phtml

> 2 file system change(s) ...
> Indexing directory 'file:///home/eho/site/storage/framework/sessions/8G3xvuu79bc35wklnnH8WwmM9zlG4ZOMWnpLuvp0' ...
> 1 file system change(s) ...
> 5 file system change(s) ...
> Indexing directory 'file:///home/eho/site/storage/framework/sessions/8G3xvuu79bc35wklnnH8WwmM9zlG4ZOMWnpLuvp0' ...
> Indexing directory 'file:///home/eho/site/storage/framework/sessions/8G3xvuu79bc35wklnnH8WwmM9zlG4ZOMWnpLuvp0' ...
> Indexing directory 'file:///home/eho/site/storage/framework/sessions/8G3xvuu79bc35wklnnH8WwmM9zlG4ZOMWnpLuvp0' ...
> Indexing directory 'file:///home/eho/site/storage/framework/sessions/8G3xvuu79bc35wklnnH8WwmM9zlG4ZOMWnpLuvp0' ...
> 1 file system change(s) ...
> 2 file system change(s) ...
> Indexing directory 'file:///home/eho/site/storage/framework/sessions/8G3xvuu79bc35wklnnH8WwmM9zlG4ZOMWnpLuvp0' ...
> 1 file system change(s) ...
> 1 file system change(s) ...
> 2 file system change(s) ...
> Indexing directory 'file:///home/eho/site/storage/framework/sessions/8G3xvuu79bc35wklnnH8WwmM9zlG4ZOMWnpLuvp0' ...
> 1 file system change(s) ...
> 2 file system change(s) ...
> Indexing directory 'file:///home/eho/site/storage/framework/sessions/8G3xvuu79bc35wklnnH8WwmM9zlG4ZOMWnpLuvp0' ...
> 1 file system change(s) ...
> 2 file system change(s) ...
> Indexing directory 'file:///home/eho/site/storage/framework/sessions/8G3xvuu79bc35wklnnH8WwmM9zlG4ZOMWnpLuvp0' ...
> 3 file system change(s) ...
> Indexing directory 'file:///home/eho/site/storage/framework/sessions/8G3xvuu79bc35wklnnH8WwmM9zlG4ZOMWnpLuvp0' ...
> 3 file system change(s) ...
> Indexing directory 'file:///home/eho/site/storage/framework/sessions/8G3xvuu79bc35wklnnH8WwmM9zlG4ZOMWnpLuvp0' ...
> 1 file system change(s) ...
> Indexing directory 'file:///home/eho/site/storage/framework/sessions/8G3xvuu79bc35wklnnH8WwmM9zlG4ZOMWnpLuvp0' ...
> 1 file system change(s) ...
> Indexing directory 'file:///home/eho/site/storage/framework/sessions/8G3xvuu79bc35wklnnH8WwmM9zlG4ZOMWnpLuvp0' ...
> 1 file system change(s) ...
> 1 file system change(s) ...
> Indexing directory 'file:///home/eho/site/storage/framework/sessions/8G3xvuu79bc35wklnnH8WwmM9zlG4ZOMWnpLuvp0' ...
> 1 file system change(s) ...
> Indexing directory 'file:///home/eho/site/storage/framework/sessions/8G3xvuu79bc35wklnnH8WwmM9zlG4ZOMWnpLuvp0' ...
> 1 file system change(s) ...
> Indexing directory 'file:///home/eho/site/storage/framework/sessions/8G3xvuu79bc35wklnnH8WwmM9zlG4ZOMWnpLuvp0' ...
> 1 file system change(s) ...
> 1 file system change(s) ...
> Indexing directory 'file:///home/eho/site/storage/framework/sessions/8G3xvuu79bc35wklnnH8WwmM9zlG4ZOMWnpLuvp0' ...
> 1 file system change(s) ...
> 2 file system change(s) ...
> Indexing directory 'file:///home/eho/site/storage/framework/sessions/8G3xvuu79bc35wklnnH8WwmM9zlG4ZOMWnpLuvp0' ...
> Indexing directory 'file:///home/eho/site/storage/framework/sessions/8G3xvuu79bc35wklnnH8WwmM9zlG4ZOMWnpLuvp0' ...
> 2 file system change(s) ...
> 1 file system change(s) ...
> 1 file system change(s) ...
> 2 file system change(s) ...
> Indexing directory 'file:///home/eho/site/storage/framework/sessions/8G3xvuu79bc35wklnnH8WwmM9zlG4ZOMWnpLuvp0' ...
> 1 file system change(s) ...
> 2 file system change(s) ...
> Indexing directory 'file:///home/eho/site/storage/framework/sessions/8G3xvuu79bc35wklnnH8WwmM9zlG4ZOMWnpLuvp0' ...
> 1 file system change(s) ...
> 5 file system change(s) ...
> Indexing directory 'file:///home/eho/site/storage/framework/sessions/8G3xvuu79bc35wklnnH8WwmM9zlG4ZOMWnpLuvp0' ...
> Indexing directory 'file:///home/eho/site/storage/framework/sessions/8G3xvuu79bc35wklnnH8WwmM9zlG4ZOMWnpLuvp0' ...
> Indexing directory 'file:///home/eho/site/storage/framework/sessions/8G3xvuu79bc35wklnnH8WwmM9zlG4ZOMWnpLuvp0' ...
> Indexing directory 'file:///home/eho/site/storage/framework/sessions/8G3xvuu79bc35wklnnH8WwmM9zlG4ZOMWnpLuvp0' ...
> 3 file system change(s) ...
> Indexing directory 'file:///home/eho/site/storage/framework/sessions/8G3xvuu79bc35wklnnH8WwmM9zlG4ZOMWnpLuvp0' ...
> 3 file system change(s) ...
> Indexing directory 'file:///home/eho/site/storage/framework/sessions/8G3xvuu79bc35wklnnH8WwmM9zlG4ZOMWnpLuvp0' ...
> 3 file system change(s) ...
> Indexing directory 'file:///home/eho/site/storage/framework/sessions/8G3xvuu79bc35wklnnH8WwmM9zlG4ZOMWnpLuvp0' ...
> 14 file system change(s) ...
> Indexing directory 'file:///home/eho/site/storage/framework/sessions/8G3xvuu79bc35wklnnH8WwmM9zlG4ZOMWnpLuvp0' ...
> Indexing directory 'file:///home/eho/site/storage/framework/sessions/8G3xvuu79bc35wklnnH8WwmM9zlG4ZOMWnpLuvp0' ...
> Indexing directory 'file:///home/eho/site/storage/framework/sessions/8G3xvuu79bc35wklnnH8WwmM9zlG4ZOMWnpLuvp0' ...
> Removed path 'file:///home/eho/site/storage/framework/sessions/6wSRHxOcINWhhwxoYPzhXOv6Qa6qreZ3TqU322BH' ...
> Removed path 'file:///home/eho/site/storage/framework/sessions/AZQjJ4NmTEy35Z105rphzWRICEkaMwJoz7BQUZ4w' ...
> Removed path 'file:///home/eho/site/storage/framework/sessions/ByhCrfPudIbiwViQmbw0c2ugBvEgRu50Q7LAhPmj' ...
> Removed path 'file:///home/eho/site/storage/framework/sessions/fQwVX4r56Vm67O6FvQbgBsX4PIlyjBbBeR0jKdu3' ...
> Removed path 'file:///home/eho/site/storage/framework/sessions/klWcGFrDTbL0slUU35sM9yMYSc2SMDEcPY6lJfpV' ...
> Indexing directory 'file:///home/eho/site/storage/framework/sessions/8G3xvuu79bc35wklnnH8WwmM9zlG4ZOMWnpLuvp0' ...
> Indexing directory 'file:///home/eho/site/storage/framework/sessions/8G3xvuu79bc35wklnnH8WwmM9zlG4ZOMWnpLuvp0' ...
> Indexing directory 'file:///home/eho/site/storage/framework/sessions/8G3xvuu79bc35wklnnH8WwmM9zlG4ZOMWnpLuvp0' ...
> Indexing directory 'file:///home/eho/site/storage/framework/sessions/8G3xvuu79bc35wklnnH8WwmM9zlG4ZOMWnpLuvp0' ...
> 7 file system change(s) ...
> Indexing directory 'file:///home/eho/site/storage/framework/sessions/8G3xvuu79bc35wklnnH8WwmM9zlG4ZOMWnpLuvp0' ...
> Indexing directory 'file:///home/eho/site/storage/framework/sessions/8G3xvuu79bc35wklnnH8WwmM9zlG4ZOMWnpLuvp0' ...
> Indexing directory 'file:///home/eho/site/storage/framework/sessions/8G3xvuu79bc35wklnnH8WwmM9zlG4ZOMWnpLuvp0' ...
> Indexing directory 'file:///home/eho/site/storage/framework/sessions/8G3xvuu79bc35wklnnH8WwmM9zlG4ZOMWnpLuvp0' ...
> Indexing directory 'file:///home/eho/site/storage/framework/sessions/8G3xvuu79bc35wklnnH8WwmM9zlG4ZOMWnpLuvp0' ...
> 1 file system change(s) ...
> 2 file system change(s) ...
> Indexing directory 'file:///home/eho/site/storage/framework/sessions/8G3xvuu79bc35wklnnH8WwmM9zlG4ZOMWnpLuvp0' ...
> 3 file system change(s) ...
> Indexing directory 'file:///home/eho/site/storage/framework/sessions/8G3xvuu79bc35wklnnH8WwmM9zlG4ZOMWnpLuvp0' ...
> 3 file system change(s) ...
> Indexing directory 'file:///home/eho/site/storage/framework/sessions/8G3xvuu79bc35wklnnH8WwmM9zlG4ZOMWnpLuvp0' ...
> 1 file system change(s) ...
> 1 file system change(s) ...
> 1 file system change(s) ...
> 1 file system change(s) ...
> 1 file system change(s) ...
> 1 file system change(s) ...
> 1 file system change(s) ...
> 2 file system change(s) ...
> Indexing directory 'file:///home/eho/site/storage/framework/sessions/8G3xvuu79bc35wklnnH8WwmM9zlG4ZOMWnpLuvp0' ...
> 3 file system change(s) ...
> Indexing directory 'file:///home/eho/site/storage/framework/sessions/8G3xvuu79bc35wklnnH8WwmM9zlG4ZOMWnpLuvp0' ...
> 1 file system change(s) ...
> Indexing directory 'file:///home/eho/site/storage/framework/sessions/8G3xvuu79bc35wklnnH8WwmM9zlG4ZOMWnpLuvp0' ...
> 1 file system change(s) ...
> 1 file system change(s) ...
> 2 file system change(s) ...
> Indexing directory 'file:///home/eho/site/storage/framework/sessions/8G3xvuu79bc35wklnnH8WwmM9zlG4ZOMWnpLuvp0' ...
> 3 file system change(s) ...
> Indexing directory 'file:///home/eho/site/storage/framework/sessions/8G3xvuu79bc35wklnnH8WwmM9zlG4ZOMWnpLuvp0' ...
> 1 file system change(s) ...
> 1 file system change(s) ...
> Indexing directory 'file:///home/eho/site/storage/framework/sessions/8G3xvuu79bc35wklnnH8WwmM9zlG4ZOMWnpLuvp0' ...
> 1 file system change(s) ...
> Indexing directory 'file:///home/eho/site/storage/framework/sessions/8G3xvuu79bc35wklnnH8WwmM9zlG4ZOMWnpLuvp0' ...
> 1 file system change(s) ...
> 2 file system change(s) ...
> Indexing directory 'file:///home/eho/site/storage/framework/sessions/8G3xvuu79bc35wklnnH8WwmM9zlG4ZOMWnpLuvp0' ...
> Indexing directory 'file:///home/eho/site/storage/framework/sessions/8G3xvuu79bc35wklnnH8WwmM9zlG4ZOMWnpLuvp0' ...
> 6 file system change(s) ...
> Indexing directory 'file:///home/eho/site/storage/framework/sessions/8G3xvuu79bc35wklnnH8WwmM9zlG4ZOMWnpLuvp0' ...
> Indexing directory 'file:///home/eho/site/storage/framework/sessions/8G3xvuu79bc35wklnnH8WwmM9zlG4ZOMWnpLuvp0' ...
> Indexing directory 'file:///home/eho/site/storage/framework/sessions/8G3xvuu79bc35wklnnH8WwmM9zlG4ZOMWnpLuvp0' ...
> Indexing directory 'file:///home/eho/site/storage/framework/sessions/8G3xvuu79bc35wklnnH8WwmM9zlG4ZOMWnpLuvp0' ...
> Indexing directory 'file:///home/eho/site/storage/framework/sessions/8G3xvuu79bc35wklnnH8WwmM9zlG4ZOMWnpLuvp0' ...
> Indexing directory 'file:///home/eho/site/storage/framework/sessions/8G3xvuu79bc35wklnnH8WwmM9zlG4ZOMWnpLuvp0' ...
> 1 file system change(s) ...
> Indexing directory 'file:///home/eho/site/storage/framework/sessions/8G3xvuu79bc35wklnnH8WwmM9zlG4ZOMWnpLuvp0' ...
> 1 file system change(s) ...
> 1 file system change(s) ...
> 1 file system change(s) ...
> Indexing directory 'file:///home/eho/site/storage/framework/sessions/8G3xvuu79bc35wklnnH8WwmM9zlG4ZOMWnpLuvp0' ...
> 2 file system change(s) ...
> Indexing directory 'file:///home/eho/site/storage/framework/sessions/8G3xvuu79bc35wklnnH8WwmM9zlG4ZOMWnpLuvp0' ...
> 1 file system change(s) ...
> Indexing directory 'file:///home/eho/site/storage/framework/sessions/8G3xvuu79bc35wklnnH8WwmM9zlG4ZOMWnpLuvp0' ...
> 1 file system change(s) ...
> 1 file system change(s) ...
> 1 file system change(s) ...
> 1 file system change(s) ...
> 2 file system change(s) ...
> Indexing directory 'file:///home/eho/site/storage/framework/sessions/8G3xvuu79bc35wklnnH8WwmM9zlG4ZOMWnpLuvp0' ...
> 1 file system change(s) ...
> 3 file system change(s) ...
> Indexing directory 'file:///home/eho/site/storage/framework/sessions/8G3xvuu79bc35wklnnH8WwmM9zlG4ZOMWnpLuvp0' ...
> Indexing directory 'file:///home/eho/site/storage/framework/sessions/8G3xvuu79bc35wklnnH8WwmM9zlG4ZOMWnpLuvp0' ...
> 1 file system change(s) ...
> Indexing directory 'file:///home/eho/site/storage/framework/sessions/8G3xvuu79bc35wklnnH8WwmM9zlG4ZOMWnpLuvp0' ...
> 1 file system change(s) ...
> 1 file system change(s) ...
> Indexing directory 'file:///home/eho/site/storage/framework/sessions/8G3xvuu79bc35wklnnH8WwmM9zlG4ZOMWnpLuvp0' ...
> 1 file system change(s) ...
> Indexing directory 'file:///home/eho/site/storage/framework/sessions/8G3xvuu79bc35wklnnH8WwmM9zlG4ZOMWnpLuvp0' ...
> 1 file system change(s) ...
> Indexing directory 'file:///home/eho/site/storage/framework/sessions/8G3xvuu79bc35wklnnH8WwmM9zlG4ZOMWnpLuvp0' ...
