[Info] /home/eho/.ssh/config: ENOENT: no such file or directory, open '/home/eho/.ssh/config'
[Info] Looking for git repository
[Info] Found 0 repositories during activation
[Info] Git repository found, initializing review manager and pr tree view.
[Info] Registering git provider
[Info] Git initialization state changed: state=initialized
[Info] Repository file:///srv/http/vacancies_list has been opened
[Info] Review> Validate state in progress
[Info] Review> Validating state...
[Info] No remotes found. The following remotes are missing: origin, upstream
[Info] Review> Queuing additional validate state
[Info] Repo state for file:///srv/http/vacancies_list changed.
[Info] Repo file:///srv/http/vacancies_list has already been setup.
[Info] No GitHub remotes found
[Info] Review> no matching pull request metadata found for current branch master
[Info] Review> no matching pull request metadata found on GitHub for current branch master
[Info] PullRequestTree> Removing PR #undefined from tree
[Info] Review> Validating state...
[Info] Found GitHub remote
[Info] Review> no matching pull request metadata found for current branch master
[Info] Review> no matching pull request metadata found on GitHub for current branch master
[Info] PullRequestTree> Removing PR #undefined from tree
[Info] Review> Queuing additional validate state
[Info] Review> Validating state...
[Info] Found GitHub remote
[Info] Review> no matching pull request metadata found for current branch master
[Info] Review> no matching pull request metadata found on GitHub for current branch master
[Info] PullRequestTree> Removing PR #undefined from tree
