[2022-07-31T19:05:18.722Z] Log level: Info
[2022-07-31T19:05:18.724Z] [info] Validating found git in: git
[2022-07-31T19:05:18.738Z] [info] Using git 2.37.0 from git
[2022-07-31T19:05:18.757Z] > git rev-parse --show-toplevel [5ms]
[2022-07-31T19:05:18.757Z] fatal: not a git repository (or any of the parent directories): .git
[2022-07-31T19:05:20.745Z] > git rev-parse --show-toplevel [1ms]
[2022-07-31T19:05:20.745Z] fatal: not a git repository (or any of the parent directories): .git
[2022-07-31T19:05:20.936Z] > git rev-parse --show-toplevel [2ms]
[2022-07-31T19:05:20.936Z] fatal: not a git repository (or any of the parent directories): .git
[2022-07-31T19:05:21.295Z] > git rev-parse --show-toplevel [4ms]
[2022-07-31T19:05:21.295Z] fatal: not a git repository (or any of the parent directories): .git
[2022-07-31T19:05:22.298Z] > git rev-parse --show-toplevel [21ms]
[2022-07-31T19:05:22.298Z] fatal: not a git repository (or any of the parent directories): .git
[2022-07-31T19:05:51.680Z] > git init [41ms]
[2022-07-31T19:05:51.680Z] hint: Using 'master' as the name for the initial branch. This default branch name
hint: is subject to change. To configure the initial branch name to use in all
hint: of your new repositories, which will suppress this warning, call:
hint: 
hint: 	git config --global init.defaultBranch <name>
hint: 
hint: Names commonly chosen instead of 'master' are 'main', 'trunk' and
hint: 'development'. The just-created branch can be renamed via this command:
hint: 
hint: 	git branch -m <name>
[2022-07-31T19:05:52.247Z] > git rev-parse --show-toplevel [1ms]
[2022-07-31T19:05:52.247Z] fatal: unsafe repository ('/srv/http' is owned by someone else)
To add an exception for this directory, call:

	git config --global --add safe.directory /srv/http
[2022-07-31T19:07:17.506Z] > git rev-parse --show-toplevel [1ms]
[2022-07-31T19:07:17.512Z] > git rev-parse --git-dir --git-common-dir [1ms]
[2022-07-31T19:07:17.520Z] [info] Open repository: /srv/http/vacancies_list
[2022-07-31T19:07:17.533Z] > git status -z -uall [2ms]
[2022-07-31T19:07:17.538Z] > git symbolic-ref --short HEAD [1ms]
[2022-07-31T19:07:17.553Z] > git for-each-ref --format=%(refname)%00%(upstream:short)%00%(objectname)%00%(upstream:track)%00%(upstream:remotename)%00%(upstream:remoteref) refs/heads/master refs/remotes/master [11ms]
[2022-07-31T19:07:17.563Z] > git remote --verbose [1ms]
[2022-07-31T19:07:17.563Z] > git for-each-ref --sort -committerdate --format %(refname) %(objectname) %(*objectname) [6ms]
[2022-07-31T19:07:17.575Z] > git config --get commit.template [6ms]
[2022-07-31T19:07:17.580Z] > git config --local branch.master.github-pr-owner-number [5ms]
[2022-07-31T19:07:17.582Z] > git status -z -uall [2ms]
[2022-07-31T19:07:17.586Z] > git symbolic-ref --short HEAD [1ms]
[2022-07-31T19:07:17.590Z] > git for-each-ref --format=%(refname)%00%(upstream:short)%00%(objectname)%00%(upstream:track)%00%(upstream:remotename)%00%(upstream:remoteref) refs/heads/master refs/remotes/master [0ms]
[2022-07-31T19:07:17.598Z] > git for-each-ref --sort -committerdate --format %(refname) %(objectname) %(*objectname) [4ms]
[2022-07-31T19:07:17.598Z] > git remote --verbose [0ms]
[2022-07-31T19:07:17.622Z] > git rev-parse --show-toplevel [3ms]
[2022-07-31T19:07:17.622Z] fatal: unsafe repository ('/srv/http' is owned by someone else)
To add an exception for this directory, call:

	git config --global --add safe.directory /srv/http
[2022-07-31T19:07:17.622Z] > git config --get commit.template [18ms]
[2022-07-31T19:07:17.633Z] > git config --local branch.master.github-pr-owner-number [1ms]
[2022-07-31T19:13:33.943Z] > git status -z -uall [2ms]
[2022-07-31T19:13:33.949Z] > git symbolic-ref --short HEAD [2ms]
[2022-07-31T19:13:33.956Z] > git for-each-ref --format=%(refname)%00%(upstream:short)%00%(objectname)%00%(upstream:track)%00%(upstream:remotename)%00%(upstream:remoteref) refs/heads/master refs/remotes/master [1ms]
[2022-07-31T19:13:33.967Z] > git for-each-ref --sort -committerdate --format %(refname) %(objectname) %(*objectname) [6ms]
[2022-07-31T19:13:33.968Z] > git remote --verbose [2ms]
[2022-07-31T19:13:33.976Z] > git config --get commit.template [0ms]
[2022-07-31T19:13:33.990Z] > git config --local branch.master.github-pr-owner-number [1ms]
[2022-07-31T19:13:36.580Z] > git check-ignore -v -z --stdin [2ms]
[2022-07-31T19:13:38.995Z] > git status -z -uall [5ms]
[2022-07-31T19:13:39.011Z] > git symbolic-ref --short HEAD [5ms]
[2022-07-31T19:13:39.026Z] > git for-each-ref --format=%(refname)%00%(upstream:short)%00%(objectname)%00%(upstream:track)%00%(upstream:remotename)%00%(upstream:remoteref) refs/heads/master refs/remotes/master [4ms]
[2022-07-31T19:13:39.041Z] > git for-each-ref --sort -committerdate --format %(refname) %(objectname) %(*objectname) [6ms]
[2022-07-31T19:13:39.042Z] > git remote --verbose [2ms]
[2022-07-31T19:13:39.050Z] > git config --get commit.template [1ms]
[2022-07-31T19:13:39.655Z] > git check-ignore -v -z --stdin [0ms]
[2022-07-31T19:13:41.431Z] > git show --textconv :admin.php [6ms]
[2022-07-31T19:13:41.433Z] > git ls-files --stage -- /srv/http/vacancies_list/admin.php [3ms]
[2022-07-31T19:13:41.440Z] > git cat-file -s 0e9b93eadbc8f985435bcdee857a6218cbcc0f67 [1ms]
[2022-07-31T19:13:45.525Z] > git show --textconv :index.php [12ms]
[2022-07-31T19:13:45.527Z] > git ls-files --stage -- /srv/http/vacancies_list/index.php [3ms]
[2022-07-31T19:13:45.535Z] > git cat-file -s a39a99c4b790c2190eb2d11126177463a9a67109 [1ms]
[2022-07-31T19:13:48.092Z] > git check-ignore -v -z --stdin [2ms]
[2022-07-31T19:13:48.610Z] > git show --textconv :scripts/del_vac.php [11ms]
[2022-07-31T19:13:48.612Z] > git ls-files --stage -- /srv/http/vacancies_list/scripts/del_vac.php [4ms]
[2022-07-31T19:13:48.623Z] > git cat-file -s 72f5898dc61328675908d6f8d7ce2b26b944dde0 [3ms]
[2022-07-31T19:13:50.037Z] > git show --textconv :scripts/connect.php [15ms]
[2022-07-31T19:13:50.039Z] > git ls-files --stage -- /srv/http/vacancies_list/scripts/connect.php [4ms]
[2022-07-31T19:13:50.051Z] > git cat-file -s b8eed6c7664ecfc3c78f16f4274f97e506e7e1a7 [3ms]
[2022-07-31T19:15:40.883Z] > git show --textconv :scripts/del_vac.php [11ms]
[2022-07-31T19:15:40.885Z] > git ls-files --stage -- /srv/http/vacancies_list/scripts/del_vac.php [3ms]
[2022-07-31T19:15:40.900Z] > git cat-file -s 72f5898dc61328675908d6f8d7ce2b26b944dde0 [4ms]
[2022-07-31T19:15:44.645Z] > git show --textconv :scripts/functions.php [3ms]
[2022-07-31T19:15:44.646Z] > git ls-files --stage -- /srv/http/vacancies_list/scripts/functions.php [1ms]
[2022-07-31T19:15:44.650Z] > git cat-file -s 074e95fc27887d70e95d70b5f63da00ff308dfa1 [1ms]
