Initializing document watcher...
Document watcher initialized
site/resources/views/index.blade.php: {"insertSpaces":true,"tabSize":4}
site/resources/views/index.blade.php: {"insertSpaces":true,"tabSize":4}
site/resources/views/index.blade.php: Using EditorConfig core...
resources/views/index.blade.php: editor.action.trimTrailingWhitespace
resources/views/index.blade.php: insertFinalNewline(LF)
site/resources/views/index.blade.php: Using EditorConfig core...
resources/views/index.blade.php: editor.action.trimTrailingWhitespace
site/resources/views/index.php: {"insertSpaces":true,"tabSize":4}
site/resources/views/index.php: Using EditorConfig core...
resources/views/index.php: editor.action.trimTrailingWhitespace
site/resources/views/dfdsf.html: {"insertSpaces":true,"tabSize":4}
site/resources/views/dfdsf.html: {"insertSpaces":true,"tabSize":4}
site/resources/views/dfdsf.html: {"insertSpaces":true,"tabSize":4}
site/resources/views/index.php: {"insertSpaces":true,"tabSize":4}
site/resources/views/dfdsf.html: {"insertSpaces":true,"tabSize":4}
site/resources/views/dfdsf.html: {"insertSpaces":true,"tabSize":4}
site/resources/views/index.php: {"insertSpaces":true,"tabSize":4}
site/resources/views/dfdsf.html: {"insertSpaces":true,"tabSize":4}
site/resources/views/dfdsf.html: {"insertSpaces":true,"tabSize":4}
site/resources/views/index.php: {"insertSpaces":true,"tabSize":4}
site/resources/views/index.php: Using EditorConfig core...
resources/views/index.php: editor.action.trimTrailingWhitespace
site/resources/views/index.php: Using EditorConfig core...
resources/views/index.php: editor.action.trimTrailingWhitespace
site/resources/views/index.php: {"insertSpaces":true,"tabSize":4}
site/resources/views/index.php: Using EditorConfig core...
resources/views/index.php: editor.action.trimTrailingWhitespace
site/resources/views/index.php: {"insertSpaces":true,"tabSize":4}
site/resources/views/index.php: {"insertSpaces":true,"tabSize":4}
site/resources/views/index.php: {"insertSpaces":true,"tabSize":4}
site/resources/views/index.php: {"insertSpaces":true,"tabSize":4}
site/resources/views/index.php: Using EditorConfig core...
resources/views/index.php: editor.action.trimTrailingWhitespace
site/resources/views/index.php: {"insertSpaces":true,"tabSize":4}
site/resources/views/index.php: Using EditorConfig core...
resources/views/index.php: editor.action.trimTrailingWhitespace
site/resources/views/index.php: {"insertSpaces":true,"tabSize":4}
site/resources/views/index.php: {"insertSpaces":true,"tabSize":4}
site/resources/views/index.php: Using EditorConfig core...
resources/views/index.php: editor.action.trimTrailingWhitespace
site/resources/views/index.php: {"insertSpaces":true,"tabSize":4}
site/resources/views/index.php: {"insertSpaces":true,"tabSize":4}
site/resources/views/index.php: Using EditorConfig core...
resources/views/index.php: editor.action.trimTrailingWhitespace
site/resources/views/index.php: {"insertSpaces":true,"tabSize":4}
site/resources/views/welcome.blade.php: {"insertSpaces":true,"tabSize":4}
site/resources/views/welcome.blade.php: {"insertSpaces":true,"tabSize":4}
site/resources/views/welcome.blade.php: {"insertSpaces":true,"tabSize":4}
site/resources/views/index.php: {"insertSpaces":true,"tabSize":4}
site/resources/views/welcome.blade.php: {"insertSpaces":true,"tabSize":4}
site/resources/views/index.php: {"insertSpaces":true,"tabSize":4}
site/resources/views/index.php: Using EditorConfig core...
resources/views/index.php: editor.action.trimTrailingWhitespace
site/resources/views/index.php: {"insertSpaces":true,"tabSize":4}
site/resources/views/index.php: {"insertSpaces":true,"tabSize":4}
site/resources/views/index.php: Using EditorConfig core...
resources/views/index.php: editor.action.trimTrailingWhitespace
site/resources/views/index.php: {"insertSpaces":true,"tabSize":4}
site/resources/views/index.php: {"insertSpaces":true,"tabSize":4}
site/resources/views/index.php: Using EditorConfig core...
resources/views/index.php: editor.action.trimTrailingWhitespace
site/resources/views/index.php: {"insertSpaces":true,"tabSize":4}
site/resources/views/index.php: Using EditorConfig core...
resources/views/index.php: editor.action.trimTrailingWhitespace
site/resources/views/index.php: {"insertSpaces":true,"tabSize":4}
site/resources/views/index.php: {"insertSpaces":true,"tabSize":4}
site/resources/views/index.php: {"insertSpaces":true,"tabSize":4}
site/resources/views/index.php: Using EditorConfig core...
resources/views/index.php: editor.action.trimTrailingWhitespace
site/resources/views/index.php: {"insertSpaces":true,"tabSize":4}
site/resources/views/index.php: Using EditorConfig core...
resources/views/index.php: editor.action.trimTrailingWhitespace
site/resources/views/index.php: {"insertSpaces":true,"tabSize":4}
site/resources/views/index.php: {"insertSpaces":true,"tabSize":4}
site/resources/views/index.php: Using EditorConfig core...
resources/views/index.php: editor.action.trimTrailingWhitespace
site/resources/views/index.php: {"insertSpaces":true,"tabSize":4}
site/resources/views/index.php: {"insertSpaces":true,"tabSize":4}
site/resources/views/index.php: {"insertSpaces":true,"tabSize":4}
site/resources/views/index.php: {"insertSpaces":true,"tabSize":4}
site/resources/views/index.php: {"insertSpaces":true,"tabSize":4}
site/resources/views/index.php: {"insertSpaces":true,"tabSize":4}
site/resources/views/index.php: {"insertSpaces":true,"tabSize":4}
site/resources/views/index.php: {"insertSpaces":true,"tabSize":4}
site/resources/views/index.php: {"insertSpaces":true,"tabSize":4}
site/resources/views/index.php: {"insertSpaces":true,"tabSize":4}
site/resources/views/index.php: {"insertSpaces":true,"tabSize":4}
site/resources/views/index.php: {"insertSpaces":true,"tabSize":4}
site/resources/views/index.php: {"insertSpaces":true,"tabSize":4}
site/.env: {"insertSpaces":true,"tabSize":4}
site/.env: Using EditorConfig core...
.env: editor.action.trimTrailingWhitespace
site/.env: {"insertSpaces":true,"tabSize":4}
site/.env: Using EditorConfig core...
.env: editor.action.trimTrailingWhitespace
site/.env: {"insertSpaces":true,"tabSize":4}
site/.env: {"insertSpaces":true,"tabSize":4}
site/.env: {"insertSpaces":true,"tabSize":4}
site/.env: {"insertSpaces":true,"tabSize":4}
site/.env: {"insertSpaces":true,"tabSize":4}
undefined: {}
site/.env: {"insertSpaces":true,"tabSize":4}
site/.env: {"insertSpaces":true,"tabSize":4}
site/.env: {"insertSpaces":true,"tabSize":4}
site/.env: {"insertSpaces":true,"tabSize":4}
site/.env: {"insertSpaces":true,"tabSize":4}
site/.env: {"insertSpaces":true,"tabSize":4}
site/.env: {"insertSpaces":true,"tabSize":4}
site/.env: {"insertSpaces":true,"tabSize":4}
site/.env: Using EditorConfig core...
.env: editor.action.trimTrailingWhitespace
site/.env: {"insertSpaces":true,"tabSize":4}
site/vendor/laravel/framework/src/Illuminate/Database/Connection.php: {"insertSpaces":true,"tabSize":4}
site/resources/views/index.php: {"insertSpaces":true,"tabSize":4}
site/vendor/laravel/framework/src/Illuminate/Database/Connection.php: {"insertSpaces":true,"tabSize":4}
site/.env: {"insertSpaces":true,"tabSize":4}
site/resources/views/index.php: {"insertSpaces":true,"tabSize":4}
site/vendor/laravel/framework/src/Illuminate/Database/Connection.php: {"insertSpaces":true,"tabSize":4}
site/vendor/laravel/framework/src/Illuminate/Database/Connection.php: {"insertSpaces":true,"tabSize":4}
site/vendor/laravel/framework/src/Illuminate/Database/Connection.php: {"insertSpaces":true,"tabSize":4}
site/vendor/laravel/framework/src/Illuminate/Database/Connection.php: {"insertSpaces":true,"tabSize":4}
site/vendor/autoload.php: {"insertSpaces":true,"tabSize":4}
site/.env: {"insertSpaces":true,"tabSize":4}
site/.env.example: {"insertSpaces":true,"tabSize":4}
site/.gitattributes: {"insertSpaces":true,"tabSize":4}
site/artisan: {"insertSpaces":true,"tabSize":4}
site/.gitignore: {"insertSpaces":true,"tabSize":4}
site/artisan: {"insertSpaces":true,"tabSize":4}
site/phpunit.xml: {"insertSpaces":true,"tabSize":4}
site/README.md: {"insertSpaces":true,"tabSize":4}
site/vite.config.js: {"insertSpaces":true,"tabSize":4}
site/vite.config.js: {"insertSpaces":true,"tabSize":4}
site/vite.config.js: {"insertSpaces":true,"tabSize":4}
site/vite.config.js: {"insertSpaces":true,"tabSize":4}
site/vite.config.js: {"insertSpaces":true,"tabSize":4}
site/vite.config.js: {"insertSpaces":true,"tabSize":4}
site/vite.config.js: {"insertSpaces":true,"tabSize":4}
site/vite.config.js: {"insertSpaces":true,"tabSize":4}
site/.env: {"insertSpaces":true,"tabSize":4}
site/.env: Using EditorConfig core...
.env: editor.action.trimTrailingWhitespace
site/database/migrations/2014_10_12_000000_create_users_table.php: {"insertSpaces":true,"tabSize":4}
site/database/migrations/2014_10_12_100000_create_password_reset_tokens_table.php: {"insertSpaces":true,"tabSize":4}
site/database/migrations/2019_08_19_000000_create_failed_jobs_table.php: {"insertSpaces":true,"tabSize":4}
site/database/migrations/2019_12_14_000001_create_personal_access_tokens_table.php: {"insertSpaces":true,"tabSize":4}
site/database/migrations/2023_07_30_160301_create_list_items_table.php: {"insertSpaces":true,"tabSize":4}
site/database/migrations/2023_07_30_162547_project.php: {"insertSpaces":true,"tabSize":4}
site/database/migrations/2023_07_30_162601_project.php: {"insertSpaces":true,"tabSize":4}
site/database/migrations/2023_07_30_162601_project.php: {"insertSpaces":true,"tabSize":4}
site/database/migrations/2023_07_30_162601_project.php: {"insertSpaces":true,"tabSize":4}
site/database/migrations/2023_07_30_162601_project.php: {"insertSpaces":true,"tabSize":4}
site/database/migrations/2023_07_30_162601_project.php: {"insertSpaces":true,"tabSize":4}
site/.env: {"insertSpaces":true,"tabSize":4}
site/database/migrations/2023_07_30_162547_project.php: {"insertSpaces":true,"tabSize":4}
site/database/migrations/2023_07_30_162547_project.php: {"insertSpaces":true,"tabSize":4}
site/database/migrations/2023_07_30_162547_project.php: {"insertSpaces":true,"tabSize":4}
site/.env: {"insertSpaces":true,"tabSize":4}
site/.env: {"insertSpaces":true,"tabSize":4}
site/.env: {"insertSpaces":true,"tabSize":4}
site/.env: Using EditorConfig core...
.env: editor.action.trimTrailingWhitespace
site/.env: {"insertSpaces":true,"tabSize":4}
site/.env: {"insertSpaces":true,"tabSize":4}
site/database/migrations/2023_07_30_163156_project.php: {"insertSpaces":true,"tabSize":4}
site/database/migrations/2023_07_30_163156_project.php: {"insertSpaces":true,"tabSize":4}
site/database/migrations/2023_07_30_163156_project.php: {"insertSpaces":true,"tabSize":4}
site/database/migrations/2023_07_30_163156_project.php: {"insertSpaces":true,"tabSize":4}
site/.env: {"insertSpaces":true,"tabSize":4}
site/.env: {"insertSpaces":true,"tabSize":4}
site/.env: {"insertSpaces":true,"tabSize":4}
site/.env: {"insertSpaces":true,"tabSize":4}
site/database/migrations/2023_07_30_163156_project.php: {"insertSpaces":true,"tabSize":4}
site/vendor/laravel/framework/src/Illuminate/Database/DatabaseManager.php: {"insertSpaces":true,"tabSize":4}
site/vendor/laravel/framework/src/Illuminate/Database/Connection.php: {"insertSpaces":true,"tabSize":4}
site/vendor/laravel/framework/src/Illuminate/Database/DatabaseManager.php: {"insertSpaces":true,"tabSize":4}
site/.env: {"insertSpaces":true,"tabSize":4}
