Python interpreter path: /bin/python
> conda info --json
> /bin/python -I ~/.vscode-oss/extensions/ms-python.python-2023.6.1-universal/pythonFiles/get_output_via_markers.py ~/.vscode-oss/extensions/ms-python.python-2023.6.1-universal/pythonFiles/interpreterInfo.py
> /sbin/python -I ~/.vscode-oss/extensions/ms-python.python-2023.6.1-universal/pythonFiles/get_output_via_markers.py ~/.vscode-oss/extensions/ms-python.python-2023.6.1-universal/pythonFiles/interpreterInfo.py
> /usr/bin/python -I ~/.vscode-oss/extensions/ms-python.python-2023.6.1-universal/pythonFiles/get_output_via_markers.py ~/.vscode-oss/extensions/ms-python.python-2023.6.1-universal/pythonFiles/interpreterInfo.py
> /usr/sbin/python -I ~/.vscode-oss/extensions/ms-python.python-2023.6.1-universal/pythonFiles/get_output_via_markers.py ~/.vscode-oss/extensions/ms-python.python-2023.6.1-universal/pythonFiles/interpreterInfo.py
[ERROR 2023-5-24 12:42:4.457]: [
  'Failed to activate a workspace, Class name = f, completed in 374ms, has a falsy return value, Arg 1: <Uri:/home/eho/Downloads/echobot.py>, Return Value: undefined',
  [Error: Extension 'ms-python.python' CANNOT use API proposal: testObserver.
  Its package.json#enabledApiProposals-property declares:  but NOT testObserver.
   The missing proposal MUST be added and you must start in extension development mode or use the following command line switch: --enable-proposed-api ms-python.python
  	at C (/usr/lib/code/out/vs/workbench/api/node/extensionHostProcess.js:94:44957)
  	at get testResults [as testResults] (/usr/lib/code/out/vs/workbench/api/node/extensionHostProcess.js:114:26184)
  	at E.activate (/home/eho/.vscode-oss/extensions/ms-python.python-2023.6.1-universal/out/client/extension.js:2:792277)
  	at /home/eho/.vscode-oss/extensions/ms-python.python-2023.6.1-universal/out/client/extension.js:2:2386
  	at Array.map (<anonymous>)
  	at f.activateWorkspace (/home/eho/.vscode-oss/extensions/ms-python.python-2023.6.1-universal/out/client/extension.js:2:2376)
  	at process.processTicksAndRejections (node:internal/process/task_queues:96:5)]
]
[ERROR 2023-5-24 12:42:4.458]: Failure during activation. [Error: Extension 'ms-python.python' CANNOT use API proposal: testObserver.
Its package.json#enabledApiProposals-property declares:  but NOT testObserver.
 The missing proposal MUST be added and you must start in extension development mode or use the following command line switch: --enable-proposed-api ms-python.python
	at C (/usr/lib/code/out/vs/workbench/api/node/extensionHostProcess.js:94:44957)
	at get testResults [as testResults] (/usr/lib/code/out/vs/workbench/api/node/extensionHostProcess.js:114:26184)
	at E.activate (/home/eho/.vscode-oss/extensions/ms-python.python-2023.6.1-universal/out/client/extension.js:2:792277)
	at /home/eho/.vscode-oss/extensions/ms-python.python-2023.6.1-universal/out/client/extension.js:2:2386
	at Array.map (<anonymous>)
	at f.activateWorkspace (/home/eho/.vscode-oss/extensions/ms-python.python-2023.6.1-universal/out/client/extension.js:2:2376)
	at process.processTicksAndRejections (node:internal/process/task_queues:96:5)]
[ERROR 2023-5-24 12:42:4.458]: sendStartupTelemetry() failed. [Error: Extension 'ms-python.python' CANNOT use API proposal: testObserver.
Its package.json#enabledApiProposals-property declares:  but NOT testObserver.
 The missing proposal MUST be added and you must start in extension development mode or use the following command line switch: --enable-proposed-api ms-python.python
	at C (/usr/lib/code/out/vs/workbench/api/node/extensionHostProcess.js:94:44957)
	at get testResults [as testResults] (/usr/lib/code/out/vs/workbench/api/node/extensionHostProcess.js:114:26184)
	at E.activate (/home/eho/.vscode-oss/extensions/ms-python.python-2023.6.1-universal/out/client/extension.js:2:792277)
	at /home/eho/.vscode-oss/extensions/ms-python.python-2023.6.1-universal/out/client/extension.js:2:2386
	at Array.map (<anonymous>)
	at f.activateWorkspace (/home/eho/.vscode-oss/extensions/ms-python.python-2023.6.1-universal/out/client/extension.js:2:2376)
	at process.processTicksAndRejections (node:internal/process/task_queues:96:5)]
Starting Jedi language server for default.
