2023-10-30 15:36:48.720 [info] Extension host with pid 4130 started
2023-10-30 15:36:48.720 [info] Skipping acquiring lock for /home/eho/.config/Code - OSS/User/workspaceStorage/8bc5819b6fe506d0f53a2e84e9079c63.
2023-10-30 15:36:49.043 [info] ExtensionService#_doActivateExtension vscode.emmet, startup: false, activationEvent: 'onLanguage'
2023-10-30 15:36:49.051 [info] ExtensionService#_doActivateExtension vscode.php-language-features, startup: false, activationEvent: 'onLanguage:php'
2023-10-30 15:36:49.059 [info] ExtensionService#_doActivateExtension codingyu.laravel-goto-view, startup: false, activationEvent: 'onLanguage:php'
2023-10-30 15:36:49.065 [info] ExtensionService#_doActivateExtension DEVSENSE.phptools-vscode, startup: false, activationEvent: 'onLanguage:php'
2023-10-30 15:36:49.577 [info] ExtensionService#_doActivateExtension vscode.git-base, startup: true, activationEvent: '*', root cause: vscode.git
2023-10-30 15:36:49.580 [info] ExtensionService#_doActivateExtension formulahendry.auto-close-tag, startup: true, activationEvent: '*'
2023-10-30 15:36:49.582 [info] ExtensionService#_doActivateExtension formulahendry.auto-rename-tag, startup: true, activationEvent: '*'
2023-10-30 15:36:49.593 [info] ExtensionService#_doActivateExtension vscode.npm, startup: true, activationEvent: 'workspaceContains:package.json'
2023-10-30 15:36:49.601 [info] ExtensionService#_doActivateExtension DEVSENSE.composer-php-vscode, startup: true, activationEvent: 'workspaceContains:composer.json'
2023-10-30 15:36:49.677 [info] ExtensionService#_doActivateExtension vscode.git, startup: true, activationEvent: '*'
2023-10-30 15:36:49.718 [info] ExtensionService#_doActivateExtension vscode.github, startup: true, activationEvent: '*'
2023-10-30 15:36:49.967 [info] Eager extensions activated
2023-10-30 15:36:49.972 [info] ExtensionService#_doActivateExtension vscode.debug-auto-launch, startup: false, activationEvent: 'onStartupFinished'
2023-10-30 15:36:49.975 [info] ExtensionService#_doActivateExtension vscode.merge-conflict, startup: false, activationEvent: 'onStartupFinished'
2023-10-30 15:36:49.981 [info] ExtensionService#_doActivateExtension EditorConfig.EditorConfig, startup: false, activationEvent: 'onStartupFinished'
2023-10-30 15:36:49.999 [info] ExtensionService#_doActivateExtension esbenp.prettier-vscode, startup: false, activationEvent: 'onStartupFinished'
2023-10-30 15:36:50.048 [info] ExtensionService#_doActivateExtension formulahendry.code-runner, startup: false, activationEvent: 'onStartupFinished'
2023-10-30 15:36:50.083 [info] ExtensionService#_doActivateExtension streetsidesoftware.code-spell-checker, startup: false, activationEvent: 'onStartupFinished'
2023-10-30 15:38:13.280 [info] ExtensionService#_doActivateExtension vscode.simple-browser, startup: false, activationEvent: 'onOpenExternalUri:http'
2023-10-30 16:36:32.097 [info] Extension host terminating: renderer closed the MessagePort
2023-10-30 16:36:32.119 [info] Extension host with pid 4130 exiting with code 0
