Initializing document watcher...
Document watcher initialized
site/.env: {"insertSpaces":true,"tabSize":4}
site/.env: {"insertSpaces":true,"tabSize":4}
site/.env: {"insertSpaces":true,"tabSize":4}
site/database/migrations/2023_07_30_163627_create_projects_table.php: {"insertSpaces":true,"tabSize":4}
site/database/migrations/2023_07_30_163627_create_projects_table.php: {"insertSpaces":true,"tabSize":4}
site/database/migrations/2023_07_30_163627_create_projects_table.php: {"insertSpaces":true,"tabSize":4}
site/database/migrations/2023_07_30_163627_create_projects_table.php: {"insertSpaces":true,"tabSize":4}
site/database/migrations/2023_07_30_163627_create_projects_table.php: {"insertSpaces":true,"tabSize":4}
site/database/migrations/2023_07_30_163627_create_projects_table.php: {"insertSpaces":true,"tabSize":4}
site/database/migrations/2023_07_30_163627_create_projects_table.php: {"insertSpaces":true,"tabSize":4}
site/database/migrations/2023_07_30_163627_create_projects_table.php: {"insertSpaces":true,"tabSize":4}
site/database/migrations/2023_07_30_163627_create_projects_table.php: {"insertSpaces":true,"tabSize":4}
site/database/migrations/2023_07_30_163627_create_projects_table.php: {"insertSpaces":true,"tabSize":4}
site/database/migrations/2023_07_30_163627_create_projects_table.php: {"insertSpaces":true,"tabSize":4}
site/database/migrations/2023_07_30_163156_project.php: {"insertSpaces":true,"tabSize":4}
site/database/migrations/2023_07_30_163627_create_projects_table.php: {"insertSpaces":true,"tabSize":4}
site/database/migrations/2023_07_30_163156_project.php: {"insertSpaces":true,"tabSize":4}
site/database/migrations/2023_07_30_163156_project.php: {"insertSpaces":true,"tabSize":4}
site/.env: {"insertSpaces":true,"tabSize":4}
site/.env: {"insertSpaces":true,"tabSize":4}
site/.env: {"insertSpaces":true,"tabSize":4}
site/.env: {"insertSpaces":true,"tabSize":4}
site/.env: {"insertSpaces":true,"tabSize":4}
site/.env: {"insertSpaces":true,"tabSize":4}
site/.env: Using EditorConfig core...
.env: editor.action.trimTrailingWhitespace
site/.env: {"insertSpaces":true,"tabSize":4}
site/.env: {"insertSpaces":true,"tabSize":4}
site/.env: {"insertSpaces":true,"tabSize":4}
site/.env: {"insertSpaces":true,"tabSize":4}
site/.env: {"insertSpaces":true,"tabSize":4}
site/.env: {"insertSpaces":true,"tabSize":4}
site/.env: {"insertSpaces":true,"tabSize":4}
site/.env: {"insertSpaces":true,"tabSize":4}
site/.env: {"insertSpaces":true,"tabSize":4}
site/.env: {"insertSpaces":true,"tabSize":4}
site/.env: {"insertSpaces":true,"tabSize":4}
site/.env: {"insertSpaces":true,"tabSize":4}
site/.env: {"insertSpaces":true,"tabSize":4}
site/.env: {"insertSpaces":true,"tabSize":4}
site/.env: {"insertSpaces":true,"tabSize":4}
site/.env: {"insertSpaces":true,"tabSize":4}
site/.env: {"insertSpaces":true,"tabSize":4}
site/.env: {"insertSpaces":true,"tabSize":4}
site/.env: {"insertSpaces":true,"tabSize":4}
site/.env: {"insertSpaces":true,"tabSize":4}
site/.env: {"insertSpaces":true,"tabSize":4}
site/.env: {"insertSpaces":true,"tabSize":4}
site/.env: {"insertSpaces":true,"tabSize":4}
site/.env: {"insertSpaces":true,"tabSize":4}
site/.env: {"insertSpaces":true,"tabSize":4}
site/.env: {"insertSpaces":true,"tabSize":4}
site/.env: {"insertSpaces":true,"tabSize":4}
site/.env: {"insertSpaces":true,"tabSize":4}
site/.env: {"insertSpaces":true,"tabSize":4}
site/.env: {"insertSpaces":true,"tabSize":4}
site/.env: {"insertSpaces":true,"tabSize":4}
site/.env: {"insertSpaces":true,"tabSize":4}
site/.env: {"insertSpaces":true,"tabSize":4}
site/routes/web.php: {"insertSpaces":true,"tabSize":4}
site/tests/CreatesApplication.php: {"insertSpaces":true,"tabSize":4}
site/tests/TestCase.php: {"insertSpaces":true,"tabSize":4}
site/tests/CreatesApplication.php: {"insertSpaces":true,"tabSize":4}
site/resources/views/index.php: {"insertSpaces":true,"tabSize":4}
site/resources/views/index.php: Using EditorConfig core...
resources/views/index.php: editor.action.trimTrailingWhitespace
site/resources/views/index.php: Using EditorConfig core...
resources/views/index.php: editor.action.trimTrailingWhitespace
site/resources/views/index.php: {"insertSpaces":true,"tabSize":4}
site/resources/views/index.php: {"insertSpaces":true,"tabSize":4}
site/resources/views/index.php: {"insertSpaces":true,"tabSize":4}
site/resources/views/index.php: Using EditorConfig core...
resources/views/index.php: editor.action.trimTrailingWhitespace
site/resources/views/index.php: {"insertSpaces":true,"tabSize":4}
site/resources/views/index.php: {"insertSpaces":true,"tabSize":4}
site/resources/views/index.php: {"insertSpaces":true,"tabSize":4}
site/resources/views/index.php: {"insertSpaces":true,"tabSize":4}
site/resources/views/index.php: {"insertSpaces":true,"tabSize":4}
site/resources/views/index.php: {"insertSpaces":true,"tabSize":4}
site/database/migrations/2023_07_30_163627_create_projects_table.php: {"insertSpaces":true,"tabSize":4}
site/resources/views/index.php: {"insertSpaces":true,"tabSize":4}
site/resources/views/index.php: Using EditorConfig core...
resources/views/index.php: editor.action.trimTrailingWhitespace
site/resources/views/welcome.blade.php: {"insertSpaces":true,"tabSize":4}
site/resources/views/index.php: {"insertSpaces":true,"tabSize":4}
site/resources/views/index..php: {"insertSpaces":true,"tabSize":4}
site/resources/views/welcome.blade.php: {"insertSpaces":true,"tabSize":4}
site/resources/views/index..php: {"insertSpaces":true,"tabSize":4}
site/resources/views/index.blade..php: {"insertSpaces":true,"tabSize":4}
site/resources/views/index.blade..php: Using EditorConfig core...
resources/views/index.blade..php: editor.action.trimTrailingWhitespace
site/resources/views/index.blade..php: Using EditorConfig core...
resources/views/index.blade..php: editor.action.trimTrailingWhitespace
site/routes/web.php: {"insertSpaces":true,"tabSize":4}
site/routes/web.php: Using EditorConfig core...
routes/web.php: editor.action.trimTrailingWhitespace
site/routes/web.php: {"insertSpaces":true,"tabSize":4}
site/routes/web.php: {"insertSpaces":true,"tabSize":4}
site/routes/web.php: {"insertSpaces":true,"tabSize":4}
site/routes/web.php: {"insertSpaces":true,"tabSize":4}
site/resources/views/index.blade..php: {"insertSpaces":true,"tabSize":4}
site/resources/views/index.blade.php: {"insertSpaces":true,"tabSize":4}
site/resources/views/index.blade.php: {"insertSpaces":true,"tabSize":4}
site/routes/web.php: {"insertSpaces":true,"tabSize":4}
site/app/Http/Controllers/TodoListController.php: {"insertSpaces":true,"tabSize":4}
site/routes/web.php: {"insertSpaces":true,"tabSize":4}
site/routes/web.php: Using EditorConfig core...
routes/web.php: editor.action.trimTrailingWhitespace
site/routes/web.php: {"insertSpaces":true,"tabSize":4}
site/routes/web.php: {"insertSpaces":true,"tabSize":4}
site/routes/web.php: Using EditorConfig core...
routes/web.php: editor.action.trimTrailingWhitespace
site/app/Http/Controllers/TodoListController.php: {"insertSpaces":true,"tabSize":4}
site/app/Http/Controllers/TodoListController.php: Using EditorConfig core...
app/Http/Controllers/TodoListController.php: editor.action.trimTrailingWhitespace
site/app/Http/Controllers/TodoListController.php: Using EditorConfig core...
app/Http/Controllers/TodoListController.php: editor.action.trimTrailingWhitespace
site/app/Http/Controllers/TodoListController.php: Using EditorConfig core...
app/Http/Controllers/TodoListController.php: editor.action.trimTrailingWhitespace
site/app/Http/Controllers/TodoListController.php: {"insertSpaces":true,"tabSize":4}
site/app/Http/Controllers/TodoListController.php: {"insertSpaces":true,"tabSize":4}
site/app/Http/Controllers/TodoListController.php: Using EditorConfig core...
app/Http/Controllers/TodoListController.php: editor.action.trimTrailingWhitespace
site/app/Http/Controllers/TodoListController.php: Using EditorConfig core...
app/Http/Controllers/TodoListController.php: editor.action.trimTrailingWhitespace
site/app/Http/Controllers/TodoListController.php: Using EditorConfig core...
app/Http/Controllers/TodoListController.php: editor.action.trimTrailingWhitespace
site/app/Http/Controllers/TodoListController.php: {"insertSpaces":true,"tabSize":4}
site/storage/logs/laravel.log: {"insertSpaces":true,"tabSize":4}
site/routes/web.php: {"insertSpaces":true,"tabSize":4}
site/resources/views/index.blade.php: {"insertSpaces":true,"tabSize":4}
site/resources/views/index.blade.php: Using EditorConfig core...
resources/views/index.blade.php: editor.action.trimTrailingWhitespace
site/resources/views/index.blade.php: {"insertSpaces":true,"tabSize":4}
site/resources/views/index.blade.php: {"insertSpaces":true,"tabSize":4}
site/storage/logs/laravel.log: {"insertSpaces":true,"tabSize":4}
site/storage/logs/laravel.log: {"insertSpaces":true,"tabSize":4}
site/resources/views/index.blade.php: {"insertSpaces":true,"tabSize":4}
site/resources/views/index.blade.php: Using EditorConfig core...
resources/views/index.blade.php: editor.action.trimTrailingWhitespace
site/resources/views/index.blade.php: {"insertSpaces":true,"tabSize":4}
site/storage/logs/laravel.log: {"insertSpaces":true,"tabSize":4}
site/resources/views/index.blade.php: {"insertSpaces":true,"tabSize":4}
site/resources/views/index.blade.php: {"insertSpaces":true,"tabSize":4}
site/resources/views/index.blade.php: {"insertSpaces":true,"tabSize":4}
site/storage/logs/laravel.log: {"insertSpaces":true,"tabSize":4}
site/storage/logs/laravel.log: {"insertSpaces":true,"tabSize":4}
site/resources/views/index.blade.php: {"insertSpaces":true,"tabSize":4}
site/resources/views/index.blade.php: Using EditorConfig core...
resources/views/index.blade.php: editor.action.trimTrailingWhitespace
site/storage/logs/laravel.log: {"insertSpaces":true,"tabSize":4}
site/storage/logs/laravel.log: {"insertSpaces":true,"tabSize":4}
site/storage/logs/laravel.log: {"insertSpaces":true,"tabSize":4}
site/routes/web.php: {"insertSpaces":true,"tabSize":4}
site/resources/views/index.blade.php: {"insertSpaces":true,"tabSize":4}
site/resources/views/index.blade.php: Using EditorConfig core...
resources/views/index.blade.php: editor.action.trimTrailingWhitespace
site/resources/views/index.blade.php: {"insertSpaces":true,"tabSize":4}
site/storage/logs/laravel.log: {"insertSpaces":true,"tabSize":4}
site/storage/logs/laravel.log: {"insertSpaces":true,"tabSize":4}
site/storage/logs/laravel.log: {"insertSpaces":true,"tabSize":4}
site/storage/logs/.gitignore: {"insertSpaces":true,"tabSize":4}
site/storage/logs/laravel.log: {"insertSpaces":true,"tabSize":4}
site/storage/logs/laravel.log: {"insertSpaces":true,"tabSize":4}
site/app/Http/Controllers/TodoListController.php: {"insertSpaces":true,"tabSize":4}
site/storage/logs/laravel.log: {"insertSpaces":true,"tabSize":4}
/home/eho/.bash_history: {}
site/storage/logs/laravel.log: {"insertSpaces":true,"tabSize":4}
site/storage/logs/laravel.log: {"insertSpaces":true,"tabSize":4}
site/storage/logs/laravel.log: {"insertSpaces":true,"tabSize":4}
site/storage/logs/laravel.log: {"insertSpaces":true,"tabSize":4}
site/routes/web.php: {"insertSpaces":true,"tabSize":4}
site/app/Http/Controllers/TodoListController.php: {"insertSpaces":true,"tabSize":4}
site/resources/views/index.blade.php: {"insertSpaces":true,"tabSize":4}
site/resources/views/index.blade.php: {"insertSpaces":true,"tabSize":4}
site/resources/views/index.blade.php: {"insertSpaces":true,"tabSize":4}
site/resources/views/index.blade.php: Using EditorConfig core...
resources/views/index.blade.php: editor.action.trimTrailingWhitespace
site/resources/views/index.blade.php: {"insertSpaces":true,"tabSize":4}
site/resources/views/index.blade.php: Using EditorConfig core...
resources/views/index.blade.php: editor.action.trimTrailingWhitespace
site/resources/views/index.blade.php: Using EditorConfig core...
resources/views/index.blade.php: editor.action.trimTrailingWhitespace
site/resources/views/index.blade.php: {"insertSpaces":true,"tabSize":4}
site/storage/logs/laravel.log: {"insertSpaces":true,"tabSize":4}
site/storage/logs/laravel.log: Using EditorConfig core...
storage/logs/laravel.log: editor.action.trimTrailingWhitespace
site/storage/logs/laravel.log: {"insertSpaces":true,"tabSize":4}
site/app/Http/Controllers/TodoListController.php: {"insertSpaces":true,"tabSize":4}
site/app/Http/Controllers/TodoListController.php: Using EditorConfig core...
app/Http/Controllers/TodoListController.php: editor.action.trimTrailingWhitespace
site/app/Http/Controllers/TodoListController.php: {"insertSpaces":true,"tabSize":4}
site/storage/logs/laravel.log: {"insertSpaces":true,"tabSize":4}
site/storage/logs/laravel.log: {"insertSpaces":true,"tabSize":4}
site/app/Http/Controllers/TodoListController.php: {"insertSpaces":true,"tabSize":4}
site/storage/logs/laravel.log: {"insertSpaces":true,"tabSize":4}
site/app/Http/Controllers/TodoListController.php: {"insertSpaces":true,"tabSize":4}
site/app/Http/Controllers/TodoListController.php: Using EditorConfig core...
app/Http/Controllers/TodoListController.php: editor.action.trimTrailingWhitespace
site/app/Http/Controllers/TodoListController.php: Using EditorConfig core...
app/Http/Controllers/TodoListController.php: editor.action.trimTrailingWhitespace
site/app/Http/Controllers/TodoListController.php: Using EditorConfig core...
app/Http/Controllers/TodoListController.php: editor.action.trimTrailingWhitespace
site/app/Http/Controllers/TodoListController.php: Using EditorConfig core...
app/Http/Controllers/TodoListController.php: editor.action.trimTrailingWhitespace
site/app/Http/Controllers/TodoListController.php: Using EditorConfig core...
app/Http/Controllers/TodoListController.php: editor.action.trimTrailingWhitespace
site/app/Http/Controllers/TodoListController.php: {"insertSpaces":true,"tabSize":4}
site/app/Http/Controllers/TodoListController.php: {"insertSpaces":true,"tabSize":4}
site/app/Http/Controllers/TodoListController.php: {"insertSpaces":true,"tabSize":4}
site/database/migrations/2023_07_30_163627_create_projects_table.php: {"insertSpaces":true,"tabSize":4}
site/database/migrations/2023_07_30_163627_create_projects_table.php: Using EditorConfig core...
database/migrations/2023_07_30_163627_create_projects_table.php: editor.action.trimTrailingWhitespace
site/database/migrations/2023_07_30_163627_create_projects_table.php: {"insertSpaces":true,"tabSize":4}
site/database/migrations/2023_07_30_163627_create_projects_table.php: {"insertSpaces":true,"tabSize":4}
site/database/migrations/2023_07_30_163627_create_projects_table.php: {"insertSpaces":true,"tabSize":4}
site/.env.example: {"insertSpaces":true,"tabSize":4}
site/database/migrations/2023_07_30_160301_create_list_items_table.php: {"insertSpaces":true,"tabSize":4}
site/database/migrations/2023_07_30_163627_create_projects_table.php: {"insertSpaces":true,"tabSize":4}
site/database/migrations/2023_07_30_160301_create_list_items_table.php: {"insertSpaces":true,"tabSize":4}
site/database/migrations/2023_07_30_163627_create_projects_table.php: {"insertSpaces":true,"tabSize":4}
site/database/migrations/2023_07_30_160301_create_list_items_table.php: {"insertSpaces":true,"tabSize":4}
site/database/migrations/2023_07_30_160301_create_list_items_table.php: Using EditorConfig core...
database/migrations/2023_07_30_160301_create_list_items_table.php: editor.action.trimTrailingWhitespace
site/database/migrations/2023_07_30_160301_create_list_items_table.php: {"insertSpaces":true,"tabSize":4}
site/database/migrations/2023_07_30_160301_create_list_items_table.php: {"insertSpaces":true,"tabSize":4}
site/database/migrations/2023_07_30_160301_create_list_items_table.php: {"insertSpaces":true,"tabSize":4}
site/app/Http/Controllers/TodoListController.php: {"insertSpaces":true,"tabSize":4}
site/app/Http/Controllers/TodoListController.php: Using EditorConfig core...
app/Http/Controllers/TodoListController.php: editor.action.trimTrailingWhitespace
site/app/Http/Controllers/TodoListController.php: Using EditorConfig core...
app/Http/Controllers/TodoListController.php: editor.action.trimTrailingWhitespace
site/app/Http/Controllers/TodoListController.php: Using EditorConfig core...
app/Http/Controllers/TodoListController.php: editor.action.trimTrailingWhitespace
site/app/Http/Controllers/TodoListController.php: {"insertSpaces":true,"tabSize":4}
site/app/Http/Controllers/TodoListController.php: {"insertSpaces":true,"tabSize":4}
site/app/Models/ListItem.php: {"insertSpaces":true,"tabSize":4}
site/app/Http/Controllers/TodoListController.php: {"insertSpaces":true,"tabSize":4}
site/app/Http/Controllers/TodoListController.php: {"insertSpaces":true,"tabSize":4}
site/app/Http/Controllers/TodoListController.php: {"insertSpaces":true,"tabSize":4}
site/app/Http/Controllers/TodoListController.php: {"insertSpaces":true,"tabSize":4}
site/app/Http/Controllers/TodoListController.php: {"insertSpaces":true,"tabSize":4}
site/app/Http/Controllers/TodoListController.php: Using EditorConfig core...
app/Http/Controllers/TodoListController.php: editor.action.trimTrailingWhitespace
site/app/Http/Controllers/TodoListController.php: Using EditorConfig core...
app/Http/Controllers/TodoListController.php: editor.action.trimTrailingWhitespace
site/app/Http/Controllers/TodoListController.php: {"insertSpaces":true,"tabSize":4}
site/app/Http/Controllers/TodoListController.php: {"insertSpaces":true,"tabSize":4}
site/database/migrations/2023_07_30_160301_create_list_items_table.php: {"insertSpaces":true,"tabSize":4}
site/database/migrations/2014_10_12_000000_create_users_table.php: {"insertSpaces":true,"tabSize":4}
site/database/migrations/2019_08_19_000000_create_failed_jobs_table.php: {"insertSpaces":true,"tabSize":4}
site/database/migrations/2019_12_14_000001_create_personal_access_tokens_table.php: {"insertSpaces":true,"tabSize":4}
site/database/migrations/2023_07_30_160301_create_list_items_table.php: {"insertSpaces":true,"tabSize":4}
site/database/migrations/2023_07_30_163627_create_projects_table.php: {"insertSpaces":true,"tabSize":4}
site/database/migrations/2023_07_30_160301_create_list_items_table.php: {"insertSpaces":true,"tabSize":4}
site/database/migrations/2023_07_30_163627_create_projects_table.php: {"insertSpaces":true,"tabSize":4}
site/database/migrations/2023_07_30_160301_create_list_items_table.php: {"insertSpaces":true,"tabSize":4}
site/database/migrations/2023_07_30_160301_create_list_items_table.php: {"insertSpaces":true,"tabSize":4}
site/database/migrations/2023_07_30_163627_create_projects_table.php: {"insertSpaces":true,"tabSize":4}
site/database/migrations/2014_10_12_000000_create_users_table.php: {"insertSpaces":true,"tabSize":4}
site/database/migrations/2014_10_12_000000_create_users_table.php: {"insertSpaces":true,"tabSize":4}
site/database/migrations/2014_10_12_000000_create_users_table.php: {"insertSpaces":true,"tabSize":4}
site/database/migrations/2023_07_30_163627_create_projects_table.php: {"insertSpaces":true,"tabSize":4}
site/database/migrations/2014_10_12_100000_create_password_reset_tokens_table.php: {"insertSpaces":true,"tabSize":4}
site/database/migrations/2014_10_12_100000_create_password_reset_tokens_table.php: {"insertSpaces":true,"tabSize":4}
site/database/migrations/2023_07_30_163627_create_projects_table.php: {"insertSpaces":true,"tabSize":4}
site/database/migrations/2019_08_19_000000_create_failed_jobs_table.php: {"insertSpaces":true,"tabSize":4}
site/database/migrations/2019_08_19_000000_create_failed_jobs_table.php: {"insertSpaces":true,"tabSize":4}
site/database/migrations/2023_07_30_163627_create_projects_table.php: {"insertSpaces":true,"tabSize":4}
site/database/migrations/2019_12_14_000001_create_personal_access_tokens_table.php: {"insertSpaces":true,"tabSize":4}
site/database/migrations/2019_12_14_000001_create_personal_access_tokens_table.php: {"insertSpaces":true,"tabSize":4}
site/database/migrations/2023_07_30_163627_create_projects_table.php: {"insertSpaces":true,"tabSize":4}
site/database/migrations/2023_07_30_163627_create_projects_table.php: Using EditorConfig core...
database/migrations/2023_07_30_163627_create_projects_table.php: editor.action.trimTrailingWhitespace
site/database/migrations/2023_07_30_163627_create_projects_table.php: {"insertSpaces":true,"tabSize":4}
site/database/migrations/2023_07_30_163627_create_projects_table.php: {"insertSpaces":true,"tabSize":4}
site/app/Http/Controllers/TodoListController.php: {"insertSpaces":true,"tabSize":4}
site/database/migrations/2023_07_30_163627_create_projects_table.php: {"insertSpaces":true,"tabSize":4}
site/app/Http/Controllers/TodoListController.php: {"insertSpaces":true,"tabSize":4}
site/app/Models/ListItem.php: {"insertSpaces":true,"tabSize":4}
site/app/Http/Controllers/TodoListController.php: {"insertSpaces":true,"tabSize":4}
site/app/Http/Controllers/TodoListController.php: Using EditorConfig core...
app/Http/Controllers/TodoListController.php: editor.action.trimTrailingWhitespace
site/app/Http/Controllers/TodoListController.php: Using EditorConfig core...
app/Http/Controllers/TodoListController.php: editor.action.trimTrailingWhitespace
site/app/Http/Controllers/TodoListController.php: {"insertSpaces":true,"tabSize":4}
site/app/Http/Controllers/TodoListController.php: {"insertSpaces":true,"tabSize":4}
site/app/Http/Controllers/TodoListController.php: Using EditorConfig core...
app/Http/Controllers/TodoListController.php: editor.action.trimTrailingWhitespace
site/app/Http/Controllers/TodoListController.php: Using EditorConfig core...
app/Http/Controllers/TodoListController.php: editor.action.trimTrailingWhitespace
site/app/Models/ListItem.php: {"insertSpaces":true,"tabSize":4}
site/app/Models/ListItem.php: {"insertSpaces":true,"tabSize":4}
site/app/Models/ListItem.php: {"insertSpaces":true,"tabSize":4}
site/app/Models/ListItem.php: {"insertSpaces":true,"tabSize":4}
site/app/Models/ListItem.php: {"insertSpaces":true,"tabSize":4}
site/app/Models/ListItem.php: {"insertSpaces":true,"tabSize":4}
site/app/Models/ListItem.php: {"insertSpaces":true,"tabSize":4}
site/app/Http/Controllers/TodoListController.php: {"insertSpaces":true,"tabSize":4}
site/database/migrations/2023_07_30_212621_create_list_items_table.php: {"insertSpaces":true,"tabSize":4}
site/database/migrations/2023_07_30_163627_create_projects_table.php: {"insertSpaces":true,"tabSize":4}
site/database/migrations/2023_07_30_212621_create_list_items_table.php: {"insertSpaces":true,"tabSize":4}
site/database/migrations/2023_07_30_212621_create_list_items_table.php: Using EditorConfig core...
database/migrations/2023_07_30_212621_create_list_items_table.php: editor.action.trimTrailingWhitespace
site/database/migrations/2023_07_30_163627_create_projects_table.php: {"insertSpaces":true,"tabSize":4}
site/database/migrations/2023_07_30_163627_create_projects_table.php: {"insertSpaces":true,"tabSize":4}
site/database/migrations/2023_07_30_212621_create_list_items_table.php: {"insertSpaces":true,"tabSize":4}
site/database/migrations/2023_07_30_212621_create_list_items_table.php: {"insertSpaces":true,"tabSize":4}
site/storage/logs/laravel.log: {"insertSpaces":true,"tabSize":4}
