
PHP Tools server started.
    PID: 16884
    Processing files: *.php; *.phtml

> 1 file system change(s) ...
> 1 file system change(s) ...
> Indexing directory 'file:///home/eho/site/storage/framework/sessions/UlzzdrlVIGAnHYKc2sos9W4VHgNFkZGink9xyjAS' ...
[Warn  - 10:07:16 PM] Attempting to convert '{"label":"fa-subscript","description":"subscript"}' to String. Ignoring.
[Warn  - 10:07:16 PM] Attempting to convert '{"isFileTemplate":false,"scopes":["html","handlebars","php","plaintext","razor","typescript","typescriptreact","javascriptreact","javascript","vue"],"name":"subscript","prefix":"fa-subscript","description":"subscript","body":"\u003Ci class=\u0022fa fa-subscript${1}\u0022 aria-hidden=\u0022true\u0022\u003E\u003C/i\u003E$0","source":"Bootstrap 5 \u0026 Font Awesome Snippets","snippetSource":3,"snippetIdentifier":"snippets/bootstrap.json/subscript","extensionId":{"value":"HansUXdev.bootstrap5-snippets","_lower":"hansuxdev.bootstrap5-snippets"},"prefixLow":"fa-subscript","a":{"d":true,"b":{},"f":{"isBogous":false,"isTrivial":false,"usesClipboardVariable":false,"usesSelectionVariable":false,"codeSnippet":"\u003Ci class=\u0022fa fa-subscript${1}\u0022 aria-hidden=\u0022true\u0022\u003E\u003C/i\u003E$0"}}}' to String. Ignoring.
[Warn  - 10:07:17 PM] Attempting to convert '{"label":"fa-shirtsinbulk","description":"shirtsinbulk"}' to String. Ignoring.
[Warn  - 10:07:17 PM] Attempting to convert '{"isFileTemplate":false,"scopes":["html","handlebars","php","plaintext","razor","typescript","typescriptreact","javascriptreact","javascript","vue"],"name":"shirtsinbulk","prefix":"fa-shirtsinbulk","description":"shirtsinbulk","body":"\u003Ci class=\u0022fa fa-shirtsinbulk${1}\u0022 aria-hidden=\u0022true\u0022\u003E\u003C/i\u003E$0","source":"Bootstrap 5 \u0026 Font Awesome Snippets","snippetSource":3,"snippetIdentifier":"snippets/bootstrap.json/shirtsinbulk","extensionId":{"value":"HansUXdev.bootstrap5-snippets","_lower":"hansuxdev.bootstrap5-snippets"},"prefixLow":"fa-shirtsinbulk","a":{"d":true,"b":{},"f":{"isBogous":false,"isTrivial":false,"usesClipboardVariable":false,"usesSelectionVariable":false,"codeSnippet":"\u003Ci class=\u0022fa fa-shirtsinbulk${1}\u0022 aria-hidden=\u0022true\u0022\u003E\u003C/i\u003E$0"}}}' to String. Ignoring.
[Warn  - 10:07:17 PM] Attempting to convert '{"label":"fa-simplybuilt","description":"simplybuilt"}' to String. Ignoring.
[Warn  - 10:07:17 PM] Attempting to convert '{"isFileTemplate":false,"scopes":["html","handlebars","php","plaintext","razor","typescript","typescriptreact","javascriptreact","javascript","vue"],"name":"simplybuilt","prefix":"fa-simplybuilt","description":"simplybuilt","body":"\u003Ci class=\u0022fa fa-simplybuilt${1}\u0022 aria-hidden=\u0022true\u0022\u003E\u003C/i\u003E$0","source":"Bootstrap 5 \u0026 Font Awesome Snippets","snippetSource":3,"snippetIdentifier":"snippets/bootstrap.json/simplybuilt","extensionId":{"value":"HansUXdev.bootstrap5-snippets","_lower":"hansuxdev.bootstrap5-snippets"},"prefixLow":"fa-simplybuilt","a":{"d":true,"b":{},"f":{"isBogous":false,"isTrivial":false,"usesClipboardVariable":false,"usesSelectionVariable":false,"codeSnippet":"\u003Ci class=\u0022fa fa-simplybuilt${1}\u0022 aria-hidden=\u0022true\u0022\u003E\u003C/i\u003E$0"}}}' to String. Ignoring.
[Warn  - 10:07:17 PM] Attempting to convert '{"label":"!html ","description":"HTML HTTP Server"}' to String. Ignoring.
[Warn  - 10:07:17 PM] Attempting to convert '{"isFileTemplate":false,"scopes":["html","handlebars","php","plaintext","razor","typescript","typescriptreact","javascriptreact","javascript","vue"],"name":"HTML HTTP Server","prefix":"!html ","description":"HTML HTTP Server","body":"const http = require(\u0027http\u0027)\nconst fs = require(\u0027fs\u0027);\nconst PORT = ${1:7000};\nhttp.createServer(function (request, response) {\n  if (request.url == \u0027/\u0027) {\n    fs.readFile(\u0027${2:index.html}\u0027, function(err, data) {\n      response.writeHead(200, {\u0027Content-Type\u0027: \u0027text/html\u0027});\n      response.write(data);\n      return response.end();\n    });\n  }\n  else{\n    return response.end(\u0027Invalid request\u0027);\n  }\n}).listen(PORT);\n\n","source":"Bootstrap 5 \u0026 Font Awesome Snippets","snippetSource":3,"snippetIdentifier":"snippets/bootstrap.json/HTML HTTP Server","extensionId":{"value":"HansUXdev.bootstrap5-snippets","_lower":"hansuxdev.bootstrap5-snippets"},"prefixLow":"!html ","a":{"d":true,"b":{},"f":{"isBogous":false,"isTrivial":false,"usesClipboardVariable":false,"usesSelectionVariable":false,"codeSnippet":"const http = require(\u0027http\u0027)\nconst fs = require(\u0027fs\u0027);\nconst PORT = ${1:7000};\nhttp.createServer(function (request, response) {\n  if (request.url == \u0027/\u0027) {\n    fs.readFile(\u0027${2:index.html}\u0027, function(err, data) {\n      response.writeHead(200, {\u0027Content-Type\u0027: \u0027text/html\u0027});\n      response.write(data);\n      return response.end();\n    });\n  }\n  else{\n    return response.end(\u0027Invalid request\u0027);\n  }\n}).listen(PORT);\n\n"}}}' to String. Ignoring.
[Warn  - 10:07:18 PM] Attempting to convert '{"label":"fa-eraser","description":"eraser"}' to String. Ignoring.
[Warn  - 10:07:18 PM] Attempting to convert '{"isFileTemplate":false,"scopes":["html","handlebars","php","plaintext","razor","typescript","typescriptreact","javascriptreact","javascript","vue"],"name":"eraser","prefix":"fa-eraser","description":"eraser","body":"\u003Ci class=\u0022fa fa-eraser${1}\u0022 aria-hidden=\u0022true\u0022\u003E\u003C/i\u003E$0","source":"Bootstrap 5 \u0026 Font Awesome Snippets","snippetSource":3,"snippetIdentifier":"snippets/bootstrap.json/eraser","extensionId":{"value":"HansUXdev.bootstrap5-snippets","_lower":"hansuxdev.bootstrap5-snippets"},"prefixLow":"fa-eraser","a":{"d":true,"b":{},"f":{"isBogous":false,"isTrivial":false,"usesClipboardVariable":false,"usesSelectionVariable":false,"codeSnippet":"\u003Ci class=\u0022fa fa-eraser${1}\u0022 aria-hidden=\u0022true\u0022\u003E\u003C/i\u003E$0"}}}' to String. Ignoring.
[Warn  - 10:07:19 PM] Attempting to convert '{"label":"fa-eercast","description":"eercast"}' to String. Ignoring.
[Warn  - 10:07:19 PM] Attempting to convert '{"isFileTemplate":false,"scopes":["html","handlebars","php","plaintext","razor","typescript","typescriptreact","javascriptreact","javascript","vue"],"name":"eercast","prefix":"fa-eercast","description":"eercast","body":"\u003Ci class=\u0022fa fa-eercast${1}\u0022 aria-hidden=\u0022true\u0022\u003E\u003C/i\u003E$0","source":"Bootstrap 5 \u0026 Font Awesome Snippets","snippetSource":3,"snippetIdentifier":"snippets/bootstrap.json/eercast","extensionId":{"value":"HansUXdev.bootstrap5-snippets","_lower":"hansuxdev.bootstrap5-snippets"},"prefixLow":"fa-eercast","a":{"d":true,"b":{},"f":{"isBogous":false,"isTrivial":false,"usesClipboardVariable":false,"usesSelectionVariable":false,"codeSnippet":"\u003Ci class=\u0022fa fa-eercast${1}\u0022 aria-hidden=\u0022true\u0022\u003E\u003C/i\u003E$0"}}}' to String. Ignoring.
> 1 file system change(s) ...
> 1 file system change(s) ...
> 1 file system change(s) ...
> Indexing directory 'file:///home/eho/site/storage/framework/sessions/UlzzdrlVIGAnHYKc2sos9W4VHgNFkZGink9xyjAS' ...
> 1 file system change(s) ...
> Indexing directory 'file:///home/eho/site/storage/framework/sessions/UlzzdrlVIGAnHYKc2sos9W4VHgNFkZGink9xyjAS' ...
[Warn  - 10:10:10 PM] Attempting to convert '{"label":"fa-dedent","description":"dedent"}' to String. Ignoring.
[Warn  - 10:10:10 PM] Attempting to convert '{"isFileTemplate":false,"scopes":["html","handlebars","php","plaintext","razor","typescript","typescriptreact","javascriptreact","javascript","vue"],"name":"dedent","prefix":"fa-dedent","description":"dedent","body":"\u003Ci class=\u0022fa fa-dedent${1}\u0022 aria-hidden=\u0022true\u0022\u003E\u003C/i\u003E$0","source":"Bootstrap 5 \u0026 Font Awesome Snippets","snippetSource":3,"snippetIdentifier":"snippets/bootstrap.json/dedent","extensionId":{"value":"HansUXdev.bootstrap5-snippets","_lower":"hansuxdev.bootstrap5-snippets"},"prefixLow":"fa-dedent","a":{"d":true,"b":{},"f":{"isBogous":false,"isTrivial":false,"usesClipboardVariable":false,"usesSelectionVariable":false,"codeSnippet":"\u003Ci class=\u0022fa fa-dedent${1}\u0022 aria-hidden=\u0022true\u0022\u003E\u003C/i\u003E$0"}}}' to String. Ignoring.
> 2 file system change(s) ...
> Indexing directory 'file:///home/eho/site/storage/framework/sessions/UlzzdrlVIGAnHYKc2sos9W4VHgNFkZGink9xyjAS' ...
> 1 file system change(s) ...
> Indexing directory 'file:///home/eho/site/storage/framework/sessions/UlzzdrlVIGAnHYKc2sos9W4VHgNFkZGink9xyjAS' ...
> 1 file system change(s) ...
> 2 file system change(s) ...
> 2 file system change(s) ...
> 1 file system change(s) ...
> 1 file system change(s) ...
> 1 file system change(s) ...
> 1 file system change(s) ...
> Indexing directory 'file:///home/eho/site/storage/framework/sessions/UlzzdrlVIGAnHYKc2sos9W4VHgNFkZGink9xyjAS' ...
> 3 file system change(s) ...
> Indexing directory 'file:///home/eho/site/storage/framework/sessions/UlzzdrlVIGAnHYKc2sos9W4VHgNFkZGink9xyjAS' ...
> Indexing directory 'file:///home/eho/site/storage/framework/sessions/UlzzdrlVIGAnHYKc2sos9W4VHgNFkZGink9xyjAS' ...
> Indexing directory 'file:///home/eho/site/storage/framework/sessions/UlzzdrlVIGAnHYKc2sos9W4VHgNFkZGink9xyjAS' ...
> 2 file system change(s) ...
> 2 file system change(s) ...
> Indexing directory 'file:///home/eho/site/storage/framework/sessions/UlzzdrlVIGAnHYKc2sos9W4VHgNFkZGink9xyjAS' ...
> 1 file system change(s) ...
> Indexing directory 'file:///home/eho/site/storage/framework/sessions/UlzzdrlVIGAnHYKc2sos9W4VHgNFkZGink9xyjAS' ...
> 1 file system change(s) ...
> 1 file system change(s) ...
> 1 file system change(s) ...
> 1 file system change(s) ...
> 1 file system change(s) ...
> 1 file system change(s) ...
> 1 file system change(s) ...
> 1 file system change(s) ...
> 1 file system change(s) ...
> 1 file system change(s) ...
> Indexing directory 'file:///home/eho/site/storage/framework/sessions/UlzzdrlVIGAnHYKc2sos9W4VHgNFkZGink9xyjAS' ...
> 1 file system change(s) ...
> Indexing directory 'file:///home/eho/site/storage/framework/sessions/UlzzdrlVIGAnHYKc2sos9W4VHgNFkZGink9xyjAS' ...
> 1 file system change(s) ...
> 2 file system change(s) ...
> Indexing directory 'file:///home/eho/site/storage/framework/sessions/UlzzdrlVIGAnHYKc2sos9W4VHgNFkZGink9xyjAS' ...
> 3 file system change(s) ...
> Indexing directory 'file:///home/eho/site/storage/framework/sessions/UlzzdrlVIGAnHYKc2sos9W4VHgNFkZGink9xyjAS' ...
> Indexing directory 'file:///home/eho/site/storage/framework/sessions/UlzzdrlVIGAnHYKc2sos9W4VHgNFkZGink9xyjAS' ...
> Indexing directory 'file:///home/eho/site/storage/framework/sessions/UlzzdrlVIGAnHYKc2sos9W4VHgNFkZGink9xyjAS' ...
> 1 file system change(s) ...
> 2 file system change(s) ...
> Indexing directory 'file:///home/eho/site/storage/framework/sessions/UlzzdrlVIGAnHYKc2sos9W4VHgNFkZGink9xyjAS' ...
> 1 file system change(s) ...
> Indexing directory 'file:///home/eho/site/storage/framework/sessions/UlzzdrlVIGAnHYKc2sos9W4VHgNFkZGink9xyjAS' ...
> 1 file system change(s) ...
> Indexing directory 'file:///home/eho/site/storage/framework/sessions/UlzzdrlVIGAnHYKc2sos9W4VHgNFkZGink9xyjAS' ...
> 1 file system change(s) ...
> 2 file system change(s) ...
> Indexing directory 'file:///home/eho/site/storage/framework/sessions/UlzzdrlVIGAnHYKc2sos9W4VHgNFkZGink9xyjAS' ...
> 1 file system change(s) ...
> Indexing directory 'file:///home/eho/site/storage/framework/sessions/UlzzdrlVIGAnHYKc2sos9W4VHgNFkZGink9xyjAS' ...
> 1 file system change(s) ...
> Indexing directory 'file:///home/eho/site/storage/framework/sessions/UlzzdrlVIGAnHYKc2sos9W4VHgNFkZGink9xyjAS' ...
> 1 file system change(s) ...
> 2 file system change(s) ...
> Indexing directory 'file:///home/eho/site/storage/framework/sessions/UlzzdrlVIGAnHYKc2sos9W4VHgNFkZGink9xyjAS' ...
> 1 file system change(s) ...
> Indexing directory 'file:///home/eho/site/storage/framework/sessions/UlzzdrlVIGAnHYKc2sos9W4VHgNFkZGink9xyjAS' ...
> 2 file system change(s) ...
> Indexing directory 'file:///home/eho/site/storage/framework/sessions/UlzzdrlVIGAnHYKc2sos9W4VHgNFkZGink9xyjAS' ...
> Indexing directory 'file:///home/eho/site/storage/framework/sessions/UlzzdrlVIGAnHYKc2sos9W4VHgNFkZGink9xyjAS' ...
> 1 file system change(s) ...
> Indexing directory 'file:///home/eho/site/storage/framework/sessions/UlzzdrlVIGAnHYKc2sos9W4VHgNFkZGink9xyjAS' ...
> 4 file system change(s) ...
> Indexing directory 'file:///home/eho/site/storage/framework/sessions/UlzzdrlVIGAnHYKc2sos9W4VHgNFkZGink9xyjAS' ...
> Indexing directory 'file:///home/eho/site/storage/framework/sessions/UlzzdrlVIGAnHYKc2sos9W4VHgNFkZGink9xyjAS' ...
> Indexing directory 'file:///home/eho/site/storage/framework/sessions/UlzzdrlVIGAnHYKc2sos9W4VHgNFkZGink9xyjAS' ...
> Indexing directory 'file:///home/eho/site/storage/framework/sessions/UlzzdrlVIGAnHYKc2sos9W4VHgNFkZGink9xyjAS' ...
> 1 file system change(s) ...
> Indexing directory 'file:///home/eho/site/storage/framework/sessions/UlzzdrlVIGAnHYKc2sos9W4VHgNFkZGink9xyjAS' ...
> 1 file system change(s) ...
> Indexing directory 'file:///home/eho/site/storage/framework/sessions/UlzzdrlVIGAnHYKc2sos9W4VHgNFkZGink9xyjAS' ...
> 1 file system change(s) ...
> 2 file system change(s) ...
> Indexing directory 'file:///home/eho/site/storage/framework/sessions/UlzzdrlVIGAnHYKc2sos9W4VHgNFkZGink9xyjAS' ...
> 1 file system change(s) ...
> 1 file system change(s) ...
> 2 file system change(s) ...
> Indexing directory 'file:///home/eho/site/storage/framework/sessions/UlzzdrlVIGAnHYKc2sos9W4VHgNFkZGink9xyjAS' ...
> 1 file system change(s) ...
> Indexing directory 'file:///home/eho/site/storage/framework/sessions/UlzzdrlVIGAnHYKc2sos9W4VHgNFkZGink9xyjAS' ...
> 1 file system change(s) ...
> Indexing directory 'file:///home/eho/site/storage/framework/sessions/UlzzdrlVIGAnHYKc2sos9W4VHgNFkZGink9xyjAS' ...
> 1 file system change(s) ...
> 4 file system change(s) ...
> Indexing directory 'file:///home/eho/site/storage/framework/sessions/UlzzdrlVIGAnHYKc2sos9W4VHgNFkZGink9xyjAS' ...
> Indexing directory 'file:///home/eho/site/storage/framework/sessions/UlzzdrlVIGAnHYKc2sos9W4VHgNFkZGink9xyjAS' ...
> Indexing directory 'file:///home/eho/site/storage/framework/sessions/UlzzdrlVIGAnHYKc2sos9W4VHgNFkZGink9xyjAS' ...
> Indexing directory 'file:///home/eho/site/storage/framework/sessions/UlzzdrlVIGAnHYKc2sos9W4VHgNFkZGink9xyjAS' ...
> 1 file system change(s) ...
> 1 file system change(s) ...
> 1 file system change(s) ...
> 1 file system change(s) ...
> 1 file system change(s) ...
> 1 file system change(s) ...
> 1 file system change(s) ...
> Indexing directory 'file:///home/eho/site/storage/framework/sessions/UlzzdrlVIGAnHYKc2sos9W4VHgNFkZGink9xyjAS' ...
> 1 file system change(s) ...
> Indexing directory 'file:///home/eho/site/storage/framework/sessions/UlzzdrlVIGAnHYKc2sos9W4VHgNFkZGink9xyjAS' ...
> 1 file system change(s) ...
> 1 file system change(s) ...
> Indexing directory 'file:///home/eho/site/storage/framework/sessions/UlzzdrlVIGAnHYKc2sos9W4VHgNFkZGink9xyjAS' ...
> 1 file system change(s) ...
> Indexing directory 'file:///home/eho/site/storage/framework/sessions/UlzzdrlVIGAnHYKc2sos9W4VHgNFkZGink9xyjAS' ...
> 1 file system change(s) ...
> Indexing directory 'file:///home/eho/site/storage/framework/sessions/UlzzdrlVIGAnHYKc2sos9W4VHgNFkZGink9xyjAS' ...
> 1 file system change(s) ...
> 1 file system change(s) ...
> 1 file system change(s) ...
> 1 file system change(s) ...
> Indexing directory 'file:///home/eho/site/storage/framework/sessions/UlzzdrlVIGAnHYKc2sos9W4VHgNFkZGink9xyjAS' ...
> 2 file system change(s) ...
> Removed path 'file:///home/eho/site/storage/framework/sessions/FcYpQGDkPqXLoiLjyQgu1kfBcYfkwwSdFM2GhznF' ...
> Indexing directory 'file:///home/eho/site/storage/framework/sessions/UlzzdrlVIGAnHYKc2sos9W4VHgNFkZGink9xyjAS' ...
> 1 file system change(s) ...
> Indexing directory 'file:///home/eho/site/storage/framework/sessions/UlzzdrlVIGAnHYKc2sos9W4VHgNFkZGink9xyjAS' ...
> 1 file system change(s) ...
> 1 file system change(s) ...
> 1 file system change(s) ...
> 1 file system change(s) ...
> 1 file system change(s) ...
> 1 file system change(s) ...
> 1 file system change(s) ...
> 1 file system change(s) ...
> 1 file system change(s) ...
> Indexing directory 'file:///home/eho/site/storage/framework/sessions/UlzzdrlVIGAnHYKc2sos9W4VHgNFkZGink9xyjAS' ...
> 1 file system change(s) ...
> 1 file system change(s) ...
> 1 file system change(s) ...
> Indexing directory 'file:///home/eho/site/storage/framework/sessions/UlzzdrlVIGAnHYKc2sos9W4VHgNFkZGink9xyjAS' ...
> 1 file system change(s) ...
> Indexing directory 'file:///home/eho/site/storage/framework/sessions/UlzzdrlVIGAnHYKc2sos9W4VHgNFkZGink9xyjAS' ...
> 1 file system change(s) ...
> 1 file system change(s) ...
> 1 file system change(s) ...
> 2 file system change(s) ...
> 1 file system change(s) ...
> 1 file system change(s) ...
> 1 file system change(s) ...
> Indexing directory 'file:///home/eho/site/storage/framework/sessions/UlzzdrlVIGAnHYKc2sos9W4VHgNFkZGink9xyjAS' ...
