2023-06-24 12:42:04.244 [info] Log level: Info
2023-06-24 12:42:04.244 [info] Validating found git in: "git"
2023-06-24 12:42:04.244 [info] Using git "2.40.1" from "git"
2023-06-24 12:42:04.244 [info] > git rev-parse --show-toplevel [3ms]
2023-06-24 12:42:04.244 [info] fatal: not a git repository (or any of the parent directories): .git
2023-06-24 12:42:04.245 [info] > git rev-parse --show-toplevel [2ms]
2023-06-24 12:42:04.245 [info] fatal: not a git repository (or any of the parent directories): .git
2023-06-24 12:42:04.260 [info] > git rev-parse --show-toplevel [8ms]
2023-06-24 12:42:04.260 [info] fatal: not a git repository (or any of the parent directories): .git
2023-06-24 12:42:04.275 [info] > git rev-parse --show-toplevel [9ms]
2023-06-24 12:42:04.275 [info] fatal: not a git repository (or any of the parent directories): .git
2023-06-24 12:42:04.284 [info] > git rev-parse --show-toplevel [3ms]
2023-06-24 12:42:04.284 [info] fatal: not a git repository (or any of the parent directories): .git
2023-06-24 12:42:04.299 [info] > git rev-parse --show-toplevel [8ms]
2023-06-24 12:42:04.299 [info] fatal: not a git repository (or any of the parent directories): .git
2023-06-24 12:42:04.311 [info] > git rev-parse --show-toplevel [6ms]
2023-06-24 12:42:04.311 [info] fatal: not a git repository (or any of the parent directories): .git
2023-06-24 12:42:04.318 [info] > git rev-parse --show-toplevel [1ms]
2023-06-24 12:42:04.318 [info] fatal: not a git repository (or any of the parent directories): .git
2023-06-24 12:42:04.326 [info] > git rev-parse --show-toplevel [1ms]
2023-06-24 12:42:04.326 [info] fatal: not a git repository (or any of the parent directories): .git
2023-06-24 12:42:04.338 [info] > git rev-parse --show-toplevel [6ms]
2023-06-24 12:42:04.338 [info] fatal: not a git repository (or any of the parent directories): .git
2023-06-24 12:42:04.344 [info] > git rev-parse --show-toplevel [0ms]
2023-06-24 12:42:04.344 [info] fatal: not a git repository (or any of the parent directories): .git
2023-06-24 12:42:04.349 [info] > git rev-parse --show-toplevel [1ms]
2023-06-24 12:42:04.349 [info] fatal: not a git repository (or any of the parent directories): .git
2023-06-24 12:42:04.354 [info] > git rev-parse --show-toplevel [1ms]
2023-06-24 12:42:04.354 [info] fatal: not a git repository (or any of the parent directories): .git
2023-06-24 12:42:41.798 [info] > git init [34ms]
2023-06-24 12:42:41.798 [info] hint: Using 'master' as the name for the initial branch. This default branch name
hint: is subject to change. To configure the initial branch name to use in all
hint: of your new repositories, which will suppress this warning, call:
hint: 
hint: 	git config --global init.defaultBranch <name>
hint: 
hint: Names commonly chosen instead of 'master' are 'main', 'trunk' and
hint: 'development'. The just-created branch can be renamed via this command:
hint: 
hint: 	git branch -m <name>
2023-06-24 12:42:42.396 [info] > git rev-parse --show-toplevel [1ms]
2023-06-24 12:42:42.420 [info] > git rev-parse --git-dir --git-common-dir [0ms]
2023-06-24 12:42:42.428 [info] Open repository: /home/eho/first_project
2023-06-24 12:42:42.439 [info] No remotes found in the git config file.
2023-06-24 12:42:42.440 [info] > git config --get commit.template [5ms]
2023-06-24 12:42:42.440 [info] > git for-each-ref --format=%(refname)%00%(upstream:short)%00%(objectname)%00%(upstream:track)%00%(upstream:remotename)%00%(upstream:remoteref) refs/heads/master refs/remotes/master [2ms]
2023-06-24 12:42:42.450 [info] > git status -z -uall [5ms]
2023-06-24 12:42:42.477 [info] No remotes found in the git config file.
2023-06-24 12:42:42.478 [info] > git config --get commit.template [12ms]
2023-06-24 12:42:42.478 [info] > git for-each-ref --format=%(refname)%00%(upstream:short)%00%(objectname)%00%(upstream:track)%00%(upstream:remotename)%00%(upstream:remoteref) refs/heads/master refs/remotes/master [2ms]
2023-06-24 12:42:42.487 [info] > git status -z -uall [4ms]
2023-06-24 12:42:43.595 [info] > git check-ignore -v -z --stdin [1ms]
2023-06-24 12:42:48.718 [info] > git check-ignore -v -z --stdin [2ms]
2023-06-24 12:43:15.395 [info] Log level: Info
2023-06-24 12:43:15.395 [info] Validating found git in: "git"
2023-06-24 12:43:15.395 [info] Using git "2.40.1" from "git"
2023-06-24 12:43:15.395 [info] > git rev-parse --show-toplevel [4ms]
2023-06-24 12:43:15.395 [info] fatal: not a git repository (or any of the parent directories): .git
2023-06-24 12:43:15.395 [info] > git rev-parse --show-toplevel [4ms]
2023-06-24 12:43:15.395 [info] fatal: not a git repository (or any of the parent directories): .git
2023-06-24 12:43:15.542 [info] > git rev-parse --show-toplevel [1ms]
2023-06-24 12:43:15.542 [info] fatal: not a git repository (or any of the parent directories): .git
2023-06-24 12:43:22.127 [info] > git init [16ms]
2023-06-24 12:43:22.127 [info] hint: Using 'master' as the name for the initial branch. This default branch name
hint: is subject to change. To configure the initial branch name to use in all
hint: of your new repositories, which will suppress this warning, call:
hint: 
hint: 	git config --global init.defaultBranch <name>
hint: 
hint: Names commonly chosen instead of 'master' are 'main', 'trunk' and
hint: 'development'. The just-created branch can be renamed via this command:
hint: 
hint: 	git branch -m <name>
2023-06-24 12:43:22.719 [info] > git rev-parse --show-toplevel [1ms]
2023-06-24 12:43:22.724 [info] > git rev-parse --git-dir --git-common-dir [1ms]
2023-06-24 12:43:22.734 [info] Open repository: /home/eho/projects
2023-06-24 12:43:22.742 [info] > git config --get commit.template [1ms]
2023-06-24 12:43:22.750 [info] No remotes found in the git config file.
2023-06-24 12:43:22.750 [info] > git for-each-ref --format=%(refname)%00%(upstream:short)%00%(objectname)%00%(upstream:track)%00%(upstream:remotename)%00%(upstream:remoteref) refs/heads/master refs/remotes/master [1ms]
2023-06-24 12:43:22.762 [info] > git status -z -uall [4ms]
2023-06-24 12:43:22.787 [info] No remotes found in the git config file.
2023-06-24 12:43:22.787 [info] > git config --get commit.template [12ms]
2023-06-24 12:43:22.788 [info] > git for-each-ref --format=%(refname)%00%(upstream:short)%00%(objectname)%00%(upstream:track)%00%(upstream:remotename)%00%(upstream:remoteref) refs/heads/master refs/remotes/master [2ms]
2023-06-24 12:43:22.799 [info] > git status -z -uall [1ms]
2023-06-24 12:45:02.284 [info] > git check-ignore -v -z --stdin [1ms]
2023-06-24 12:45:23.340 [warning] ENOENT: no such file or directory, open '/home/eho/projects/.git/HEAD'
2023-06-24 12:45:23.346 [warning] getRemotes() - ENOENT: no such file or directory, open '/home/eho/projects/.git/config'
2023-06-24 12:45:23.353 [info] > git remote --verbose [6ms]
2023-06-24 12:45:23.353 [info] fatal: not a git repository (or any of the parent directories): .git
2023-06-24 12:45:23.355 [info] > git symbolic-ref --short HEAD [15ms]
2023-06-24 12:45:23.355 [info] fatal: not a git repository (or any of the parent directories): .git
2023-06-24 12:45:23.365 [warning] ENOENT: no such file or directory, open '/home/eho/projects/.git/HEAD'
2023-06-24 12:45:23.371 [warning] getRemotes() - ENOENT: no such file or directory, open '/home/eho/projects/.git/config'
2023-06-24 12:45:23.377 [info] > git config --get commit.template [26ms]
2023-06-24 12:45:23.379 [info] > git config --get commit.template [1ms]
2023-06-24 12:45:23.379 [info] > git remote --verbose [8ms]
2023-06-24 12:45:23.379 [info] fatal: not a git repository (or any of the parent directories): .git
2023-06-24 12:45:23.379 [info] > git symbolic-ref --short HEAD [14ms]
2023-06-24 12:45:23.379 [info] fatal: not a git repository (or any of the parent directories): .git
2023-06-24 12:45:23.385 [info] > git rev-parse HEAD [25ms]
2023-06-24 12:45:23.385 [info] fatal: not a git repository (or any of the parent directories): .git
2023-06-24 12:45:23.386 [info] > git rev-parse HEAD [1ms]
2023-06-24 12:45:23.386 [info] fatal: not a git repository (or any of the parent directories): .git
2023-06-24 12:46:06.199 [info] > git rev-parse --show-toplevel [1ms]
2023-06-24 12:46:06.204 [info] > git rev-parse --git-dir --git-common-dir [1ms]
2023-06-24 12:46:06.208 [info] Open repository: /home/eho/projects/EliteMafiaBot
2023-06-24 12:46:06.216 [info] > git config --get commit.template [4ms]
2023-06-24 12:46:06.217 [info] > git for-each-ref --format=%(refname)%00%(upstream:short)%00%(objectname)%00%(upstream:track)%00%(upstream:remotename)%00%(upstream:remoteref) refs/heads/main refs/remotes/main [1ms]
2023-06-24 12:46:06.222 [info] > git status -z -uall [2ms]
2023-06-24 12:46:06.234 [info] > git config --get commit.template [4ms]
2023-06-24 12:46:06.234 [info] > git for-each-ref --format=%(refname)%00%(upstream:short)%00%(objectname)%00%(upstream:track)%00%(upstream:remotename)%00%(upstream:remoteref) refs/heads/main refs/remotes/main [1ms]
2023-06-24 12:46:06.239 [info] > git status -z -uall [2ms]
2023-06-24 12:46:06.764 [info] > git check-ignore -v -z --stdin [1ms]
2023-06-24 12:46:10.322 [info] > git check-ignore -v -z --stdin [3ms]
2023-06-24 12:46:11.233 [info] > git check-ignore -v -z --stdin [2ms]
2023-06-24 12:46:12.423 [info] > git rev-parse --show-toplevel [0ms]
2023-06-24 12:46:12.423 [info] fatal: not a git repository (or any of the parent directories): .git
2023-06-24 12:46:16.127 [info] > git check-ignore -v -z --stdin [1ms]
2023-06-24 12:46:17.723 [info] > git show --textconv :src/database/__init__.py [90ms]
2023-06-24 12:46:17.778 [info] > git ls-files --stage -- /home/eho/projects/EliteMafiaBot/src/database/__init__.py [136ms]
2023-06-24 12:46:17.833 [info] > git cat-file -s e69de29bb2d1d6434b8b29ae775ad8c2e48c5391 [29ms]
2023-06-24 12:46:28.381 [info] > git check-ignore -v -z --stdin [3ms]
2023-06-24 12:46:29.703 [info] > git show --textconv :src/database/main.py [19ms]
2023-06-24 12:46:29.706 [info] > git ls-files --stage -- /home/eho/projects/EliteMafiaBot/src/database/main.py [6ms]
2023-06-24 12:46:29.750 [info] > git cat-file -s e69de29bb2d1d6434b8b29ae775ad8c2e48c5391 [1ms]
2023-06-24 12:46:33.738 [info] > git show --textconv :src/database/__init__.py [17ms]
2023-06-24 12:46:33.742 [info] > git ls-files --stage -- /home/eho/projects/EliteMafiaBot/src/database/__init__.py [5ms]
2023-06-24 12:46:33.755 [info] > git cat-file -s e69de29bb2d1d6434b8b29ae775ad8c2e48c5391 [2ms]
2023-06-24 12:46:37.808 [info] > git show --textconv :src/main.py [5ms]
2023-06-24 12:46:37.809 [info] > git ls-files --stage -- /home/eho/projects/EliteMafiaBot/src/main.py [1ms]
2023-06-24 12:46:37.815 [info] > git cat-file -s 10bd2e1744e7f04e0e28c9b0dc70469514a20060 [1ms]
2023-06-24 12:46:38.826 [info] > git show --textconv :src/__init__.py [16ms]
2023-06-24 12:46:38.830 [info] > git ls-files --stage -- /home/eho/projects/EliteMafiaBot/src/__init__.py [6ms]
2023-06-24 12:46:38.847 [info] > git cat-file -s 905afd2590159927f4d36d88fe2915f5c1c3a944 [3ms]
2023-06-24 12:47:03.777 [info] > git show --textconv :README.md [6ms]
2023-06-24 12:47:03.778 [info] > git ls-files --stage -- /home/eho/projects/EliteMafiaBot/README.md [2ms]
2023-06-24 12:47:03.786 [info] > git cat-file -s 590d0c64cd757ac92152fea12217a43e491b0bea [1ms]
2023-06-24 12:47:17.670 [info] > git show --textconv :run.py [19ms]
2023-06-24 12:47:17.673 [info] > git ls-files --stage -- /home/eho/projects/EliteMafiaBot/run.py [6ms]
2023-06-24 12:47:17.689 [info] > git cat-file -s 89e4be820497468a7354a9ca2d140f3381b726a7 [3ms]
2023-06-24 12:47:20.577 [info] > git check-ignore -v -z --stdin [4ms]
2023-06-24 12:47:21.716 [info] > git check-ignore -v -z --stdin [2ms]
2023-06-24 12:47:22.382 [info] > git show --textconv :src/game_logic/role_implementations/__init__.py [16ms]
2023-06-24 12:47:22.384 [info] > git ls-files --stage -- /home/eho/projects/EliteMafiaBot/src/game_logic/role_implementations/__init__.py [4ms]
2023-06-24 12:47:22.402 [info] > git cat-file -s ee6bc8a7001e0bd3783816719aad41d3b8c3a36e [3ms]
2023-06-24 12:47:23.700 [info] > git show --textconv :src/game_logic/role_implementations/alfa.py [17ms]
2023-06-24 12:47:23.703 [info] > git ls-files --stage -- /home/eho/projects/EliteMafiaBot/src/game_logic/role_implementations/alfa.py [4ms]
2023-06-24 12:47:23.717 [info] > git cat-file -s bbb9ba10beeac2e7070f783a5bed7c154f607175 [2ms]
2023-06-24 12:47:26.534 [info] > git show --textconv :src/game_logic/role_implementations/assign_roles.py [19ms]
2023-06-24 12:47:26.535 [info] > git ls-files --stage -- /home/eho/projects/EliteMafiaBot/src/game_logic/role_implementations/assign_roles.py [3ms]
2023-06-24 12:47:26.549 [info] > git cat-file -s fca6f0cdef194f4e574a5be6395a8dafae269694 [2ms]
2023-06-24 12:47:33.395 [info] > git show --textconv :src/game_logic/role_implementations/detective.py [8ms]
2023-06-24 12:47:33.396 [info] > git ls-files --stage -- /home/eho/projects/EliteMafiaBot/src/game_logic/role_implementations/detective.py [1ms]
2023-06-24 12:47:33.402 [info] > git cat-file -s 641a00175211d693ed376562596a23477de862f9 [1ms]
2023-06-24 12:48:00.279 [info] > git show --textconv :src/game_logic/role_implementations/doctor.py [19ms]
2023-06-24 12:48:00.282 [info] > git ls-files --stage -- /home/eho/projects/EliteMafiaBot/src/game_logic/role_implementations/doctor.py [5ms]
2023-06-24 12:48:00.294 [info] > git cat-file -s f43bd15ce0220add7ac84d4705a63623d0b70d85 [1ms]
2023-06-24 12:48:01.327 [info] > git show --textconv :src/game_logic/role_implementations/don.py [17ms]
2023-06-24 12:48:01.332 [info] > git ls-files --stage -- /home/eho/projects/EliteMafiaBot/src/game_logic/role_implementations/don.py [7ms]
2023-06-24 12:48:01.349 [info] > git cat-file -s f20177b278de148df855e5cdf16de9f504d44c40 [2ms]
2023-06-24 12:48:09.002 [info] > git check-ignore -v -z --stdin [1ms]
2023-06-24 12:48:09.894 [info] > git show --textconv :src/game_logic/sending_strategies/empty_array_delete_registration.py [15ms]
2023-06-24 12:48:09.897 [info] > git ls-files --stage -- /home/eho/projects/EliteMafiaBot/src/game_logic/sending_strategies/empty_array_delete_registration.py [3ms]
2023-06-24 12:48:09.904 [info] > git cat-file -s f1f96333e0f5180afda0fbc086474077b121b0ab [1ms]
2023-06-24 12:48:13.224 [info] > git show --textconv :src/game_logic/sending_strategies/__init__.py [19ms]
2023-06-24 12:48:13.227 [info] > git ls-files --stage -- /home/eho/projects/EliteMafiaBot/src/game_logic/sending_strategies/__init__.py [4ms]
2023-06-24 12:48:13.241 [info] > git cat-file -s 19a43b902179892e47447684b8363f2dc414f621 [3ms]
2023-06-24 12:48:16.629 [info] > git show --textconv :src/game_logic/sending_strategies/send_role_name_messages_strategy.py [8ms]
2023-06-24 12:48:16.630 [info] > git ls-files --stage -- /home/eho/projects/EliteMafiaBot/src/game_logic/sending_strategies/send_role_name_messages_strategy.py [1ms]
2023-06-24 12:48:16.638 [info] > git cat-file -s da2dbe3df1d5ca5abe72ec0a2ffcea9bd711f4e9 [2ms]
2023-06-24 12:48:21.583 [info] > git show --textconv :src/game_logic/sending_strategies/strategy_base.py [18ms]
2023-06-24 12:48:21.585 [info] > git ls-files --stage -- /home/eho/projects/EliteMafiaBot/src/game_logic/sending_strategies/strategy_base.py [5ms]
2023-06-24 12:48:21.601 [info] > git cat-file -s a9e6128736e8e55423200d820887906dce453da9 [3ms]
2023-06-24 12:48:23.945 [info] > git show --textconv :src/game_logic/__init__.py [15ms]
2023-06-24 12:48:23.947 [info] > git ls-files --stage -- /home/eho/projects/EliteMafiaBot/src/game_logic/__init__.py [3ms]
2023-06-24 12:48:23.962 [info] > git cat-file -s a443979e6092a2d61f07d09ef5374a29b47c246b [3ms]
2023-06-24 12:48:25.318 [info] > git show --textconv :src/game_logic/check_if_all_users_interacted.py [9ms]
2023-06-24 12:48:25.318 [info] > git ls-files --stage -- /home/eho/projects/EliteMafiaBot/src/game_logic/check_if_all_users_interacted.py [1ms]
2023-06-24 12:48:25.326 [info] > git cat-file -s a3e53d84abe8939f100847fdd2eba88fea2ee13b [1ms]
2023-06-24 12:48:30.899 [info] > git show --textconv :src/game_logic/create_game_state.py [16ms]
2023-06-24 12:48:30.902 [info] > git ls-files --stage -- /home/eho/projects/EliteMafiaBot/src/game_logic/create_game_state.py [6ms]
2023-06-24 12:48:30.919 [info] > git cat-file -s f002582ff16c3c8f45cd23f63ab1efb3eaa3729d [3ms]
2023-06-24 12:48:35.610 [info] > git show --textconv :src/game_logic/game_loop.py [20ms]
2023-06-24 12:48:35.613 [info] > git ls-files --stage -- /home/eho/projects/EliteMafiaBot/src/game_logic/game_loop.py [6ms]
2023-06-24 12:48:35.630 [info] > git cat-file -s 3819e364bf1e817c01ad38b118318f21f90b681f [3ms]
2023-06-24 12:48:58.974 [info] > git show --textconv :src/game_logic/role_implementations/whore.py [11ms]
2023-06-24 12:48:58.978 [info] > git ls-files --stage -- /home/eho/projects/EliteMafiaBot/src/game_logic/role_implementations/whore.py [4ms]
2023-06-24 12:48:58.991 [info] > git cat-file -s a54f667a67e0ea55d639f9422431ef9bb3348d69 [2ms]
2023-06-24 12:49:04.110 [info] > git show --textconv :src/game_logic/role_implementations/omega.py [20ms]
2023-06-24 12:49:04.113 [info] > git ls-files --stage -- /home/eho/projects/EliteMafiaBot/src/game_logic/role_implementations/omega.py [5ms]
2023-06-24 12:49:04.133 [info] > git cat-file -s adc06459654c3f86bcb63870715a9e5bd7be9f46 [2ms]
2023-06-24 12:49:12.649 [info] > git show --textconv :src/game_logic/role_implementations/townie.py [7ms]
2023-06-24 12:49:12.649 [info] > git ls-files --stage -- /home/eho/projects/EliteMafiaBot/src/game_logic/role_implementations/townie.py [1ms]
2023-06-24 12:49:12.656 [info] > git cat-file -s db1a1faa652d66667fc06ad5acf4df9e0138ff2e [1ms]
2023-06-24 12:49:13.648 [info] > git show --textconv :src/game_logic/role_implementations/liar.py [14ms]
2023-06-24 12:49:13.651 [info] > git ls-files --stage -- /home/eho/projects/EliteMafiaBot/src/game_logic/role_implementations/liar.py [3ms]
2023-06-24 12:49:13.667 [info] > git cat-file -s cba4c39bb29425d2ac3372172cf3fea99a430f2b [3ms]
2023-06-24 12:49:24.183 [info] > git show --textconv :src/game_logic/sending_strategies/__init__.py [15ms]
2023-06-24 12:49:24.185 [info] > git ls-files --stage -- /home/eho/projects/EliteMafiaBot/src/game_logic/sending_strategies/__init__.py [3ms]
2023-06-24 12:49:24.202 [info] > git cat-file -s 19a43b902179892e47447684b8363f2dc414f621 [4ms]
2023-06-24 12:49:25.405 [info] > git show --textconv :src/game_logic/sending_strategies/send_interactive_messages_strategy.py [12ms]
2023-06-24 12:49:25.406 [info] > git ls-files --stage -- /home/eho/projects/EliteMafiaBot/src/game_logic/sending_strategies/send_interactive_messages_strategy.py [1ms]
2023-06-24 12:49:25.414 [info] > git cat-file -s 6417966fac379e983b8a9be5a76f6197516c9fad [1ms]
2023-06-24 12:49:26.195 [info] > git show --textconv :src/game_logic/sending_strategies/send_role_name_messages_strategy.py [19ms]
2023-06-24 12:49:26.198 [info] > git ls-files --stage -- /home/eho/projects/EliteMafiaBot/src/game_logic/sending_strategies/send_role_name_messages_strategy.py [7ms]
2023-06-24 12:49:26.218 [info] > git cat-file -s da2dbe3df1d5ca5abe72ec0a2ffcea9bd711f4e9 [4ms]
2023-06-24 12:49:27.916 [info] > git show --textconv :src/game_logic/sending_strategies/strategy_base.py [12ms]
2023-06-24 12:49:27.920 [info] > git ls-files --stage -- /home/eho/projects/EliteMafiaBot/src/game_logic/sending_strategies/strategy_base.py [5ms]
2023-06-24 12:49:27.933 [info] > git cat-file -s a9e6128736e8e55423200d820887906dce453da9 [2ms]
2023-06-24 12:49:29.343 [info] > git show --textconv :src/game_logic/__init__.py [16ms]
2023-06-24 12:49:29.345 [info] > git ls-files --stage -- /home/eho/projects/EliteMafiaBot/src/game_logic/__init__.py [3ms]
2023-06-24 12:49:29.361 [info] > git cat-file -s a443979e6092a2d61f07d09ef5374a29b47c246b [3ms]
2023-06-24 12:49:39.512 [info] > git show --textconv :src/functions/__init__.py [14ms]
2023-06-24 12:49:39.514 [info] > git ls-files --stage -- /home/eho/projects/EliteMafiaBot/src/functions/__init__.py [3ms]
2023-06-24 12:49:39.534 [info] > git cat-file -s a8e11de6b8301a9eaf9a1890a2b82c0b80a43654 [4ms]
2023-06-24 12:49:40.709 [info] > git show --textconv :src/functions/send_to_pm.py [10ms]
2023-06-24 12:49:40.710 [info] > git ls-files --stage -- /home/eho/projects/EliteMafiaBot/src/functions/send_to_pm.py [2ms]
2023-06-24 12:49:40.718 [info] > git cat-file -s 2345bd7cf00a941292ffcb84e3114fb95e4c69de [1ms]
2023-06-24 12:49:52.428 [info] > git show --textconv :src/game_logic/role_implementations/__init__.py [14ms]
2023-06-24 12:49:52.431 [info] > git ls-files --stage -- /home/eho/projects/EliteMafiaBot/src/game_logic/role_implementations/__init__.py [4ms]
2023-06-24 12:49:52.446 [info] > git cat-file -s ee6bc8a7001e0bd3783816719aad41d3b8c3a36e [3ms]
2023-06-24 12:49:55.804 [info] > git show --textconv :src/game_logic/sending_strategies/empty_array_delete_registration.py [17ms]
2023-06-24 12:49:55.806 [info] > git ls-files --stage -- /home/eho/projects/EliteMafiaBot/src/game_logic/sending_strategies/empty_array_delete_registration.py [3ms]
2023-06-24 12:49:55.815 [info] > git cat-file -s f1f96333e0f5180afda0fbc086474077b121b0ab [1ms]
2023-06-24 12:49:56.380 [info] > git show --textconv :src/game_logic/sending_strategies/__init__.py [16ms]
2023-06-24 12:49:56.383 [info] > git ls-files --stage -- /home/eho/projects/EliteMafiaBot/src/game_logic/sending_strategies/__init__.py [4ms]
2023-06-24 12:49:56.401 [info] > git cat-file -s 19a43b902179892e47447684b8363f2dc414f621 [3ms]
2023-06-24 12:49:58.259 [info] > git show --textconv :src/game_logic/__init__.py [13ms]
2023-06-24 12:49:58.261 [info] > git ls-files --stage -- /home/eho/projects/EliteMafiaBot/src/game_logic/__init__.py [4ms]
2023-06-24 12:49:58.280 [info] > git cat-file -s a443979e6092a2d61f07d09ef5374a29b47c246b [4ms]
2023-06-24 12:50:00.908 [info] > git show --textconv :src/game_logic/sending_strategies/__init__.py [15ms]
2023-06-24 12:50:00.911 [info] > git ls-files --stage -- /home/eho/projects/EliteMafiaBot/src/game_logic/sending_strategies/__init__.py [3ms]
2023-06-24 12:50:00.927 [info] > git cat-file -s 19a43b902179892e47447684b8363f2dc414f621 [4ms]
2023-06-24 12:50:02.561 [info] > git show --textconv :src/game_logic/sending_strategies/strategy_base.py [17ms]
2023-06-24 12:50:02.563 [info] > git ls-files --stage -- /home/eho/projects/EliteMafiaBot/src/game_logic/sending_strategies/strategy_base.py [4ms]
2023-06-24 12:50:02.579 [info] > git cat-file -s a9e6128736e8e55423200d820887906dce453da9 [3ms]
2023-06-24 12:50:09.913 [info] > git show --textconv :src/game_logic/sending_strategies/send_role_name_messages_strategy.py [19ms]
2023-06-24 12:50:09.914 [info] > git ls-files --stage -- /home/eho/projects/EliteMafiaBot/src/game_logic/sending_strategies/send_role_name_messages_strategy.py [3ms]
2023-06-24 12:50:09.924 [info] > git cat-file -s da2dbe3df1d5ca5abe72ec0a2ffcea9bd711f4e9 [1ms]
2023-06-24 12:50:12.691 [info] > git show --textconv :src/game_logic/sending_strategies/send_interactive_messages_strategy.py [15ms]
2023-06-24 12:50:12.693 [info] > git ls-files --stage -- /home/eho/projects/EliteMafiaBot/src/game_logic/sending_strategies/send_interactive_messages_strategy.py [3ms]
2023-06-24 12:50:12.711 [info] > git cat-file -s 6417966fac379e983b8a9be5a76f6197516c9fad [3ms]
2023-06-24 12:50:30.457 [info] > git show --textconv :requirements.txt [14ms]
2023-06-24 12:50:30.460 [info] > git ls-files --stage -- /home/eho/projects/EliteMafiaBot/requirements.txt [3ms]
2023-06-24 12:50:30.475 [info] > git cat-file -s 014f78332c60bfb4b44f9f6455cdf503863c931d [3ms]
2023-06-24 12:50:34.066 [info] > git show --textconv :run.py [13ms]
2023-06-24 12:50:34.068 [info] > git ls-files --stage -- /home/eho/projects/EliteMafiaBot/run.py [3ms]
2023-06-24 12:50:34.080 [info] > git cat-file -s 89e4be820497468a7354a9ca2d140f3381b726a7 [2ms]
2023-06-24 12:50:44.602 [info] > git show --textconv :src/functions/__init__.py [13ms]
2023-06-24 12:50:44.604 [info] > git ls-files --stage -- /home/eho/projects/EliteMafiaBot/src/functions/__init__.py [4ms]
2023-06-24 12:50:44.619 [info] > git cat-file -s a8e11de6b8301a9eaf9a1890a2b82c0b80a43654 [3ms]
2023-06-24 12:50:46.712 [info] > git show --textconv :src/functions/send_to_pm.py [16ms]
2023-06-24 12:50:46.714 [info] > git ls-files --stage -- /home/eho/projects/EliteMafiaBot/src/functions/send_to_pm.py [2ms]
2023-06-24 12:50:46.730 [info] > git cat-file -s 2345bd7cf00a941292ffcb84e3114fb95e4c69de [3ms]
2023-06-24 12:50:48.726 [info] > git show --textconv :src/game_logic/role_implementations/__init__.py [21ms]
2023-06-24 12:50:48.728 [info] > git ls-files --stage -- /home/eho/projects/EliteMafiaBot/src/game_logic/role_implementations/__init__.py [4ms]
2023-06-24 12:50:48.741 [info] > git cat-file -s ee6bc8a7001e0bd3783816719aad41d3b8c3a36e [2ms]
2023-06-24 12:50:58.315 [info] > git show --textconv :src/game_logic/role_implementations/alfa.py [18ms]
2023-06-24 12:50:58.317 [info] > git ls-files --stage -- /home/eho/projects/EliteMafiaBot/src/game_logic/role_implementations/alfa.py [3ms]
2023-06-24 12:50:58.329 [info] > git cat-file -s bbb9ba10beeac2e7070f783a5bed7c154f607175 [1ms]
2023-06-24 12:51:18.364 [info] > git show --textconv :src/game_logic/role_implementations/liar.py [7ms]
2023-06-24 12:51:18.365 [info] > git ls-files --stage -- /home/eho/projects/EliteMafiaBot/src/game_logic/role_implementations/liar.py [1ms]
2023-06-24 12:51:18.371 [info] > git cat-file -s cba4c39bb29425d2ac3372172cf3fea99a430f2b [1ms]
2023-06-24 12:51:20.761 [info] > git show --textconv :src/game_logic/role_implementations/doctor.py [19ms]
2023-06-24 12:51:20.763 [info] > git ls-files --stage -- /home/eho/projects/EliteMafiaBot/src/game_logic/role_implementations/doctor.py [3ms]
2023-06-24 12:51:20.771 [info] > git cat-file -s f43bd15ce0220add7ac84d4705a63623d0b70d85 [1ms]
2023-06-24 12:51:21.910 [info] > git show --textconv :src/game_logic/role_implementations/don.py [16ms]
2023-06-24 12:51:21.912 [info] > git ls-files --stage -- /home/eho/projects/EliteMafiaBot/src/game_logic/role_implementations/don.py [5ms]
2023-06-24 12:51:21.929 [info] > git cat-file -s f20177b278de148df855e5cdf16de9f504d44c40 [2ms]
2023-06-24 12:51:22.908 [info] > git show --textconv :src/game_logic/role_implementations/informant.py [15ms]
2023-06-24 12:51:22.909 [info] > git ls-files --stage -- /home/eho/projects/EliteMafiaBot/src/game_logic/role_implementations/informant.py [2ms]
2023-06-24 12:51:22.928 [info] > git cat-file -s 8fde1307f7fa5ac477531b432c5efba252963540 [5ms]
2023-06-24 12:51:28.632 [info] > git check-ignore -v -z --stdin [3ms]
2023-06-24 12:51:29.322 [info] > git show --textconv :src/game_logic/waiting_strategies/__init__.py [8ms]
2023-06-24 12:51:29.323 [info] > git ls-files --stage -- /home/eho/projects/EliteMafiaBot/src/game_logic/waiting_strategies/__init__.py [1ms]
2023-06-24 12:51:29.329 [info] > git cat-file -s 77e610ceb3678a11d806b0484eaa4df093ba6cd8 [1ms]
2023-06-24 12:51:30.268 [info] > git show --textconv :src/game_logic/waiting_strategies/strategy_base.py [13ms]
2023-06-24 12:51:30.269 [info] > git ls-files --stage -- /home/eho/projects/EliteMafiaBot/src/game_logic/waiting_strategies/strategy_base.py [2ms]
2023-06-24 12:51:30.279 [info] > git cat-file -s fd481e2c38e8075f055eab1ad9ea08b2f4a5bace [2ms]
2023-06-24 12:51:31.839 [info] > git show --textconv :src/game_logic/waiting_strategies/waiting_for_interaction_strategy.py [20ms]
2023-06-24 12:51:31.841 [info] > git ls-files --stage -- /home/eho/projects/EliteMafiaBot/src/game_logic/waiting_strategies/waiting_for_interaction_strategy.py [5ms]
2023-06-24 12:51:31.857 [info] > git cat-file -s 851cd2d5c009f5d84d5588f133cfe85553477b2e [2ms]
2023-06-24 12:51:33.726 [info] > git show --textconv :src/game_logic/waiting_strategies/waiting_for_vote_strategy.py [15ms]
2023-06-24 12:51:33.728 [info] > git ls-files --stage -- /home/eho/projects/EliteMafiaBot/src/game_logic/waiting_strategies/waiting_for_vote_strategy.py [3ms]
2023-06-24 12:51:33.777 [info] > git cat-file -s 9697b5e86918d446b16ade814f4913d00d665d95 [2ms]
2023-06-24 12:51:41.556 [info] > git show --textconv :src/game_logic/check_if_all_users_interacted.py [14ms]
2023-06-24 12:51:41.559 [info] > git ls-files --stage -- /home/eho/projects/EliteMafiaBot/src/game_logic/check_if_all_users_interacted.py [4ms]
2023-06-24 12:51:41.573 [info] > git cat-file -s a3e53d84abe8939f100847fdd2eba88fea2ee13b [2ms]
2023-06-24 12:51:45.437 [info] > git show --textconv :src/game_logic/create_game_state.py [16ms]
2023-06-24 12:51:45.440 [info] > git ls-files --stage -- /home/eho/projects/EliteMafiaBot/src/game_logic/create_game_state.py [4ms]
2023-06-24 12:51:45.457 [info] > git cat-file -s f002582ff16c3c8f45cd23f63ab1efb3eaa3729d [3ms]
2023-06-24 12:51:47.338 [info] > git show --textconv :src/game_logic/game_loop.py [15ms]
2023-06-24 12:51:47.340 [info] > git ls-files --stage -- /home/eho/projects/EliteMafiaBot/src/game_logic/game_loop.py [2ms]
2023-06-24 12:51:47.356 [info] > git cat-file -s 3819e364bf1e817c01ad38b118318f21f90b681f [4ms]
2023-06-24 12:51:50.530 [info] > git show --textconv :src/game_logic/check_if_all_users_interacted.py [7ms]
2023-06-24 12:51:50.531 [info] > git ls-files --stage -- /home/eho/projects/EliteMafiaBot/src/game_logic/check_if_all_users_interacted.py [1ms]
2023-06-24 12:51:50.537 [info] > git cat-file -s a3e53d84abe8939f100847fdd2eba88fea2ee13b [1ms]
2023-06-24 12:52:26.639 [info] > git show --textconv :src/game_logic/create_game_state.py [16ms]
2023-06-24 12:52:26.642 [info] > git ls-files --stage -- /home/eho/projects/EliteMafiaBot/src/game_logic/create_game_state.py [4ms]
2023-06-24 12:52:26.659 [info] > git cat-file -s f002582ff16c3c8f45cd23f63ab1efb3eaa3729d [3ms]
2023-06-24 12:52:33.695 [info] > git show --textconv :src/game_logic/game_loop.py [19ms]
2023-06-24 12:52:33.697 [info] > git ls-files --stage -- /home/eho/projects/EliteMafiaBot/src/game_logic/game_loop.py [5ms]
2023-06-24 12:52:33.712 [info] > git cat-file -s 3819e364bf1e817c01ad38b118318f21f90b681f [3ms]
2023-06-24 12:55:26.752 [info] > git show --textconv :src/game_logic/waiting_strategies/waiting_for_interaction_strategy.py [15ms]
2023-06-24 12:55:26.754 [info] > git ls-files --stage -- /home/eho/projects/EliteMafiaBot/src/game_logic/waiting_strategies/waiting_for_interaction_strategy.py [3ms]
2023-06-24 12:55:26.770 [info] > git cat-file -s 851cd2d5c009f5d84d5588f133cfe85553477b2e [4ms]
2023-06-24 12:57:44.985 [info] > git show --textconv :src/game_logic/waiting_strategies/strategy_base.py [16ms]
2023-06-24 12:57:44.988 [info] > git ls-files --stage -- /home/eho/projects/EliteMafiaBot/src/game_logic/waiting_strategies/strategy_base.py [4ms]
2023-06-24 12:57:45.005 [info] > git cat-file -s fd481e2c38e8075f055eab1ad9ea08b2f4a5bace [3ms]
2023-06-24 12:57:50.132 [info] > git show --textconv :src/game_logic/waiting_strategies/waiting_for_vote_strategy.py [18ms]
2023-06-24 12:57:50.134 [info] > git ls-files --stage -- /home/eho/projects/EliteMafiaBot/src/game_logic/waiting_strategies/waiting_for_vote_strategy.py [4ms]
2023-06-24 12:57:50.151 [info] > git cat-file -s 9697b5e86918d446b16ade814f4913d00d665d95 [3ms]
2023-06-24 12:57:51.681 [info] > git show --textconv :src/game_logic/waiting_strategies/waiting_for_interaction_strategy.py [15ms]
2023-06-24 12:57:51.684 [info] > git ls-files --stage -- /home/eho/projects/EliteMafiaBot/src/game_logic/waiting_strategies/waiting_for_interaction_strategy.py [5ms]
2023-06-24 12:57:51.695 [info] > git cat-file -s 851cd2d5c009f5d84d5588f133cfe85553477b2e [2ms]
2023-06-24 12:58:04.205 [info] > git show --textconv :src/game_logic/sending_strategies/strategy_base.py [15ms]
2023-06-24 12:58:04.207 [info] > git ls-files --stage -- /home/eho/projects/EliteMafiaBot/src/game_logic/sending_strategies/strategy_base.py [3ms]
2023-06-24 12:58:04.250 [info] > git cat-file -s a9e6128736e8e55423200d820887906dce453da9 [2ms]
2023-06-24 12:58:06.198 [info] > git show --textconv :src/game_logic/sending_strategies/send_role_name_messages_strategy.py [19ms]
2023-06-24 12:58:06.200 [info] > git ls-files --stage -- /home/eho/projects/EliteMafiaBot/src/game_logic/sending_strategies/send_role_name_messages_strategy.py [5ms]
2023-06-24 12:58:06.215 [info] > git cat-file -s da2dbe3df1d5ca5abe72ec0a2ffcea9bd711f4e9 [2ms]
2023-06-24 12:58:07.306 [info] > git show --textconv :src/game_logic/sending_strategies/send_interactive_messages_strategy.py [10ms]
2023-06-24 12:58:07.307 [info] > git ls-files --stage -- /home/eho/projects/EliteMafiaBot/src/game_logic/sending_strategies/send_interactive_messages_strategy.py [1ms]
2023-06-24 12:58:07.315 [info] > git cat-file -s 6417966fac379e983b8a9be5a76f6197516c9fad [1ms]
2023-06-24 12:58:09.970 [info] > git show --textconv :src/game_logic/sending_strategies/empty_array_delete_registration.py [18ms]
2023-06-24 12:58:09.972 [info] > git ls-files --stage -- /home/eho/projects/EliteMafiaBot/src/game_logic/sending_strategies/empty_array_delete_registration.py [4ms]
2023-06-24 12:58:09.990 [info] > git cat-file -s f1f96333e0f5180afda0fbc086474077b121b0ab [2ms]
2023-06-24 12:58:14.762 [info] > git show --textconv :src/game_logic/sending_strategies/strategy_base.py [17ms]
2023-06-24 12:58:14.764 [info] > git ls-files --stage -- /home/eho/projects/EliteMafiaBot/src/game_logic/sending_strategies/strategy_base.py [4ms]
2023-06-24 12:58:14.781 [info] > git cat-file -s a9e6128736e8e55423200d820887906dce453da9 [2ms]
2023-06-24 12:58:29.671 [info] > git show --textconv :src/game_logic/waiting_strategies/strategy_base.py [14ms]
2023-06-24 12:58:29.674 [info] > git ls-files --stage -- /home/eho/projects/EliteMafiaBot/src/game_logic/waiting_strategies/strategy_base.py [3ms]
2023-06-24 12:58:29.689 [info] > git cat-file -s fd481e2c38e8075f055eab1ad9ea08b2f4a5bace [3ms]
2023-06-24 12:58:31.090 [info] > git show --textconv :src/game_logic/waiting_strategies/waiting_for_interaction_strategy.py [17ms]
2023-06-24 12:58:31.092 [info] > git ls-files --stage -- /home/eho/projects/EliteMafiaBot/src/game_logic/waiting_strategies/waiting_for_interaction_strategy.py [4ms]
2023-06-24 12:58:31.104 [info] > git cat-file -s 851cd2d5c009f5d84d5588f133cfe85553477b2e [2ms]
2023-06-24 12:58:35.305 [info] > git show --textconv :src/game_logic/waiting_strategies/waiting_for_vote_strategy.py [16ms]
2023-06-24 12:58:35.308 [info] > git ls-files --stage -- /home/eho/projects/EliteMafiaBot/src/game_logic/waiting_strategies/waiting_for_vote_strategy.py [4ms]
2023-06-24 12:58:35.323 [info] > git cat-file -s 9697b5e86918d446b16ade814f4913d00d665d95 [2ms]
2023-06-24 12:58:42.102 [info] > git show --textconv :src/game_logic/waiting_strategies/waiting_for_interaction_strategy.py [15ms]
2023-06-24 12:58:42.104 [info] > git ls-files --stage -- /home/eho/projects/EliteMafiaBot/src/game_logic/waiting_strategies/waiting_for_interaction_strategy.py [3ms]
2023-06-24 12:58:42.120 [info] > git cat-file -s 851cd2d5c009f5d84d5588f133cfe85553477b2e [3ms]
2023-06-24 12:58:51.069 [info] > git show --textconv :src/game_logic/waiting_strategies/strategy_base.py [18ms]
2023-06-24 12:58:51.071 [info] > git ls-files --stage -- /home/eho/projects/EliteMafiaBot/src/game_logic/waiting_strategies/strategy_base.py [5ms]
2023-06-24 12:58:51.086 [info] > git cat-file -s fd481e2c38e8075f055eab1ad9ea08b2f4a5bace [2ms]
2023-06-24 12:58:52.974 [info] > git show --textconv :src/game_logic/waiting_strategies/waiting_for_interaction_strategy.py [16ms]
2023-06-24 12:58:52.977 [info] > git ls-files --stage -- /home/eho/projects/EliteMafiaBot/src/game_logic/waiting_strategies/waiting_for_interaction_strategy.py [4ms]
2023-06-24 12:58:52.987 [info] > git cat-file -s 851cd2d5c009f5d84d5588f133cfe85553477b2e [2ms]
2023-06-24 12:59:15.591 [info] > git show --textconv :src/game_logic/waiting_strategies/strategy_base.py [20ms]
2023-06-24 12:59:15.593 [info] > git ls-files --stage -- /home/eho/projects/EliteMafiaBot/src/game_logic/waiting_strategies/strategy_base.py [6ms]
2023-06-24 12:59:15.608 [info] > git cat-file -s fd481e2c38e8075f055eab1ad9ea08b2f4a5bace [2ms]
2023-06-24 12:59:17.903 [info] > git ls-files --stage -- /home/eho/projects/EliteMafiaBot/src/game_logic/waiting_strategies/waiting_for_vote_strategy.py [4ms]
2023-06-24 12:59:17.913 [info] > git show --textconv :src/game_logic/waiting_strategies/waiting_for_vote_strategy.py [25ms]
2023-06-24 12:59:17.916 [info] > git cat-file -s 9697b5e86918d446b16ade814f4913d00d665d95 [3ms]
2023-06-24 12:59:27.800 [info] > git show --textconv :src/game_logic/waiting_strategies/waiting_for_interaction_strategy.py [19ms]
2023-06-24 12:59:27.803 [info] > git ls-files --stage -- /home/eho/projects/EliteMafiaBot/src/game_logic/waiting_strategies/waiting_for_interaction_strategy.py [6ms]
2023-06-24 12:59:27.814 [info] > git cat-file -s 851cd2d5c009f5d84d5588f133cfe85553477b2e [1ms]
2023-06-24 13:03:44.557 [info] > git show --textconv :src/game_logic/__init__.py [17ms]
2023-06-24 13:03:44.558 [info] > git ls-files --stage -- /home/eho/projects/EliteMafiaBot/src/game_logic/__init__.py [3ms]
2023-06-24 13:03:44.580 [info] > git cat-file -s a443979e6092a2d61f07d09ef5374a29b47c246b [6ms]
2023-06-24 13:03:45.646 [info] > git show --textconv :src/game_logic/check_if_all_users_interacted.py [9ms]
2023-06-24 13:03:45.648 [info] > git ls-files --stage -- /home/eho/projects/EliteMafiaBot/src/game_logic/check_if_all_users_interacted.py [2ms]
2023-06-24 13:03:45.655 [info] > git cat-file -s a3e53d84abe8939f100847fdd2eba88fea2ee13b [1ms]
2023-06-24 13:03:47.443 [info] > git show --textconv :src/game_logic/create_game_state.py [17ms]
2023-06-24 13:03:47.445 [info] > git ls-files --stage -- /home/eho/projects/EliteMafiaBot/src/game_logic/create_game_state.py [3ms]
2023-06-24 13:03:47.462 [info] > git cat-file -s f002582ff16c3c8f45cd23f63ab1efb3eaa3729d [4ms]
2023-06-24 13:03:48.990 [info] > git show --textconv :src/game_logic/check_if_all_users_interacted.py [19ms]
2023-06-24 13:03:48.992 [info] > git ls-files --stage -- /home/eho/projects/EliteMafiaBot/src/game_logic/check_if_all_users_interacted.py [4ms]
2023-06-24 13:03:49.011 [info] > git cat-file -s a3e53d84abe8939f100847fdd2eba88fea2ee13b [3ms]
2023-06-24 13:04:03.905 [info] > git show --textconv :requirements.txt [5ms]
2023-06-24 13:04:03.905 [info] > git ls-files --stage -- /home/eho/projects/EliteMafiaBot/requirements.txt [1ms]
2023-06-24 13:04:03.912 [info] > git cat-file -s 014f78332c60bfb4b44f9f6455cdf503863c931d [2ms]
2023-06-24 13:04:07.225 [info] > git show --textconv :src/main.py [16ms]
2023-06-24 13:04:07.226 [info] > git ls-files --stage -- /home/eho/projects/EliteMafiaBot/src/main.py [3ms]
2023-06-24 13:04:07.243 [info] > git cat-file -s 10bd2e1744e7f04e0e28c9b0dc70469514a20060 [3ms]
2023-06-24 13:04:08.373 [info] > git show --textconv :src/__init__.py [14ms]
2023-06-24 13:04:08.373 [info] > git ls-files --stage -- /home/eho/projects/EliteMafiaBot/src/__init__.py [1ms]
2023-06-24 13:04:08.379 [info] > git cat-file -s 905afd2590159927f4d36d88fe2915f5c1c3a944 [1ms]
2023-06-24 13:04:09.604 [info] > git show --textconv :src/game_logic/waiting_context.py [13ms]
2023-06-24 13:04:09.605 [info] > git ls-files --stage -- /home/eho/projects/EliteMafiaBot/src/game_logic/waiting_context.py [2ms]
2023-06-24 13:04:09.618 [info] > git cat-file -s 661627ce613ff3b3f95581dd0238f7df78f2162d [2ms]
2023-06-24 13:04:13.989 [info] > git show --textconv :src/game_logic/sending_context.py [16ms]
2023-06-24 13:04:13.992 [info] > git ls-files --stage -- /home/eho/projects/EliteMafiaBot/src/game_logic/sending_context.py [4ms]
2023-06-24 13:04:14.007 [info] > git cat-file -s e95d254351a05a6dd7baad033bbb8ff91624c596 [2ms]
2023-06-24 13:04:18.465 [info] > git show --textconv :src/game_logic/game_loop.py [15ms]
2023-06-24 13:04:18.468 [info] > git ls-files --stage -- /home/eho/projects/EliteMafiaBot/src/game_logic/game_loop.py [4ms]
2023-06-24 13:04:18.483 [info] > git cat-file -s 3819e364bf1e817c01ad38b118318f21f90b681f [3ms]
2023-06-24 13:04:35.909 [info] > git show --textconv :src/game_logic/create_game_state.py [14ms]
2023-06-24 13:04:35.911 [info] > git ls-files --stage -- /home/eho/projects/EliteMafiaBot/src/game_logic/create_game_state.py [4ms]
2023-06-24 13:04:35.925 [info] > git cat-file -s f002582ff16c3c8f45cd23f63ab1efb3eaa3729d [2ms]
2023-06-24 13:04:38.483 [info] > git show --textconv :src/game_logic/check_if_all_users_interacted.py [5ms]
2023-06-24 13:04:38.484 [info] > git ls-files --stage -- /home/eho/projects/EliteMafiaBot/src/game_logic/check_if_all_users_interacted.py [1ms]
2023-06-24 13:04:38.490 [info] > git cat-file -s a3e53d84abe8939f100847fdd2eba88fea2ee13b [1ms]
2023-06-24 13:08:37.376 [info] > git show --textconv :src/game_logic/game_loop.py [14ms]
2023-06-24 13:08:37.378 [info] > git ls-files --stage -- /home/eho/projects/EliteMafiaBot/src/game_logic/game_loop.py [2ms]
2023-06-24 13:08:37.394 [info] > git cat-file -s 3819e364bf1e817c01ad38b118318f21f90b681f [3ms]
2023-06-24 13:08:45.907 [info] > git show --textconv :src/game_logic/create_game_state.py [15ms]
2023-06-24 13:08:45.910 [info] > git ls-files --stage -- /home/eho/projects/EliteMafiaBot/src/game_logic/create_game_state.py [4ms]
2023-06-24 13:08:45.923 [info] > git cat-file -s f002582ff16c3c8f45cd23f63ab1efb3eaa3729d [3ms]
2023-06-24 13:08:50.502 [info] > git show --textconv :src/game_logic/game_loop.py [14ms]
2023-06-24 13:08:50.505 [info] > git ls-files --stage -- /home/eho/projects/EliteMafiaBot/src/game_logic/game_loop.py [4ms]
2023-06-24 13:08:50.525 [info] > git cat-file -s 3819e364bf1e817c01ad38b118318f21f90b681f [4ms]
2023-06-24 13:13:04.245 [info] > git config --get commit.template [20ms]
2023-06-24 13:13:04.247 [info] > git for-each-ref --format=%(refname)%00%(upstream:short)%00%(objectname)%00%(upstream:track)%00%(upstream:remotename)%00%(upstream:remoteref) refs/heads/main refs/remotes/main [5ms]
2023-06-24 13:13:04.271 [info] > git status -z -uall [5ms]
2023-06-24 13:13:05.717 [info] > git config --get commit.template [10ms]
2023-06-24 13:13:05.717 [info] > git for-each-ref --format=%(refname)%00%(upstream:short)%00%(objectname)%00%(upstream:track)%00%(upstream:remotename)%00%(upstream:remoteref) refs/heads/main refs/remotes/main [1ms]
2023-06-24 13:13:05.736 [info] > git status -z -uall [4ms]
2023-06-24 13:13:07.061 [info] > git config --get commit.template [24ms]
2023-06-24 13:13:07.065 [info] > git for-each-ref --format=%(refname)%00%(upstream:short)%00%(objectname)%00%(upstream:track)%00%(upstream:remotename)%00%(upstream:remoteref) refs/heads/main refs/remotes/main [5ms]
2023-06-24 13:13:07.094 [info] > git status -z -uall [9ms]
2023-06-24 13:14:51.318 [info] > git clone https://github.com/pepukcoder/EliteMafiaBot.git /home/eho/projects/EliteMafiaBot-1 --progress [949ms]
2023-06-24 13:14:51.318 [info] Cloning into '/home/eho/projects/EliteMafiaBot-1'...
remote: Enumerating objects: 684, done.        
remote: Counting objects:   0% (1/378)        remote: Counting objects:   1% (4/378)        remote: Counting objects:   2% (8/378)        remote: Counting objects:   3% (12/378)        remote: Counting objects:   4% (16/378)        remote: Counting objects:   5% (19/378)        remote: Counting objects:   6% (23/378)        remote: Counting objects:   7% (27/378)        remote: Counting objects:   8% (31/378)        remote: Counting objects:   9% (35/378)        remote: Counting objects:  10% (38/378)        remote: Counting objects:  11% (42/378)        remote: Counting objects:  12% (46/378)        remote: Counting objects:  13% (50/378)        remote: Counting objects:  14% (53/378)        remote: Counting objects:  15% (57/378)        remote: Counting objects:  16% (61/378)        remote: Counting objects:  17% (65/378)        remote: Counting objects:  18% (69/378)        remote: Counting objects:  19% (72/378)        remote: Counting objects:  20% (76/378)        remote: Counting objects:  21% (80/378)        remote: Counting objects:  22% (84/378)        remote: Counting objects:  23% (87/378)        remote: Counting objects:  24% (91/378)        remote: Counting objects:  25% (95/378)        remote: Counting objects:  26% (99/378)        remote: Counting objects:  27% (103/378)        remote: Counting objects:  28% (106/378)        remote: Counting objects:  29% (110/378)        remote: Counting objects:  30% (114/378)        remote: Counting objects:  31% (118/378)        remote: Counting objects:  32% (121/378)        remote: Counting objects:  33% (125/378)        remote: Counting objects:  34% (129/378)        remote: Counting objects:  35% (133/378)        remote: Counting objects:  36% (137/378)        remote: Counting objects:  37% (140/378)        remote: Counting objects:  38% (144/378)        remote: Counting objects:  39% (148/378)        remote: Counting objects:  40% (152/378)        remote: Counting objects:  41% (155/378)        remote: Counting objects:  42% (159/378)        remote: Counting objects:  43% (163/378)        remote: Counting objects:  44% (167/378)        remote: Counting objects:  45% (171/378)        remote: Counting objects:  46% (174/378)        remote: Counting objects:  47% (178/378)        remote: Counting objects:  48% (182/378)        remote: Counting objects:  49% (186/378)        remote: Counting objects:  50% (189/378)        remote: Counting objects:  51% (193/378)        remote: Counting objects:  52% (197/378)        remote: Counting objects:  53% (201/378)        remote: Counting objects:  54% (205/378)        remote: Counting objects:  55% (208/378)        remote: Counting objects:  56% (212/378)        remote: Counting objects:  57% (216/378)        remote: Counting objects:  58% (220/378)        remote: Counting objects:  59% (224/378)        remote: Counting objects:  60% (227/378)        remote: Counting objects:  61% (231/378)        remote: Counting objects:  62% (235/378)        remote: Counting objects:  63% (239/378)        remote: Counting objects:  64% (242/378)        remote: Counting objects:  65% (246/378)        remote: Counting objects:  66% (250/378)        remote: Counting objects:  67% (254/378)        remote: Counting objects:  68% (258/378)        remote: Counting objects:  69% (261/378)        remote: Counting objects:  70% (265/378)        remote: Counting objects:  71% (269/378)        remote: Counting objects:  72% (273/378)        remote: Counting objects:  73% (276/378)        remote: Counting objects:  74% (280/378)        remote: Counting objects:  75% (284/378)        remote: Counting objects:  76% (288/378)        remote: Counting objects:  77% (292/378)        remote: Counting objects:  78% (295/378)        remote: Counting objects:  79% (299/378)        remote: Counting objects:  80% (303/378)        remote: Counting objects:  81% (307/378)        remote: Counting objects:  82% (310/378)        remote: Counting objects:  83% (314/378)        remote: Counting objects:  84% (318/378)        remote: Counting objects:  85% (322/378)        remote: Counting objects:  86% (326/378)        remote: Counting objects:  87% (329/378)        remote: Counting objects:  88% (333/378)        remote: Counting objects:  89% (337/378)        remote: Counting objects:  90% (341/378)        remote: Counting objects:  91% (344/378)        remote: Counting objects:  92% (348/378)        remote: Counting objects:  93% (352/378)        remote: Counting objects:  94% (356/378)        remote: Counting objects:  95% (360/378)        remote: Counting objects:  96% (363/378)        remote: Counting objects:  97% (367/378)        remote: Counting objects:  98% (371/378)        remote: Counting objects:  99% (375/378)        remote: Counting objects: 100% (378/378)        remote: Counting objects: 100% (378/378), done.        
remote: Compressing objects:   0% (1/195)        remote: Compressing objects:   1% (2/195)        remote: Compressing objects:   2% (4/195)        remote: Compressing objects:   3% (6/195)        remote: Compressing objects:   4% (8/195)        remote: Compressing objects:   5% (10/195)        remote: Compressing objects:   6% (12/195)        remote: Compressing objects:   7% (14/195)        remote: Compressing objects:   8% (16/195)        remote: Compressing objects:   9% (18/195)        remote: Compressing objects:  10% (20/195)        remote: Compressing objects:  11% (22/195)        remote: Compressing objects:  12% (24/195)        remote: Compressing objects:  13% (26/195)        remote: Compressing objects:  14% (28/195)        remote: Compressing objects:  15% (30/195)        remote: Compressing objects:  16% (32/195)        remote: Compressing objects:  17% (34/195)        remote: Compressing objects:  18% (36/195)        remote: Compressing objects:  19% (38/195)        remote: Compressing objects:  20% (39/195)        remote: Compressing objects:  21% (41/195)        remote: Compressing objects:  22% (43/195)        remote: Compressing objects:  23% (45/195)        remote: Compressing objects:  24% (47/195)        remote: Compressing objects:  25% (49/195)        remote: Compressing objects:  26% (51/195)        remote: Compressing objects:  27% (53/195)        remote: Compressing objects:  28% (55/195)        remote: Compressing objects:  29% (57/195)        remote: Compressing objects:  30% (59/195)        remote: Compressing objects:  31% (61/195)        remote: Compressing objects:  32% (63/195)        remote: Compressing objects:  33% (65/195)        remote: Compressing objects:  34% (67/195)        remote: Compressing objects:  35% (69/195)        remote: Compressing objects:  36% (71/195)        remote: Compressing objects:  37% (73/195)        remote: Compressing objects:  38% (75/195)        remote: Compressing objects:  39% (77/195)        remote: Compressing objects:  40% (78/195)        remote: Compressing objects:  41% (80/195)        remote: Compressing objects:  42% (82/195)        remote: Compressing objects:  43% (84/195)        remote: Compressing objects:  44% (86/195)        remote: Compressing objects:  45% (88/195)        remote: Compressing objects:  46% (90/195)        remote: Compressing objects:  47% (92/195)        remote: Compressing objects:  48% (94/195)        remote: Compressing objects:  49% (96/195)        remote: Compressing objects:  50% (98/195)        remote: Compressing objects:  51% (100/195)        remote: Compressing objects:  52% (102/195)        remote: Compressing objects:  53% (104/195)        remote: Compressing objects:  54% (106/195)        remote: Compressing objects:  55% (108/195)        remote: Compressing objects:  56% (110/195)        remote: Compressing objects:  57% (112/195)        remote: Compressing objects:  58% (114/195)        remote: Compressing objects:  59% (116/195)        remote: Compressing objects:  60% (117/195)        remote: Compressing objects:  61% (119/195)        remote: Compressing objects:  62% (121/195)        remote: Compressing objects:  63% (123/195)        remote: Compressing objects:  64% (125/195)        remote: Compressing objects:  65% (127/195)        remote: Compressing objects:  66% (129/195)        remote: Compressing objects:  67% (131/195)        remote: Compressing objects:  68% (133/195)        remote: Compressing objects:  69% (135/195)        remote: Compressing objects:  70% (137/195)        remote: Compressing objects:  71% (139/195)        remote: Compressing objects:  72% (141/195)        remote: Compressing objects:  73% (143/195)        remote: Compressing objects:  74% (145/195)        remote: Compressing objects:  75% (147/195)        remote: Compressing objects:  76% (149/195)        remote: Compressing objects:  77% (151/195)        remote: Compressing objects:  78% (153/195)        remote: Compressing objects:  79% (155/195)        remote: Compressing objects:  80% (156/195)        remote: Compressing objects:  81% (158/195)        remote: Compressing objects:  82% (160/195)        remote: Compressing objects:  83% (162/195)        remote: Compressing objects:  84% (164/195)        remote: Compressing objects:  85% (166/195)        remote: Compressing objects:  86% (168/195)        remote: Compressing objects:  87% (170/195)        remote: Compressing objects:  88% (172/195)        remote: Compressing objects:  89% (174/195)        remote: Compressing objects:  90% (176/195)        remote: Compressing objects:  91% (178/195)        remote: Compressing objects:  92% (180/195)        remote: Compressing objects:  93% (182/195)        remote: Compressing objects:  94% (184/195)        remote: Compressing objects:  95% (186/195)        remote: Compressing objects:  96% (188/195)        remote: Compressing objects:  97% (190/195)        remote: Compressing objects:  98% (192/195)        remote: Compressing objects:  99% (194/195)        remote: Compressing objects: 100% (195/195)        remote: Compressing objects: 100% (195/195), done.        
Receiving objects:   0% (1/684)Receiving objects:   1% (7/684)Receiving objects:   2% (14/684)Receiving objects:   3% (21/684)Receiving objects:   4% (28/684)Receiving objects:   5% (35/684)Receiving objects:   6% (42/684)Receiving objects:   7% (48/684)Receiving objects:   8% (55/684)Receiving objects:   9% (62/684)Receiving objects:  10% (69/684)Receiving objects:  11% (76/684)Receiving objects:  12% (83/684)Receiving objects:  13% (89/684)Receiving objects:  14% (96/684)Receiving objects:  15% (103/684)Receiving objects:  16% (110/684)Receiving objects:  17% (117/684)Receiving objects:  18% (124/684)Receiving objects:  19% (130/684)Receiving objects:  20% (137/684)Receiving objects:  21% (144/684)Receiving objects:  22% (151/684)Receiving objects:  23% (158/684)Receiving objects:  24% (165/684)Receiving objects:  25% (171/684)Receiving objects:  26% (178/684)Receiving objects:  27% (185/684)Receiving objects:  28% (192/684)Receiving objects:  29% (199/684)Receiving objects:  30% (206/684)Receiving objects:  31% (213/684)Receiving objects:  32% (219/684)Receiving objects:  33% (226/684)Receiving objects:  34% (233/684)Receiving objects:  35% (240/684)Receiving objects:  36% (247/684)Receiving objects:  37% (254/684)Receiving objects:  38% (260/684)Receiving objects:  39% (267/684)Receiving objects:  40% (274/684)Receiving objects:  41% (281/684)Receiving objects:  42% (288/684)Receiving objects:  43% (295/684)Receiving objects:  44% (301/684)Receiving objects:  45% (308/684)Receiving objects:  46% (315/684)Receiving objects:  47% (322/684)Receiving objects:  48% (329/684)Receiving objects:  49% (336/684)Receiving objects:  50% (342/684)Receiving objects:  51% (349/684)Receiving objects:  52% (356/684)Receiving objects:  53% (363/684)Receiving objects:  54% (370/684)Receiving objects:  55% (377/684)Receiving objects:  56% (384/684)Receiving objects:  57% (390/684)Receiving objects:  58% (397/684)Receiving objects:  59% (404/684)Receiving objects:  60% (411/684)Receiving objects:  61% (418/684)Receiving objects:  62% (425/684)Receiving objects:  63% (431/684)Receiving objects:  64% (438/684)Receiving objects:  65% (445/684)Receiving objects:  66% (452/684)Receiving objects:  67% (459/684)Receiving objects:  68% (466/684)Receiving objects:  69% (472/684)Receiving objects:  70% (479/684)Receiving objects:  71% (486/684)Receiving objects:  72% (493/684)Receiving objects:  73% (500/684)Receiving objects:  74% (507/684)Receiving objects:  75% (513/684)Receiving objects:  76% (520/684)Receiving objects:  77% (527/684)Receiving objects:  78% (534/684)Receiving objects:  79% (541/684)Receiving objects:  80% (548/684)Receiving objects:  81% (555/684)Receiving objects:  82% (561/684)Receiving objects:  83% (568/684)remote: Total 684 (delta 262), reused 284 (delta 177), pack-reused 306        
Receiving objects:  84% (575/684)Receiving objects:  85% (582/684)Receiving objects:  86% (589/684)Receiving objects:  87% (596/684)Receiving objects:  88% (602/684)Receiving objects:  89% (609/684)Receiving objects:  90% (616/684)Receiving objects:  91% (623/684)Receiving objects:  92% (630/684)Receiving objects:  93% (637/684)Receiving objects:  94% (643/684)Receiving objects:  95% (650/684)Receiving objects:  96% (657/684)Receiving objects:  97% (664/684)Receiving objects:  98% (671/684)Receiving objects:  99% (678/684)Receiving objects: 100% (684/684)Receiving objects: 100% (684/684), 71.99 KiB | 1.18 MiB/s, done.
Resolving deltas:   0% (0/429)Resolving deltas:   1% (5/429)Resolving deltas:   2% (9/429)Resolving deltas:   3% (13/429)Resolving deltas:   4% (18/429)Resolving deltas:   5% (22/429)Resolving deltas:   6% (26/429)Resolving deltas:   7% (31/429)Resolving deltas:   8% (35/429)Resolving deltas:   9% (39/429)Resolving deltas:  10% (43/429)Resolving deltas:  11% (48/429)Resolving deltas:  12% (52/429)Resolving deltas:  13% (56/429)Resolving deltas:  14% (61/429)Resolving deltas:  15% (65/429)Resolving deltas:  16% (69/429)Resolving deltas:  17% (73/429)Resolving deltas:  18% (78/429)Resolving deltas:  19% (82/429)Resolving deltas:  20% (86/429)Resolving deltas:  21% (91/429)Resolving deltas:  22% (95/429)Resolving deltas:  23% (100/429)Resolving deltas:  24% (103/429)Resolving deltas:  25% (109/429)Resolving deltas:  26% (112/429)Resolving deltas:  27% (116/429)Resolving deltas:  28% (122/429)Resolving deltas:  29% (125/429)Resolving deltas:  30% (129/429)Resolving deltas:  31% (133/429)Resolving deltas:  32% (138/429)Resolving deltas:  33% (143/429)Resolving deltas:  34% (146/429)Resolving deltas:  35% (151/429)Resolving deltas:  36% (155/429)Resolving deltas:  37% (159/429)Resolving deltas:  38% (164/429)Resolving deltas:  39% (168/429)Resolving deltas:  40% (172/429)Resolving deltas:  41% (176/429)Resolving deltas:  42% (181/429)Resolving deltas:  43% (185/429)Resolving deltas:  44% (189/429)Resolving deltas:  45% (194/429)Resolving deltas:  46% (198/429)Resolving deltas:  47% (202/429)Resolving deltas:  48% (206/429)Resolving deltas:  49% (211/429)Resolving deltas:  50% (215/429)Resolving deltas:  51% (219/429)Resolving deltas:  52% (224/429)Resolving deltas:  53% (228/429)Resolving deltas:  54% (232/429)Resolving deltas:  55% (236/429)Resolving deltas:  56% (241/429)Resolving deltas:  57% (245/429)Resolving deltas:  58% (249/429)Resolving deltas:  59% (254/429)Resolving deltas:  60% (258/429)Resolving deltas:  61% (262/429)Resolving deltas:  62% (266/429)Resolving deltas:  63% (271/429)Resolving deltas:  64% (275/429)Resolving deltas:  65% (280/429)Resolving deltas:  66% (284/429)Resolving deltas:  67% (288/429)Resolving deltas:  68% (292/429)Resolving deltas:  69% (297/429)Resolving deltas:  70% (301/429)Resolving deltas:  71% (306/429)Resolving deltas:  72% (309/429)Resolving deltas:  73% (316/429)Resolving deltas:  74% (318/429)Resolving deltas:  75% (323/429)Resolving deltas:  76% (327/429)Resolving deltas:  77% (331/429)Resolving deltas:  78% (335/429)Resolving deltas:  79% (339/429)Resolving deltas:  80% (345/429)Resolving deltas:  81% (348/429)Resolving deltas:  82% (352/429)Resolving deltas:  83% (357/429)Resolving deltas:  84% (361/429)Resolving deltas:  85% (365/429)Resolving deltas:  86% (370/429)Resolving deltas:  87% (374/429)Resolving deltas:  88% (378/429)Resolving deltas:  89% (382/429)Resolving deltas:  90% (387/429)Resolving deltas:  91% (391/429)Resolving deltas:  92% (395/429)Resolving deltas:  93% (399/429)Resolving deltas:  94% (404/429)Resolving deltas:  95% (408/429)Resolving deltas:  96% (412/429)Resolving deltas:  97% (417/429)Resolving deltas:  98% (422/429)Resolving deltas:  99% (425/429)Resolving deltas: 100% (429/429)Resolving deltas: 100% (429/429), done.
2023-06-24 13:14:51.894 [info] > git rev-parse --show-toplevel [1ms]
2023-06-24 13:14:51.901 [info] > git rev-parse --git-dir --git-common-dir [1ms]
2023-06-24 13:14:51.908 [info] Open repository: /home/eho/projects/EliteMafiaBot-1
2023-06-24 13:14:51.929 [info] > git config --get commit.template [9ms]
2023-06-24 13:14:51.930 [info] > git for-each-ref --format=%(refname)%00%(upstream:short)%00%(objectname)%00%(upstream:track)%00%(upstream:remotename)%00%(upstream:remoteref) refs/heads/main refs/remotes/main [3ms]
2023-06-24 13:14:51.941 [info] > git status -z -uall [4ms]
2023-06-24 13:14:52.036 [info] > git rev-parse --show-toplevel [3ms]
2023-06-24 13:14:52.036 [info] fatal: not a git repository (or any of the parent directories): .git
2023-06-24 13:14:52.526 [info] > git check-ignore -v -z --stdin [1ms]
2023-06-24 13:14:59.719 [info] Log level: Info
2023-06-24 13:14:59.719 [info] Validating found git in: "git"
2023-06-24 13:14:59.719 [info] Using git "2.40.1" from "git"
2023-06-24 13:14:59.719 [info] > git rev-parse --show-toplevel [4ms]
2023-06-24 13:14:59.719 [info] > git rev-parse --git-dir --git-common-dir [2ms]
2023-06-24 13:14:59.719 [info] Open repository: /home/eho/projects/EliteMafiaBot-1
2023-06-24 13:14:59.719 [info] > git rev-parse --show-toplevel [7ms]
2023-06-24 13:14:59.719 [info] > git config --get commit.template [2ms]
2023-06-24 13:14:59.720 [info] > git for-each-ref --format=%(refname)%00%(upstream:short)%00%(objectname)%00%(upstream:track)%00%(upstream:remotename)%00%(upstream:remoteref) refs/heads/main refs/remotes/main [2ms]
2023-06-24 13:14:59.720 [info] > git status -z -uall [2ms]
2023-06-24 13:14:59.720 [info] > git config --get commit.template [23ms]
2023-06-24 13:14:59.723 [info] > git for-each-ref --format=%(refname)%00%(upstream:short)%00%(objectname)%00%(upstream:track)%00%(upstream:remotename)%00%(upstream:remoteref) refs/heads/main refs/remotes/main [4ms]
2023-06-24 13:14:59.733 [info] > git status -z -uall [3ms]
2023-06-24 13:15:00.202 [info] > git check-ignore -v -z --stdin [1ms]
2023-06-24 13:15:01.320 [info] > git check-ignore -v -z --stdin [0ms]
2023-06-24 13:15:02.962 [info] > git check-ignore -v -z --stdin [3ms]
2023-06-24 13:15:04.060 [info] > git show --textconv :src/database/__init__.py [19ms]
2023-06-24 13:15:04.061 [info] > git ls-files --stage -- /home/eho/projects/EliteMafiaBot-1/src/database/__init__.py [11ms]
2023-06-24 13:15:04.078 [info] > git cat-file -s e69de29bb2d1d6434b8b29ae775ad8c2e48c5391 [6ms]
2023-06-24 13:15:06.519 [info] > git show --textconv :src/database/main.py [16ms]
2023-06-24 13:15:06.522 [info] > git ls-files --stage -- /home/eho/projects/EliteMafiaBot-1/src/database/main.py [5ms]
2023-06-24 13:15:06.541 [info] > git cat-file -s e69de29bb2d1d6434b8b29ae775ad8c2e48c5391 [3ms]
2023-06-24 13:15:07.760 [info] > git show --textconv :src/database/__init__.py [17ms]
2023-06-24 13:15:07.763 [info] > git ls-files --stage -- /home/eho/projects/EliteMafiaBot-1/src/database/__init__.py [5ms]
2023-06-24 13:15:07.782 [info] > git cat-file -s e69de29bb2d1d6434b8b29ae775ad8c2e48c5391 [4ms]
2023-06-24 13:15:09.742 [info] > git check-ignore -v -z --stdin [3ms]
2023-06-24 13:15:10.268 [info] > git show --textconv :src/functions/__init__.py [18ms]
2023-06-24 13:15:10.273 [info] > git ls-files --stage -- /home/eho/projects/EliteMafiaBot-1/src/functions/__init__.py [7ms]
2023-06-24 13:15:10.286 [info] > git cat-file -s a8e11de6b8301a9eaf9a1890a2b82c0b80a43654 [2ms]
2023-06-24 13:15:11.574 [info] > git check-ignore -v -z --stdin [4ms]
2023-06-24 13:15:11.974 [info] > git show --textconv :src/functions/send_to_pm.py [6ms]
2023-06-24 13:15:11.974 [info] > git ls-files --stage -- /home/eho/projects/EliteMafiaBot-1/src/functions/send_to_pm.py [1ms]
2023-06-24 13:15:12.021 [info] > git cat-file -s 2345bd7cf00a941292ffcb84e3114fb95e4c69de [1ms]
2023-06-24 13:15:13.856 [info] > git check-ignore -v -z --stdin [3ms]
2023-06-24 13:15:14.536 [info] > git show --textconv :src/game_logic/role_implementations/__init__.py [20ms]
2023-06-24 13:15:14.538 [info] > git ls-files --stage -- /home/eho/projects/EliteMafiaBot-1/src/game_logic/role_implementations/__init__.py [3ms]
2023-06-24 13:15:14.547 [info] > git cat-file -s ee6bc8a7001e0bd3783816719aad41d3b8c3a36e [1ms]
2023-06-24 13:15:15.454 [info] > git show --textconv :src/game_logic/role_implementations/assign_roles.py [10ms]
2023-06-24 13:15:15.455 [info] > git ls-files --stage -- /home/eho/projects/EliteMafiaBot-1/src/game_logic/role_implementations/assign_roles.py [2ms]
2023-06-24 13:15:15.466 [info] > git cat-file -s fca6f0cdef194f4e574a5be6395a8dafae269694 [4ms]
2023-06-24 13:15:16.491 [info] > git show --textconv :src/game_logic/role_implementations/alfa.py [5ms]
2023-06-24 13:15:16.492 [info] > git ls-files --stage -- /home/eho/projects/EliteMafiaBot-1/src/game_logic/role_implementations/alfa.py [1ms]
2023-06-24 13:15:16.496 [info] > git cat-file -s bbb9ba10beeac2e7070f783a5bed7c154f607175 [1ms]
2023-06-24 13:15:50.407 [info] > git show --textconv :src/game_logic/__init__.py [15ms]
2023-06-24 13:15:50.410 [info] > git ls-files --stage -- /home/eho/projects/EliteMafiaBot-1/src/game_logic/__init__.py [3ms]
2023-06-24 13:15:50.426 [info] > git cat-file -s a443979e6092a2d61f07d09ef5374a29b47c246b [3ms]
2023-06-24 13:15:51.235 [info] > git show --textconv :src/game_logic/game_loop.py [7ms]
2023-06-24 13:15:51.236 [info] > git ls-files --stage -- /home/eho/projects/EliteMafiaBot-1/src/game_logic/game_loop.py [2ms]
2023-06-24 13:15:51.242 [info] > git cat-file -s 3819e364bf1e817c01ad38b118318f21f90b681f [1ms]
2023-06-24 13:15:52.498 [info] > git show --textconv :src/game_logic/sending_context.py [8ms]
2023-06-24 13:15:52.498 [info] > git ls-files --stage -- /home/eho/projects/EliteMafiaBot-1/src/game_logic/sending_context.py [3ms]
2023-06-24 13:15:52.506 [info] > git cat-file -s e95d254351a05a6dd7baad033bbb8ff91624c596 [2ms]
2023-06-24 13:15:53.190 [info] > git show --textconv :src/game_logic/waiting_context.py [10ms]
2023-06-24 13:15:53.191 [info] > git ls-files --stage -- /home/eho/projects/EliteMafiaBot-1/src/game_logic/waiting_context.py [2ms]
2023-06-24 13:15:53.197 [info] > git cat-file -s 661627ce613ff3b3f95581dd0238f7df78f2162d [1ms]
