2023-10-14 17:14:54.891 [info] Log level: Info
2023-10-14 17:14:54.891 [info] Validating found git in: "git"
2023-10-14 17:14:54.891 [info] Using git "2.42.0" from "git"
2023-10-14 17:14:54.891 [info] > git rev-parse --show-toplevel [18ms]
2023-10-14 17:14:54.891 [info] fatal: not a git repository (or any of the parent directories): .git
2023-10-14 17:14:54.898 [info] > git rev-parse --show-toplevel [10ms]
2023-10-14 17:14:54.898 [info] fatal: not a git repository (or any of the parent directories): .git
2023-10-14 17:14:54.911 [info] > git rev-parse --show-toplevel [4ms]
2023-10-14 17:14:54.911 [info] fatal: not a git repository (or any of the parent directories): .git
2023-10-14 17:14:54.944 [info] > git rev-parse --show-toplevel [23ms]
2023-10-14 17:14:54.945 [info] fatal: not a git repository (or any of the parent directories): .git
2023-10-14 17:14:54.958 [info] > git rev-parse --show-toplevel [2ms]
2023-10-14 17:14:54.958 [info] fatal: not a git repository (or any of the parent directories): .git
2023-10-14 17:14:55.395 [info] > git rev-parse --show-toplevel [426ms]
2023-10-14 17:14:55.395 [info] fatal: not a git repository (or any of the parent directories): .git
2023-10-14 17:14:55.466 [info] > git rev-parse --show-toplevel [25ms]
2023-10-14 17:14:55.466 [info] fatal: not a git repository (or any of the parent directories): .git
2023-10-14 17:14:55.473 [info] > git rev-parse --show-toplevel [1ms]
2023-10-14 17:14:55.473 [info] fatal: not a git repository (or any of the parent directories): .git
2023-10-14 17:14:55.479 [info] > git rev-parse --show-toplevel [1ms]
2023-10-14 17:14:55.479 [info] fatal: not a git repository (or any of the parent directories): .git
2023-10-14 17:14:55.487 [info] > git rev-parse --show-toplevel [1ms]
2023-10-14 17:14:55.487 [info] fatal: not a git repository (or any of the parent directories): .git
2023-10-14 17:14:55.494 [info] > git rev-parse --show-toplevel [1ms]
2023-10-14 17:14:55.494 [info] fatal: not a git repository (or any of the parent directories): .git
2023-10-14 17:14:55.503 [info] > git rev-parse --show-toplevel [1ms]
2023-10-14 17:14:55.503 [info] fatal: not a git repository (or any of the parent directories): .git
2023-10-14 17:15:17.264 [info] > git rev-parse --show-toplevel [6ms]
2023-10-14 17:15:17.264 [info] fatal: not a git repository (or any of the parent directories): .git
