2023-07-30 18:38:26.542 [info] Extension host with pid 16783 started
2023-07-30 18:38:26.542 [info] Skipping acquiring lock for /home/eho/.config/Code - OSS/User/workspaceStorage/8bc5819b6fe506d0f53a2e84e9079c63.
2023-07-30 18:38:26.793 [info] ExtensionService#_doActivateExtension vscode.emmet, startup: false, activationEvent: 'onLanguage'
2023-07-30 18:38:27.050 [info] ExtensionService#_doActivateExtension vscode.git-base, startup: true, activationEvent: '*', root cause: vscode.git
2023-07-30 18:38:27.052 [info] ExtensionService#_doActivateExtension formulahendry.auto-close-tag, startup: true, activationEvent: '*'
2023-07-30 18:38:27.054 [info] ExtensionService#_doActivateExtension formulahendry.auto-rename-tag, startup: true, activationEvent: '*'
2023-07-30 18:38:27.067 [info] ExtensionService#_doActivateExtension vscode.npm, startup: true, activationEvent: 'workspaceContains:package.json'
2023-07-30 18:38:27.077 [info] ExtensionService#_doActivateExtension DEVSENSE.composer-php-vscode, startup: true, activationEvent: 'workspaceContains:composer.json'
2023-07-30 18:38:27.188 [info] ExtensionService#_doActivateExtension vscode.git, startup: true, activationEvent: '*'
2023-07-30 18:38:27.210 [info] ExtensionService#_doActivateExtension vscode.github, startup: true, activationEvent: '*'
2023-07-30 18:38:27.310 [info] ExtensionService#_doActivateExtension DEVSENSE.phptools-vscode, startup: true, activationEvent: 'workspaceContains:**/*.php,phpunit.*'
2023-07-30 18:38:27.678 [info] Eager extensions activated
2023-07-30 18:38:27.751 [info] ExtensionService#_doActivateExtension vscode.debug-auto-launch, startup: false, activationEvent: 'onStartupFinished'
2023-07-30 18:38:27.754 [info] ExtensionService#_doActivateExtension vscode.merge-conflict, startup: false, activationEvent: 'onStartupFinished'
2023-07-30 18:38:27.763 [info] ExtensionService#_doActivateExtension EditorConfig.EditorConfig, startup: false, activationEvent: 'onStartupFinished'
2023-07-30 18:38:27.783 [info] ExtensionService#_doActivateExtension esbenp.prettier-vscode, startup: false, activationEvent: 'onStartupFinished'
2023-07-30 18:38:27.842 [info] ExtensionService#_doActivateExtension formulahendry.code-runner, startup: false, activationEvent: 'onStartupFinished'
2023-07-30 18:38:27.873 [info] ExtensionService#_doActivateExtension streetsidesoftware.code-spell-checker, startup: false, activationEvent: 'onStartupFinished'
2023-07-30 18:39:45.615 [info] ExtensionService#_doActivateExtension vscode.php-language-features, startup: false, activationEvent: 'onLanguage:php'
2023-07-30 18:39:45.623 [info] ExtensionService#_doActivateExtension codingyu.laravel-goto-view, startup: false, activationEvent: 'onLanguage:php'
2023-07-30 22:04:58.791 [info] ExtensionService#_doActivateExtension vscode.simple-browser, startup: false, activationEvent: 'onOpenExternalUri:http'
2023-07-30 22:07:10.833 [info] ExtensionService#_doActivateExtension vscode.html-language-features, startup: false, activationEvent: 'api', root cause: DEVSENSE.phptools-vscode
2023-07-30 22:07:15.861 [error] [DEVSENSE.phptools-vscode] provider FAILED
2023-07-30 22:07:15.861 [error] TypeError: Cannot read properties of null (reading 'tags')
    at G (/home/eho/.vscode-oss/extensions/devsense.phptools-vscode-1.36.13417-linux-x64/out/src/extension.js:91:46520)
    at q.resolveCompletionItem (/usr/lib/code/out/vs/workbench/api/node/extensionHostProcess.js:101:51887)
2023-07-30 22:07:16.725 [error] [DEVSENSE.phptools-vscode] provider FAILED
2023-07-30 22:07:16.725 [error] TypeError: Cannot read properties of null (reading 'tags')
    at G (/home/eho/.vscode-oss/extensions/devsense.phptools-vscode-1.36.13417-linux-x64/out/src/extension.js:91:46520)
    at q.resolveCompletionItem (/usr/lib/code/out/vs/workbench/api/node/extensionHostProcess.js:101:51887)
2023-07-30 22:07:17.150 [error] [DEVSENSE.phptools-vscode] provider FAILED
2023-07-30 22:07:17.151 [error] TypeError: Cannot read properties of null (reading 'tags')
    at G (/home/eho/.vscode-oss/extensions/devsense.phptools-vscode-1.36.13417-linux-x64/out/src/extension.js:91:46520)
    at q.resolveCompletionItem (/usr/lib/code/out/vs/workbench/api/node/extensionHostProcess.js:101:51887)
2023-07-30 22:07:17.589 [error] [DEVSENSE.phptools-vscode] provider FAILED
2023-07-30 22:07:17.590 [error] TypeError: Cannot read properties of null (reading 'tags')
    at G (/home/eho/.vscode-oss/extensions/devsense.phptools-vscode-1.36.13417-linux-x64/out/src/extension.js:91:46520)
    at q.resolveCompletionItem (/usr/lib/code/out/vs/workbench/api/node/extensionHostProcess.js:101:51887)
2023-07-30 22:07:17.910 [error] [DEVSENSE.phptools-vscode] provider FAILED
2023-07-30 22:07:17.910 [error] TypeError: Cannot read properties of null (reading 'tags')
    at G (/home/eho/.vscode-oss/extensions/devsense.phptools-vscode-1.36.13417-linux-x64/out/src/extension.js:91:46520)
    at q.resolveCompletionItem (/usr/lib/code/out/vs/workbench/api/node/extensionHostProcess.js:101:51887)
2023-07-30 22:07:17.941 [error] [DEVSENSE.phptools-vscode] provider FAILED
2023-07-30 22:07:17.942 [error] TypeError: Cannot read properties of null (reading 'tags')
    at G (/home/eho/.vscode-oss/extensions/devsense.phptools-vscode-1.36.13417-linux-x64/out/src/extension.js:91:46520)
    at q.resolveCompletionItem (/usr/lib/code/out/vs/workbench/api/node/extensionHostProcess.js:101:51887)
2023-07-30 22:07:18.974 [error] [DEVSENSE.phptools-vscode] provider FAILED
2023-07-30 22:07:18.974 [error] TypeError: Cannot read properties of null (reading 'tags')
    at G (/home/eho/.vscode-oss/extensions/devsense.phptools-vscode-1.36.13417-linux-x64/out/src/extension.js:91:46520)
    at runNextTicks (node:internal/process/task_queues:61:5)
    at processImmediate (node:internal/timers:437:9)
    at q.resolveCompletionItem (/usr/lib/code/out/vs/workbench/api/node/extensionHostProcess.js:101:51887)
2023-07-30 22:07:19.108 [error] [DEVSENSE.phptools-vscode] provider FAILED
2023-07-30 22:07:19.108 [error] TypeError: Cannot read properties of null (reading 'tags')
    at G (/home/eho/.vscode-oss/extensions/devsense.phptools-vscode-1.36.13417-linux-x64/out/src/extension.js:91:46520)
    at q.resolveCompletionItem (/usr/lib/code/out/vs/workbench/api/node/extensionHostProcess.js:101:51887)
2023-07-30 22:07:25.502 [error] [DEVSENSE.phptools-vscode] provider FAILED
2023-07-30 22:07:25.502 [error] TypeError: Cannot read properties of null (reading 'tags')
    at G (/home/eho/.vscode-oss/extensions/devsense.phptools-vscode-1.36.13417-linux-x64/out/src/extension.js:91:46520)
    at q.resolveCompletionItem (/usr/lib/code/out/vs/workbench/api/node/extensionHostProcess.js:101:51887)
2023-07-30 22:07:25.558 [error] [DEVSENSE.phptools-vscode] provider FAILED
2023-07-30 22:07:25.558 [error] TypeError: Cannot read properties of null (reading 'tags')
    at G (/home/eho/.vscode-oss/extensions/devsense.phptools-vscode-1.36.13417-linux-x64/out/src/extension.js:91:46520)
    at q.resolveCompletionItem (/usr/lib/code/out/vs/workbench/api/node/extensionHostProcess.js:101:51887)
2023-07-30 22:07:26.323 [error] [DEVSENSE.phptools-vscode] provider FAILED
2023-07-30 22:07:26.324 [error] TypeError: Cannot read properties of null (reading 'tags')
    at G (/home/eho/.vscode-oss/extensions/devsense.phptools-vscode-1.36.13417-linux-x64/out/src/extension.js:91:46520)
    at q.resolveCompletionItem (/usr/lib/code/out/vs/workbench/api/node/extensionHostProcess.js:101:51887)
2023-07-30 22:07:40.405 [error] [DEVSENSE.phptools-vscode] provider FAILED
2023-07-30 22:07:40.405 [error] TypeError: Cannot read properties of null (reading 'tags')
    at G (/home/eho/.vscode-oss/extensions/devsense.phptools-vscode-1.36.13417-linux-x64/out/src/extension.js:91:46520)
    at q.resolveCompletionItem (/usr/lib/code/out/vs/workbench/api/node/extensionHostProcess.js:101:51887)
2023-07-30 22:07:40.629 [error] [DEVSENSE.phptools-vscode] provider FAILED
2023-07-30 22:07:40.629 [error] TypeError: Cannot read properties of null (reading 'tags')
    at G (/home/eho/.vscode-oss/extensions/devsense.phptools-vscode-1.36.13417-linux-x64/out/src/extension.js:91:46520)
    at q.resolveCompletionItem (/usr/lib/code/out/vs/workbench/api/node/extensionHostProcess.js:101:51887)
2023-07-30 22:07:47.808 [error] [DEVSENSE.phptools-vscode] provider FAILED
2023-07-30 22:07:47.808 [error] TypeError: Cannot read properties of null (reading 'tags')
    at G (/home/eho/.vscode-oss/extensions/devsense.phptools-vscode-1.36.13417-linux-x64/out/src/extension.js:91:46520)
    at q.resolveCompletionItem (/usr/lib/code/out/vs/workbench/api/node/extensionHostProcess.js:101:51887)
2023-07-30 22:07:47.977 [error] [DEVSENSE.phptools-vscode] provider FAILED
2023-07-30 22:07:47.977 [error] TypeError: Cannot read properties of null (reading 'tags')
    at G (/home/eho/.vscode-oss/extensions/devsense.phptools-vscode-1.36.13417-linux-x64/out/src/extension.js:91:46520)
    at q.resolveCompletionItem (/usr/lib/code/out/vs/workbench/api/node/extensionHostProcess.js:101:51887)
2023-07-30 22:07:48.697 [error] [DEVSENSE.phptools-vscode] provider FAILED
2023-07-30 22:07:48.698 [error] TypeError: Cannot read properties of null (reading 'tags')
    at G (/home/eho/.vscode-oss/extensions/devsense.phptools-vscode-1.36.13417-linux-x64/out/src/extension.js:91:46520)
    at q.resolveCompletionItem (/usr/lib/code/out/vs/workbench/api/node/extensionHostProcess.js:101:51887)
2023-07-30 22:08:01.994 [error] [DEVSENSE.phptools-vscode] provider FAILED
2023-07-30 22:08:01.995 [error] TypeError: Cannot read properties of null (reading 'tags')
    at G (/home/eho/.vscode-oss/extensions/devsense.phptools-vscode-1.36.13417-linux-x64/out/src/extension.js:91:46520)
    at q.resolveCompletionItem (/usr/lib/code/out/vs/workbench/api/node/extensionHostProcess.js:101:51887)
2023-07-30 22:08:02.234 [error] [DEVSENSE.phptools-vscode] provider FAILED
2023-07-30 22:08:02.234 [error] TypeError: Cannot read properties of null (reading 'tags')
    at G (/home/eho/.vscode-oss/extensions/devsense.phptools-vscode-1.36.13417-linux-x64/out/src/extension.js:91:46520)
    at q.resolveCompletionItem (/usr/lib/code/out/vs/workbench/api/node/extensionHostProcess.js:101:51887)
2023-07-30 22:08:02.580 [error] [DEVSENSE.phptools-vscode] provider FAILED
2023-07-30 22:08:02.581 [error] TypeError: Cannot read properties of null (reading 'tags')
    at G (/home/eho/.vscode-oss/extensions/devsense.phptools-vscode-1.36.13417-linux-x64/out/src/extension.js:91:46520)
    at q.resolveCompletionItem (/usr/lib/code/out/vs/workbench/api/node/extensionHostProcess.js:101:51887)
2023-07-30 22:10:09.847 [error] [DEVSENSE.phptools-vscode] provider FAILED
2023-07-30 22:10:09.847 [error] TypeError: Cannot read properties of null (reading 'tags')
    at G (/home/eho/.vscode-oss/extensions/devsense.phptools-vscode-1.36.13417-linux-x64/out/src/extension.js:91:46520)
    at q.resolveCompletionItem (/usr/lib/code/out/vs/workbench/api/node/extensionHostProcess.js:101:51887)
2023-07-30 22:10:10.294 [error] [DEVSENSE.phptools-vscode] provider FAILED
2023-07-30 22:10:10.295 [error] TypeError: Cannot read properties of null (reading 'tags')
    at G (/home/eho/.vscode-oss/extensions/devsense.phptools-vscode-1.36.13417-linux-x64/out/src/extension.js:91:46520)
    at q.resolveCompletionItem (/usr/lib/code/out/vs/workbench/api/node/extensionHostProcess.js:101:51887)
2023-07-30 22:16:30.271 [error] [DEVSENSE.phptools-vscode] provider FAILED
2023-07-30 22:16:30.272 [error] TypeError: Cannot read properties of null (reading 'tags')
    at G (/home/eho/.vscode-oss/extensions/devsense.phptools-vscode-1.36.13417-linux-x64/out/src/extension.js:91:46520)
    at q.resolveCompletionItem (/usr/lib/code/out/vs/workbench/api/node/extensionHostProcess.js:101:51887)
2023-07-30 22:16:42.057 [error] [DEVSENSE.phptools-vscode] provider FAILED
2023-07-30 22:16:42.057 [error] TypeError: Cannot read properties of null (reading 'tags')
    at G (/home/eho/.vscode-oss/extensions/devsense.phptools-vscode-1.36.13417-linux-x64/out/src/extension.js:91:46520)
    at q.resolveCompletionItem (/usr/lib/code/out/vs/workbench/api/node/extensionHostProcess.js:101:51887)
2023-07-30 22:16:54.419 [error] [DEVSENSE.phptools-vscode] provider FAILED
2023-07-30 22:16:54.419 [error] TypeError: Cannot read properties of null (reading 'tags')
    at G (/home/eho/.vscode-oss/extensions/devsense.phptools-vscode-1.36.13417-linux-x64/out/src/extension.js:91:46520)
    at q.resolveCompletionItem (/usr/lib/code/out/vs/workbench/api/node/extensionHostProcess.js:101:51887)
2023-07-30 22:16:55.327 [error] [DEVSENSE.phptools-vscode] provider FAILED
2023-07-30 22:16:55.327 [error] TypeError: Cannot read properties of null (reading 'tags')
    at G (/home/eho/.vscode-oss/extensions/devsense.phptools-vscode-1.36.13417-linux-x64/out/src/extension.js:91:46520)
    at q.resolveCompletionItem (/usr/lib/code/out/vs/workbench/api/node/extensionHostProcess.js:101:51887)
2023-07-30 22:18:02.411 [error] [DEVSENSE.phptools-vscode] provider FAILED
2023-07-30 22:18:02.412 [error] TypeError: Cannot read properties of null (reading 'tags')
    at G (/home/eho/.vscode-oss/extensions/devsense.phptools-vscode-1.36.13417-linux-x64/out/src/extension.js:91:46520)
    at q.resolveCompletionItem (/usr/lib/code/out/vs/workbench/api/node/extensionHostProcess.js:101:51887)
2023-07-30 22:18:02.521 [error] [DEVSENSE.phptools-vscode] provider FAILED
2023-07-30 22:18:02.521 [error] TypeError: Cannot read properties of null (reading 'tags')
    at G (/home/eho/.vscode-oss/extensions/devsense.phptools-vscode-1.36.13417-linux-x64/out/src/extension.js:91:46520)
    at q.resolveCompletionItem (/usr/lib/code/out/vs/workbench/api/node/extensionHostProcess.js:101:51887)
2023-07-30 22:18:07.223 [error] [DEVSENSE.phptools-vscode] provider FAILED
2023-07-30 22:18:07.224 [error] TypeError: Cannot read properties of null (reading 'tags')
    at G (/home/eho/.vscode-oss/extensions/devsense.phptools-vscode-1.36.13417-linux-x64/out/src/extension.js:91:46520)
    at q.resolveCompletionItem (/usr/lib/code/out/vs/workbench/api/node/extensionHostProcess.js:101:51887)
2023-07-30 22:18:14.559 [error] [DEVSENSE.phptools-vscode] provider FAILED
2023-07-30 22:18:14.559 [error] TypeError: Cannot read properties of null (reading 'tags')
    at G (/home/eho/.vscode-oss/extensions/devsense.phptools-vscode-1.36.13417-linux-x64/out/src/extension.js:91:46520)
    at q.resolveCompletionItem (/usr/lib/code/out/vs/workbench/api/node/extensionHostProcess.js:101:51887)
2023-07-30 22:18:15.039 [error] [DEVSENSE.phptools-vscode] provider FAILED
2023-07-30 22:18:15.039 [error] TypeError: Cannot read properties of null (reading 'tags')
    at G (/home/eho/.vscode-oss/extensions/devsense.phptools-vscode-1.36.13417-linux-x64/out/src/extension.js:91:46520)
    at q.resolveCompletionItem (/usr/lib/code/out/vs/workbench/api/node/extensionHostProcess.js:101:51887)
2023-07-30 22:18:15.493 [error] [DEVSENSE.phptools-vscode] provider FAILED
2023-07-30 22:18:15.493 [error] TypeError: Cannot read properties of null (reading 'tags')
    at G (/home/eho/.vscode-oss/extensions/devsense.phptools-vscode-1.36.13417-linux-x64/out/src/extension.js:91:46520)
    at q.resolveCompletionItem (/usr/lib/code/out/vs/workbench/api/node/extensionHostProcess.js:101:51887)
2023-07-30 22:19:23.278 [error] [DEVSENSE.phptools-vscode] provider FAILED
2023-07-30 22:19:23.278 [error] TypeError: Cannot read properties of null (reading 'tags')
    at G (/home/eho/.vscode-oss/extensions/devsense.phptools-vscode-1.36.13417-linux-x64/out/src/extension.js:91:46520)
    at q.resolveCompletionItem (/usr/lib/code/out/vs/workbench/api/node/extensionHostProcess.js:101:51887)
2023-07-30 22:19:23.502 [error] [DEVSENSE.phptools-vscode] provider FAILED
2023-07-30 22:19:23.502 [error] TypeError: Cannot read properties of null (reading 'tags')
    at G (/home/eho/.vscode-oss/extensions/devsense.phptools-vscode-1.36.13417-linux-x64/out/src/extension.js:91:46520)
    at q.resolveCompletionItem (/usr/lib/code/out/vs/workbench/api/node/extensionHostProcess.js:101:51887)
2023-07-30 22:19:31.465 [error] [DEVSENSE.phptools-vscode] provider FAILED
2023-07-30 22:19:31.465 [error] TypeError: Cannot read properties of null (reading 'tags')
    at G (/home/eho/.vscode-oss/extensions/devsense.phptools-vscode-1.36.13417-linux-x64/out/src/extension.js:91:46520)
    at q.resolveCompletionItem (/usr/lib/code/out/vs/workbench/api/node/extensionHostProcess.js:101:51887)
2023-07-30 22:19:31.588 [error] [DEVSENSE.phptools-vscode] provider FAILED
2023-07-30 22:19:31.589 [error] TypeError: Cannot read properties of null (reading 'tags')
    at G (/home/eho/.vscode-oss/extensions/devsense.phptools-vscode-1.36.13417-linux-x64/out/src/extension.js:91:46520)
    at q.resolveCompletionItem (/usr/lib/code/out/vs/workbench/api/node/extensionHostProcess.js:101:51887)
2023-07-30 22:30:36.123 [error] [DEVSENSE.phptools-vscode] provider FAILED
2023-07-30 22:30:36.123 [error] TypeError: Cannot read properties of null (reading 'tags')
    at G (/home/eho/.vscode-oss/extensions/devsense.phptools-vscode-1.36.13417-linux-x64/out/src/extension.js:91:46520)
    at q.resolveCompletionItem (/usr/lib/code/out/vs/workbench/api/node/extensionHostProcess.js:101:51887)
2023-07-30 23:27:46.975 [info] Extension host terminating: renderer closed the MessagePort
2023-07-30 23:27:52.012 [info] Extension host with pid 16783 exiting with code 0
