2023-06-24 13:29:34.494 [info] Added views:workbench.panel.markers.view in workbench.panel.markers
2023-06-24 13:29:34.494 [info] Added views:workbench.panel.output in workbench.panel.output
2023-06-24 13:29:34.494 [info] Added views:terminal in terminal
2023-06-24 13:29:34.494 [info] Added views:outline in workbench.view.explorer
2023-06-24 13:29:34.494 [info] Added views:workbench.scm in workbench.view.scm
2023-06-24 13:29:34.494 [info] Added views:workbench.view.search in workbench.view.search
2023-06-24 13:29:34.494 [info] Added views:timeline in workbench.view.explorer
2023-06-24 13:29:34.494 [info] Added views:workbench.explorer.fileView in workbench.view.explorer
2023-06-24 13:29:34.731 [info] Added views:workbench.debug.welcome in workbench.view.debug
2023-06-24 13:29:35.401 [info] Added views:workbench.panel.repl.view in workbench.panel.repl
2023-06-24 13:29:36.020 [info] Added views:workbench.view.testing in workbench.view.extension.test
2023-06-24 13:31:32.484 [info] Removed views:workbench.view.testing from workbench.view.extension.test
2023-06-24 13:31:33.590 [info] Added views:workbench.panel.markers.view in workbench.panel.markers
2023-06-24 13:31:33.590 [info] Added views:workbench.panel.output in workbench.panel.output
2023-06-24 13:31:33.590 [info] Added views:terminal in terminal
2023-06-24 13:31:33.590 [info] Added views:outline in workbench.view.explorer
2023-06-24 13:31:33.590 [info] Added views:workbench.scm in workbench.view.scm
2023-06-24 13:31:33.590 [info] Added views:workbench.view.search in workbench.view.search
2023-06-24 13:31:33.590 [info] Added views:timeline in workbench.view.explorer
2023-06-24 13:31:33.590 [info] Added views:workbench.explorer.fileView in workbench.view.explorer
2023-06-24 13:31:34.021 [info] Added views:workbench.debug.variablesView,workbench.debug.watchExpressionsView,workbench.debug.callStackView,workbench.debug.breakPointsView in workbench.view.debug
2023-06-24 13:31:34.301 [info] Added views:workbench.panel.repl.view in workbench.panel.repl
2023-06-24 13:31:34.305 [info] Removed views:workbench.debug.breakPointsView,workbench.debug.callStackView,workbench.debug.watchExpressionsView,workbench.debug.variablesView from workbench.view.debug
2023-06-24 13:31:34.305 [info] Added views:workbench.debug.welcome in workbench.view.debug
