[2022-08-26T14:27:47.784Z] Log level: Info
[2022-08-26T14:27:47.790Z] [info] Validating found git in: git
[2022-08-26T14:27:47.805Z] [info] Using git  from git
[2022-08-26T14:27:47.835Z] > git rev-parse --show-toplevel [17ms]
[2022-08-26T14:27:47.835Z] fatal: detected dubious ownership in repository at '/srv/http'
To add an exception for this directory, call:

	git config --global --add safe.directory /srv/http
[2022-08-26T14:27:47.861Z] > git rev-parse --show-toplevel [7ms]
[2022-08-26T14:27:47.881Z] > git rev-parse --git-dir --git-common-dir [7ms]
[2022-08-26T14:27:47.890Z] [info] Open repository: /srv/http/vacancies_list
[2022-08-26T14:27:47.920Z] > git status -z -uall [16ms]
[2022-08-26T14:27:47.934Z] > git symbolic-ref --short HEAD [3ms]
[2022-08-26T14:27:47.953Z] > git for-each-ref --format=%(refname)%00%(upstream:short)%00%(objectname)%00%(upstream:track)%00%(upstream:remotename)%00%(upstream:remoteref) refs/heads/master refs/remotes/master [9ms]
[2022-08-26T14:27:47.972Z] > git remote --verbose [2ms]
[2022-08-26T14:27:47.973Z] > git for-each-ref --sort -committerdate --format %(refname) %(objectname) %(*objectname) [10ms]
[2022-08-26T14:27:47.993Z] > git config --get commit.template [12ms]
[2022-08-26T14:27:48.019Z] > git status -z -uall [2ms]
[2022-08-26T14:27:48.027Z] > git symbolic-ref --short HEAD [2ms]
[2022-08-26T14:27:48.034Z] > git for-each-ref --format=%(refname)%00%(upstream:short)%00%(objectname)%00%(upstream:track)%00%(upstream:remotename)%00%(upstream:remoteref) refs/heads/master refs/remotes/master [1ms]
[2022-08-26T14:27:48.049Z] > git for-each-ref --sort -committerdate --format %(refname) %(objectname) %(*objectname) [10ms]
[2022-08-26T14:27:48.050Z] > git remote --verbose [7ms]
[2022-08-26T14:27:48.056Z] > git config --get commit.template [1ms]
[2022-08-26T14:27:48.166Z] > git config --local branch.master.github-pr-owner-number [2ms]
[2022-08-26T14:27:48.249Z] > git rev-parse --show-toplevel [11ms]
[2022-08-26T14:27:48.249Z] fatal: detected dubious ownership in repository at '/srv/http'
To add an exception for this directory, call:

	git config --global --add safe.directory /srv/http
[2022-08-26T14:27:48.326Z] > git show --textconv :scripts/functions.php [36ms]
[2022-08-26T14:27:48.326Z] > git ls-files --stage -- /srv/http/vacancies_list/scripts/functions.php [29ms]
[2022-08-26T14:27:48.341Z] > git cat-file -s 074e95fc27887d70e95d70b5f63da00ff308dfa1 [9ms]
[2022-08-26T14:27:48.457Z] > git check-ignore -v -z --stdin [1ms]
[2022-08-26T14:27:54.937Z] > git show --textconv :scripts/connect.php [14ms]
[2022-08-26T14:27:54.939Z] > git ls-files --stage -- /srv/http/vacancies_list/scripts/connect.php [5ms]
[2022-08-26T14:27:54.953Z] > git cat-file -s b8eed6c7664ecfc3c78f16f4274f97e506e7e1a7 [3ms]
[2022-08-26T14:28:00.448Z] > git show --textconv :scripts/functions.php [8ms]
[2022-08-26T14:28:00.449Z] > git ls-files --stage -- /srv/http/vacancies_list/scripts/functions.php [2ms]
[2022-08-26T14:28:00.459Z] > git cat-file -s 074e95fc27887d70e95d70b5f63da00ff308dfa1 [2ms]
[2022-08-26T14:28:29.252Z] > git rev-parse --show-toplevel [3ms]
[2022-08-26T14:28:29.252Z] fatal: detected dubious ownership in repository at '/srv/http'
To add an exception for this directory, call:

	git config --global --add safe.directory /srv/http
