[2022-10-01 19:48:46.996] [exthost] [info] Extension host with pid 888 started
[2022-10-01 19:48:46.996] [exthost] [info] Skipping acquiring lock for /home/eho/.config/Code/User/workspaceStorage/89f0e11072ab31905bffecc18d089df7.
[2022-10-01 19:48:47.084] [exthost] [info] ExtensionService#_doActivateExtension vscode.php-language-features, startup: false, activationEvent: 'onLanguage:php'
[2022-10-01 19:48:47.092] [exthost] [info] ExtensionService#_doActivateExtension bmewburn.vscode-intelephense-client, startup: false, activationEvent: 'onLanguage:php'
[2022-10-01 19:48:47.110] [exthost] [info] ExtensionService#_doActivateExtension rifi2k.format-html-in-php, startup: false, activationEvent: 'onLanguage:php'
[2022-10-01 19:48:47.154] [exthost] [info] ExtensionService#_doActivateExtension zobo.php-intellisense, startup: false, activationEvent: 'onLanguage:php'
[2022-10-01 19:48:47.303] [exthost] [info] ExtensionService#_doActivateExtension vscode.microsoft-authentication, startup: false, activationEvent: 'onAuthenticationRequest:microsoft'
[2022-10-01 19:48:47.322] [exthost] [info] ExtensionService#_doActivateExtension vscode.debug-auto-launch, startup: true, activationEvent: '*'
[2022-10-01 19:48:47.325] [exthost] [info] ExtensionService#_doActivateExtension vscode.git-base, startup: true, activationEvent: '*', root cause: vscode.git
[2022-10-01 19:48:47.328] [exthost] [info] ExtensionService#_doActivateExtension vscode.ipynb, startup: true, activationEvent: '*'
[2022-10-01 19:48:47.331] [exthost] [info] ExtensionService#_doActivateExtension ecmel.vscode-html-css, startup: true, activationEvent: '*'
[2022-10-01 19:48:47.354] [exthost] [info] ExtensionService#_doActivateExtension vscode.github-authentication, startup: true, activationEvent: '*', root cause: GitHub.vscode-pull-request-github
[2022-10-01 19:48:47.374] [exthost] [info] ExtensionService#_doActivateExtension vscode.npm, startup: true, activationEvent: 'workspaceContains:package.json'
[2022-10-01 19:48:47.510] [exthost] [info] ExtensionService#_doActivateExtension vscode.git, startup: true, activationEvent: '*'
[2022-10-01 19:48:47.533] [exthost] [info] ExtensionService#_doActivateExtension vscode.github, startup: true, activationEvent: '*'
[2022-10-01 19:48:47.538] [exthost] [info] ExtensionService#_doActivateExtension GitHub.vscode-pull-request-github, startup: true, activationEvent: '*'
[2022-10-01 19:48:47.887] [exthost] [info] Eager extensions activated
[2022-10-01 19:48:47.892] [exthost] [info] ExtensionService#_doActivateExtension vscode.emmet, startup: false, activationEvent: 'onStartupFinished'
[2022-10-01 19:48:47.898] [exthost] [info] ExtensionService#_doActivateExtension vscode.merge-conflict, startup: false, activationEvent: 'onStartupFinished'
[2022-10-01 19:49:01.527] [exthost] [info] Extension host terminating: received terminate message from renderer
[2022-10-01 19:49:01.538] [exthost] [error] An error occurred when deactivating the subscriptions for extension 'bmewburn.vscode-intelephense-client':
[2022-10-01 19:49:01.539] [exthost] [error] TypeError: Cannot read private member from an object whose class did not declare it
	at Me (/opt/visual-studio-code/resources/app/out/vs/workbench/api/node/extensionHostProcess.js:97:7020)
	at Object.dispose (/opt/visual-studio-code/resources/app/out/vs/workbench/api/node/extensionHostProcess.js:78:87155)
	at b (/opt/visual-studio-code/resources/app/out/vs/workbench/api/node/extensionHostProcess.js:10:12336)
	at w._deactivate (/opt/visual-studio-code/resources/app/out/vs/workbench/api/node/extensionHostProcess.js:97:13312)
	at /opt/visual-studio-code/resources/app/out/vs/workbench/api/node/extensionHostProcess.js:97:10645
	at Array.map (<anonymous>)
	at w._deactivateAll (/opt/visual-studio-code/resources/app/out/vs/workbench/api/node/extensionHostProcess.js:97:10632)
	at w.terminate (/opt/visual-studio-code/resources/app/out/vs/workbench/api/node/extensionHostProcess.js:97:11014)
	at w.terminate (/opt/visual-studio-code/resources/app/out/vs/workbench/api/node/extensionHostProcess.js:101:620)
	at m (/opt/visual-studio-code/resources/app/out/vs/workbench/api/node/extensionHostProcess.js:111:36671)
	at /opt/visual-studio-code/resources/app/out/vs/workbench/api/node/extensionHostProcess.js:111:34616
	at w.invoke (/opt/visual-studio-code/resources/app/out/vs/workbench/api/node/extensionHostProcess.js:61:145)
	at v.deliver (/opt/visual-studio-code/resources/app/out/vs/workbench/api/node/extensionHostProcess.js:61:2266)
	at p.fire (/opt/visual-studio-code/resources/app/out/vs/workbench/api/node/extensionHostProcess.js:61:1844)
	at a.fire (/opt/visual-studio-code/resources/app/out/vs/workbench/api/node/extensionHostProcess.js:69:18976)
	at r._receiveMessage (/opt/visual-studio-code/resources/app/out/vs/workbench/api/node/extensionHostProcess.js:69:23563)
	at /opt/visual-studio-code/resources/app/out/vs/workbench/api/node/extensionHostProcess.js:69:21097
	at w.invoke (/opt/visual-studio-code/resources/app/out/vs/workbench/api/node/extensionHostProcess.js:61:145)
	at v.deliver (/opt/visual-studio-code/resources/app/out/vs/workbench/api/node/extensionHostProcess.js:61:2266)
	at p.fire (/opt/visual-studio-code/resources/app/out/vs/workbench/api/node/extensionHostProcess.js:61:1844)
	at p.acceptChunk (/opt/visual-studio-code/resources/app/out/vs/workbench/api/node/extensionHostProcess.js:69:15807)
	at /opt/visual-studio-code/resources/app/out/vs/workbench/api/node/extensionHostProcess.js:69:14937
	at Socket.R (/opt/visual-studio-code/resources/app/out/vs/workbench/api/node/extensionHostProcess.js:111:13763)
	at Socket.emit (node:events:390:28)
	at addChunk (node:internal/streams/readable:315:12)
	at readableAddChunk (node:internal/streams/readable:289:9)
	at Socket.Readable.push (node:internal/streams/readable:228:10)
	at Pipe.onStreamRead (node:internal/stream_base_commons:199:23)
[2022-10-01 19:49:01.552] [exthost] [error] ProxyResolver#resolveProxy DIRECT Canceled: Canceled
	at new y (/opt/visual-studio-code/resources/app/out/vs/workbench/api/node/extensionHostProcess.js:85:41560)
	at s._remoteCall (/opt/visual-studio-code/resources/app/out/vs/workbench/api/node/extensionHostProcess.js:95:13765)
	at Proxy.k.<computed>.U.charCodeAt.k.<computed> (/opt/visual-studio-code/resources/app/out/vs/workbench/api/node/extensionHostProcess.js:95:10308)
	at E.resolveProxy (/opt/visual-studio-code/resources/app/out/vs/workbench/api/node/extensionHostProcess.js:96:21063)
	at Object.resolveProxy (/opt/visual-studio-code/resources/app/out/vs/workbench/api/node/extensionHostProcess.js:106:59651)
	at useProxySettings (/opt/visual-studio-code/resources/app/node_modules.asar/vscode-proxy-agent/out/index.js:159:16)
	at /opt/visual-studio-code/resources/app/node_modules.asar/vscode-proxy-agent/out/index.js:107:13
	at /opt/visual-studio-code/resources/app/node_modules.asar/vscode-proxy-agent/out/index.js:336:13
	at processTicksAndRejections (node:internal/process/task_queues:96:5) 
[2022-10-01 19:49:01.564] [exthost] [info] Extension host with pid 888 exiting with code 0
