Visual Studio Code (1.69.2, undefined, desktop)
Jupyter Extension Version: 2022.6.1201981810.
Python Extension Version: 2022.10.1.
No workspace folder opened.
info 20:58:13.93: ZMQ install verified.
info 20:58:13.589: LSP Notebooks experiment is enabled
info 20:58:13.597: Process Execution: > jupyter notebook --version
> jupyter notebook --version
info 20:58:13.600: Process Execution: > jupyter lab --version
> jupyter lab --version
info 20:58:14.190: Experiment status for python is {"enabled":true,"optInto":[],"optOutFrom":[]}
info 20:58:14.378: Process Execution: > /bin/python -m pip list
> /bin/python -m pip list
info 20:58:14.409: Process Execution: > /bin/python -c "import pip"
> /bin/python -c "import pip"
info 20:58:18.706: Process Execution: > jupyter notebook --version
> jupyter notebook --version
info 20:58:18.711: Process Execution: > jupyter lab --version
> jupyter lab --version
info 21:5:14.781: Shutting down notebooks for c3b1653d-aeb4-4161-9ddd-7cbef01d7aaa
info 21:5:14.781: Disposing HostJupyterExecution cbfdb4c1-dd39-4691-a588-73a7e5c3cd1d
info 21:5:14.781: Disposing super HostJupyterExecution cbfdb4c1-dd39-4691-a588-73a7e5c3cd1d
info 21:5:14.781: Disposing HostJupyterExecution cbfdb4c1-dd39-4691-a588-73a7e5c3cd1d
info 21:5:14.781: Finished disposing HostJupyterExecution  cbfdb4c1-dd39-4691-a588-73a7e5c3cd1d
info 21:5:14.784: Cleaning up server cache cbfdb4c1-dd39-4691-a588-73a7e5c3cd1d
info 21:5:14.785: Finished disposing HostJupyterExecution  cbfdb4c1-dd39-4691-a588-73a7e5c3cd1d
