2023-07-30 17:14:45.372 [info] Extension host with pid 8164 started
2023-07-30 17:14:45.372 [info] Skipping acquiring lock for /home/eho/.config/Code - OSS/User/workspaceStorage/8bc5819b6fe506d0f53a2e84e9079c63.
2023-07-30 17:14:45.485 [info] ExtensionService#_doActivateExtension vscode.emmet, startup: false, activationEvent: 'onLanguage'
2023-07-30 17:14:45.494 [info] ExtensionService#_doActivateExtension vscode.php-language-features, startup: false, activationEvent: 'onLanguage:php'
2023-07-30 17:14:45.499 [info] ExtensionService#_doActivateExtension codingyu.laravel-goto-view, startup: false, activationEvent: 'onLanguage:php'
2023-07-30 17:14:45.561 [info] ExtensionService#_doActivateExtension vscode.git-base, startup: true, activationEvent: '*', root cause: vscode.git
2023-07-30 17:14:45.563 [info] ExtensionService#_doActivateExtension vscode.npm, startup: true, activationEvent: 'workspaceContains:package.json'
2023-07-30 17:14:45.581 [info] ExtensionService#_doActivateExtension vscode.git, startup: true, activationEvent: '*'
2023-07-30 17:14:45.609 [info] ExtensionService#_doActivateExtension vscode.github, startup: true, activationEvent: '*'
2023-07-30 17:14:45.810 [info] Eager extensions activated
2023-07-30 17:14:45.895 [info] ExtensionService#_doActivateExtension vscode.debug-auto-launch, startup: false, activationEvent: 'onStartupFinished'
2023-07-30 17:14:45.896 [info] ExtensionService#_doActivateExtension vscode.merge-conflict, startup: false, activationEvent: 'onStartupFinished'
2023-07-30 17:20:06.378 [info] ExtensionService#_doActivateExtension vscode.json-language-features, startup: false, activationEvent: 'onLanguage:jsonc'
2023-07-30 17:20:06.411 [info] ExtensionService#_doActivateExtension vscode.typescript-language-features, startup: false, activationEvent: 'onLanguage:jsonc'
2023-07-30 17:20:42.621 [info] ExtensionService#_doActivateExtension DEVSENSE.phptools-vscode, startup: false, activationEvent: 'onLanguage:php'
2023-07-30 17:20:42.808 [info] ExtensionService#_doActivateExtension DEVSENSE.composer-php-vscode, startup: false, activationEvent: 'workspaceContains:composer.json'
2023-07-30 17:20:57.998 [info] ExtensionService#_doActivateExtension formulahendry.auto-close-tag, startup: false, activationEvent: '*'
2023-07-30 17:21:26.531 [info] ExtensionService#_doActivateExtension formulahendry.auto-rename-tag, startup: false, activationEvent: '*'
2023-07-30 17:21:55.364 [info] ExtensionService#_doActivateExtension streetsidesoftware.code-spell-checker, startup: false, activationEvent: 'onStartupFinished'
2023-07-30 17:22:35.207 [info] ExtensionService#_doActivateExtension esbenp.prettier-vscode, startup: false, activationEvent: 'onStartupFinished'
2023-07-30 17:24:25.336 [info] ExtensionService#_doActivateExtension EditorConfig.EditorConfig, startup: false, activationEvent: 'onStartupFinished'
2023-07-30 17:24:56.652 [info] ExtensionService#_doActivateExtension formulahendry.code-runner, startup: false, activationEvent: 'onStartupFinished'
2023-07-30 17:29:50.880 [info] ExtensionService#_doActivateExtension vscode.html-language-features, startup: false, activationEvent: 'api', root cause: DEVSENSE.phptools-vscode
2023-07-30 17:29:56.211 [error] [DEVSENSE.phptools-vscode] provider FAILED
2023-07-30 17:29:56.224 [error] TypeError: Cannot read properties of null (reading 'tags')
    at G (/home/eho/.vscode-oss/extensions/devsense.phptools-vscode-1.36.13417-linux-x64/out/src/extension.js:91:46520)
    at q.resolveCompletionItem (/usr/lib/code/out/vs/workbench/api/node/extensionHostProcess.js:101:51887)
2023-07-30 17:29:56.332 [error] [DEVSENSE.phptools-vscode] provider FAILED
2023-07-30 17:29:56.332 [error] TypeError: Cannot read properties of null (reading 'tags')
    at G (/home/eho/.vscode-oss/extensions/devsense.phptools-vscode-1.36.13417-linux-x64/out/src/extension.js:91:46520)
    at q.resolveCompletionItem (/usr/lib/code/out/vs/workbench/api/node/extensionHostProcess.js:101:51887)
2023-07-30 17:30:01.926 [error] [DEVSENSE.phptools-vscode] provider FAILED
2023-07-30 17:30:01.926 [error] TypeError: Cannot read properties of null (reading 'tags')
    at G (/home/eho/.vscode-oss/extensions/devsense.phptools-vscode-1.36.13417-linux-x64/out/src/extension.js:91:46520)
    at q.resolveCompletionItem (/usr/lib/code/out/vs/workbench/api/node/extensionHostProcess.js:101:51887)
2023-07-30 17:30:10.470 [error] [DEVSENSE.phptools-vscode] provider FAILED
2023-07-30 17:30:10.471 [error] TypeError: Cannot read properties of null (reading 'tags')
    at G (/home/eho/.vscode-oss/extensions/devsense.phptools-vscode-1.36.13417-linux-x64/out/src/extension.js:91:46520)
    at q.resolveCompletionItem (/usr/lib/code/out/vs/workbench/api/node/extensionHostProcess.js:101:51887)
2023-07-30 17:30:11.084 [error] [DEVSENSE.phptools-vscode] provider FAILED
2023-07-30 17:30:11.085 [error] TypeError: Cannot read properties of null (reading 'tags')
    at G (/home/eho/.vscode-oss/extensions/devsense.phptools-vscode-1.36.13417-linux-x64/out/src/extension.js:91:46520)
    at q.resolveCompletionItem (/usr/lib/code/out/vs/workbench/api/node/extensionHostProcess.js:101:51887)
2023-07-30 17:30:11.122 [error] [DEVSENSE.phptools-vscode] provider FAILED
2023-07-30 17:30:11.122 [error] TypeError: Cannot read properties of null (reading 'tags')
    at G (/home/eho/.vscode-oss/extensions/devsense.phptools-vscode-1.36.13417-linux-x64/out/src/extension.js:91:46520)
    at q.resolveCompletionItem (/usr/lib/code/out/vs/workbench/api/node/extensionHostProcess.js:101:51887)
2023-07-30 17:30:11.163 [error] [DEVSENSE.phptools-vscode] provider FAILED
2023-07-30 17:30:11.163 [error] TypeError: Cannot read properties of null (reading 'tags')
    at G (/home/eho/.vscode-oss/extensions/devsense.phptools-vscode-1.36.13417-linux-x64/out/src/extension.js:91:46520)
    at q.resolveCompletionItem (/usr/lib/code/out/vs/workbench/api/node/extensionHostProcess.js:101:51887)
2023-07-30 17:30:11.205 [error] [DEVSENSE.phptools-vscode] provider FAILED
2023-07-30 17:30:11.206 [error] TypeError: Cannot read properties of null (reading 'tags')
    at G (/home/eho/.vscode-oss/extensions/devsense.phptools-vscode-1.36.13417-linux-x64/out/src/extension.js:91:46520)
    at q.resolveCompletionItem (/usr/lib/code/out/vs/workbench/api/node/extensionHostProcess.js:101:51887)
2023-07-30 17:30:11.245 [error] [DEVSENSE.phptools-vscode] provider FAILED
2023-07-30 17:30:11.245 [error] TypeError: Cannot read properties of null (reading 'tags')
    at G (/home/eho/.vscode-oss/extensions/devsense.phptools-vscode-1.36.13417-linux-x64/out/src/extension.js:91:46520)
    at q.resolveCompletionItem (/usr/lib/code/out/vs/workbench/api/node/extensionHostProcess.js:101:51887)
2023-07-30 17:30:11.286 [error] [DEVSENSE.phptools-vscode] provider FAILED
2023-07-30 17:30:11.286 [error] TypeError: Cannot read properties of null (reading 'tags')
    at G (/home/eho/.vscode-oss/extensions/devsense.phptools-vscode-1.36.13417-linux-x64/out/src/extension.js:91:46520)
    at q.resolveCompletionItem (/usr/lib/code/out/vs/workbench/api/node/extensionHostProcess.js:101:51887)
2023-07-30 17:30:11.327 [error] [DEVSENSE.phptools-vscode] provider FAILED
2023-07-30 17:30:11.327 [error] TypeError: Cannot read properties of null (reading 'tags')
    at G (/home/eho/.vscode-oss/extensions/devsense.phptools-vscode-1.36.13417-linux-x64/out/src/extension.js:91:46520)
    at q.resolveCompletionItem (/usr/lib/code/out/vs/workbench/api/node/extensionHostProcess.js:101:51887)
2023-07-30 17:30:11.366 [error] [DEVSENSE.phptools-vscode] provider FAILED
2023-07-30 17:30:11.366 [error] TypeError: Cannot read properties of null (reading 'tags')
    at G (/home/eho/.vscode-oss/extensions/devsense.phptools-vscode-1.36.13417-linux-x64/out/src/extension.js:91:46520)
    at q.resolveCompletionItem (/usr/lib/code/out/vs/workbench/api/node/extensionHostProcess.js:101:51887)
2023-07-30 17:30:11.406 [error] [DEVSENSE.phptools-vscode] provider FAILED
2023-07-30 17:30:11.407 [error] TypeError: Cannot read properties of null (reading 'tags')
    at G (/home/eho/.vscode-oss/extensions/devsense.phptools-vscode-1.36.13417-linux-x64/out/src/extension.js:91:46520)
    at q.resolveCompletionItem (/usr/lib/code/out/vs/workbench/api/node/extensionHostProcess.js:101:51887)
2023-07-30 17:30:11.447 [error] [DEVSENSE.phptools-vscode] provider FAILED
2023-07-30 17:30:11.447 [error] TypeError: Cannot read properties of null (reading 'tags')
    at G (/home/eho/.vscode-oss/extensions/devsense.phptools-vscode-1.36.13417-linux-x64/out/src/extension.js:91:46520)
    at q.resolveCompletionItem (/usr/lib/code/out/vs/workbench/api/node/extensionHostProcess.js:101:51887)
2023-07-30 17:30:11.696 [error] [DEVSENSE.phptools-vscode] provider FAILED
2023-07-30 17:30:11.696 [error] TypeError: Cannot read properties of null (reading 'tags')
    at G (/home/eho/.vscode-oss/extensions/devsense.phptools-vscode-1.36.13417-linux-x64/out/src/extension.js:91:46520)
    at q.resolveCompletionItem (/usr/lib/code/out/vs/workbench/api/node/extensionHostProcess.js:101:51887)
2023-07-30 17:30:12.162 [error] [DEVSENSE.phptools-vscode] provider FAILED
2023-07-30 17:30:12.162 [error] TypeError: Cannot read properties of null (reading 'tags')
    at G (/home/eho/.vscode-oss/extensions/devsense.phptools-vscode-1.36.13417-linux-x64/out/src/extension.js:91:46520)
    at q.resolveCompletionItem (/usr/lib/code/out/vs/workbench/api/node/extensionHostProcess.js:101:51887)
2023-07-30 17:30:12.411 [error] [DEVSENSE.phptools-vscode] provider FAILED
2023-07-30 17:30:12.411 [error] TypeError: Cannot read properties of null (reading 'tags')
    at G (/home/eho/.vscode-oss/extensions/devsense.phptools-vscode-1.36.13417-linux-x64/out/src/extension.js:91:46520)
    at q.resolveCompletionItem (/usr/lib/code/out/vs/workbench/api/node/extensionHostProcess.js:101:51887)
2023-07-30 17:30:12.642 [error] [DEVSENSE.phptools-vscode] provider FAILED
2023-07-30 17:30:12.642 [error] TypeError: Cannot read properties of null (reading 'tags')
    at G (/home/eho/.vscode-oss/extensions/devsense.phptools-vscode-1.36.13417-linux-x64/out/src/extension.js:91:46520)
    at q.resolveCompletionItem (/usr/lib/code/out/vs/workbench/api/node/extensionHostProcess.js:101:51887)
2023-07-30 17:30:12.878 [error] [DEVSENSE.phptools-vscode] provider FAILED
2023-07-30 17:30:12.879 [error] TypeError: Cannot read properties of null (reading 'tags')
    at G (/home/eho/.vscode-oss/extensions/devsense.phptools-vscode-1.36.13417-linux-x64/out/src/extension.js:91:46520)
    at q.resolveCompletionItem (/usr/lib/code/out/vs/workbench/api/node/extensionHostProcess.js:101:51887)
2023-07-30 17:30:13.119 [error] [DEVSENSE.phptools-vscode] provider FAILED
2023-07-30 17:30:13.119 [error] TypeError: Cannot read properties of null (reading 'tags')
    at G (/home/eho/.vscode-oss/extensions/devsense.phptools-vscode-1.36.13417-linux-x64/out/src/extension.js:91:46520)
    at q.resolveCompletionItem (/usr/lib/code/out/vs/workbench/api/node/extensionHostProcess.js:101:51887)
2023-07-30 17:30:13.332 [error] [DEVSENSE.phptools-vscode] provider FAILED
2023-07-30 17:30:13.333 [error] TypeError: Cannot read properties of null (reading 'tags')
    at G (/home/eho/.vscode-oss/extensions/devsense.phptools-vscode-1.36.13417-linux-x64/out/src/extension.js:91:46520)
    at q.resolveCompletionItem (/usr/lib/code/out/vs/workbench/api/node/extensionHostProcess.js:101:51887)
2023-07-30 17:30:13.558 [error] [DEVSENSE.phptools-vscode] provider FAILED
2023-07-30 17:30:13.559 [error] TypeError: Cannot read properties of null (reading 'tags')
    at G (/home/eho/.vscode-oss/extensions/devsense.phptools-vscode-1.36.13417-linux-x64/out/src/extension.js:91:46520)
    at q.resolveCompletionItem (/usr/lib/code/out/vs/workbench/api/node/extensionHostProcess.js:101:51887)
2023-07-30 17:30:13.802 [error] [DEVSENSE.phptools-vscode] provider FAILED
2023-07-30 17:30:13.802 [error] TypeError: Cannot read properties of null (reading 'tags')
    at G (/home/eho/.vscode-oss/extensions/devsense.phptools-vscode-1.36.13417-linux-x64/out/src/extension.js:91:46520)
    at q.resolveCompletionItem (/usr/lib/code/out/vs/workbench/api/node/extensionHostProcess.js:101:51887)
2023-07-30 17:30:14.048 [error] [DEVSENSE.phptools-vscode] provider FAILED
2023-07-30 17:30:14.048 [error] TypeError: Cannot read properties of null (reading 'tags')
    at G (/home/eho/.vscode-oss/extensions/devsense.phptools-vscode-1.36.13417-linux-x64/out/src/extension.js:91:46520)
    at q.resolveCompletionItem (/usr/lib/code/out/vs/workbench/api/node/extensionHostProcess.js:101:51887)
2023-07-30 17:30:14.418 [error] [DEVSENSE.phptools-vscode] provider FAILED
2023-07-30 17:30:14.418 [error] TypeError: Cannot read properties of null (reading 'tags')
    at G (/home/eho/.vscode-oss/extensions/devsense.phptools-vscode-1.36.13417-linux-x64/out/src/extension.js:91:46520)
    at q.resolveCompletionItem (/usr/lib/code/out/vs/workbench/api/node/extensionHostProcess.js:101:51887)
2023-07-30 17:31:03.221 [error] [DEVSENSE.phptools-vscode] provider FAILED
2023-07-30 17:31:03.221 [error] TypeError: Cannot read properties of null (reading 'tags')
    at G (/home/eho/.vscode-oss/extensions/devsense.phptools-vscode-1.36.13417-linux-x64/out/src/extension.js:91:46520)
    at q.resolveCompletionItem (/usr/lib/code/out/vs/workbench/api/node/extensionHostProcess.js:101:51887)
2023-07-30 17:31:03.573 [error] [DEVSENSE.phptools-vscode] provider FAILED
2023-07-30 17:31:03.573 [error] TypeError: Cannot read properties of null (reading 'tags')
    at G (/home/eho/.vscode-oss/extensions/devsense.phptools-vscode-1.36.13417-linux-x64/out/src/extension.js:91:46520)
    at q.resolveCompletionItem (/usr/lib/code/out/vs/workbench/api/node/extensionHostProcess.js:101:51887)
2023-07-30 17:31:03.904 [error] [DEVSENSE.phptools-vscode] provider FAILED
2023-07-30 17:31:03.905 [error] TypeError: Cannot read properties of null (reading 'tags')
    at G (/home/eho/.vscode-oss/extensions/devsense.phptools-vscode-1.36.13417-linux-x64/out/src/extension.js:91:46520)
    at q.resolveCompletionItem (/usr/lib/code/out/vs/workbench/api/node/extensionHostProcess.js:101:51887)
2023-07-30 17:31:04.623 [error] [DEVSENSE.phptools-vscode] provider FAILED
2023-07-30 17:31:04.623 [error] TypeError: Cannot read properties of null (reading 'tags')
    at G (/home/eho/.vscode-oss/extensions/devsense.phptools-vscode-1.36.13417-linux-x64/out/src/extension.js:91:46520)
    at q.resolveCompletionItem (/usr/lib/code/out/vs/workbench/api/node/extensionHostProcess.js:101:51887)
2023-07-30 17:31:06.018 [error] [DEVSENSE.phptools-vscode] provider FAILED
2023-07-30 17:31:06.019 [error] TypeError: Cannot read properties of null (reading 'tags')
    at G (/home/eho/.vscode-oss/extensions/devsense.phptools-vscode-1.36.13417-linux-x64/out/src/extension.js:91:46520)
    at q.resolveCompletionItem (/usr/lib/code/out/vs/workbench/api/node/extensionHostProcess.js:101:51887)
2023-07-30 17:31:09.414 [error] [DEVSENSE.phptools-vscode] provider FAILED
2023-07-30 17:31:09.414 [error] TypeError: Cannot read properties of null (reading 'tags')
    at G (/home/eho/.vscode-oss/extensions/devsense.phptools-vscode-1.36.13417-linux-x64/out/src/extension.js:91:46520)
    at q.resolveCompletionItem (/usr/lib/code/out/vs/workbench/api/node/extensionHostProcess.js:101:51887)
2023-07-30 17:31:09.687 [error] [DEVSENSE.phptools-vscode] provider FAILED
2023-07-30 17:31:09.687 [error] TypeError: Cannot read properties of null (reading 'tags')
    at G (/home/eho/.vscode-oss/extensions/devsense.phptools-vscode-1.36.13417-linux-x64/out/src/extension.js:91:46520)
    at q.resolveCompletionItem (/usr/lib/code/out/vs/workbench/api/node/extensionHostProcess.js:101:51887)
2023-07-30 17:31:09.903 [error] [DEVSENSE.phptools-vscode] provider FAILED
2023-07-30 17:31:09.903 [error] TypeError: Cannot read properties of null (reading 'tags')
    at G (/home/eho/.vscode-oss/extensions/devsense.phptools-vscode-1.36.13417-linux-x64/out/src/extension.js:91:46520)
    at q.resolveCompletionItem (/usr/lib/code/out/vs/workbench/api/node/extensionHostProcess.js:101:51887)
2023-07-30 17:31:10.095 [error] [DEVSENSE.phptools-vscode] provider FAILED
2023-07-30 17:31:10.095 [error] TypeError: Cannot read properties of null (reading 'tags')
    at G (/home/eho/.vscode-oss/extensions/devsense.phptools-vscode-1.36.13417-linux-x64/out/src/extension.js:91:46520)
    at q.resolveCompletionItem (/usr/lib/code/out/vs/workbench/api/node/extensionHostProcess.js:101:51887)
2023-07-30 17:31:10.280 [error] [DEVSENSE.phptools-vscode] provider FAILED
2023-07-30 17:31:10.281 [error] TypeError: Cannot read properties of null (reading 'tags')
    at G (/home/eho/.vscode-oss/extensions/devsense.phptools-vscode-1.36.13417-linux-x64/out/src/extension.js:91:46520)
    at q.resolveCompletionItem (/usr/lib/code/out/vs/workbench/api/node/extensionHostProcess.js:101:51887)
2023-07-30 17:31:10.471 [error] [DEVSENSE.phptools-vscode] provider FAILED
2023-07-30 17:31:10.472 [error] TypeError: Cannot read properties of null (reading 'tags')
    at G (/home/eho/.vscode-oss/extensions/devsense.phptools-vscode-1.36.13417-linux-x64/out/src/extension.js:91:46520)
    at q.resolveCompletionItem (/usr/lib/code/out/vs/workbench/api/node/extensionHostProcess.js:101:51887)
2023-07-30 17:31:32.624 [error] [DEVSENSE.phptools-vscode] provider FAILED
2023-07-30 17:31:32.624 [error] TypeError: Cannot read properties of null (reading 'tags')
    at G (/home/eho/.vscode-oss/extensions/devsense.phptools-vscode-1.36.13417-linux-x64/out/src/extension.js:91:46520)
    at q.resolveCompletionItem (/usr/lib/code/out/vs/workbench/api/node/extensionHostProcess.js:101:51887)
2023-07-30 17:31:32.916 [error] [DEVSENSE.phptools-vscode] provider FAILED
2023-07-30 17:31:32.917 [error] TypeError: Cannot read properties of null (reading 'tags')
    at G (/home/eho/.vscode-oss/extensions/devsense.phptools-vscode-1.36.13417-linux-x64/out/src/extension.js:91:46520)
    at runNextTicks (node:internal/process/task_queues:61:5)
    at processImmediate (node:internal/timers:437:9)
    at q.resolveCompletionItem (/usr/lib/code/out/vs/workbench/api/node/extensionHostProcess.js:101:51887)
2023-07-30 17:31:33.197 [error] [DEVSENSE.phptools-vscode] provider FAILED
2023-07-30 17:31:33.197 [error] TypeError: Cannot read properties of null (reading 'tags')
    at G (/home/eho/.vscode-oss/extensions/devsense.phptools-vscode-1.36.13417-linux-x64/out/src/extension.js:91:46520)
    at q.resolveCompletionItem (/usr/lib/code/out/vs/workbench/api/node/extensionHostProcess.js:101:51887)
2023-07-30 17:31:33.609 [error] [DEVSENSE.phptools-vscode] provider FAILED
2023-07-30 17:31:33.609 [error] TypeError: Cannot read properties of null (reading 'tags')
    at G (/home/eho/.vscode-oss/extensions/devsense.phptools-vscode-1.36.13417-linux-x64/out/src/extension.js:91:46520)
    at q.resolveCompletionItem (/usr/lib/code/out/vs/workbench/api/node/extensionHostProcess.js:101:51887)
2023-07-30 17:31:33.705 [error] [DEVSENSE.phptools-vscode] provider FAILED
2023-07-30 17:31:33.705 [error] TypeError: Cannot read properties of null (reading 'tags')
    at G (/home/eho/.vscode-oss/extensions/devsense.phptools-vscode-1.36.13417-linux-x64/out/src/extension.js:91:46520)
    at q.resolveCompletionItem (/usr/lib/code/out/vs/workbench/api/node/extensionHostProcess.js:101:51887)
2023-07-30 17:31:35.337 [error] [DEVSENSE.phptools-vscode] provider FAILED
2023-07-30 17:31:35.338 [error] TypeError: Cannot read properties of null (reading 'tags')
    at G (/home/eho/.vscode-oss/extensions/devsense.phptools-vscode-1.36.13417-linux-x64/out/src/extension.js:91:46520)
    at q.resolveCompletionItem (/usr/lib/code/out/vs/workbench/api/node/extensionHostProcess.js:101:51887)
2023-07-30 17:31:35.585 [error] [DEVSENSE.phptools-vscode] provider FAILED
2023-07-30 17:31:35.585 [error] TypeError: Cannot read properties of null (reading 'tags')
    at G (/home/eho/.vscode-oss/extensions/devsense.phptools-vscode-1.36.13417-linux-x64/out/src/extension.js:91:46520)
    at q.resolveCompletionItem (/usr/lib/code/out/vs/workbench/api/node/extensionHostProcess.js:101:51887)
2023-07-30 17:31:36.245 [error] [DEVSENSE.phptools-vscode] provider FAILED
2023-07-30 17:31:36.246 [error] TypeError: Cannot read properties of null (reading 'tags')
    at G (/home/eho/.vscode-oss/extensions/devsense.phptools-vscode-1.36.13417-linux-x64/out/src/extension.js:91:46520)
    at q.resolveCompletionItem (/usr/lib/code/out/vs/workbench/api/node/extensionHostProcess.js:101:51887)
2023-07-30 17:31:36.285 [error] [DEVSENSE.phptools-vscode] provider FAILED
2023-07-30 17:31:36.286 [error] TypeError: Cannot read properties of null (reading 'tags')
    at G (/home/eho/.vscode-oss/extensions/devsense.phptools-vscode-1.36.13417-linux-x64/out/src/extension.js:91:46520)
    at q.resolveCompletionItem (/usr/lib/code/out/vs/workbench/api/node/extensionHostProcess.js:101:51887)
2023-07-30 17:31:36.327 [error] [DEVSENSE.phptools-vscode] provider FAILED
2023-07-30 17:31:36.327 [error] TypeError: Cannot read properties of null (reading 'tags')
    at G (/home/eho/.vscode-oss/extensions/devsense.phptools-vscode-1.36.13417-linux-x64/out/src/extension.js:91:46520)
    at q.resolveCompletionItem (/usr/lib/code/out/vs/workbench/api/node/extensionHostProcess.js:101:51887)
2023-07-30 17:31:36.366 [error] [DEVSENSE.phptools-vscode] provider FAILED
2023-07-30 17:31:36.366 [error] TypeError: Cannot read properties of null (reading 'tags')
    at G (/home/eho/.vscode-oss/extensions/devsense.phptools-vscode-1.36.13417-linux-x64/out/src/extension.js:91:46520)
    at q.resolveCompletionItem (/usr/lib/code/out/vs/workbench/api/node/extensionHostProcess.js:101:51887)
2023-07-30 17:31:36.406 [error] [DEVSENSE.phptools-vscode] provider FAILED
2023-07-30 17:31:36.407 [error] TypeError: Cannot read properties of null (reading 'tags')
    at G (/home/eho/.vscode-oss/extensions/devsense.phptools-vscode-1.36.13417-linux-x64/out/src/extension.js:91:46520)
    at q.resolveCompletionItem (/usr/lib/code/out/vs/workbench/api/node/extensionHostProcess.js:101:51887)
2023-07-30 17:31:36.445 [error] [DEVSENSE.phptools-vscode] provider FAILED
2023-07-30 17:31:36.445 [error] TypeError: Cannot read properties of null (reading 'tags')
    at G (/home/eho/.vscode-oss/extensions/devsense.phptools-vscode-1.36.13417-linux-x64/out/src/extension.js:91:46520)
    at q.resolveCompletionItem (/usr/lib/code/out/vs/workbench/api/node/extensionHostProcess.js:101:51887)
2023-07-30 17:31:36.485 [error] [DEVSENSE.phptools-vscode] provider FAILED
2023-07-30 17:31:36.485 [error] TypeError: Cannot read properties of null (reading 'tags')
    at G (/home/eho/.vscode-oss/extensions/devsense.phptools-vscode-1.36.13417-linux-x64/out/src/extension.js:91:46520)
    at q.resolveCompletionItem (/usr/lib/code/out/vs/workbench/api/node/extensionHostProcess.js:101:51887)
2023-07-30 17:31:36.526 [error] [DEVSENSE.phptools-vscode] provider FAILED
2023-07-30 17:31:36.527 [error] TypeError: Cannot read properties of null (reading 'tags')
    at G (/home/eho/.vscode-oss/extensions/devsense.phptools-vscode-1.36.13417-linux-x64/out/src/extension.js:91:46520)
    at q.resolveCompletionItem (/usr/lib/code/out/vs/workbench/api/node/extensionHostProcess.js:101:51887)
2023-07-30 17:31:36.567 [error] [DEVSENSE.phptools-vscode] provider FAILED
2023-07-30 17:31:36.567 [error] TypeError: Cannot read properties of null (reading 'tags')
    at G (/home/eho/.vscode-oss/extensions/devsense.phptools-vscode-1.36.13417-linux-x64/out/src/extension.js:91:46520)
    at q.resolveCompletionItem (/usr/lib/code/out/vs/workbench/api/node/extensionHostProcess.js:101:51887)
2023-07-30 17:31:36.607 [error] [DEVSENSE.phptools-vscode] provider FAILED
2023-07-30 17:31:36.607 [error] TypeError: Cannot read properties of null (reading 'tags')
    at G (/home/eho/.vscode-oss/extensions/devsense.phptools-vscode-1.36.13417-linux-x64/out/src/extension.js:91:46520)
    at q.resolveCompletionItem (/usr/lib/code/out/vs/workbench/api/node/extensionHostProcess.js:101:51887)
2023-07-30 17:31:36.648 [error] [DEVSENSE.phptools-vscode] provider FAILED
2023-07-30 17:31:36.649 [error] TypeError: Cannot read properties of null (reading 'tags')
    at G (/home/eho/.vscode-oss/extensions/devsense.phptools-vscode-1.36.13417-linux-x64/out/src/extension.js:91:46520)
    at q.resolveCompletionItem (/usr/lib/code/out/vs/workbench/api/node/extensionHostProcess.js:101:51887)
2023-07-30 17:31:36.685 [error] [DEVSENSE.phptools-vscode] provider FAILED
2023-07-30 17:31:36.686 [error] TypeError: Cannot read properties of null (reading 'tags')
    at G (/home/eho/.vscode-oss/extensions/devsense.phptools-vscode-1.36.13417-linux-x64/out/src/extension.js:91:46520)
    at q.resolveCompletionItem (/usr/lib/code/out/vs/workbench/api/node/extensionHostProcess.js:101:51887)
2023-07-30 17:31:37.229 [error] [DEVSENSE.phptools-vscode] provider FAILED
2023-07-30 17:31:37.230 [error] TypeError: Cannot read properties of null (reading 'tags')
    at G (/home/eho/.vscode-oss/extensions/devsense.phptools-vscode-1.36.13417-linux-x64/out/src/extension.js:91:46520)
    at q.resolveCompletionItem (/usr/lib/code/out/vs/workbench/api/node/extensionHostProcess.js:101:51887)
2023-07-30 17:31:37.480 [error] [DEVSENSE.phptools-vscode] provider FAILED
2023-07-30 17:31:37.480 [error] TypeError: Cannot read properties of null (reading 'tags')
    at G (/home/eho/.vscode-oss/extensions/devsense.phptools-vscode-1.36.13417-linux-x64/out/src/extension.js:91:46520)
    at q.resolveCompletionItem (/usr/lib/code/out/vs/workbench/api/node/extensionHostProcess.js:101:51887)
2023-07-30 17:31:37.740 [error] [DEVSENSE.phptools-vscode] provider FAILED
2023-07-30 17:31:37.741 [error] TypeError: Cannot read properties of null (reading 'tags')
    at G (/home/eho/.vscode-oss/extensions/devsense.phptools-vscode-1.36.13417-linux-x64/out/src/extension.js:91:46520)
    at q.resolveCompletionItem (/usr/lib/code/out/vs/workbench/api/node/extensionHostProcess.js:101:51887)
2023-07-30 17:31:38.158 [error] [DEVSENSE.phptools-vscode] provider FAILED
2023-07-30 17:31:38.158 [error] TypeError: Cannot read properties of null (reading 'tags')
    at G (/home/eho/.vscode-oss/extensions/devsense.phptools-vscode-1.36.13417-linux-x64/out/src/extension.js:91:46520)
    at q.resolveCompletionItem (/usr/lib/code/out/vs/workbench/api/node/extensionHostProcess.js:101:51887)
2023-07-30 17:31:38.774 [error] [DEVSENSE.phptools-vscode] provider FAILED
2023-07-30 17:31:38.774 [error] TypeError: Cannot read properties of null (reading 'tags')
    at G (/home/eho/.vscode-oss/extensions/devsense.phptools-vscode-1.36.13417-linux-x64/out/src/extension.js:91:46520)
    at q.resolveCompletionItem (/usr/lib/code/out/vs/workbench/api/node/extensionHostProcess.js:101:51887)
2023-07-30 17:31:39.550 [error] [DEVSENSE.phptools-vscode] provider FAILED
2023-07-30 17:31:39.550 [error] TypeError: Cannot read properties of null (reading 'tags')
    at G (/home/eho/.vscode-oss/extensions/devsense.phptools-vscode-1.36.13417-linux-x64/out/src/extension.js:91:46520)
    at q.resolveCompletionItem (/usr/lib/code/out/vs/workbench/api/node/extensionHostProcess.js:101:51887)
2023-07-30 17:31:39.925 [error] [DEVSENSE.phptools-vscode] provider FAILED
2023-07-30 17:31:39.925 [error] TypeError: Cannot read properties of null (reading 'tags')
    at G (/home/eho/.vscode-oss/extensions/devsense.phptools-vscode-1.36.13417-linux-x64/out/src/extension.js:91:46520)
    at q.resolveCompletionItem (/usr/lib/code/out/vs/workbench/api/node/extensionHostProcess.js:101:51887)
2023-07-30 17:31:40.332 [error] [DEVSENSE.phptools-vscode] provider FAILED
2023-07-30 17:31:40.333 [error] TypeError: Cannot read properties of null (reading 'tags')
    at G (/home/eho/.vscode-oss/extensions/devsense.phptools-vscode-1.36.13417-linux-x64/out/src/extension.js:91:46520)
    at q.resolveCompletionItem (/usr/lib/code/out/vs/workbench/api/node/extensionHostProcess.js:101:51887)
2023-07-30 17:31:40.708 [error] [DEVSENSE.phptools-vscode] provider FAILED
2023-07-30 17:31:40.708 [error] TypeError: Cannot read properties of null (reading 'tags')
    at G (/home/eho/.vscode-oss/extensions/devsense.phptools-vscode-1.36.13417-linux-x64/out/src/extension.js:91:46520)
    at q.resolveCompletionItem (/usr/lib/code/out/vs/workbench/api/node/extensionHostProcess.js:101:51887)
2023-07-30 17:31:41.065 [error] [DEVSENSE.phptools-vscode] provider FAILED
2023-07-30 17:31:41.066 [error] TypeError: Cannot read properties of null (reading 'tags')
    at G (/home/eho/.vscode-oss/extensions/devsense.phptools-vscode-1.36.13417-linux-x64/out/src/extension.js:91:46520)
    at q.resolveCompletionItem (/usr/lib/code/out/vs/workbench/api/node/extensionHostProcess.js:101:51887)
2023-07-30 17:31:41.479 [error] [DEVSENSE.phptools-vscode] provider FAILED
2023-07-30 17:31:41.480 [error] TypeError: Cannot read properties of null (reading 'tags')
    at G (/home/eho/.vscode-oss/extensions/devsense.phptools-vscode-1.36.13417-linux-x64/out/src/extension.js:91:46520)
    at q.resolveCompletionItem (/usr/lib/code/out/vs/workbench/api/node/extensionHostProcess.js:101:51887)
2023-07-30 17:31:41.944 [error] [DEVSENSE.phptools-vscode] provider FAILED
2023-07-30 17:31:41.944 [error] TypeError: Cannot read properties of null (reading 'tags')
    at G (/home/eho/.vscode-oss/extensions/devsense.phptools-vscode-1.36.13417-linux-x64/out/src/extension.js:91:46520)
    at q.resolveCompletionItem (/usr/lib/code/out/vs/workbench/api/node/extensionHostProcess.js:101:51887)
2023-07-30 17:31:42.318 [error] [DEVSENSE.phptools-vscode] provider FAILED
2023-07-30 17:31:42.318 [error] TypeError: Cannot read properties of null (reading 'tags')
    at G (/home/eho/.vscode-oss/extensions/devsense.phptools-vscode-1.36.13417-linux-x64/out/src/extension.js:91:46520)
    at q.resolveCompletionItem (/usr/lib/code/out/vs/workbench/api/node/extensionHostProcess.js:101:51887)
2023-07-30 17:31:42.789 [error] [DEVSENSE.phptools-vscode] provider FAILED
2023-07-30 17:31:42.790 [error] TypeError: Cannot read properties of null (reading 'tags')
    at G (/home/eho/.vscode-oss/extensions/devsense.phptools-vscode-1.36.13417-linux-x64/out/src/extension.js:91:46520)
    at q.resolveCompletionItem (/usr/lib/code/out/vs/workbench/api/node/extensionHostProcess.js:101:51887)
2023-07-30 17:31:44.251 [error] [DEVSENSE.phptools-vscode] provider FAILED
2023-07-30 17:31:44.251 [error] TypeError: Cannot read properties of null (reading 'tags')
    at G (/home/eho/.vscode-oss/extensions/devsense.phptools-vscode-1.36.13417-linux-x64/out/src/extension.js:91:46520)
    at q.resolveCompletionItem (/usr/lib/code/out/vs/workbench/api/node/extensionHostProcess.js:101:51887)
2023-07-30 17:31:44.273 [error] [DEVSENSE.phptools-vscode] provider FAILED
2023-07-30 17:31:44.273 [error] TypeError: Cannot read properties of null (reading 'tags')
    at G (/home/eho/.vscode-oss/extensions/devsense.phptools-vscode-1.36.13417-linux-x64/out/src/extension.js:91:46520)
    at q.resolveCompletionItem (/usr/lib/code/out/vs/workbench/api/node/extensionHostProcess.js:101:51887)
2023-07-30 17:31:44.685 [error] [DEVSENSE.phptools-vscode] provider FAILED
2023-07-30 17:31:44.686 [error] TypeError: Cannot read properties of null (reading 'tags')
    at G (/home/eho/.vscode-oss/extensions/devsense.phptools-vscode-1.36.13417-linux-x64/out/src/extension.js:91:46520)
    at q.resolveCompletionItem (/usr/lib/code/out/vs/workbench/api/node/extensionHostProcess.js:101:51887)
2023-07-30 17:31:46.189 [error] [DEVSENSE.phptools-vscode] provider FAILED
2023-07-30 17:31:46.190 [error] TypeError: Cannot read properties of null (reading 'tags')
    at G (/home/eho/.vscode-oss/extensions/devsense.phptools-vscode-1.36.13417-linux-x64/out/src/extension.js:91:46520)
    at q.resolveCompletionItem (/usr/lib/code/out/vs/workbench/api/node/extensionHostProcess.js:101:51887)
2023-07-30 17:31:47.667 [error] [DEVSENSE.phptools-vscode] provider FAILED
2023-07-30 17:31:47.668 [error] TypeError: Cannot read properties of null (reading 'tags')
    at G (/home/eho/.vscode-oss/extensions/devsense.phptools-vscode-1.36.13417-linux-x64/out/src/extension.js:91:46520)
    at q.resolveCompletionItem (/usr/lib/code/out/vs/workbench/api/node/extensionHostProcess.js:101:51887)
2023-07-30 17:31:52.148 [error] [DEVSENSE.phptools-vscode] provider FAILED
2023-07-30 17:31:52.148 [error] TypeError: Cannot read properties of null (reading 'tags')
    at G (/home/eho/.vscode-oss/extensions/devsense.phptools-vscode-1.36.13417-linux-x64/out/src/extension.js:91:46520)
    at q.resolveCompletionItem (/usr/lib/code/out/vs/workbench/api/node/extensionHostProcess.js:101:51887)
2023-07-30 17:31:52.287 [error] [DEVSENSE.phptools-vscode] provider FAILED
2023-07-30 17:31:52.287 [error] TypeError: Cannot read properties of null (reading 'tags')
    at G (/home/eho/.vscode-oss/extensions/devsense.phptools-vscode-1.36.13417-linux-x64/out/src/extension.js:91:46520)
    at q.resolveCompletionItem (/usr/lib/code/out/vs/workbench/api/node/extensionHostProcess.js:101:51887)
2023-07-30 17:31:52.547 [error] [DEVSENSE.phptools-vscode] provider FAILED
2023-07-30 17:31:52.547 [error] TypeError: Cannot read properties of null (reading 'tags')
    at G (/home/eho/.vscode-oss/extensions/devsense.phptools-vscode-1.36.13417-linux-x64/out/src/extension.js:91:46520)
    at q.resolveCompletionItem (/usr/lib/code/out/vs/workbench/api/node/extensionHostProcess.js:101:51887)
2023-07-30 17:31:52.996 [error] [DEVSENSE.phptools-vscode] provider FAILED
2023-07-30 17:31:52.996 [error] TypeError: Cannot read properties of null (reading 'tags')
    at G (/home/eho/.vscode-oss/extensions/devsense.phptools-vscode-1.36.13417-linux-x64/out/src/extension.js:91:46520)
    at q.resolveCompletionItem (/usr/lib/code/out/vs/workbench/api/node/extensionHostProcess.js:101:51887)
2023-07-30 17:31:53.145 [error] [DEVSENSE.phptools-vscode] provider FAILED
2023-07-30 17:31:53.145 [error] TypeError: Cannot read properties of null (reading 'tags')
    at G (/home/eho/.vscode-oss/extensions/devsense.phptools-vscode-1.36.13417-linux-x64/out/src/extension.js:91:46520)
    at q.resolveCompletionItem (/usr/lib/code/out/vs/workbench/api/node/extensionHostProcess.js:101:51887)
2023-07-30 17:31:54.349 [error] [DEVSENSE.phptools-vscode] provider FAILED
2023-07-30 17:31:54.350 [error] TypeError: Cannot read properties of null (reading 'tags')
    at G (/home/eho/.vscode-oss/extensions/devsense.phptools-vscode-1.36.13417-linux-x64/out/src/extension.js:91:46520)
    at q.resolveCompletionItem (/usr/lib/code/out/vs/workbench/api/node/extensionHostProcess.js:101:51887)
2023-07-30 17:31:55.010 [error] [DEVSENSE.phptools-vscode] provider FAILED
2023-07-30 17:31:55.010 [error] TypeError: Cannot read properties of null (reading 'tags')
    at G (/home/eho/.vscode-oss/extensions/devsense.phptools-vscode-1.36.13417-linux-x64/out/src/extension.js:91:46520)
    at q.resolveCompletionItem (/usr/lib/code/out/vs/workbench/api/node/extensionHostProcess.js:101:51887)
2023-07-30 17:31:55.047 [error] [DEVSENSE.phptools-vscode] provider FAILED
2023-07-30 17:31:55.047 [error] TypeError: Cannot read properties of null (reading 'tags')
    at G (/home/eho/.vscode-oss/extensions/devsense.phptools-vscode-1.36.13417-linux-x64/out/src/extension.js:91:46520)
    at q.resolveCompletionItem (/usr/lib/code/out/vs/workbench/api/node/extensionHostProcess.js:101:51887)
2023-07-30 17:31:55.088 [error] [DEVSENSE.phptools-vscode] provider FAILED
2023-07-30 17:31:55.088 [error] TypeError: Cannot read properties of null (reading 'tags')
    at G (/home/eho/.vscode-oss/extensions/devsense.phptools-vscode-1.36.13417-linux-x64/out/src/extension.js:91:46520)
    at q.resolveCompletionItem (/usr/lib/code/out/vs/workbench/api/node/extensionHostProcess.js:101:51887)
2023-07-30 17:31:55.129 [error] [DEVSENSE.phptools-vscode] provider FAILED
2023-07-30 17:31:55.130 [error] TypeError: Cannot read properties of null (reading 'tags')
    at G (/home/eho/.vscode-oss/extensions/devsense.phptools-vscode-1.36.13417-linux-x64/out/src/extension.js:91:46520)
    at q.resolveCompletionItem (/usr/lib/code/out/vs/workbench/api/node/extensionHostProcess.js:101:51887)
2023-07-30 17:31:55.170 [error] [DEVSENSE.phptools-vscode] provider FAILED
2023-07-30 17:31:55.170 [error] TypeError: Cannot read properties of null (reading 'tags')
    at G (/home/eho/.vscode-oss/extensions/devsense.phptools-vscode-1.36.13417-linux-x64/out/src/extension.js:91:46520)
    at q.resolveCompletionItem (/usr/lib/code/out/vs/workbench/api/node/extensionHostProcess.js:101:51887)
2023-07-30 17:31:55.210 [error] [DEVSENSE.phptools-vscode] provider FAILED
2023-07-30 17:31:55.210 [error] TypeError: Cannot read properties of null (reading 'tags')
    at G (/home/eho/.vscode-oss/extensions/devsense.phptools-vscode-1.36.13417-linux-x64/out/src/extension.js:91:46520)
    at q.resolveCompletionItem (/usr/lib/code/out/vs/workbench/api/node/extensionHostProcess.js:101:51887)
2023-07-30 17:31:55.250 [error] [DEVSENSE.phptools-vscode] provider FAILED
2023-07-30 17:31:55.250 [error] TypeError: Cannot read properties of null (reading 'tags')
    at G (/home/eho/.vscode-oss/extensions/devsense.phptools-vscode-1.36.13417-linux-x64/out/src/extension.js:91:46520)
    at q.resolveCompletionItem (/usr/lib/code/out/vs/workbench/api/node/extensionHostProcess.js:101:51887)
2023-07-30 17:31:55.291 [error] [DEVSENSE.phptools-vscode] provider FAILED
2023-07-30 17:31:55.291 [error] TypeError: Cannot read properties of null (reading 'tags')
    at G (/home/eho/.vscode-oss/extensions/devsense.phptools-vscode-1.36.13417-linux-x64/out/src/extension.js:91:46520)
    at q.resolveCompletionItem (/usr/lib/code/out/vs/workbench/api/node/extensionHostProcess.js:101:51887)
2023-07-30 17:31:55.332 [error] [DEVSENSE.phptools-vscode] provider FAILED
2023-07-30 17:31:55.332 [error] TypeError: Cannot read properties of null (reading 'tags')
    at G (/home/eho/.vscode-oss/extensions/devsense.phptools-vscode-1.36.13417-linux-x64/out/src/extension.js:91:46520)
    at q.resolveCompletionItem (/usr/lib/code/out/vs/workbench/api/node/extensionHostProcess.js:101:51887)
2023-07-30 17:31:55.372 [error] [DEVSENSE.phptools-vscode] provider FAILED
2023-07-30 17:31:55.373 [error] TypeError: Cannot read properties of null (reading 'tags')
    at G (/home/eho/.vscode-oss/extensions/devsense.phptools-vscode-1.36.13417-linux-x64/out/src/extension.js:91:46520)
    at q.resolveCompletionItem (/usr/lib/code/out/vs/workbench/api/node/extensionHostProcess.js:101:51887)
2023-07-30 17:31:55.413 [error] [DEVSENSE.phptools-vscode] provider FAILED
2023-07-30 17:31:55.413 [error] TypeError: Cannot read properties of null (reading 'tags')
    at G (/home/eho/.vscode-oss/extensions/devsense.phptools-vscode-1.36.13417-linux-x64/out/src/extension.js:91:46520)
    at q.resolveCompletionItem (/usr/lib/code/out/vs/workbench/api/node/extensionHostProcess.js:101:51887)
2023-07-30 17:31:55.454 [error] [DEVSENSE.phptools-vscode] provider FAILED
2023-07-30 17:31:55.454 [error] TypeError: Cannot read properties of null (reading 'tags')
    at G (/home/eho/.vscode-oss/extensions/devsense.phptools-vscode-1.36.13417-linux-x64/out/src/extension.js:91:46520)
    at q.resolveCompletionItem (/usr/lib/code/out/vs/workbench/api/node/extensionHostProcess.js:101:51887)
2023-07-30 17:31:55.492 [error] [DEVSENSE.phptools-vscode] provider FAILED
2023-07-30 17:31:55.492 [error] TypeError: Cannot read properties of null (reading 'tags')
    at G (/home/eho/.vscode-oss/extensions/devsense.phptools-vscode-1.36.13417-linux-x64/out/src/extension.js:91:46520)
    at q.resolveCompletionItem (/usr/lib/code/out/vs/workbench/api/node/extensionHostProcess.js:101:51887)
2023-07-30 17:31:55.533 [error] [DEVSENSE.phptools-vscode] provider FAILED
2023-07-30 17:31:55.533 [error] TypeError: Cannot read properties of null (reading 'tags')
    at G (/home/eho/.vscode-oss/extensions/devsense.phptools-vscode-1.36.13417-linux-x64/out/src/extension.js:91:46520)
    at q.resolveCompletionItem (/usr/lib/code/out/vs/workbench/api/node/extensionHostProcess.js:101:51887)
2023-07-30 17:31:55.573 [error] [DEVSENSE.phptools-vscode] provider FAILED
2023-07-30 17:31:55.574 [error] TypeError: Cannot read properties of null (reading 'tags')
    at G (/home/eho/.vscode-oss/extensions/devsense.phptools-vscode-1.36.13417-linux-x64/out/src/extension.js:91:46520)
    at q.resolveCompletionItem (/usr/lib/code/out/vs/workbench/api/node/extensionHostProcess.js:101:51887)
2023-07-30 17:31:55.614 [error] [DEVSENSE.phptools-vscode] provider FAILED
2023-07-30 17:31:55.614 [error] TypeError: Cannot read properties of null (reading 'tags')
    at G (/home/eho/.vscode-oss/extensions/devsense.phptools-vscode-1.36.13417-linux-x64/out/src/extension.js:91:46520)
    at q.resolveCompletionItem (/usr/lib/code/out/vs/workbench/api/node/extensionHostProcess.js:101:51887)
2023-07-30 17:31:55.654 [error] [DEVSENSE.phptools-vscode] provider FAILED
2023-07-30 17:31:55.654 [error] TypeError: Cannot read properties of null (reading 'tags')
    at G (/home/eho/.vscode-oss/extensions/devsense.phptools-vscode-1.36.13417-linux-x64/out/src/extension.js:91:46520)
    at q.resolveCompletionItem (/usr/lib/code/out/vs/workbench/api/node/extensionHostProcess.js:101:51887)
2023-07-30 17:31:55.972 [error] [DEVSENSE.phptools-vscode] provider FAILED
2023-07-30 17:31:55.973 [error] TypeError: Cannot read properties of null (reading 'tags')
    at G (/home/eho/.vscode-oss/extensions/devsense.phptools-vscode-1.36.13417-linux-x64/out/src/extension.js:91:46520)
    at q.resolveCompletionItem (/usr/lib/code/out/vs/workbench/api/node/extensionHostProcess.js:101:51887)
2023-07-30 17:31:56.632 [error] [DEVSENSE.phptools-vscode] provider FAILED
2023-07-30 17:31:56.633 [error] TypeError: Cannot read properties of null (reading 'tags')
    at G (/home/eho/.vscode-oss/extensions/devsense.phptools-vscode-1.36.13417-linux-x64/out/src/extension.js:91:46520)
    at q.resolveCompletionItem (/usr/lib/code/out/vs/workbench/api/node/extensionHostProcess.js:101:51887)
2023-07-30 17:31:56.673 [error] [DEVSENSE.phptools-vscode] provider FAILED
2023-07-30 17:31:56.673 [error] TypeError: Cannot read properties of null (reading 'tags')
    at G (/home/eho/.vscode-oss/extensions/devsense.phptools-vscode-1.36.13417-linux-x64/out/src/extension.js:91:46520)
    at q.resolveCompletionItem (/usr/lib/code/out/vs/workbench/api/node/extensionHostProcess.js:101:51887)
2023-07-30 17:31:56.713 [error] [DEVSENSE.phptools-vscode] provider FAILED
2023-07-30 17:31:56.714 [error] TypeError: Cannot read properties of null (reading 'tags')
    at G (/home/eho/.vscode-oss/extensions/devsense.phptools-vscode-1.36.13417-linux-x64/out/src/extension.js:91:46520)
    at q.resolveCompletionItem (/usr/lib/code/out/vs/workbench/api/node/extensionHostProcess.js:101:51887)
2023-07-30 17:31:56.754 [error] [DEVSENSE.phptools-vscode] provider FAILED
2023-07-30 17:31:56.754 [error] TypeError: Cannot read properties of null (reading 'tags')
    at G (/home/eho/.vscode-oss/extensions/devsense.phptools-vscode-1.36.13417-linux-x64/out/src/extension.js:91:46520)
    at q.resolveCompletionItem (/usr/lib/code/out/vs/workbench/api/node/extensionHostProcess.js:101:51887)
2023-07-30 17:31:56.793 [error] [DEVSENSE.phptools-vscode] provider FAILED
2023-07-30 17:31:56.793 [error] TypeError: Cannot read properties of null (reading 'tags')
    at G (/home/eho/.vscode-oss/extensions/devsense.phptools-vscode-1.36.13417-linux-x64/out/src/extension.js:91:46520)
    at q.resolveCompletionItem (/usr/lib/code/out/vs/workbench/api/node/extensionHostProcess.js:101:51887)
2023-07-30 17:31:56.832 [error] [DEVSENSE.phptools-vscode] provider FAILED
2023-07-30 17:31:56.833 [error] TypeError: Cannot read properties of null (reading 'tags')
    at G (/home/eho/.vscode-oss/extensions/devsense.phptools-vscode-1.36.13417-linux-x64/out/src/extension.js:91:46520)
    at q.resolveCompletionItem (/usr/lib/code/out/vs/workbench/api/node/extensionHostProcess.js:101:51887)
2023-07-30 17:31:56.874 [error] [DEVSENSE.phptools-vscode] provider FAILED
2023-07-30 17:31:56.874 [error] TypeError: Cannot read properties of null (reading 'tags')
    at G (/home/eho/.vscode-oss/extensions/devsense.phptools-vscode-1.36.13417-linux-x64/out/src/extension.js:91:46520)
    at q.resolveCompletionItem (/usr/lib/code/out/vs/workbench/api/node/extensionHostProcess.js:101:51887)
2023-07-30 17:31:56.915 [error] [DEVSENSE.phptools-vscode] provider FAILED
2023-07-30 17:31:56.915 [error] TypeError: Cannot read properties of null (reading 'tags')
    at G (/home/eho/.vscode-oss/extensions/devsense.phptools-vscode-1.36.13417-linux-x64/out/src/extension.js:91:46520)
    at q.resolveCompletionItem (/usr/lib/code/out/vs/workbench/api/node/extensionHostProcess.js:101:51887)
2023-07-30 17:31:56.955 [error] [DEVSENSE.phptools-vscode] provider FAILED
2023-07-30 17:31:56.955 [error] TypeError: Cannot read properties of null (reading 'tags')
    at G (/home/eho/.vscode-oss/extensions/devsense.phptools-vscode-1.36.13417-linux-x64/out/src/extension.js:91:46520)
    at q.resolveCompletionItem (/usr/lib/code/out/vs/workbench/api/node/extensionHostProcess.js:101:51887)
2023-07-30 17:31:56.995 [error] [DEVSENSE.phptools-vscode] provider FAILED
2023-07-30 17:31:56.995 [error] TypeError: Cannot read properties of null (reading 'tags')
    at G (/home/eho/.vscode-oss/extensions/devsense.phptools-vscode-1.36.13417-linux-x64/out/src/extension.js:91:46520)
    at q.resolveCompletionItem (/usr/lib/code/out/vs/workbench/api/node/extensionHostProcess.js:101:51887)
2023-07-30 17:31:57.035 [error] [DEVSENSE.phptools-vscode] provider FAILED
2023-07-30 17:31:57.036 [error] TypeError: Cannot read properties of null (reading 'tags')
    at G (/home/eho/.vscode-oss/extensions/devsense.phptools-vscode-1.36.13417-linux-x64/out/src/extension.js:91:46520)
    at q.resolveCompletionItem (/usr/lib/code/out/vs/workbench/api/node/extensionHostProcess.js:101:51887)
2023-07-30 17:31:57.340 [error] [DEVSENSE.phptools-vscode] provider FAILED
2023-07-30 17:31:57.340 [error] TypeError: Cannot read properties of null (reading 'tags')
    at G (/home/eho/.vscode-oss/extensions/devsense.phptools-vscode-1.36.13417-linux-x64/out/src/extension.js:91:46520)
    at q.resolveCompletionItem (/usr/lib/code/out/vs/workbench/api/node/extensionHostProcess.js:101:51887)
2023-07-30 17:32:15.256 [info] ExtensionService#_doActivateExtension vscode.simple-browser, startup: false, activationEvent: 'onOpenExternalUri:http'
2023-07-30 17:32:23.802 [error] [DEVSENSE.phptools-vscode] provider FAILED
2023-07-30 17:32:23.802 [error] TypeError: Cannot read properties of null (reading 'tags')
    at G (/home/eho/.vscode-oss/extensions/devsense.phptools-vscode-1.36.13417-linux-x64/out/src/extension.js:91:46520)
    at q.resolveCompletionItem (/usr/lib/code/out/vs/workbench/api/node/extensionHostProcess.js:101:51887)
2023-07-30 17:32:26.182 [error] [DEVSENSE.phptools-vscode] provider FAILED
2023-07-30 17:32:26.183 [error] TypeError: Cannot read properties of null (reading 'tags')
    at G (/home/eho/.vscode-oss/extensions/devsense.phptools-vscode-1.36.13417-linux-x64/out/src/extension.js:91:46520)
    at q.resolveCompletionItem (/usr/lib/code/out/vs/workbench/api/node/extensionHostProcess.js:101:51887)
2023-07-30 17:32:26.313 [error] [DEVSENSE.phptools-vscode] provider FAILED
2023-07-30 17:32:26.313 [error] TypeError: Cannot read properties of null (reading 'tags')
    at G (/home/eho/.vscode-oss/extensions/devsense.phptools-vscode-1.36.13417-linux-x64/out/src/extension.js:91:46520)
    at q.resolveCompletionItem (/usr/lib/code/out/vs/workbench/api/node/extensionHostProcess.js:101:51887)
2023-07-30 17:32:28.468 [error] [vscode.emmet] provider FAILED
2023-07-30 17:32:28.470 [error] TypeError: Cannot read properties of undefined (reading 'start')
    at t.DefaultCompletionItemProvider.b (/usr/lib/code/extensions/emmet/dist/node/emmetNodeMain.js:1:130429)
    at t.DefaultCompletionItemProvider.provideCompletionItems (/usr/lib/code/extensions/emmet/dist/node/emmetNodeMain.js:1:128898)
    at q.provideCompletionItems (/usr/lib/code/out/vs/workbench/api/node/extensionHostProcess.js:101:51252)
    at /usr/lib/code/out/vs/workbench/api/node/extensionHostProcess.js:101:72248
    at oe.s (/usr/lib/code/out/vs/workbench/api/node/extensionHostProcess.js:101:63904)
    at oe.$provideCompletionItems (/usr/lib/code/out/vs/workbench/api/node/extensionHostProcess.js:101:72235)
    at s.N (/usr/lib/code/out/vs/workbench/api/node/extensionHostProcess.js:111:11717)
    at s.M (/usr/lib/code/out/vs/workbench/api/node/extensionHostProcess.js:111:11435)
    at s.H (/usr/lib/code/out/vs/workbench/api/node/extensionHostProcess.js:111:10477)
    at s.G (/usr/lib/code/out/vs/workbench/api/node/extensionHostProcess.js:111:9494)
    at /usr/lib/code/out/vs/workbench/api/node/extensionHostProcess.js:111:8282
    at b.invoke (/usr/lib/code/out/vs/workbench/api/node/extensionHostProcess.js:63:145)
    at deliver (/usr/lib/code/out/vs/workbench/api/node/extensionHostProcess.js:63:2121)
    at n.fire (/usr/lib/code/out/vs/workbench/api/node/extensionHostProcess.js:63:1729)
    at p.fire (/usr/lib/code/out/vs/workbench/api/node/extensionHostProcess.js:73:14783)
    at /usr/lib/code/out/vs/workbench/api/node/extensionHostProcess.js:127:32461
    at b.invoke (/usr/lib/code/out/vs/workbench/api/node/extensionHostProcess.js:63:145)
    at deliver (/usr/lib/code/out/vs/workbench/api/node/extensionHostProcess.js:63:2121)
    at n.fire (/usr/lib/code/out/vs/workbench/api/node/extensionHostProcess.js:63:1729)
    at p.fire (/usr/lib/code/out/vs/workbench/api/node/extensionHostProcess.js:73:14783)
    at MessagePortMain.<anonymous> (/usr/lib/code/out/vs/workbench/api/node/extensionHostProcess.js:127:30587)
    at MessagePortMain.emit (node:events:513:28)
    at Object.MessagePortMain._internalPort.emit (node:electron/js2c/utility_init:2:367)
2023-07-30 17:34:45.729 [error] [DEVSENSE.phptools-vscode] provider FAILED
2023-07-30 17:34:45.729 [error] TypeError: Cannot read properties of null (reading 'tags')
    at G (/home/eho/.vscode-oss/extensions/devsense.phptools-vscode-1.36.13417-linux-x64/out/src/extension.js:91:46520)
    at q.resolveCompletionItem (/usr/lib/code/out/vs/workbench/api/node/extensionHostProcess.js:101:51887)
2023-07-30 17:36:24.543 [error] [DEVSENSE.phptools-vscode] provider FAILED
2023-07-30 17:36:24.543 [error] TypeError: Cannot read properties of null (reading 'tags')
    at G (/home/eho/.vscode-oss/extensions/devsense.phptools-vscode-1.36.13417-linux-x64/out/src/extension.js:91:46520)
    at q.resolveCompletionItem (/usr/lib/code/out/vs/workbench/api/node/extensionHostProcess.js:101:51887)
2023-07-30 17:38:38.265 [error] [DEVSENSE.phptools-vscode] provider FAILED
2023-07-30 17:38:38.265 [error] TypeError: Cannot read properties of null (reading 'tags')
    at G (/home/eho/.vscode-oss/extensions/devsense.phptools-vscode-1.36.13417-linux-x64/out/src/extension.js:91:46520)
    at q.resolveCompletionItem (/usr/lib/code/out/vs/workbench/api/node/extensionHostProcess.js:101:51887)
2023-07-30 17:42:22.975 [error] [DEVSENSE.phptools-vscode] provider FAILED
2023-07-30 17:42:22.975 [error] TypeError: Cannot read properties of null (reading 'tags')
    at G (/home/eho/.vscode-oss/extensions/devsense.phptools-vscode-1.36.13417-linux-x64/out/src/extension.js:91:46520)
    at q.resolveCompletionItem (/usr/lib/code/out/vs/workbench/api/node/extensionHostProcess.js:101:51887)
2023-07-30 17:42:23.153 [error] [DEVSENSE.phptools-vscode] provider FAILED
2023-07-30 17:42:23.153 [error] TypeError: Cannot read properties of null (reading 'tags')
    at G (/home/eho/.vscode-oss/extensions/devsense.phptools-vscode-1.36.13417-linux-x64/out/src/extension.js:91:46520)
    at q.resolveCompletionItem (/usr/lib/code/out/vs/workbench/api/node/extensionHostProcess.js:101:51887)
2023-07-30 17:42:23.494 [error] [DEVSENSE.phptools-vscode] provider FAILED
2023-07-30 17:42:23.494 [error] TypeError: Cannot read properties of null (reading 'tags')
    at G (/home/eho/.vscode-oss/extensions/devsense.phptools-vscode-1.36.13417-linux-x64/out/src/extension.js:91:46520)
    at q.resolveCompletionItem (/usr/lib/code/out/vs/workbench/api/node/extensionHostProcess.js:101:51887)
2023-07-30 17:42:23.887 [error] [DEVSENSE.phptools-vscode] provider FAILED
2023-07-30 17:42:23.887 [error] TypeError: Cannot read properties of null (reading 'tags')
    at G (/home/eho/.vscode-oss/extensions/devsense.phptools-vscode-1.36.13417-linux-x64/out/src/extension.js:91:46520)
    at q.resolveCompletionItem (/usr/lib/code/out/vs/workbench/api/node/extensionHostProcess.js:101:51887)
2023-07-30 17:42:24.517 [error] [DEVSENSE.phptools-vscode] provider FAILED
2023-07-30 17:42:24.517 [error] TypeError: Cannot read properties of null (reading 'tags')
    at G (/home/eho/.vscode-oss/extensions/devsense.phptools-vscode-1.36.13417-linux-x64/out/src/extension.js:91:46520)
    at q.resolveCompletionItem (/usr/lib/code/out/vs/workbench/api/node/extensionHostProcess.js:101:51887)
2023-07-30 17:42:24.618 [error] [DEVSENSE.phptools-vscode] provider FAILED
2023-07-30 17:42:24.618 [error] TypeError: Cannot read properties of null (reading 'tags')
    at G (/home/eho/.vscode-oss/extensions/devsense.phptools-vscode-1.36.13417-linux-x64/out/src/extension.js:91:46520)
    at q.resolveCompletionItem (/usr/lib/code/out/vs/workbench/api/node/extensionHostProcess.js:101:51887)
2023-07-30 17:42:29.907 [error] [DEVSENSE.phptools-vscode] provider FAILED
2023-07-30 17:42:29.907 [error] TypeError: Cannot read properties of null (reading 'tags')
    at G (/home/eho/.vscode-oss/extensions/devsense.phptools-vscode-1.36.13417-linux-x64/out/src/extension.js:91:46520)
    at q.resolveCompletionItem (/usr/lib/code/out/vs/workbench/api/node/extensionHostProcess.js:101:51887)
2023-07-30 17:42:30.140 [error] [DEVSENSE.phptools-vscode] provider FAILED
2023-07-30 17:42:30.140 [error] TypeError: Cannot read properties of null (reading 'tags')
    at G (/home/eho/.vscode-oss/extensions/devsense.phptools-vscode-1.36.13417-linux-x64/out/src/extension.js:91:46520)
    at q.resolveCompletionItem (/usr/lib/code/out/vs/workbench/api/node/extensionHostProcess.js:101:51887)
2023-07-30 17:42:30.433 [error] [DEVSENSE.phptools-vscode] provider FAILED
2023-07-30 17:42:30.434 [error] TypeError: Cannot read properties of null (reading 'tags')
    at G (/home/eho/.vscode-oss/extensions/devsense.phptools-vscode-1.36.13417-linux-x64/out/src/extension.js:91:46520)
    at q.resolveCompletionItem (/usr/lib/code/out/vs/workbench/api/node/extensionHostProcess.js:101:51887)
2023-07-30 17:42:48.604 [error] [DEVSENSE.phptools-vscode] provider FAILED
2023-07-30 17:42:48.613 [error] TypeError: Cannot read properties of null (reading 'tags')
    at G (/home/eho/.vscode-oss/extensions/devsense.phptools-vscode-1.36.13417-linux-x64/out/src/extension.js:91:46520)
    at q.resolveCompletionItem (/usr/lib/code/out/vs/workbench/api/node/extensionHostProcess.js:101:51887)
2023-07-30 17:42:55.547 [error] [DEVSENSE.phptools-vscode] provider FAILED
2023-07-30 17:42:55.548 [error] TypeError: Cannot read properties of null (reading 'tags')
    at G (/home/eho/.vscode-oss/extensions/devsense.phptools-vscode-1.36.13417-linux-x64/out/src/extension.js:91:46520)
    at q.resolveCompletionItem (/usr/lib/code/out/vs/workbench/api/node/extensionHostProcess.js:101:51887)
2023-07-30 17:42:55.980 [error] [DEVSENSE.phptools-vscode] provider FAILED
2023-07-30 17:42:55.980 [error] TypeError: Cannot read properties of null (reading 'tags')
    at G (/home/eho/.vscode-oss/extensions/devsense.phptools-vscode-1.36.13417-linux-x64/out/src/extension.js:91:46520)
    at q.resolveCompletionItem (/usr/lib/code/out/vs/workbench/api/node/extensionHostProcess.js:101:51887)
2023-07-30 17:42:56.211 [error] [DEVSENSE.phptools-vscode] provider FAILED
2023-07-30 17:42:56.211 [error] TypeError: Cannot read properties of null (reading 'tags')
    at G (/home/eho/.vscode-oss/extensions/devsense.phptools-vscode-1.36.13417-linux-x64/out/src/extension.js:91:46520)
    at q.resolveCompletionItem (/usr/lib/code/out/vs/workbench/api/node/extensionHostProcess.js:101:51887)
2023-07-30 17:42:56.586 [error] [DEVSENSE.phptools-vscode] provider FAILED
2023-07-30 17:42:56.586 [error] TypeError: Cannot read properties of null (reading 'tags')
    at G (/home/eho/.vscode-oss/extensions/devsense.phptools-vscode-1.36.13417-linux-x64/out/src/extension.js:91:46520)
    at q.resolveCompletionItem (/usr/lib/code/out/vs/workbench/api/node/extensionHostProcess.js:101:51887)
2023-07-30 17:42:59.934 [error] [DEVSENSE.phptools-vscode] provider FAILED
2023-07-30 17:42:59.934 [error] TypeError: Cannot read properties of null (reading 'tags')
    at G (/home/eho/.vscode-oss/extensions/devsense.phptools-vscode-1.36.13417-linux-x64/out/src/extension.js:91:46520)
    at q.resolveCompletionItem (/usr/lib/code/out/vs/workbench/api/node/extensionHostProcess.js:101:51887)
2023-07-30 17:43:00.120 [error] [DEVSENSE.phptools-vscode] provider FAILED
2023-07-30 17:43:00.120 [error] TypeError: Cannot read properties of null (reading 'tags')
    at G (/home/eho/.vscode-oss/extensions/devsense.phptools-vscode-1.36.13417-linux-x64/out/src/extension.js:91:46520)
    at q.resolveCompletionItem (/usr/lib/code/out/vs/workbench/api/node/extensionHostProcess.js:101:51887)
2023-07-30 17:43:00.310 [error] [DEVSENSE.phptools-vscode] provider FAILED
2023-07-30 17:43:00.310 [error] TypeError: Cannot read properties of null (reading 'tags')
    at G (/home/eho/.vscode-oss/extensions/devsense.phptools-vscode-1.36.13417-linux-x64/out/src/extension.js:91:46520)
    at q.resolveCompletionItem (/usr/lib/code/out/vs/workbench/api/node/extensionHostProcess.js:101:51887)
2023-07-30 17:43:00.451 [error] [DEVSENSE.phptools-vscode] provider FAILED
2023-07-30 17:43:00.451 [error] TypeError: Cannot read properties of null (reading 'tags')
    at G (/home/eho/.vscode-oss/extensions/devsense.phptools-vscode-1.36.13417-linux-x64/out/src/extension.js:91:46520)
    at q.resolveCompletionItem (/usr/lib/code/out/vs/workbench/api/node/extensionHostProcess.js:101:51887)
2023-07-30 17:43:00.624 [error] [DEVSENSE.phptools-vscode] provider FAILED
2023-07-30 17:43:00.625 [error] TypeError: Cannot read properties of null (reading 'tags')
    at G (/home/eho/.vscode-oss/extensions/devsense.phptools-vscode-1.36.13417-linux-x64/out/src/extension.js:91:46520)
    at q.resolveCompletionItem (/usr/lib/code/out/vs/workbench/api/node/extensionHostProcess.js:101:51887)
2023-07-30 17:43:02.030 [error] [DEVSENSE.phptools-vscode] provider FAILED
2023-07-30 17:43:02.030 [error] TypeError: Cannot read properties of null (reading 'tags')
    at G (/home/eho/.vscode-oss/extensions/devsense.phptools-vscode-1.36.13417-linux-x64/out/src/extension.js:91:46520)
    at q.resolveCompletionItem (/usr/lib/code/out/vs/workbench/api/node/extensionHostProcess.js:101:51887)
2023-07-30 17:43:02.199 [error] [DEVSENSE.phptools-vscode] provider FAILED
2023-07-30 17:43:02.200 [error] TypeError: Cannot read properties of null (reading 'tags')
    at G (/home/eho/.vscode-oss/extensions/devsense.phptools-vscode-1.36.13417-linux-x64/out/src/extension.js:91:46520)
    at q.resolveCompletionItem (/usr/lib/code/out/vs/workbench/api/node/extensionHostProcess.js:101:51887)
2023-07-30 17:43:02.383 [error] [DEVSENSE.phptools-vscode] provider FAILED
2023-07-30 17:43:02.383 [error] TypeError: Cannot read properties of null (reading 'tags')
    at G (/home/eho/.vscode-oss/extensions/devsense.phptools-vscode-1.36.13417-linux-x64/out/src/extension.js:91:46520)
    at q.resolveCompletionItem (/usr/lib/code/out/vs/workbench/api/node/extensionHostProcess.js:101:51887)
2023-07-30 17:43:02.539 [error] [DEVSENSE.phptools-vscode] provider FAILED
2023-07-30 17:43:02.539 [error] TypeError: Cannot read properties of null (reading 'tags')
    at G (/home/eho/.vscode-oss/extensions/devsense.phptools-vscode-1.36.13417-linux-x64/out/src/extension.js:91:46520)
    at q.resolveCompletionItem (/usr/lib/code/out/vs/workbench/api/node/extensionHostProcess.js:101:51887)
2023-07-30 17:43:02.760 [error] [DEVSENSE.phptools-vscode] provider FAILED
2023-07-30 17:43:02.760 [error] TypeError: Cannot read properties of null (reading 'tags')
    at G (/home/eho/.vscode-oss/extensions/devsense.phptools-vscode-1.36.13417-linux-x64/out/src/extension.js:91:46520)
    at q.resolveCompletionItem (/usr/lib/code/out/vs/workbench/api/node/extensionHostProcess.js:101:51887)
2023-07-30 17:43:03.195 [error] [DEVSENSE.phptools-vscode] provider FAILED
2023-07-30 17:43:03.195 [error] TypeError: Cannot read properties of null (reading 'tags')
    at G (/home/eho/.vscode-oss/extensions/devsense.phptools-vscode-1.36.13417-linux-x64/out/src/extension.js:91:46520)
    at q.resolveCompletionItem (/usr/lib/code/out/vs/workbench/api/node/extensionHostProcess.js:101:51887)
2023-07-30 17:44:00.950 [error] [DEVSENSE.phptools-vscode] provider FAILED
2023-07-30 17:44:00.950 [error] TypeError: Cannot read properties of null (reading 'tags')
    at G (/home/eho/.vscode-oss/extensions/devsense.phptools-vscode-1.36.13417-linux-x64/out/src/extension.js:91:46520)
    at q.resolveCompletionItem (/usr/lib/code/out/vs/workbench/api/node/extensionHostProcess.js:101:51887)
2023-07-30 17:44:01.199 [error] [DEVSENSE.phptools-vscode] provider FAILED
2023-07-30 17:44:01.199 [error] TypeError: Cannot read properties of null (reading 'tags')
    at G (/home/eho/.vscode-oss/extensions/devsense.phptools-vscode-1.36.13417-linux-x64/out/src/extension.js:91:46520)
    at q.resolveCompletionItem (/usr/lib/code/out/vs/workbench/api/node/extensionHostProcess.js:101:51887)
2023-07-30 17:45:22.247 [error] [DEVSENSE.phptools-vscode] provider FAILED
2023-07-30 17:45:22.248 [error] TypeError: Cannot read properties of null (reading 'tags')
    at G (/home/eho/.vscode-oss/extensions/devsense.phptools-vscode-1.36.13417-linux-x64/out/src/extension.js:91:46520)
    at q.resolveCompletionItem (/usr/lib/code/out/vs/workbench/api/node/extensionHostProcess.js:101:51887)
2023-07-30 17:45:23.444 [error] [DEVSENSE.phptools-vscode] provider FAILED
2023-07-30 17:45:23.445 [error] TypeError: Cannot read properties of null (reading 'tags')
    at G (/home/eho/.vscode-oss/extensions/devsense.phptools-vscode-1.36.13417-linux-x64/out/src/extension.js:91:46520)
    at q.resolveCompletionItem (/usr/lib/code/out/vs/workbench/api/node/extensionHostProcess.js:101:51887)
2023-07-30 18:17:35.439 [info] ExtensionService#_doActivateExtension vscode.extension-editing, startup: false, activationEvent: 'onLanguage:markdown'
2023-07-30 18:17:35.442 [info] ExtensionService#_doActivateExtension vscode.markdown-language-features, startup: false, activationEvent: 'onLanguage:markdown'
2023-07-30 18:17:35.892 [info] ExtensionService#_doActivateExtension vscode.markdown-math, startup: false, activationEvent: 'api', root cause: vscode.markdown-language-features
2023-07-30 18:38:17.100 [info] Extension host terminating: renderer closed the MessagePort
2023-07-30 18:38:22.127 [info] Extension host with pid 8164 exiting with code 0
