2023-07-30 18:38:26.468 [error] Extension 'ms-python.python CANNOT USE these API proposals 'contribEditorContentMenu, quickPickSortByLabel, envShellEvent, testObserver, quickPickItemTooltip, envCollectionWorkspace, saveEditor, envCollectionOptions'. You MUST start in extension development mode or use the --enable-proposed-api command line flag
2023-07-30 18:38:26.469 [error] Extension 'ms-toolsai.jupyter CANNOT USE these API proposals 'notebookDeprecated, notebookMessaging, notebookMime, notebookCellExecutionState, portsAttributes, quickPickSortByLabel, notebookKernelSource, interactiveWindow, notebookControllerAffinityHidden, quickPickItemTooltip'. You MUST start in extension development mode or use the --enable-proposed-api command line flag
2023-07-30 18:38:26.470 [error] Extension 'ms-toolsai.jupyter-renderers CANNOT USE these API proposals 'contribNotebookStaticPreloads'. You MUST start in extension development mode or use the --enable-proposed-api command line flag
2023-07-30 18:38:26.562 [error] [ms-python.python]: editor/content is a proposed menu identifier. It requires 'package.json#enabledApiProposals: ["contribEditorContentMenu"]' and is only available when running out of dev or with the following command line switch: --enable-proposed-api ms-python.python
2023-07-30 18:38:26.563 [error] [ms-toolsai.jupyter]: notebook/kernelSource is a proposed menu identifier. It requires 'package.json#enabledApiProposals: ["notebookKernelSource"]' and is only available when running out of dev or with the following command line switch: --enable-proposed-api ms-toolsai.jupyter
2023-07-30 18:38:27.532 [error] [HansUXdev.bootstrap5-snippets]: Unknown language in `contributes.bootstrap5-snippets.language`. Provided value: blade
2023-07-30 18:38:27.533 [error] [HansUXdev.bootstrap5-snippets]: Unknown language in `contributes.bootstrap5-snippets.language`. Provided value: ejs
2023-07-30 18:38:27.533 [error] [HansUXdev.bootstrap5-snippets]: Unknown language in `contributes.bootstrap5-snippets.language`. Provided value: latte
2023-07-30 18:38:27.533 [error] [HansUXdev.bootstrap5-snippets]: Unknown language in `contributes.bootstrap5-snippets.language`. Provided value: tpl
2023-07-30 18:38:27.534 [error] [HansUXdev.bootstrap5-snippets]: Unknown language in `contributes.bootstrap5-snippets.language`. Provided value: twig
2023-07-30 18:38:27.534 [error] [HansUXdev.bootstrap5-snippets]: Unknown language in `contributes.bootstrap5-snippets.language`. Provided value: vue-html
2023-07-30 18:38:27.534 [error] [HansUXdev.bootstrap5-snippets]: Unknown language in `contributes.bootstrap5-snippets.language`. Provided value: django-html
2023-07-30 18:38:27.534 [error] [HansUXdev.bootstrap5-snippets]: Unknown language in `contributes.bootstrap5-snippets.language`. Provided value: jinja-html
2023-07-30 18:38:27.534 [error] [HansUXdev.bootstrap5-snippets]: Unknown language in `contributes.bootstrap5-snippets.language`. Provided value: erb
2023-07-30 18:38:27.535 [error] [HansUXdev.bootstrap5-snippets]: Unknown language in `contributes.bootstrap5-snippets.language`. Provided value: HTML (Eex)
2023-07-30 18:38:27.535 [error] [HansUXdev.bootstrap5-snippets]: Unknown language in `contributes.bootstrap5-snippets.language`. Provided value: volt
2023-07-30 18:38:27.535 [error] [HansUXdev.bootstrap5-snippets]: Unknown language in `contributes.bootstrap5-snippets.language`. Provided value: nunjucks
2023-07-30 18:38:27.536 [error] [onecentlin.laravel5-snippets]: Unknown language in `contributes.laravel5-snippets.language`. Provided value: blade
2023-07-30 18:38:29.329 [info] [perf] Render performance baseline is 44ms
2023-07-30 22:43:41.696 [error] [text file model] handleSaveError(7) - exit - resulted in a save error: Error: Unable to write file '/home/eho/site/storage/logs/laravel.log' (Error: File Modified Since) file:///home/eho/site/storage/logs/laravel.log
2023-07-30 22:44:45.428 [error] Unable to read file '/home/eho/site/storage/logs/laravel.log' (Error: File not modified since): Error: Unable to read file '/home/eho/site/storage/logs/laravel.log' (Error: File not modified since)
    at e.FileService.w (vscode-file://vscode-app/usr/lib/code/out/vs/workbench/workbench.desktop.main.js:624:18034)
    at e.FileService.v (vscode-file://vscode-app/usr/lib/code/out/vs/workbench/workbench.desktop.main.js:624:17865)
    at async e.NativeTextFileService.H (vscode-file://vscode-app/usr/lib/code/out/vs/workbench/workbench.desktop.main.js:2310:40500)
    at async e.NativeTextFileService.readStream (vscode-file://vscode-app/usr/lib/code/out/vs/workbench/workbench.desktop.main.js:2310:40195)
    at async js.Ab (vscode-file://vscode-app/usr/lib/code/out/vs/workbench/workbench.desktop.main.js:2299:35191)
    at async js.resolve (vscode-file://vscode-app/usr/lib/code/out/vs/workbench/workbench.desktop.main.js:2299:33576)
    at async vscode-file://vscode-app/usr/lib/code/out/vs/workbench/workbench.desktop.main.js:2310:36218
