2023-07-30 18:38:27.562 [info] Log level: Info
2023-07-30 18:38:27.562 [info] Validating found git in: "git"
2023-07-30 18:38:27.562 [info] Using git "2.41.0" from "git"
2023-07-30 18:38:27.562 [info] > git rev-parse --show-toplevel [14ms]
2023-07-30 18:38:27.562 [info] fatal: not a git repository (or any of the parent directories): .git
2023-07-30 18:38:27.562 [info] > git rev-parse --show-toplevel [60ms]
2023-07-30 18:38:27.562 [info] fatal: not a git repository (or any of the parent directories): .git
2023-07-30 18:38:27.562 [info] > git rev-parse --show-toplevel [22ms]
2023-07-30 18:38:27.562 [info] fatal: not a git repository (or any of the parent directories): .git
2023-07-30 18:38:27.562 [info] > git rev-parse --show-toplevel [5ms]
2023-07-30 18:38:27.562 [info] fatal: not a git repository (or any of the parent directories): .git
2023-07-30 18:38:27.620 [info] > git rev-parse --show-toplevel [73ms]
2023-07-30 18:38:27.620 [info] fatal: not a git repository (or any of the parent directories): .git
2023-07-30 18:38:27.660 [info] > git rev-parse --show-toplevel [32ms]
2023-07-30 18:38:27.660 [info] fatal: not a git repository (or any of the parent directories): .git
2023-07-30 18:38:27.718 [info] > git rev-parse --show-toplevel [49ms]
2023-07-30 18:38:27.718 [info] fatal: not a git repository (or any of the parent directories): .git
2023-07-30 18:38:27.736 [info] > git rev-parse --show-toplevel [6ms]
2023-07-30 18:38:27.736 [info] fatal: not a git repository (or any of the parent directories): .git
2023-07-30 18:38:27.945 [info] > git rev-parse --show-toplevel [197ms]
2023-07-30 18:38:27.945 [info] fatal: not a git repository (or any of the parent directories): .git
2023-07-30 18:38:28.003 [info] > git rev-parse --show-toplevel [49ms]
2023-07-30 18:38:28.003 [info] fatal: not a git repository (or any of the parent directories): .git
2023-07-30 18:38:28.044 [info] > git rev-parse --show-toplevel [33ms]
2023-07-30 18:38:28.044 [info] fatal: not a git repository (or any of the parent directories): .git
2023-07-30 18:38:28.065 [info] > git rev-parse --show-toplevel [12ms]
2023-07-30 18:38:28.065 [info] fatal: not a git repository (or any of the parent directories): .git
2023-07-30 18:38:28.084 [info] > git rev-parse --show-toplevel [10ms]
2023-07-30 18:38:28.084 [info] fatal: not a git repository (or any of the parent directories): .git
2023-07-30 18:38:28.095 [info] > git rev-parse --show-toplevel [1ms]
2023-07-30 18:38:28.095 [info] fatal: not a git repository (or any of the parent directories): .git
2023-07-30 18:38:28.105 [info] > git rev-parse --show-toplevel [2ms]
2023-07-30 18:38:28.105 [info] fatal: not a git repository (or any of the parent directories): .git
2023-07-30 18:38:28.142 [info] > git rev-parse --show-toplevel [4ms]
2023-07-30 18:38:28.142 [info] fatal: not a git repository (or any of the parent directories): .git
2023-07-30 18:38:28.329 [info] > git rev-parse --show-toplevel [1ms]
2023-07-30 18:38:28.329 [info] fatal: not a git repository (or any of the parent directories): .git
2023-07-30 18:39:45.555 [info] > git rev-parse --show-toplevel [7ms]
2023-07-30 18:39:45.555 [info] fatal: not a git repository (or any of the parent directories): .git
2023-07-30 18:41:38.449 [info] > git rev-parse --show-toplevel [3ms]
2023-07-30 18:41:38.449 [info] fatal: not a git repository (or any of the parent directories): .git
2023-07-30 18:41:41.193 [info] > git rev-parse --show-toplevel [1ms]
2023-07-30 18:41:41.193 [info] fatal: not a git repository (or any of the parent directories): .git
2023-07-30 19:04:12.539 [info] > git rev-parse --show-toplevel [4ms]
2023-07-30 19:04:12.539 [info] fatal: not a git repository (or any of the parent directories): .git
2023-07-30 19:04:14.851 [info] > git rev-parse --show-toplevel [3ms]
2023-07-30 19:04:14.852 [info] fatal: not a git repository (or any of the parent directories): .git
2023-07-30 19:04:21.672 [info] > git rev-parse --show-toplevel [3ms]
2023-07-30 19:04:21.672 [info] fatal: not a git repository (or any of the parent directories): .git
2023-07-30 19:04:30.950 [info] > git rev-parse --show-toplevel [4ms]
2023-07-30 19:04:30.950 [info] fatal: not a git repository (or any of the parent directories): .git
2023-07-30 22:04:46.218 [info] > git rev-parse --show-toplevel [3ms]
2023-07-30 22:04:46.219 [info] fatal: not a git repository (or any of the parent directories): .git
2023-07-30 22:05:43.568 [info] > git rev-parse --show-toplevel [4ms]
2023-07-30 22:05:43.568 [info] fatal: not a git repository (or any of the parent directories): .git
2023-07-30 22:06:32.290 [info] > git rev-parse --show-toplevel [2ms]
2023-07-30 22:06:32.290 [info] fatal: not a git repository (or any of the parent directories): .git
2023-07-30 22:06:34.307 [info] > git rev-parse --show-toplevel [2ms]
2023-07-30 22:06:34.308 [info] fatal: not a git repository (or any of the parent directories): .git
2023-07-30 22:06:37.853 [info] > git rev-parse --show-toplevel [3ms]
2023-07-30 22:06:37.853 [info] fatal: not a git repository (or any of the parent directories): .git
2023-07-30 22:07:05.177 [info] > git rev-parse --show-toplevel [4ms]
2023-07-30 22:07:05.177 [info] fatal: not a git repository (or any of the parent directories): .git
2023-07-30 22:15:39.464 [info] > git rev-parse --show-toplevel [4ms]
2023-07-30 22:15:39.464 [info] fatal: not a git repository (or any of the parent directories): .git
2023-07-30 22:16:18.111 [info] > git rev-parse --show-toplevel [5ms]
2023-07-30 22:16:18.111 [info] fatal: not a git repository (or any of the parent directories): .git
2023-07-30 22:17:22.028 [info] > git rev-parse --show-toplevel [3ms]
2023-07-30 22:17:22.028 [info] fatal: not a git repository (or any of the parent directories): .git
2023-07-30 22:17:24.120 [info] > git rev-parse --show-toplevel [2ms]
2023-07-30 22:17:24.120 [info] fatal: not a git repository (or any of the parent directories): .git
2023-07-30 22:17:33.023 [info] > git rev-parse --show-toplevel [2ms]
2023-07-30 22:17:33.023 [info] fatal: not a git repository (or any of the parent directories): .git
2023-07-30 22:17:33.174 [info] > git rev-parse --show-toplevel [4ms]
2023-07-30 22:17:33.174 [info] fatal: not a git repository (or any of the parent directories): .git
2023-07-30 22:17:35.980 [info] > git rev-parse --show-toplevel [3ms]
2023-07-30 22:17:35.980 [info] fatal: not a git repository (or any of the parent directories): .git
2023-07-30 22:17:47.261 [info] > git rev-parse --show-toplevel [5ms]
2023-07-30 22:17:47.261 [info] fatal: not a git repository (or any of the parent directories): .git
2023-07-30 22:19:56.699 [info] > git rev-parse --show-toplevel [6ms]
2023-07-30 22:19:56.699 [info] fatal: not a git repository (or any of the parent directories): .git
2023-07-30 22:22:32.357 [info] > git rev-parse --show-toplevel [1ms]
2023-07-30 22:22:32.357 [info] fatal: not a git repository (or any of the parent directories): .git
2023-07-30 22:23:19.690 [info] > git rev-parse --show-toplevel [3ms]
2023-07-30 22:23:19.690 [info] fatal: not a git repository (or any of the parent directories): .git
2023-07-30 22:23:28.292 [info] > git rev-parse --show-toplevel [3ms]
2023-07-30 22:23:28.292 [info] fatal: not a git repository (or any of the parent directories): .git
2023-07-30 22:23:52.990 [info] > git rev-parse --show-toplevel [2ms]
2023-07-30 22:23:52.990 [info] fatal: not a git repository (or any of the parent directories): .git
2023-07-30 22:24:08.882 [info] > git rev-parse --show-toplevel [1ms]
2023-07-30 22:24:08.883 [info] fatal: not a git repository (or any of the parent directories): .git
2023-07-30 22:24:09.941 [info] > git rev-parse --show-toplevel [1ms]
2023-07-30 22:24:09.941 [info] fatal: not a git repository (or any of the parent directories): .git
2023-07-30 22:24:11.936 [info] > git rev-parse --show-toplevel [0ms]
2023-07-30 22:24:11.936 [info] fatal: not a git repository (or any of the parent directories): .git
2023-07-30 22:24:45.597 [info] > git rev-parse --show-toplevel [1ms]
2023-07-30 22:24:45.597 [info] fatal: not a git repository (or any of the parent directories): .git
2023-07-30 22:24:56.104 [info] > git rev-parse --show-toplevel [4ms]
2023-07-30 22:24:56.104 [info] fatal: not a git repository (or any of the parent directories): .git
2023-07-30 22:25:13.588 [info] > git rev-parse --show-toplevel [6ms]
2023-07-30 22:25:13.588 [info] fatal: not a git repository (or any of the parent directories): .git
2023-07-30 22:27:38.079 [info] > git rev-parse --show-toplevel [3ms]
2023-07-30 22:27:38.079 [info] fatal: not a git repository (or any of the parent directories): .git
2023-07-30 22:33:01.378 [info] > git rev-parse --show-toplevel [3ms]
2023-07-30 22:33:01.378 [info] fatal: not a git repository (or any of the parent directories): .git
2023-07-30 22:33:15.591 [info] > git rev-parse --show-toplevel [2ms]
2023-07-30 22:33:15.591 [info] fatal: not a git repository (or any of the parent directories): .git
2023-07-30 22:33:18.526 [info] > git rev-parse --show-toplevel [2ms]
2023-07-30 22:33:18.526 [info] fatal: not a git repository (or any of the parent directories): .git
2023-07-30 22:33:54.179 [info] > git rev-parse --show-toplevel [3ms]
2023-07-30 22:33:54.179 [info] fatal: not a git repository (or any of the parent directories): .git
2023-07-30 22:34:39.263 [info] > git rev-parse --show-toplevel [2ms]
2023-07-30 22:34:39.263 [info] fatal: not a git repository (or any of the parent directories): .git
2023-07-30 22:34:57.024 [info] > git rev-parse --show-toplevel [2ms]
2023-07-30 22:34:57.024 [info] fatal: not a git repository (or any of the parent directories): .git
2023-07-30 22:35:24.881 [info] > git rev-parse --show-toplevel [5ms]
2023-07-30 22:35:24.881 [info] fatal: not a git repository (or any of the parent directories): .git
2023-07-30 22:37:01.640 [info] > git rev-parse --show-toplevel [2ms]
2023-07-30 22:37:01.640 [info] fatal: not a git repository (or any of the parent directories): .git
2023-07-30 22:37:35.543 [info] > git rev-parse --show-toplevel [4ms]
2023-07-30 22:37:35.543 [info] fatal: not a git repository (or any of the parent directories): .git
2023-07-30 22:37:43.895 [info] > git rev-parse --show-toplevel [3ms]
2023-07-30 22:37:43.895 [info] fatal: not a git repository (or any of the parent directories): .git
2023-07-30 22:38:12.811 [info] > git rev-parse --show-toplevel [3ms]
2023-07-30 22:38:12.811 [info] fatal: not a git repository (or any of the parent directories): .git
2023-07-30 22:38:13.750 [info] > git rev-parse --show-toplevel [2ms]
2023-07-30 22:38:13.750 [info] fatal: not a git repository (or any of the parent directories): .git
2023-07-30 22:39:42.716 [info] > git rev-parse --show-toplevel [5ms]
2023-07-30 22:39:42.716 [info] fatal: not a git repository (or any of the parent directories): .git
2023-07-30 22:40:14.412 [info] > git rev-parse --show-toplevel [2ms]
2023-07-30 22:40:14.413 [info] fatal: not a git repository (or any of the parent directories): .git
2023-07-30 22:40:16.270 [info] > git rev-parse --show-toplevel [2ms]
2023-07-30 22:40:16.270 [info] fatal: not a git repository (or any of the parent directories): .git
2023-07-30 22:40:25.258 [info] > git rev-parse --show-toplevel [4ms]
2023-07-30 22:40:25.258 [info] fatal: not a git repository (or any of the parent directories): .git
2023-07-30 22:40:25.932 [info] > git rev-parse --show-toplevel [4ms]
2023-07-30 22:40:25.932 [info] fatal: not a git repository (or any of the parent directories): .git
2023-07-30 22:40:30.781 [info] > git rev-parse --show-toplevel [1ms]
2023-07-30 22:40:30.781 [info] fatal: not a git repository (or any of the parent directories): .git
2023-07-30 22:40:35.154 [info] > git rev-parse --show-toplevel [2ms]
2023-07-30 22:40:35.154 [info] fatal: not a git repository (or any of the parent directories): .git
2023-07-30 22:41:05.849 [info] > git rev-parse --show-toplevel [3ms]
2023-07-30 22:41:05.849 [info] fatal: not a git repository (or any of the parent directories): .git
2023-07-30 22:41:06.618 [info] > git rev-parse --show-toplevel [2ms]
2023-07-30 22:41:06.618 [info] fatal: not a git repository (or any of the parent directories): .git
2023-07-30 22:41:26.504 [info] > git rev-parse --show-toplevel [3ms]
2023-07-30 22:41:26.504 [info] fatal: not a git repository (or any of the parent directories): .git
2023-07-30 22:43:32.275 [info] > git rev-parse --show-toplevel [3ms]
2023-07-30 22:43:32.275 [info] fatal: not a git repository (or any of the parent directories): .git
2023-07-30 22:43:52.312 [info] > git rev-parse --show-toplevel [3ms]
2023-07-30 22:43:52.312 [info] fatal: not a git repository (or any of the parent directories): .git
2023-07-30 22:44:41.363 [info] > git rev-parse --show-toplevel [3ms]
2023-07-30 22:44:41.363 [info] fatal: not a git repository (or any of the parent directories): .git
2023-07-30 22:44:45.403 [info] > git rev-parse --show-toplevel [2ms]
2023-07-30 22:44:45.403 [info] fatal: not a git repository (or any of the parent directories): .git
2023-07-30 22:44:49.646 [info] > git rev-parse --show-toplevel [2ms]
2023-07-30 22:44:49.646 [info] fatal: not a git repository (or any of the parent directories): .git
2023-07-30 22:45:05.366 [info] > git rev-parse --show-toplevel [2ms]
2023-07-30 22:45:05.366 [info] fatal: not a git repository (or any of the parent directories): .git
2023-07-30 22:53:52.223 [info] > git rev-parse --show-toplevel [5ms]
2023-07-30 22:53:52.224 [info] fatal: not a git repository (or any of the parent directories): .git
2023-07-30 22:57:18.685 [info] > git rev-parse --show-toplevel [6ms]
2023-07-30 22:57:18.685 [info] fatal: not a git repository (or any of the parent directories): .git
2023-07-30 22:57:27.312 [info] > git rev-parse --show-toplevel [2ms]
2023-07-30 22:57:27.312 [info] fatal: not a git repository (or any of the parent directories): .git
2023-07-30 22:57:36.058 [info] > git rev-parse --show-toplevel [2ms]
2023-07-30 22:57:36.058 [info] fatal: not a git repository (or any of the parent directories): .git
2023-07-30 22:57:40.703 [info] > git rev-parse --show-toplevel [2ms]
2023-07-30 22:57:40.703 [info] fatal: not a git repository (or any of the parent directories): .git
2023-07-30 22:57:47.722 [info] > git rev-parse --show-toplevel [3ms]
2023-07-30 22:57:47.722 [info] fatal: not a git repository (or any of the parent directories): .git
2023-07-30 22:57:51.030 [info] > git rev-parse --show-toplevel [3ms]
2023-07-30 22:57:51.030 [info] fatal: not a git repository (or any of the parent directories): .git
2023-07-30 22:58:09.583 [info] > git rev-parse --show-toplevel [1ms]
2023-07-30 22:58:09.583 [info] fatal: not a git repository (or any of the parent directories): .git
2023-07-30 23:01:17.418 [info] > git rev-parse --show-toplevel [4ms]
2023-07-30 23:01:17.418 [info] fatal: not a git repository (or any of the parent directories): .git
2023-07-30 23:04:28.393 [info] > git rev-parse --show-toplevel [3ms]
2023-07-30 23:04:28.393 [info] fatal: not a git repository (or any of the parent directories): .git
2023-07-30 23:04:54.525 [info] > git rev-parse --show-toplevel [3ms]
2023-07-30 23:04:54.525 [info] fatal: not a git repository (or any of the parent directories): .git
2023-07-30 23:09:54.817 [info] > git rev-parse --show-toplevel [3ms]
2023-07-30 23:09:54.818 [info] fatal: not a git repository (or any of the parent directories): .git
2023-07-30 23:11:19.258 [info] > git rev-parse --show-toplevel [4ms]
2023-07-30 23:11:19.258 [info] fatal: not a git repository (or any of the parent directories): .git
2023-07-30 23:11:25.841 [info] > git rev-parse --show-toplevel [2ms]
2023-07-30 23:11:25.841 [info] fatal: not a git repository (or any of the parent directories): .git
2023-07-30 23:11:26.790 [info] > git rev-parse --show-toplevel [5ms]
2023-07-30 23:11:26.790 [info] fatal: not a git repository (or any of the parent directories): .git
2023-07-30 23:11:27.521 [info] > git rev-parse --show-toplevel [5ms]
2023-07-30 23:11:27.521 [info] fatal: not a git repository (or any of the parent directories): .git
2023-07-30 23:11:47.122 [info] > git rev-parse --show-toplevel [2ms]
2023-07-30 23:11:47.122 [info] fatal: not a git repository (or any of the parent directories): .git
2023-07-30 23:11:49.979 [info] > git rev-parse --show-toplevel [2ms]
2023-07-30 23:11:49.979 [info] fatal: not a git repository (or any of the parent directories): .git
2023-07-30 23:11:51.435 [info] > git rev-parse --show-toplevel [2ms]
2023-07-30 23:11:51.435 [info] fatal: not a git repository (or any of the parent directories): .git
2023-07-30 23:12:21.367 [info] > git rev-parse --show-toplevel [2ms]
2023-07-30 23:12:21.367 [info] fatal: not a git repository (or any of the parent directories): .git
2023-07-30 23:12:26.084 [info] > git rev-parse --show-toplevel [2ms]
2023-07-30 23:12:26.084 [info] fatal: not a git repository (or any of the parent directories): .git
2023-07-30 23:12:30.371 [info] > git rev-parse --show-toplevel [3ms]
2023-07-30 23:12:30.371 [info] fatal: not a git repository (or any of the parent directories): .git
2023-07-30 23:12:34.083 [info] > git rev-parse --show-toplevel [3ms]
2023-07-30 23:12:34.083 [info] fatal: not a git repository (or any of the parent directories): .git
2023-07-30 23:12:35.699 [info] > git rev-parse --show-toplevel [2ms]
2023-07-30 23:12:35.699 [info] fatal: not a git repository (or any of the parent directories): .git
2023-07-30 23:12:37.193 [info] > git rev-parse --show-toplevel [2ms]
2023-07-30 23:12:37.193 [info] fatal: not a git repository (or any of the parent directories): .git
2023-07-30 23:12:38.135 [info] > git rev-parse --show-toplevel [2ms]
2023-07-30 23:12:38.135 [info] fatal: not a git repository (or any of the parent directories): .git
2023-07-30 23:12:40.678 [info] > git rev-parse --show-toplevel [3ms]
2023-07-30 23:12:40.678 [info] fatal: not a git repository (or any of the parent directories): .git
2023-07-30 23:12:41.502 [info] > git rev-parse --show-toplevel [2ms]
2023-07-30 23:12:41.502 [info] fatal: not a git repository (or any of the parent directories): .git
2023-07-30 23:12:52.209 [info] > git rev-parse --show-toplevel [3ms]
2023-07-30 23:12:52.209 [info] fatal: not a git repository (or any of the parent directories): .git
2023-07-30 23:18:51.113 [info] > git rev-parse --show-toplevel [3ms]
2023-07-30 23:18:51.113 [info] fatal: not a git repository (or any of the parent directories): .git
2023-07-30 23:19:00.370 [info] > git rev-parse --show-toplevel [3ms]
2023-07-30 23:19:00.370 [info] fatal: not a git repository (or any of the parent directories): .git
2023-07-30 23:19:01.955 [info] > git rev-parse --show-toplevel [3ms]
2023-07-30 23:19:01.956 [info] fatal: not a git repository (or any of the parent directories): .git
2023-07-30 23:19:09.498 [info] > git rev-parse --show-toplevel [2ms]
2023-07-30 23:19:09.498 [info] fatal: not a git repository (or any of the parent directories): .git
2023-07-30 23:19:20.897 [info] > git rev-parse --show-toplevel [4ms]
2023-07-30 23:19:20.898 [info] fatal: not a git repository (or any of the parent directories): .git
2023-07-30 23:22:18.466 [info] > git rev-parse --show-toplevel [2ms]
2023-07-30 23:22:18.466 [info] fatal: not a git repository (or any of the parent directories): .git
2023-07-30 23:26:18.588 [info] > git rev-parse --show-toplevel [2ms]
2023-07-30 23:26:18.588 [info] fatal: not a git repository (or any of the parent directories): .git
2023-07-30 23:26:31.030 [info] > git rev-parse --show-toplevel [2ms]
2023-07-30 23:26:31.030 [info] fatal: not a git repository (or any of the parent directories): .git
2023-07-30 23:26:32.682 [info] > git rev-parse --show-toplevel [3ms]
2023-07-30 23:26:32.682 [info] fatal: not a git repository (or any of the parent directories): .git
2023-07-30 23:26:38.166 [info] > git rev-parse --show-toplevel [2ms]
2023-07-30 23:26:38.166 [info] fatal: not a git repository (or any of the parent directories): .git
2023-07-30 23:26:45.196 [info] > git rev-parse --show-toplevel [3ms]
2023-07-30 23:26:45.196 [info] fatal: not a git repository (or any of the parent directories): .git
2023-07-30 23:26:49.228 [info] > git rev-parse --show-toplevel [2ms]
2023-07-30 23:26:49.228 [info] fatal: not a git repository (or any of the parent directories): .git
2023-07-30 23:27:33.661 [info] > git rev-parse --show-toplevel [3ms]
2023-07-30 23:27:33.661 [info] fatal: not a git repository (or any of the parent directories): .git
2023-07-30 23:27:46.942 [info] > git rev-parse --show-toplevel [1ms]
2023-07-30 23:27:46.942 [info] fatal: not a git repository (or any of the parent directories): .git
2023-07-30 23:27:46.963 [info] > git rev-parse --show-toplevel [1ms]
2023-07-30 23:27:46.963 [info] fatal: not a git repository (or any of the parent directories): .git
