2023-06-16 22:59:57.245 [info] Log level: Info
2023-06-16 22:59:57.245 [info] Validating found git in: "git"
2023-06-16 22:59:57.245 [info] Using git "2.40.1" from "git"
2023-06-16 22:59:57.245 [info] > git rev-parse --show-toplevel [12ms]
2023-06-16 22:59:57.245 [info] fatal: not a git repository (or any of the parent directories): .git
2023-06-16 23:00:05.678 [info] > git rev-parse --show-toplevel [4ms]
2023-06-16 23:00:05.678 [info] fatal: not a git repository (or any of the parent directories): .git
2023-06-16 23:00:12.108 [info] > git rev-parse --show-toplevel [3ms]
2023-06-16 23:00:12.108 [info] fatal: not a git repository (or any of the parent directories): .git
2023-06-16 23:00:44.562 [info] Log level: Info
2023-06-16 23:00:44.562 [info] Validating found git in: "git"
2023-06-16 23:00:44.562 [info] Using git "2.40.1" from "git"
2023-06-16 23:00:44.562 [info] > git rev-parse --show-toplevel [3ms]
2023-06-16 23:00:44.562 [info] fatal: not a git repository (or any of the parent directories): .git
2023-06-16 23:00:44.562 [info] > git rev-parse --show-toplevel [2ms]
2023-06-16 23:00:44.562 [info] fatal: not a git repository (or any of the parent directories): .git
2023-06-16 23:00:44.562 [info] > git rev-parse --show-toplevel [0ms]
2023-06-16 23:00:44.562 [info] fatal: not a git repository (or any of the parent directories): .git
2023-06-16 23:00:44.562 [info] > git rev-parse --show-toplevel [1ms]
2023-06-16 23:00:44.562 [info] fatal: not a git repository (or any of the parent directories): .git
2023-06-16 23:00:44.562 [info] > git rev-parse --show-toplevel [3ms]
2023-06-16 23:00:44.563 [info] fatal: not a git repository (or any of the parent directories): .git
2023-06-16 23:00:44.563 [info] > git rev-parse --show-toplevel [0ms]
2023-06-16 23:00:44.563 [info] fatal: not a git repository (or any of the parent directories): .git
2023-06-16 23:00:44.563 [info] > git rev-parse --show-toplevel [0ms]
2023-06-16 23:00:44.563 [info] fatal: not a git repository (or any of the parent directories): .git
2023-06-16 23:00:44.563 [info] > git rev-parse --show-toplevel [3ms]
2023-06-16 23:00:44.563 [info] fatal: not a git repository (or any of the parent directories): .git
2023-06-16 23:00:44.563 [info] > git rev-parse --show-toplevel [14ms]
2023-06-16 23:00:44.563 [info] fatal: not a git repository (or any of the parent directories): .git
2023-06-16 23:00:44.570 [info] > git rev-parse --show-toplevel [1ms]
2023-06-16 23:00:44.570 [info] fatal: not a git repository (or any of the parent directories): .git
2023-06-16 23:00:44.578 [info] > git rev-parse --show-toplevel [2ms]
2023-06-16 23:00:44.578 [info] fatal: not a git repository (or any of the parent directories): .git
2023-06-16 23:00:44.585 [info] > git rev-parse --show-toplevel [1ms]
2023-06-16 23:00:44.585 [info] fatal: not a git repository (or any of the parent directories): .git
2023-06-16 23:00:44.589 [info] > git rev-parse --show-toplevel [1ms]
2023-06-16 23:00:44.589 [info] fatal: not a git repository (or any of the parent directories): .git
2023-06-16 23:02:29.238 [info] > git rev-parse --show-toplevel [3ms]
2023-06-16 23:02:29.238 [info] fatal: not a git repository (or any of the parent directories): .git
2023-06-16 23:02:31.852 [info] > git rev-parse --show-toplevel [17ms]
2023-06-16 23:02:31.852 [info] fatal: not a git repository (or any of the parent directories): .git
