2023-06-24 13:29:36.257 [info] Log level: Info
2023-06-24 13:29:36.257 [info] Validating found git in: "git"
2023-06-24 13:29:36.257 [info] Using git "2.40.1" from "git"
2023-06-24 13:29:36.257 [info] > git rev-parse --show-toplevel [4ms]
2023-06-24 13:29:36.281 [info] > git rev-parse --git-dir --git-common-dir [18ms]
2023-06-24 13:29:36.290 [info] Open repository: /home/eho/projects/EliteMafiaBot-1
2023-06-24 13:29:36.313 [info] > git config --get commit.template [4ms]
2023-06-24 13:29:36.314 [info] > git rev-parse --show-toplevel [16ms]
2023-06-24 13:29:36.342 [info] > git rev-parse --show-toplevel [16ms]
2023-06-24 13:29:36.351 [info] > git for-each-ref --format=%(refname)%00%(upstream:short)%00%(objectname)%00%(upstream:track)%00%(upstream:remotename)%00%(upstream:remoteref) refs/heads/main refs/remotes/main [11ms]
2023-06-24 13:29:36.368 [info] > git status -z -uall [4ms]
2023-06-24 13:29:36.398 [info] > git config --get commit.template [11ms]
2023-06-24 13:29:36.411 [info] > git for-each-ref --format=%(refname)%00%(upstream:short)%00%(objectname)%00%(upstream:track)%00%(upstream:remotename)%00%(upstream:remoteref) refs/heads/main refs/remotes/main [2ms]
2023-06-24 13:29:36.421 [info] > git status -z -uall [3ms]
2023-06-24 13:29:36.619 [info] > git show --textconv :src/game_logic/waiting_context.py [7ms]
2023-06-24 13:29:36.620 [info] > git ls-files --stage -- /home/eho/projects/EliteMafiaBot-1/src/game_logic/waiting_context.py [2ms]
2023-06-24 13:29:36.628 [info] > git cat-file -s 661627ce613ff3b3f95581dd0238f7df78f2162d [1ms]
2023-06-24 13:29:36.858 [info] > git check-ignore -v -z --stdin [2ms]
2023-06-24 13:31:34.543 [info] Log level: Info
2023-06-24 13:31:34.543 [info] Validating found git in: "git"
2023-06-24 13:31:34.543 [info] Using git "2.40.1" from "git"
2023-06-24 13:31:34.543 [info] > git rev-parse --show-toplevel [4ms]
2023-06-24 13:31:34.543 [info] fatal: not a git repository (or any of the parent directories): .git
2023-06-24 13:31:34.543 [info] > git rev-parse --show-toplevel [1ms]
2023-06-24 13:31:34.543 [info] fatal: not a git repository (or any of the parent directories): .git
2023-06-24 13:31:34.543 [info] > git rev-parse --show-toplevel [12ms]
2023-06-24 13:31:34.543 [info] fatal: not a git repository (or any of the parent directories): .git
2023-06-24 13:31:34.543 [info] > git rev-parse --show-toplevel [1ms]
2023-06-24 13:31:34.543 [info] fatal: not a git repository (or any of the parent directories): .git
2023-06-24 13:31:34.543 [info] > git rev-parse --show-toplevel [5ms]
2023-06-24 13:31:34.543 [info] fatal: not a git repository (or any of the parent directories): .git
2023-06-24 13:31:34.543 [info] > git rev-parse --show-toplevel [3ms]
2023-06-24 13:31:34.543 [info] fatal: not a git repository (or any of the parent directories): .git
2023-06-24 13:31:34.544 [info] > git rev-parse --show-toplevel [1ms]
2023-06-24 13:31:34.544 [info] fatal: not a git repository (or any of the parent directories): .git
2023-06-24 13:31:34.557 [info] > git rev-parse --show-toplevel [1ms]
2023-06-24 13:31:34.557 [info] fatal: not a git repository (or any of the parent directories): .git
2023-06-24 13:31:34.570 [info] > git rev-parse --show-toplevel [1ms]
2023-06-24 13:31:34.571 [info] fatal: not a git repository (or any of the parent directories): .git
2023-06-24 13:31:34.579 [info] > git rev-parse --show-toplevel [1ms]
2023-06-24 13:31:34.579 [info] fatal: not a git repository (or any of the parent directories): .git
2023-06-24 13:31:34.585 [info] > git rev-parse --show-toplevel [0ms]
2023-06-24 13:31:34.585 [info] fatal: not a git repository (or any of the parent directories): .git
2023-06-24 13:31:34.595 [info] > git rev-parse --show-toplevel [1ms]
2023-06-24 13:31:34.595 [info] fatal: not a git repository (or any of the parent directories): .git
2023-06-24 13:31:34.606 [info] > git rev-parse --show-toplevel [3ms]
2023-06-24 13:31:34.607 [info] fatal: not a git repository (or any of the parent directories): .git
2023-06-24 13:31:34.620 [info] > git rev-parse --show-toplevel [4ms]
2023-06-24 13:31:34.620 [info] fatal: not a git repository (or any of the parent directories): .git
2023-06-24 13:31:34.630 [info] > git rev-parse --show-toplevel [1ms]
2023-06-24 13:31:34.630 [info] fatal: not a git repository (or any of the parent directories): .git
2023-06-24 13:31:34.641 [info] > git rev-parse --show-toplevel [1ms]
2023-06-24 13:31:34.642 [info] fatal: not a git repository (or any of the parent directories): .git
2023-06-24 13:31:34.648 [info] > git rev-parse --show-toplevel [1ms]
2023-06-24 13:31:34.648 [info] fatal: not a git repository (or any of the parent directories): .git
2023-06-24 13:31:34.654 [info] > git rev-parse --show-toplevel [1ms]
2023-06-24 13:31:34.654 [info] fatal: not a git repository (or any of the parent directories): .git
2023-06-24 13:31:34.660 [info] > git rev-parse --show-toplevel [1ms]
2023-06-24 13:31:34.660 [info] fatal: not a git repository (or any of the parent directories): .git
2023-06-24 13:31:34.664 [info] > git rev-parse --show-toplevel [1ms]
2023-06-24 13:31:34.664 [info] fatal: not a git repository (or any of the parent directories): .git
2023-06-24 13:31:34.674 [info] > git rev-parse --show-toplevel [3ms]
2023-06-24 13:31:34.674 [info] fatal: not a git repository (or any of the parent directories): .git
2023-06-24 13:31:34.681 [info] > git rev-parse --show-toplevel [1ms]
2023-06-24 13:31:34.681 [info] fatal: not a git repository (or any of the parent directories): .git
2023-06-24 13:31:34.686 [info] > git rev-parse --show-toplevel [1ms]
2023-06-24 13:31:34.686 [info] fatal: not a git repository (or any of the parent directories): .git
2023-06-24 13:31:34.692 [info] > git rev-parse --show-toplevel [1ms]
2023-06-24 13:31:34.692 [info] fatal: not a git repository (or any of the parent directories): .git
2023-06-24 13:31:34.698 [info] > git rev-parse --show-toplevel [1ms]
2023-06-24 13:31:34.698 [info] fatal: not a git repository (or any of the parent directories): .git
2023-06-24 13:31:34.703 [info] > git rev-parse --show-toplevel [1ms]
2023-06-24 13:31:34.703 [info] fatal: not a git repository (or any of the parent directories): .git
2023-06-24 13:31:34.720 [info] > git rev-parse --show-toplevel [12ms]
2023-06-24 13:31:34.720 [info] fatal: not a git repository (or any of the parent directories): .git
2023-06-24 13:31:34.727 [info] > git rev-parse --show-toplevel [0ms]
2023-06-24 13:31:34.727 [info] fatal: not a git repository (or any of the parent directories): .git
2023-06-24 13:31:38.409 [info] > git rev-parse --show-toplevel [1ms]
2023-06-24 13:31:38.409 [info] fatal: not a git repository (or any of the parent directories): .git
2023-06-24 13:31:43.381 [info] > git rev-parse --show-toplevel [0ms]
2023-06-24 13:31:43.382 [info] fatal: not a git repository (or any of the parent directories): .git
2023-06-24 13:31:46.778 [info] > git rev-parse --show-toplevel [2ms]
2023-06-24 13:31:46.778 [info] fatal: not a git repository (or any of the parent directories): .git
2023-06-24 13:31:51.335 [info] > git rev-parse --show-toplevel [1ms]
2023-06-24 13:31:51.335 [info] fatal: not a git repository (or any of the parent directories): .git
2023-06-24 13:31:52.700 [info] > git rev-parse --show-toplevel [5ms]
2023-06-24 13:31:52.701 [info] fatal: not a git repository (or any of the parent directories): .git
2023-06-24 13:31:53.956 [info] > git rev-parse --show-toplevel [1ms]
2023-06-24 13:31:53.956 [info] fatal: not a git repository (or any of the parent directories): .git
2023-06-24 13:31:56.313 [info] > git rev-parse --show-toplevel [3ms]
2023-06-24 13:31:56.314 [info] fatal: not a git repository (or any of the parent directories): .git
2023-06-24 13:32:06.843 [info] > git init [14ms]
2023-06-24 13:32:06.843 [info] hint: Using 'master' as the name for the initial branch. This default branch name
hint: is subject to change. To configure the initial branch name to use in all
hint: of your new repositories, which will suppress this warning, call:
hint: 
hint: 	git config --global init.defaultBranch <name>
hint: 
hint: Names commonly chosen instead of 'master' are 'main', 'trunk' and
hint: 'development'. The just-created branch can be renamed via this command:
hint: 
hint: 	git branch -m <name>
2023-06-24 13:32:07.423 [info] > git rev-parse --show-toplevel [1ms]
2023-06-24 13:32:07.428 [info] > git rev-parse --git-dir --git-common-dir [1ms]
2023-06-24 13:32:07.440 [info] Open repository: /home/eho/.config
2023-06-24 13:32:07.452 [info] No remotes found in the git config file.
2023-06-24 13:32:07.452 [info] > git config --get commit.template [5ms]
2023-06-24 13:32:07.453 [info] > git for-each-ref --format=%(refname)%00%(upstream:short)%00%(objectname)%00%(upstream:track)%00%(upstream:remotename)%00%(upstream:remoteref) refs/heads/master refs/remotes/master [1ms]
2023-06-24 13:32:07.484 [info] > git status -z -uall [26ms]
2023-06-24 13:32:08.275 [info] > git config --get commit.template [68ms]
2023-06-24 13:32:08.299 [info] No remotes found in the git config file.
2023-06-24 13:32:08.302 [info] > git for-each-ref --format=%(refname)%00%(upstream:short)%00%(objectname)%00%(upstream:track)%00%(upstream:remotename)%00%(upstream:remoteref) refs/heads/master refs/remotes/master [5ms]
2023-06-24 13:32:08.340 [info] > git status -z -uall [21ms]
2023-06-24 13:32:09.210 [info] > git show --textconv :neofetch/config.conf [51ms]
2023-06-24 13:32:09.212 [info] > git ls-files --stage -- /home/eho/.config/neofetch/config.conf [23ms]
2023-06-24 13:32:09.665 [info] > git check-ignore -v -z --stdin [10ms]
2023-06-24 13:32:10.927 [info] No remotes found in the git config file.
2023-06-24 13:32:10.930 [info] > git config --get commit.template [18ms]
2023-06-24 13:32:10.930 [info] > git for-each-ref --format=%(refname)%00%(upstream:short)%00%(objectname)%00%(upstream:track)%00%(upstream:remotename)%00%(upstream:remoteref) refs/heads/master refs/remotes/master [4ms]
2023-06-24 13:32:10.959 [info] > git status -z -uall [15ms]
2023-06-24 13:32:16.031 [info] No remotes found in the git config file.
2023-06-24 13:32:16.031 [info] > git config --get commit.template [9ms]
2023-06-24 13:32:16.032 [info] > git for-each-ref --format=%(refname)%00%(upstream:short)%00%(objectname)%00%(upstream:track)%00%(upstream:remotename)%00%(upstream:remoteref) refs/heads/master refs/remotes/master [2ms]
2023-06-24 13:32:16.051 [info] > git status -z -uall [12ms]
2023-06-24 13:32:21.099 [info] No remotes found in the git config file.
2023-06-24 13:32:21.105 [info] > git config --get commit.template [6ms]
2023-06-24 13:32:21.139 [info] > git for-each-ref --format=%(refname)%00%(upstream:short)%00%(objectname)%00%(upstream:track)%00%(upstream:remotename)%00%(upstream:remoteref) refs/heads/master refs/remotes/master [35ms]
2023-06-24 13:32:21.152 [info] > git status -z -uall [7ms]
2023-06-24 13:32:22.595 [info] > git check-ignore -v -z --stdin [2ms]
2023-06-24 13:32:23.877 [info] > git check-ignore -v -z --stdin [1ms]
2023-06-24 13:32:25.114 [info] > git check-ignore -v -z --stdin [1ms]
2023-06-24 13:32:26.215 [info] No remotes found in the git config file.
2023-06-24 13:32:26.216 [info] > git config --get commit.template [22ms]
2023-06-24 13:32:26.256 [info] > git for-each-ref --format=%(refname)%00%(upstream:short)%00%(objectname)%00%(upstream:track)%00%(upstream:remotename)%00%(upstream:remoteref) refs/heads/master refs/remotes/master [42ms]
2023-06-24 13:32:26.295 [info] > git status -z -uall [20ms]
2023-06-24 13:32:27.568 [info] > git show --textconv HEAD:Code/CachedData/3b889b090b5ad5793f524b5d1d39fda662b96a2a/npmMain-d45ce0f441103c95664cf49120adbcea.code [10ms]
2023-06-24 13:32:27.570 [info] > git ls-tree -l HEAD -- /home/eho/.config/Code/CachedData/3b889b090b5ad5793f524b5d1d39fda662b96a2a/npmMain-d45ce0f441103c95664cf49120adbcea.code [5ms]
2023-06-24 13:32:27.570 [info] fatal: Not a valid object name HEAD
2023-06-24 13:32:27.639 [info] > git ls-tree -l HEAD -- /home/eho/.config/Code/CachedData/3b889b090b5ad5793f524b5d1d39fda662b96a2a/npmMain-d45ce0f441103c95664cf49120adbcea.code [0ms]
2023-06-24 13:32:27.639 [info] fatal: Not a valid object name HEAD
2023-06-24 13:32:28.081 [info] > git check-ignore -v -z --stdin [3ms]
2023-06-24 13:32:29.761 [info] > git show --textconv HEAD:Code/CachedData/3b889b090b5ad5793f524b5d1d39fda662b96a2a/options-881cd7a96312fa2911253726bd3583f2.code [8ms]
2023-06-24 13:32:29.761 [info] > git ls-tree -l HEAD -- /home/eho/.config/Code/CachedData/3b889b090b5ad5793f524b5d1d39fda662b96a2a/options-881cd7a96312fa2911253726bd3583f2.code [2ms]
2023-06-24 13:32:29.761 [info] fatal: Not a valid object name HEAD
2023-06-24 13:32:29.806 [info] > git ls-tree -l HEAD -- /home/eho/.config/Code/CachedData/3b889b090b5ad5793f524b5d1d39fda662b96a2a/options-881cd7a96312fa2911253726bd3583f2.code [2ms]
2023-06-24 13:32:29.806 [info] fatal: Not a valid object name HEAD
2023-06-24 13:32:31.352 [info] No remotes found in the git config file.
2023-06-24 13:32:31.359 [info] > git config --get commit.template [7ms]
2023-06-24 13:32:31.362 [info] > git for-each-ref --format=%(refname)%00%(upstream:short)%00%(objectname)%00%(upstream:track)%00%(upstream:remotename)%00%(upstream:remoteref) refs/heads/master refs/remotes/master [4ms]
2023-06-24 13:32:31.377 [info] > git status -z -uall [8ms]
2023-06-24 13:32:32.441 [info] > git check-ignore -v -z --stdin [5ms]
2023-06-24 13:32:36.440 [info] > git config --get commit.template [24ms]
2023-06-24 13:32:36.440 [info] No remotes found in the git config file.
2023-06-24 13:32:36.441 [info] > git for-each-ref --format=%(refname)%00%(upstream:short)%00%(objectname)%00%(upstream:track)%00%(upstream:remotename)%00%(upstream:remoteref) refs/heads/master refs/remotes/master [3ms]
2023-06-24 13:32:36.494 [info] > git status -z -uall [32ms]
2023-06-24 13:32:39.593 [info] > git check-ignore -v -z --stdin [2ms]
2023-06-24 13:32:41.568 [info] No remotes found in the git config file.
2023-06-24 13:32:41.568 [info] > git config --get commit.template [11ms]
2023-06-24 13:32:41.569 [info] > git for-each-ref --format=%(refname)%00%(upstream:short)%00%(objectname)%00%(upstream:track)%00%(upstream:remotename)%00%(upstream:remoteref) refs/heads/master refs/remotes/master [2ms]
2023-06-24 13:32:41.584 [info] > git status -z -uall [8ms]
2023-06-24 13:32:43.947 [info] > git check-ignore -v -z --stdin [5ms]
2023-06-24 13:32:46.620 [info] No remotes found in the git config file.
2023-06-24 13:32:46.627 [info] > git config --get commit.template [9ms]
2023-06-24 13:32:46.627 [info] > git for-each-ref --format=%(refname)%00%(upstream:short)%00%(objectname)%00%(upstream:track)%00%(upstream:remotename)%00%(upstream:remoteref) refs/heads/master refs/remotes/master [0ms]
2023-06-24 13:32:46.643 [info] > git status -z -uall [8ms]
2023-06-24 13:32:46.673 [info] > git check-ignore -v -z --stdin [3ms]
2023-06-24 13:32:51.708 [info] No remotes found in the git config file.
2023-06-24 13:32:51.710 [info] > git config --get commit.template [22ms]
2023-06-24 13:32:51.712 [info] > git for-each-ref --format=%(refname)%00%(upstream:short)%00%(objectname)%00%(upstream:track)%00%(upstream:remotename)%00%(upstream:remoteref) refs/heads/master refs/remotes/master [6ms]
2023-06-24 13:32:51.751 [info] > git status -z -uall [18ms]
2023-06-24 13:32:56.840 [info] No remotes found in the git config file.
2023-06-24 13:32:56.843 [info] > git config --get commit.template [24ms]
2023-06-24 13:32:56.879 [info] > git for-each-ref --format=%(refname)%00%(upstream:short)%00%(objectname)%00%(upstream:track)%00%(upstream:remotename)%00%(upstream:remoteref) refs/heads/master refs/remotes/master [39ms]
2023-06-24 13:32:56.931 [info] > git status -z -uall [26ms]
2023-06-24 13:32:59.014 [info] > git check-ignore -v -z --stdin [5ms]
2023-06-24 13:32:59.632 [info] > git check-ignore -v -z --stdin [4ms]
2023-06-24 13:33:02.028 [info] No remotes found in the git config file.
2023-06-24 13:33:02.029 [info] > git config --get commit.template [27ms]
2023-06-24 13:33:02.030 [info] > git for-each-ref --format=%(refname)%00%(upstream:short)%00%(objectname)%00%(upstream:track)%00%(upstream:remotename)%00%(upstream:remoteref) refs/heads/master refs/remotes/master [3ms]
2023-06-24 13:33:02.074 [info] > git status -z -uall [20ms]
2023-06-24 13:33:07.149 [info] No remotes found in the git config file.
2023-06-24 13:33:07.150 [info] > git config --get commit.template [5ms]
2023-06-24 13:33:07.150 [info] > git for-each-ref --format=%(refname)%00%(upstream:short)%00%(objectname)%00%(upstream:track)%00%(upstream:remotename)%00%(upstream:remoteref) refs/heads/master refs/remotes/master [1ms]
2023-06-24 13:33:07.162 [info] > git status -z -uall [7ms]
2023-06-24 13:33:12.226 [info] No remotes found in the git config file.
2023-06-24 13:33:12.229 [info] > git config --get commit.template [23ms]
2023-06-24 13:33:12.229 [info] > git for-each-ref --format=%(refname)%00%(upstream:short)%00%(objectname)%00%(upstream:track)%00%(upstream:remotename)%00%(upstream:remoteref) refs/heads/master refs/remotes/master [4ms]
2023-06-24 13:33:12.252 [info] > git status -z -uall [8ms]
2023-06-24 13:33:17.294 [info] No remotes found in the git config file.
2023-06-24 13:33:17.295 [info] > git config --get commit.template [12ms]
2023-06-24 13:33:17.332 [info] > git for-each-ref --format=%(refname)%00%(upstream:short)%00%(objectname)%00%(upstream:track)%00%(upstream:remotename)%00%(upstream:remoteref) refs/heads/master refs/remotes/master [38ms]
2023-06-24 13:33:17.364 [info] > git status -z -uall [19ms]
2023-06-24 13:33:22.437 [info] No remotes found in the git config file.
2023-06-24 13:33:22.438 [info] > git config --get commit.template [20ms]
2023-06-24 13:33:22.476 [info] > git for-each-ref --format=%(refname)%00%(upstream:short)%00%(objectname)%00%(upstream:track)%00%(upstream:remotename)%00%(upstream:remoteref) refs/heads/master refs/remotes/master [39ms]
2023-06-24 13:33:22.506 [info] > git status -z -uall [18ms]
2023-06-24 13:33:22.897 [info] > git check-ignore -v -z --stdin [3ms]
2023-06-24 13:33:24.900 [info] > git check-ignore -v -z --stdin [0ms]
2023-06-24 13:33:27.563 [info] No remotes found in the git config file.
2023-06-24 13:33:27.564 [info] > git config --get commit.template [17ms]
2023-06-24 13:33:27.564 [info] > git for-each-ref --format=%(refname)%00%(upstream:short)%00%(objectname)%00%(upstream:track)%00%(upstream:remotename)%00%(upstream:remoteref) refs/heads/master refs/remotes/master [1ms]
2023-06-24 13:33:27.590 [info] > git status -z -uall [13ms]
2023-06-24 13:33:32.630 [info] No remotes found in the git config file.
2023-06-24 13:33:32.631 [info] > git config --get commit.template [4ms]
2023-06-24 13:33:32.631 [info] > git for-each-ref --format=%(refname)%00%(upstream:short)%00%(objectname)%00%(upstream:track)%00%(upstream:remotename)%00%(upstream:remoteref) refs/heads/master refs/remotes/master [1ms]
2023-06-24 13:33:32.643 [info] > git status -z -uall [7ms]
2023-06-24 13:33:34.151 [info] > git check-ignore -v -z --stdin [3ms]
2023-06-24 13:33:37.692 [info] No remotes found in the git config file.
2023-06-24 13:33:37.693 [info] > git config --get commit.template [16ms]
2023-06-24 13:33:37.694 [info] > git for-each-ref --format=%(refname)%00%(upstream:short)%00%(objectname)%00%(upstream:track)%00%(upstream:remotename)%00%(upstream:remoteref) refs/heads/master refs/remotes/master [3ms]
2023-06-24 13:33:37.724 [info] > git status -z -uall [17ms]
2023-06-24 13:33:42.763 [info] No remotes found in the git config file.
2023-06-24 13:33:42.763 [info] > git config --get commit.template [8ms]
2023-06-24 13:33:42.764 [info] > git for-each-ref --format=%(refname)%00%(upstream:short)%00%(objectname)%00%(upstream:track)%00%(upstream:remotename)%00%(upstream:remoteref) refs/heads/master refs/remotes/master [1ms]
2023-06-24 13:33:42.777 [info] > git status -z -uall [6ms]
2023-06-24 13:33:47.861 [info] > git add -A -- /home/eho/.config/Code - OSS/Cache/Cache_Data/02234ee5cfaf825e_0 /home/eho/.config/Code - OSS/Cache/Cache_Data/0232f08431a531f6_0 /home/eho/.config/Code - OSS/Cache/Cache_Data/02e1276f1e020243_0 /home/eho/.config/Code - OSS/Cache/Cache_Data/07655e0d039918fc_0 /home/eho/.config/Code - OSS/Cache/Cache_Data/07700a22a0e13e92_0 /home/eho/.config/Code - OSS/Cache/Cache_Data/09767b5c8a071cba_0 /home/eho/.config/Code - OSS/Cache/Cache_Data/09874ac769484652_0 /home/eho/.config/Code - OSS/Cache/Cache_Data/0a84bb27829eec29_0 /home/eho/.config/Code - OSS/Cache/Cache_Data/0d9b959e9e30865f_0 /home/eho/.config/Code - OSS/Cache/Cache_Data/107db7a5bdd9c18a_0 /home/eho/.config/Code - OSS/Cache/Cache_Data/12e40e49fb5b2188_0 /home/eho/.config/Code - OSS/Cache/Cache_Data/17488a7ec21f6859_0 /home/eho/.config/Code - OSS/Cache/Cache_Data/1d31ebf73d71eb2f_0 /home/eho/.config/Code - OSS/Cache/Cache_Data/1d98e05e95b09f5d_0 /home/eho/.config/Code - OSS/Cache/Cache_Data/1f53863889cf4c6a_0 /home/eho/.config/Code - OSS/Cache/Cache_Data/235e8feb59df1f60_0 /home/eho/.config/Code - OSS/Cache/Cache_Data/2ab912b544a7e912_0 /home/eho/.config/Code - OSS/Cache/Cache_Data/2b6a91e8751aa6ee_0 /home/eho/.config/Code - OSS/Cache/Cache_Data/2de1bc738834c096_0 /home/eho/.config/Code - OSS/Cache/Cache_Data/2ed184d3f8d3f9ae_0 /home/eho/.config/Code - OSS/Cache/Cache_Data/3399803087281296_0 /home/eho/.config/Code - OSS/Cache/Cache_Data/34ff8b735a6b3700_0 /home/eho/.config/Code - OSS/Cache/Cache_Data/357635c18a3e27d8_0 /home/eho/.config/Code - OSS/Cache/Cache_Data/3ab2082c25ad5dfa_0 /home/eho/.config/Code - OSS/Cache/Cache_Data/3ab5b7f05779e371_0 /home/eho/.config/Code - OSS/Cache/Cache_Data/3dab1b6f05e84466_0 /home/eho/.config/Code - OSS/Cache/Cache_Data/3fc7ad61488082c5_0 /home/eho/.config/Code - OSS/Cache/Cache_Data/40515b2c13c1d296_0 /home/eho/.config/Code - OSS/Cache/Cache_Data/40608a4a869feb86_0 /home/eho/.config/Code - OSS/Cache/Cache_Data/4b051baede195837_0 /home/eho/.config/Code - OSS/Cache/Cache_Data/5283edf90cf4ab50_0 /home/eho/.config/Code - OSS/Cache/Cache_Data/55470a097afcb417_0 /home/eho/.config/Code - OSS/Cache/Cache_Data/5929a333f44be05f_0 /home/eho/.config/Code - OSS/Cache/Cache_Data/5a1ed32fb9f0e6a7_0 /home/eho/.config/Code - OSS/Cache/Cache_Data/5d3cc535cab52883_0 /home/eho/.config/Code - OSS/Cache/Cache_Data/6380856ebd10a8b7_0 /home/eho/.config/Code - OSS/Cache/Cache_Data/63dd951b3e8577dc_0 /home/eho/.config/Code - OSS/Cache/Cache_Data/66cd46da6cdab396_0 /home/eho/.config/Code - OSS/Cache/Cache_Data/69648dd65631bb70_0 /home/eho/.config/Code - OSS/Cache/Cache_Data/749f11b428a8b664_0 /home/eho/.config/Code - OSS/Cache/Cache_Data/7772c427ebf32c2e_0 /home/eho/.config/Code - OSS/Cache/Cache_Data/77f41434d1c6653c_0 /home/eho/.config/Code - OSS/Cache/Cache_Data/7db266943eeb6bc6_0 /home/eho/.config/Code - OSS/Cache/Cache_Data/7eaf3ec64fb2964c_0 /home/eho/.config/Code - OSS/Cache/Cache_Data/80db33717c29dd14_0 /home/eho/.config/Code - OSS/Cache/Cache_Data/82981db31272f102_0 /home/eho/.config/Code - OSS/Cache/Cache_Data/84300daf48dc54c8_0 /home/eho/.config/Code - OSS/Cache/Cache_Data/843615651c025a5e_0 /home/eho/.config/Code - OSS/Cache/Cache_Data/8ce34e796376801b_0 /home/eho/.config/Code - OSS/Cache/Cache_Data/93ecb18a4c2611a7_0 /home/eho/.config/Code - OSS/Cache/Cache_Data/95378d8de01ced3f_0 /home/eho/.config/Code - OSS/Cache/Cache_Data/96d5f51a2d7046bc_0 /home/eho/.config/Code - OSS/Cache/Cache_Data/9bdf3ceb42a7a526_0 /home/eho/.config/Code - OSS/Cache/Cache_Data/9f5ffe687f647c9e_0 /home/eho/.config/Code - OSS/Cache/Cache_Data/9f8efc200f82d3c3_0 /home/eho/.config/Code - OSS/Cache/Cache_Data/a2fe8c1c44902a1b_0 /home/eho/.config/Code - OSS/Cache/Cache_Data/aa6fb3796188bb09_0 /home/eho/.config/Code - OSS/Cache/Cache_Data/ab14a6b707b190ac_0 /home/eho/.config/Code - OSS/Cache/Cache_Data/abef52796c1d09bc_0 /home/eho/.config/Code - OSS/Cache/Cache_Data/ae97aa76d5cb2195_0 /home/eho/.config/Code - OSS/Cache/Cache_Data/b380ae4d381d8c19_0 /home/eho/.config/Code - OSS/Cache/Cache_Data/b8281f2f2557a701_0 /home/eho/.config/Code - OSS/Cache/Cache_Data/c28f1f6f0eab8776_0 /home/eho/.config/Code - OSS/Cache/Cache_Data/c3151b06ce56bf1e_0 /home/eho/.config/Code - OSS/Cache/Cache_Data/c519b049b8804297_0 /home/eho/.config/Code - OSS/Cache/Cache_Data/c69ed67cd476177d_0 /home/eho/.config/Code - OSS/Cache/Cache_Data/ce378e0d1f26e8d9_0 /home/eho/.config/Code - OSS/Cache/Cache_Data/ce4db690d8613cc6_0 /home/eho/.config/Code - OSS/Cache/Cache_Data/d0efc631485f716f_0 /home/eho/.config/Code - OSS/Cache/Cache_Data/d2406f2c0dc42b95_0 /home/eho/.config/Code - OSS/Cache/Cache_Data/d273968168a14542_0 /home/eho/.config/Code - OSS/Cache/Cache_Data/d78c3cba2e25e504_0 /home/eho/.config/Code - OSS/Cache/Cache_Data/d8ac45d5c80be8c7_0 /home/eho/.config/Code - OSS/Cache/Cache_Data/d8bc56383b607ad4_0 /home/eho/.config/Code - OSS/Cache/Cache_Data/dd3e8378af9a1779_0 /home/eho/.config/Code - OSS/Cache/Cache_Data/decf08f75a48d071_0 /home/eho/.config/Code - OSS/Cache/Cache_Data/e05c9a0bb01c3217_0 /home/eho/.config/Code - OSS/Cache/Cache_Data/e2a405a0b2a92240_0 /home/eho/.config/Code - OSS/Cache/Cache_Data/ea6b2d9831f19ade_0 /home/eho/.config/Code - OSS/Cache/Cache_Data/eb44704bdf486526_0 /home/eho/.config/Code - OSS/Cache/Cache_Data/f75f40590338836a_0 /home/eho/.config/Code - OSS/Cache/Cache_Data/f7aadfae164a9b6c_0 /home/eho/.config/Code - OSS/Cache/Cache_Data/fbcb036a5877443d_0 /home/eho/.config/Code - OSS/Cache/Cache_Data/ff3e51a538e216f5_0 /home/eho/.config/Code - OSS/Cache/Cache_Data/index /home/eho/.config/Code - OSS/Cache/Cache_Data/index-dir/the-real-index /home/eho/.config/Code - OSS/CachedData/704ed70d4fd1c6bd6342c436f1ede30d1cff4710/68.node-ea5fea3e012607de83ec1da1d85ddd8f.code /home/eho/.config/Code - OSS/CachedData/704ed70d4fd1c6bd6342c436f1ede30d1cff4710/877.node-d61c0e43eea41cbb46c7ee1406e36c9e.code /home/eho/.config/Code - OSS/CachedData/704ed70d4fd1c6bd6342c436f1ede30d1cff4710/agent-307bccac3a8fa2568d07ade6a7e9f899.code /home/eho/.config/Code - OSS/CachedData/704ed70d4fd1c6bd6342c436f1ede30d1cff4710/agent-3f00db824200f844e2bf5bb4b15edb50.code /home/eho/.config/Code - OSS/CachedData/704ed70d4fd1c6bd6342c436f1ede30d1cff4710/agent-721361f3f1852561ea504b991e0435bd.code /home/eho/.config/Code - OSS/CachedData/704ed70d4fd1c6bd6342c436f1ede30d1cff4710/agent-77c6feaaf102c386720ee8b86839f7be.code /home/eho/.config/Code - OSS/CachedData/704ed70d4fd1c6bd6342c436f1ede30d1cff4710/bindings-3bf71f08208d6ef7098974b6fd5c1053.code /home/eho/.config/Code - OSS/CachedData/704ed70d4fd1c6bd6342c436f1ede30d1cff4710/bindings-72e2053a01dc5b3bb97142a711a0307a.code /home/eho/.config/Code - OSS/CachedData/704ed70d4fd1c6bd6342c436f1ede30d1cff4710/bindings-b863a698b3cbf8f9521db83700fff16b.code /home/eho/.config/Code - OSS/CachedData/704ed70d4fd1c6bd6342c436f1ede30d1cff4710/chrome/js/index /home/eho/.config/Code - OSS/CachedData/704ed70d4fd1c6bd6342c436f1ede30d1cff4710/chrome/js/index-dir/the-real-index /home/eho/.config/Code - OSS/CachedData/704ed70d4fd1c6bd6342c436f1ede30d1cff4710/chrome/wasm/index /home/eho/.config/Code - OSS/CachedData/704ed70d4fd1c6bd6342c436f1ede30d1cff4710/chrome/wasm/index-dir/the-real-index /home/eho/.config/Code - OSS/CachedData/704ed70d4fd1c6bd6342c436f1ede30d1cff4710/clone-6cd38d5b5a68a3678b975f32a61f1e2c.code /home/eho/.config/Code - OSS/CachedData/704ed70d4fd1c6bd6342c436f1ede30d1cff4710/common-3867ecc26b87df261d47f938a4c6f74c.code /home/eho/.config/Code - OSS/CachedData/704ed70d4fd1c6bd6342c436f1ede30d1cff4710/common-5995dfedee8c16455052477802b6ddfb.code /home/eho/.config/Code - OSS/CachedData/704ed70d4fd1c6bd6342c436f1ede30d1cff4710/common-80ec2e349042ed799522364f92c47a6c.code /home/eho/.config/Code - OSS/CachedData/704ed70d4fd1c6bd6342c436f1ede30d1cff4710/common-962cc67bf859b8eb5468ddc79e7dfa67.code /home/eho/.config/Code - OSS/CachedData/704ed70d4fd1c6bd6342c436f1ede30d1cff4710/common-b83bfc96ad75dbabacbaa2b6446ab86b.code /home/eho/.config/Code - OSS/CachedData/704ed70d4fd1c6bd6342c436f1ede30d1cff4710/common-bad7f1de58170f9f69e5c4428196c4d0.code /home/eho/.config/Code - OSS/CachedData/704ed70d4fd1c6bd6342c436f1ede30d1cff4710/compile-1bd887651efd85815159241a32db08a4.code /home/eho/.config/Code - OSS/CachedData/704ed70d4fd1c6bd6342c436f1ede30d1cff4710/configurationEditingMain-87b9d66326f65192ff65bbf26e92efb6.code /home/eho/.config/Code - OSS/CachedData/704ed70d4fd1c6bd6342c436f1ede30d1cff4710/constants-588bbb3a65199d13f94dbe7588e68b18.code /home/eho/.config/Code - OSS/CachedData/704ed70d4fd1c6bd6342c436f1ede30d1cff4710/constants-b019b367d392eda13b3efb41fec50ec2.code /home/eho/.config/Code - OSS/CachedData/704ed70d4fd1c6bd6342c436f1ede30d1cff4710/constants-d0043a0b6ccf8841da78423845e926fa.code /home/eho/.config/Code - OSS/CachedData/704ed70d4fd1c6bd6342c436f1ede30d1cff4710/diff-match-patch-554709670effd823c6947bc15906a009.code /home/eho/.config/Code - OSS/CachedData/704ed70d4fd1c6bd6342c436f1ede30d1cff4710/draft-861af292d8026a56008e0197f353a2c3.code /home/eho/.config/Code - OSS/CachedData/704ed70d4fd1c6bd6342c436f1ede30d1cff4710/emmetNodeMain-bf71507537a5cedc6c2f9ed4812c5ea8.code /home/eho/.config/Code - OSS/CachedData/704ed70d4fd1c6bd6342c436f1ede30d1cff4710/eventEmitter2-b0bfa2e4bbf66bed51fee9c52af5c6e0.code /home/eho/.config/Code - OSS/CachedData/704ed70d4fd1c6bd6342c436f1ede30d1cff4710/expand-258487dcd8c829deaa767cf0d34d374c.code /home/eho/.config/Code - OSS/CachedData/704ed70d4fd1c6bd6342c436f1ede30d1cff4710/extension-3bb62628f403a899e2b0516a8230e17a.code /home/eho/.config/Code - OSS/CachedData/704ed70d4fd1c6bd6342c436f1ede30d1cff4710/extension-46282f84b581192c912d26bda325f5a9.code /home/eho/.config/Code - OSS/CachedData/704ed70d4fd1c6bd6342c436f1ede30d1cff4710/extension-58b51e8be9c35598e03ba20435a0916d.code /home/eho/.config/Code - OSS/CachedData/704ed70d4fd1c6bd6342c436f1ede30d1cff4710/extension-6b6906e60de65865d595088e9cc0320c.code /home/eho/.config/Code - OSS/CachedData/704ed70d4fd1c6bd6342c436f1ede30d1cff4710/extension-6c02c2f5d5ffd07464b4245858e41db2.code /home/eho/.config/Code - OSS/CachedData/704ed70d4fd1c6bd6342c436f1ede30d1cff4710/extension-c96f48705c4cd066bd2dc1c202edde0f.code /home/eho/.config/Code - OSS/CachedData/704ed70d4fd1c6bd6342c436f1ede30d1cff4710/extension-cbe04f88a7e8497de0d76f223e7f0ad2.code /home/eho/.config/Code - OSS/CachedData/704ed70d4fd1c6bd6342c436f1ede30d1cff4710/extension-d7c0ebf5643727bd128a1cc8c6399659.code /home/eho/.config/Code - OSS/CachedData/704ed70d4fd1c6bd6342c436f1ede30d1cff4710/extension-d83307dde738a9ddd353a3c14689636b.code /home/eho/.config/Code - OSS/CachedData/704ed70d4fd1c6bd6342c436f1ede30d1cff4710/extension.node-06d5fda91aa64554e14142e610fec141.code /home/eho/.config/Code - OSS/CachedData/704ed70d4fd1c6bd6342c436f1ede30d1cff4710/extensionEditingMain-c530a8d0fcd4bf3fc47a1d9da3f4ae85.code /home/eho/.config/Code - OSS/CachedData/704ed70d4fd1c6bd6342c436f1ede30d1cff4710/extensionHostProcess-c894b23405f3adc445176dbdb2c0e778.code /home/eho/.config/Code - OSS/CachedData/704ed70d4fd1c6bd6342c436f1ede30d1cff4710/extensionHostProcess.nls-e9a4d0019f51f4b94ec8bc5d2b1d4ee9.code /home/eho/.config/Code - OSS/CachedData/704ed70d4fd1c6bd6342c436f1ede30d1cff4710/graceful-fs-c68441a5cf7451f43eee9fafc1b97664.code /home/eho/.config/Code - OSS/CachedData/704ed70d4fd1c6bd6342c436f1ede30d1cff4710/helpers-f116a730937619d3d964eb5b36814520.code /home/eho/.config/Code - OSS/CachedData/704ed70d4fd1c6bd6342c436f1ede30d1cff4710/index-006a11a4efb6aab798281035c77f6e86.code /home/eho/.config/Code - OSS/CachedData/704ed70d4fd1c6bd6342c436f1ede30d1cff4710/index-01b4ea96e7234f44b9a7334c72ccd41d.code /home/eho/.config/Code - OSS/CachedData/704ed70d4fd1c6bd6342c436f1ede30d1cff4710/index-01ca5c164d2f30442d1dc841e7ec6834.code /home/eho/.config/Code - OSS/CachedData/704ed70d4fd1c6bd6342c436f1ede30d1cff4710/index-09a55d5c515b0bed9f1139a18e16393c.code /home/eho/.config/Code - OSS/CachedData/704ed70d4fd1c6bd6342c436f1ede30d1cff4710/index-0cf1139419fefbee6fc323669241ead7.code /home/eho/.config/Code - OSS/CachedData/704ed70d4fd1c6bd6342c436f1ede30d1cff4710/index-0f56b8d906ad38d4845b6ce8627043fc.code /home/eho/.config/Code - OSS/CachedData/704ed70d4fd1c6bd6342c436f1ede30d1cff4710/index-0f81c41482f7155c2203886d4b252db3.code /home/eho/.config/Code - OSS/CachedData/704ed70d4fd1c6bd6342c436f1ede30d1cff4710/index-160a3eb0e6c3d628c858de931c753357.code /home/eho/.config/Code - OSS/CachedData/704ed70d4fd1c6bd6342c436f1ede30d1cff4710/index-1667ebade6d1c174778851a8b63a9e36.code /home/eho/.config/Code - OSS/CachedData/704ed70d4fd1c6bd6342c436f1ede30d1cff4710/index-21ec9b18ec53b778163be484e4702af0.code /home/eho/.config/Code - OSS/CachedData/704ed70d4fd1c6bd6342c436f1ede30d1cff4710/index-262ddd3efc5222994cef79ed21111678.code /home/eho/.config/Code - OSS/CachedData/704ed70d4fd1c6bd6342c436f1ede30d1cff4710/index-281f116e5d502f9c360772dab053ab9c.code /home/eho/.config/Code - OSS/CachedData/704ed70d4fd1c6bd6342c436f1ede30d1cff4710/index-3b55c436b275c8e8c47f0b4f31c740a9.code /home/eho/.config/Code - OSS/CachedData/704ed70d4fd1c6bd6342c436f1ede30d1cff4710/index-3b7f6728e8857b594a21d593cecc0380.code /home/eho/.config/Code - OSS/CachedData/704ed70d4fd1c6bd6342c436f1ede30d1cff4710/index-4640678e5d2604950f614b67ca4389bf.code /home/eho/.config/Code - OSS/CachedData/704ed70d4fd1c6bd6342c436f1ede30d1cff4710/index-484414a3863e551bd7a1f0171dce7c38.code /home/eho/.config/Code - OSS/CachedData/704ed70d4fd1c6bd6342c436f1ede30d1cff4710/index-4b8d0c47d6e80e096feb9bf857551f36.code /home/eho/.config/Code - OSS/CachedData/704ed70d4fd1c6bd6342c436f1ede30d1cff4710/index-66efef426e95e1a911b6f199fb42579d.code /home/eho/.config/Code - OSS/CachedData/704ed70d4fd1c6bd6342c436f1ede30d1cff4710/index-69583d4e78dba54870eba733275484ed.code /home/eho/.config/Code - OSS/CachedData/704ed70d4fd1c6bd6342c436f1ede30d1cff4710/index-6c8f19c8ed253abf46e811b58733e9ca.code /home/eho/.config/Code - OSS/CachedData/704ed70d4fd1c6bd6342c436f1ede30d1cff4710/index-6db823662249f1ca79963324d7802836.code /home/eho/.config/Code - OSS/CachedData/704ed70d4fd1c6bd6342c436f1ede30d1cff4710/index-716f23fccb1e2a05159d5ec0a498cbda.code /home/eho/.config/Code - OSS/CachedData/704ed70d4fd1c6bd6342c436f1ede30d1cff4710/index-8222d575be55e1ccd549f171e5c32c6f.code /home/eho/.config/Code - OSS/CachedData/704ed70d4fd1c6bd6342c436f1ede30d1cff4710/index-857efaadfc1797d764b2cf8064a37f2b.code /home/eho/.config/Code - OSS/CachedData/704ed70d4fd1c6bd6342c436f1ede30d1cff4710/index-895ebf26c8c948f1908de0aab8514dcd.code /home/eho/.config/Code - OSS/CachedData/704ed70d4fd1c6bd6342c436f1ede30d1cff4710/index-8a3a585a107f91afe8cd178180397543.code /home/eho/.config/Code - OSS/CachedData/704ed70d4fd1c6bd6342c436f1ede30d1cff4710/index-8b55653f284c9e5dc7a37b4ad008fa65.code /home/eho/.config/Code - OSS/CachedData/704ed70d4fd1c6bd6342c436f1ede30d1cff4710/index-90f64a7b2ee38828c4f63296f4a200a0.code /home/eho/.config/Code - OSS/CachedData/704ed70d4fd1c6bd6342c436f1ede30d1cff4710/index-9159a22d26be3107542fb2be6c676de5.code /home/eho/.config/Code - OSS/CachedData/704ed70d4fd1c6bd6342c436f1ede30d1cff4710/index-91f1bf8b87df45865e6aa123b8c970ca.code /home/eho/.config/Code - OSS/CachedData/704ed70d4fd1c6bd6342c436f1ede30d1cff4710/index-993a945f98dc48a250df80cb5ff14c4b.code /home/eho/.config/Code - OSS/CachedData/704ed70d4fd1c6bd6342c436f1ede30d1cff4710/index-997627f4ca1edf2a735dd664cd6989e8.code /home/eho/.config/Code - OSS/CachedData/704ed70d4fd1c6bd6342c436f1ede30d1cff4710/index-9aeb78a8640b29a0a2bbe22c8243661a.code /home/eho/.config/Code - OSS/CachedData/704ed70d4fd1c6bd6342c436f1ede30d1cff4710/index-a0610884c9370d5ac3741a4bab460cd9.code /home/eho/.config/Code - OSS/CachedData/704ed70d4fd1c6bd6342c436f1ede30d1cff4710/index-ab2d27978b8791d75f59795f74d3a84f.code /home/eho/.config/Code - OSS/CachedData/704ed70d4fd1c6bd6342c436f1ede30d1cff4710/index-b9e9ecc1b539eb598dcc512c55a684b2.code /home/eho/.config/Code - OSS/CachedData/704ed70d4fd1c6bd6342c436f1ede30d1cff4710/index-c66e08d267669564b69d23e76d908516.code /home/eho/.config/Code - OSS/CachedData/704ed70d4fd1c6bd6342c436f1ede30d1cff4710/index-c6fe484c883c9330dc49ac84939123fb.code /home/eho/.config/Code - OSS/CachedData/704ed70d4fd1c6bd6342c436f1ede30d1cff4710/index-c97d7bac4311167ea6b8e453645d6d39.code /home/eho/.config/Code - OSS/CachedData/704ed70d4fd1c6bd6342c436f1ede30d1cff4710/index-ca41f4294ffa001d12640e3371853b05.code /home/eho/.config/Code - OSS/CachedData/704ed70d4fd1c6bd6342c436f1ede30d1cff4710/index-cb3e9372c7133d76b3ab31ba3fd58a11.code /home/eho/.config/Code - OSS/CachedData/704ed70d4fd1c6bd6342c436f1ede30d1cff4710/index-cc5649c019bfbf4935d062dfa217db87.code /home/eho/.config/Code - OSS/CachedData/704ed70d4fd1c6bd6342c436f1ede30d1cff4710/index-cdcdbad962febd0695c5eb004872d809.code /home/eho/.config/Code - OSS/CachedData/704ed70d4fd1c6bd6342c436f1ede30d1cff4710/index-e43e9b185f42c6f8ba53756fc35b2ad3.code /home/eho/.config/Code - OSS/CachedData/704ed70d4fd1c6bd6342c436f1ede30d1cff4710/index-ecd2c349d680c691dfeaa4609db9f347.code /home/eho/.config/Code - OSS/CachedData/704ed70d4fd1c6bd6342c436f1ede30d1cff4710/index-f312cc41da3266a0936633c4ad1fda11.code /home/eho/.config/Code - OSS/CachedData/704ed70d4fd1c6bd6342c436f1ede30d1cff4710/index-fca1fae2d814aedaa5d2d4726ac0bd48.code /home/eho/.config/Code - OSS/CachedData/704ed70d4fd1c6bd6342c436f1ede30d1cff4710/ip-f9209830647c94b0f34197d036bead48.code /home/eho/.config/Code - OSS/CachedData/704ed70d4fd1c6bd6342c436f1ede30d1cff4710/jsonClientMain-96d43a5c0a4c970abcdc3ee1848ac76b.code /home/eho/.config/Code - OSS/CachedData/704ed70d4fd1c6bd6342c436f1ede30d1cff4710/keytar-70d795eea29d0ea2bc2a3498618a23d9.code /home/eho/.config/Code - OSS/CachedData/704ed70d4fd1c6bd6342c436f1ede30d1cff4710/legacy-streams-95204307b4346e40f879afe9e5f6e749.code /home/eho/.config/Code - OSS/CachedData/704ed70d4fd1c6bd6342c436f1ede30d1cff4710/main-0d55baccfc4ce3ff380e70972e37b8dc.code /home/eho/.config/Code - OSS/CachedData/704ed70d4fd1c6bd6342c436f1ede30d1cff4710/main-94b5adb096aa33a6727f24e0f29399db.code /home/eho/.config/Code - OSS/CachedData/704ed70d4fd1c6bd6342c436f1ede30d1cff4710/main.nls-7d1a21027f7bf155089e37a0601d0995.code /home/eho/.config/Code - OSS/CachedData/704ed70d4fd1c6bd6342c436f1ede30d1cff4710/mergeConflictMain-21e92400f00fa1fc5d81a9b5322ccc95.code /home/eho/.config/Code - OSS/CachedData/704ed70d4fd1c6bd6342c436f1ede30d1cff4710/native-fed7aaa8aafd15cbc69d06075cc4659f.code /home/eho/.config/Code - OSS/CachedData/704ed70d4fd1c6bd6342c436f1ede30d1cff4710/node-12b34e22d0a02cafb8346244aa4fc453.code /home/eho/.config/Code - OSS/CachedData/704ed70d4fd1c6bd6342c436f1ede30d1cff4710/node-1493f0d59cbf57a2987cc9ebe1079174.code /home/eho/.config/Code - OSS/CachedData/704ed70d4fd1c6bd6342c436f1ede30d1cff4710/node-1b7c7e5f79219a8beb7e971eac77b750.code /home/eho/.config/Code - OSS/CachedData/704ed70d4fd1c6bd6342c436f1ede30d1cff4710/node-7616d568ab3cdfe05c761f7412fb4216.code /home/eho/.config/Code - OSS/CachedData/704ed70d4fd1c6bd6342c436f1ede30d1cff4710/node-779aaf61470ebd81e095d174360276bc.code /home/eho/.config/Code - OSS/CachedData/704ed70d4fd1c6bd6342c436f1ede30d1cff4710/node-93c26ae09b87c9aaba0b96d61716ac6b.code /home/eho/.config/Code - OSS/CachedData/704ed70d4fd1c6bd6342c436f1ede30d1cff4710/npmMain-e355ec071158bf4aa6e3ab2a2b4467d3.code /home/eho/.config/Code - OSS/CachedData/704ed70d4fd1c6bd6342c436f1ede30d1cff4710/parse-37d50bf63b7cc139f829d9656057fe86.code /home/eho/.config/Code - OSS/CachedData/704ed70d4fd1c6bd6342c436f1ede30d1cff4710/parse-a6324c0d4c810293f8d1e1b32c489766.code /home/eho/.config/Code - OSS/CachedData/704ed70d4fd1c6bd6342c436f1ede30d1cff4710/parse-proxy-response-170172370e8228c93e98876073c92593.code /home/eho/.config/Code - OSS/CachedData/704ed70d4fd1c6bd6342c436f1ede30d1cff4710/phpMain-e255390a96af627cf70a2146c6b5693a.code /home/eho/.config/Code - OSS/CachedData/704ed70d4fd1c6bd6342c436f1ede30d1cff4710/picomatch-723dd0d8cc949bae4d4463459971db65.code /home/eho/.config/Code - OSS/CachedData/704ed70d4fd1c6bd6342c436f1ede30d1cff4710/polyfills-328caae0f048413b191c8f1c832a7c0a.code /home/eho/.config/Code - OSS/CachedData/704ed70d4fd1c6bd6342c436f1ede30d1cff4710/promisify-0acf37e51eafab606d7ae263401ddd02.code /home/eho/.config/Code - OSS/CachedData/704ed70d4fd1c6bd6342c436f1ede30d1cff4710/promisify-90d640f49cf2a807afd0a7a3679e0f3f.code /home/eho/.config/Code - OSS/CachedData/704ed70d4fd1c6bd6342c436f1ede30d1cff4710/promisify-b74a63616280159303f5f65c74a0df60.code /home/eho/.config/Code - OSS/CachedData/704ed70d4fd1c6bd6342c436f1ede30d1cff4710/promisify-dcf351d720c684844b74476f3697e9f9.code /home/eho/.config/Code - OSS/CachedData/704ed70d4fd1c6bd6342c436f1ede30d1cff4710/ptyHostMain-3ce9990258c73625b3a41fc5e7bdc9f5.code /home/eho/.config/Code - OSS/CachedData/704ed70d4fd1c6bd6342c436f1ede30d1cff4710/ptyHostMain.nls-81d66a6139b34b6b77a2e60aaf7405ca.code /home/eho/.config/Code - OSS/CachedData/704ed70d4fd1c6bd6342c436f1ede30d1cff4710/receivebuffer-9e81321d1f5cb56f221861afb9a92d26.code /home/eho/.config/Code - OSS/CachedData/704ed70d4fd1c6bd6342c436f1ede30d1cff4710/scan-a245d302d4fc11b7ddb4d3ebec0cbce3.code /home/eho/.config/Code - OSS/CachedData/704ed70d4fd1c6bd6342c436f1ede30d1cff4710/smartbuffer-64ffee9a321f41ade592848580461d6f.code /home/eho/.config/Code - OSS/CachedData/704ed70d4fd1c6bd6342c436f1ede30d1cff4710/socksclient-0071f7e4d807d3865ca54c1d5becb067.code /home/eho/.config/Code - OSS/CachedData/704ed70d4fd1c6bd6342c436f1ede30d1cff4710/sqlite3-874b19dabcce9bb200f2b1669546c1f0.code /home/eho/.config/Code - OSS/CachedData/704ed70d4fd1c6bd6342c436f1ede30d1cff4710/sqlite3-binding-6023e4d6cb778d4eaf6ae6abba25e1ce.code /home/eho/.config/Code - OSS/CachedData/704ed70d4fd1c6bd6342c436f1ede30d1cff4710/stringify-fc7301efa66690d0ce6c8f20e1554643.code /home/eho/.config/Code - OSS/CachedData/704ed70d4fd1c6bd6342c436f1ede30d1cff4710/terminal-c1296d5866f2076d4526b8bbc4250f8d.code /home/eho/.config/Code - OSS/CachedData/704ed70d4fd1c6bd6342c436f1ede30d1cff4710/unixTerminal-09a4dbb3c50cbc2d461ae4b9886d5c18.code /home/eho/.config/Code - OSS/CachedData/704ed70d4fd1c6bd6342c436f1ede30d1cff4710/util-7b24acf21e711d85f1096d88967b325a.code /home/eho/.config/Code - OSS/CachedData/704ed70d4fd1c6bd6342c436f1ede30d1cff4710/util-cc8d694de7453fa3609112f1e3f55605.code /home/eho/.config/Code - OSS/CachedData/704ed70d4fd1c6bd6342c436f1ede30d1cff4710/utils-0333ada9c9ec4deacd61d51c392bce67.code /home/eho/.config/Code - OSS/CachedData/704ed70d4fd1c6bd6342c436f1ede30d1cff4710/utils-5fe9db96cff7c917a7f8f7a3c93b0a09.code /home/eho/.config/Code - OSS/CachedData/704ed70d4fd1c6bd6342c436f1ede30d1cff4710/utils-82912acb4b3653cbb40d55a874fa8250.code /home/eho/.config/Code - OSS/CachedData/704ed70d4fd1c6bd6342c436f1ede30d1cff4710/utils-9e60a222f54484770192f0d5163a4dbe.code /home/eho/.config/Code - OSS/CachedData/704ed70d4fd1c6bd6342c436f1ede30d1cff4710/watcherMain-d19ce5f985d40fb672d462e11dd5138c.code /home/eho/.config/Code - OSS/CachedData/704ed70d4fd1c6bd6342c436f1ede30d1cff4710/watcherMain.nls-6cf5ec44ce68352f6d326c536bc5d36e.code /home/eho/.config/Code - OSS/CachedData/704ed70d4fd1c6bd6342c436f1ede30d1cff4710/xterm-addon-unicode11-a878de7fb75f53b97443131ec1c424d0.code /home/eho/.config/Code - OSS/CachedData/704ed70d4fd1c6bd6342c436f1ede30d1cff4710/xterm-headless-8aca72ab652f279cc7beb1a2f34824e5.code /home/eho/.config/Code - OSS/CachedData/ee2b180d582a7f601fa6ecfdad8d9fd269ab1884/agent-307bccac3a8fa2568d07ade6a7e9f899.code /home/eho/.config/Code - OSS/CachedData/ee2b180d582a7f601fa6ecfdad8d9fd269ab1884/agent-3f00db824200f844e2bf5bb4b15edb50.code /home/eho/.config/Code - OSS/CachedData/ee2b180d582a7f601fa6ecfdad8d9fd269ab1884/agent-721361f3f1852561ea504b991e0435bd.code /home/eho/.config/Code - OSS/CachedData/ee2b180d582a7f601fa6ecfdad8d9fd269ab1884/agent-77c6feaaf102c386720ee8b86839f7be.code /home/eho/.config/Code - OSS/CachedData/ee2b180d582a7f601fa6ecfdad8d9fd269ab1884/bindings-3bf71f08208d6ef7098974b6fd5c1053.code /home/eho/.config/Code - OSS/CachedData/ee2b180d582a7f601fa6ecfdad8d9fd269ab1884/bindings-72e2053a01dc5b3bb97142a711a0307a.code /home/eho/.config/Code - OSS/CachedData/ee2b180d582a7f601fa6ecfdad8d9fd269ab1884/bindings-b863a698b3cbf8f9521db83700fff16b.code /home/eho/.config/Code - OSS/CachedData/ee2b180d582a7f601fa6ecfdad8d9fd269ab1884/chrome/js/index /home/eho/.config/Code - OSS/CachedData/ee2b180d582a7f601fa6ecfdad8d9fd269ab1884/chrome/js/index-dir/the-real-index /home/eho/.config/Code - OSS/CachedData/ee2b180d582a7f601fa6ecfdad8d9fd269ab1884/chrome/wasm/index /home/eho/.config/Code - OSS/CachedData/ee2b180d582a7f601fa6ecfdad8d9fd269ab1884/chrome/wasm/index-dir/the-real-index /home/eho/.config/Code - OSS/CachedData/ee2b180d582a7f601fa6ecfdad8d9fd269ab1884/clone-6cd38d5b5a68a3678b975f32a61f1e2c.code /home/eho/.config/Code - OSS/CachedData/ee2b180d582a7f601fa6ecfdad8d9fd269ab1884/common-3867ecc26b87df261d47f938a4c6f74c.code /home/eho/.config/Code - OSS/CachedData/ee2b180d582a7f601fa6ecfdad8d9fd269ab1884/common-5995dfedee8c16455052477802b6ddfb.code /home/eho/.config/Code - OSS/CachedData/ee2b180d582a7f601fa6ecfdad8d9fd269ab1884/common-80ec2e349042ed799522364f92c47a6c.code /home/eho/.config/Code - OSS/CachedData/ee2b180d582a7f601fa6ecfdad8d9fd269ab1884/common-962cc67bf859b8eb5468ddc79e7dfa67.code /home/eho/.config/Code - OSS/CachedData/ee2b180d582a7f601fa6ecfdad8d9fd269ab1884/common-b83bfc96ad75dbabacbaa2b6446ab86b.code /home/eho/.config/Code - OSS/CachedData/ee2b180d582a7f601fa6ecfdad8d9fd269ab1884/common-bad7f1de58170f9f69e5c4428196c4d0.code /home/eho/.config/Code - OSS/CachedData/ee2b180d582a7f601fa6ecfdad8d9fd269ab1884/compile-1bd887651efd85815159241a32db08a4.code /home/eho/.config/Code - OSS/CachedData/ee2b180d582a7f601fa6ecfdad8d9fd269ab1884/constants-588bbb3a65199d13f94dbe7588e68b18.code /home/eho/.config/Code - OSS/CachedData/ee2b180d582a7f601fa6ecfdad8d9fd269ab1884/constants-b019b367d392eda13b3efb41fec50ec2.code /home/eho/.config/Code - OSS/CachedData/ee2b180d582a7f601fa6ecfdad8d9fd269ab1884/constants-d0043a0b6ccf8841da78423845e926fa.code /home/eho/.config/Code - OSS/CachedData/ee2b180d582a7f601fa6ecfdad8d9fd269ab1884/emmetNodeMain-bf71507537a5cedc6c2f9ed4812c5ea8.code /home/eho/.config/Code - OSS/CachedData/ee2b180d582a7f601fa6ecfdad8d9fd269ab1884/expand-258487dcd8c829deaa767cf0d34d374c.code /home/eho/.config/Code - OSS/CachedData/ee2b180d582a7f601fa6ecfdad8d9fd269ab1884/extension-46282f84b581192c912d26bda325f5a9.code /home/eho/.config/Code - OSS/CachedData/ee2b180d582a7f601fa6ecfdad8d9fd269ab1884/extension-58b51e8be9c35598e03ba20435a0916d.code /home/eho/.config/Code - OSS/CachedData/ee2b180d582a7f601fa6ecfdad8d9fd269ab1884/extension-6b6906e60de65865d595088e9cc0320c.code /home/eho/.config/Code - OSS/CachedData/ee2b180d582a7f601fa6ecfdad8d9fd269ab1884/extension-cbe04f88a7e8497de0d76f223e7f0ad2.code /home/eho/.config/Code - OSS/CachedData/ee2b180d582a7f601fa6ecfdad8d9fd269ab1884/extension-d7c0ebf5643727bd128a1cc8c6399659.code /home/eho/.config/Code - OSS/CachedData/ee2b180d582a7f601fa6ecfdad8d9fd269ab1884/extensionEditingMain-c530a8d0fcd4bf3fc47a1d9da3f4ae85.code /home/eho/.config/Code - OSS/CachedData/ee2b180d582a7f601fa6ecfdad8d9fd269ab1884/extensionHostProcess-c894b23405f3adc445176dbdb2c0e778.code /home/eho/.config/Code - OSS/CachedData/ee2b180d582a7f601fa6ecfdad8d9fd269ab1884/extensionHostProcess.nls-e9a4d0019f51f4b94ec8bc5d2b1d4ee9.code /home/eho/.config/Code - OSS/CachedData/ee2b180d582a7f601fa6ecfdad8d9fd269ab1884/graceful-fs-c68441a5cf7451f43eee9fafc1b97664.code /home/eho/.config/Code - OSS/CachedData/ee2b180d582a7f601fa6ecfdad8d9fd269ab1884/helpers-f116a730937619d3d964eb5b36814520.code /home/eho/.config/Code - OSS/CachedData/ee2b180d582a7f601fa6ecfdad8d9fd269ab1884/index-006a11a4efb6aab798281035c77f6e86.code /home/eho/.config/Code - OSS/CachedData/ee2b180d582a7f601fa6ecfdad8d9fd269ab1884/index-01b4ea96e7234f44b9a7334c72ccd41d.code /home/eho/.config/Code - OSS/CachedData/ee2b180d582a7f601fa6ecfdad8d9fd269ab1884/index-01ca5c164d2f30442d1dc841e7ec6834.code /home/eho/.config/Code - OSS/CachedData/ee2b180d582a7f601fa6ecfdad8d9fd269ab1884/index-09a55d5c515b0bed9f1139a18e16393c.code /home/eho/.config/Code - OSS/CachedData/ee2b180d582a7f601fa6ecfdad8d9fd269ab1884/index-0cf1139419fefbee6fc323669241ead7.code /home/eho/.config/Code - OSS/CachedData/ee2b180d582a7f601fa6ecfdad8d9fd269ab1884/index-0f56b8d906ad38d4845b6ce8627043fc.code /home/eho/.config/Code - OSS/CachedData/ee2b180d582a7f601fa6ecfdad8d9fd269ab1884/index-0f81c41482f7155c2203886d4b252db3.code /home/eho/.config/Code - OSS/CachedData/ee2b180d582a7f601fa6ecfdad8d9fd269ab1884/index-160a3eb0e6c3d628c858de931c753357.code /home/eho/.config/Code - OSS/CachedData/ee2b180d582a7f601fa6ecfdad8d9fd269ab1884/index-1667ebade6d1c174778851a8b63a9e36.code /home/eho/.config/Code - OSS/CachedData/ee2b180d582a7f601fa6ecfdad8d9fd269ab1884/index-21ec9b18ec53b778163be484e4702af0.code /home/eho/.config/Code - OSS/CachedData/ee2b180d582a7f601fa6ecfdad8d9fd269ab1884/index-262ddd3efc5222994cef79ed21111678.code /home/eho/.config/Code - OSS/CachedData/ee2b180d582a7f601fa6ecfdad8d9fd269ab1884/index-281f116e5d502f9c360772dab053ab9c.code /home/eho/.config/Code - OSS/CachedData/ee2b180d582a7f601fa6ecfdad8d9fd269ab1884/index-3b55c436b275c8e8c47f0b4f31c740a9.code /home/eho/.config/Code - OSS/CachedData/ee2b180d582a7f601fa6ecfdad8d9fd269ab1884/index-3b7f6728e8857b594a21d593cecc0380.code /home/eho/.config/Code - OSS/CachedData/ee2b180d582a7f601fa6ecfdad8d9fd269ab1884/index-4640678e5d2604950f614b67ca4389bf.code /home/eho/.config/Code - OSS/CachedData/ee2b180d582a7f601fa6ecfdad8d9fd269ab1884/index-484414a3863e551bd7a1f0171dce7c38.code /home/eho/.config/Code - OSS/CachedData/ee2b180d582a7f601fa6ecfdad8d9fd269ab1884/index-4b8d0c47d6e80e096feb9bf857551f36.code /home/eho/.config/Code - OSS/CachedData/ee2b180d582a7f601fa6ecfdad8d9fd269ab1884/index-66efef426e95e1a911b6f199fb42579d.code /home/eho/.config/Code - OSS/CachedData/ee2b180d582a7f601fa6ecfdad8d9fd269ab1884/index-69583d4e78dba54870eba733275484ed.code /home/eho/.config/Code - OSS/CachedData/ee2b180d582a7f601fa6ecfdad8d9fd269ab1884/index-6c8f19c8ed253abf46e811b58733e9ca.code /home/eho/.config/Code - OSS/CachedData/ee2b180d582a7f601fa6ecfdad8d9fd269ab1884/index-6db823662249f1ca79963324d7802836.code [1928ms]
