2023-06-24 12:42:02.597 [info] Added views:workbench.panel.markers.view in workbench.panel.markers
2023-06-24 12:42:02.597 [info] Added views:workbench.panel.output in workbench.panel.output
2023-06-24 12:42:02.597 [info] Added views:terminal in terminal
2023-06-24 12:42:02.597 [info] Added views:outline in workbench.view.explorer
2023-06-24 12:42:02.597 [info] Added views:workbench.scm in workbench.view.scm
2023-06-24 12:42:02.597 [info] Added views:workbench.view.search in workbench.view.search
2023-06-24 12:42:02.597 [info] Added views:timeline in workbench.view.explorer
2023-06-24 12:42:02.597 [info] Added views:workbench.explorer.fileView in workbench.view.explorer
2023-06-24 12:42:02.940 [info] Added views:workbench.debug.welcome in workbench.view.debug
2023-06-24 12:42:03.496 [info] Added views:workbench.panel.repl.view in workbench.panel.repl
2023-06-24 12:42:04.104 [info] Added views:workbench.view.testing in workbench.view.extension.test
2023-06-24 12:42:51.974 [info] Added views:workbench.views.extensions.installed,workbench.views.extensions.popular,extensions.recommendedList in workbench.view.extensions
2023-06-24 12:42:51.989 [info] Removed views:workbench.views.extensions.popular from workbench.view.extensions
2023-06-24 12:43:13.487 [info] Removed views:workbench.view.testing from workbench.view.extension.test
2023-06-24 12:43:14.625 [info] Added views:workbench.panel.markers.view in workbench.panel.markers
2023-06-24 12:43:14.625 [info] Added views:workbench.panel.output in workbench.panel.output
2023-06-24 12:43:14.625 [info] Added views:terminal in terminal
2023-06-24 12:43:14.625 [info] Added views:outline in workbench.view.explorer
2023-06-24 12:43:14.625 [info] Added views:workbench.scm in workbench.view.scm
2023-06-24 12:43:14.625 [info] Added views:workbench.view.search in workbench.view.search
2023-06-24 12:43:14.625 [info] Added views:timeline in workbench.view.explorer
2023-06-24 12:43:14.625 [info] Added views:workbench.explorer.fileView in workbench.view.explorer
2023-06-24 12:43:14.956 [info] Added views:workbench.debug.variablesView,workbench.debug.watchExpressionsView,workbench.debug.callStackView,workbench.debug.breakPointsView in workbench.view.debug
2023-06-24 12:43:15.123 [info] Added views:workbench.panel.repl.view in workbench.panel.repl
2023-06-24 12:43:15.124 [info] Removed views:workbench.debug.breakPointsView,workbench.debug.callStackView,workbench.debug.watchExpressionsView,workbench.debug.variablesView from workbench.view.debug
2023-06-24 12:43:15.125 [info] Added views:workbench.debug.welcome in workbench.view.debug
2023-06-24 12:46:17.756 [info] Added views:workbench.view.testing in workbench.view.extension.test
2023-06-24 13:12:49.238 [info] Added views:workbench.views.extensions.installed,workbench.views.extensions.popular,extensions.recommendedList in workbench.view.extensions
2023-06-24 13:12:49.251 [info] Removed views:workbench.views.extensions.popular from workbench.view.extensions
2023-06-24 13:14:57.577 [info] Removed views:workbench.view.testing from workbench.view.extension.test
2023-06-24 13:14:58.667 [info] Added views:workbench.panel.markers.view in workbench.panel.markers
2023-06-24 13:14:58.667 [info] Added views:workbench.panel.output in workbench.panel.output
2023-06-24 13:14:58.667 [info] Added views:terminal in terminal
2023-06-24 13:14:58.667 [info] Added views:outline in workbench.view.explorer
2023-06-24 13:14:58.667 [info] Added views:workbench.scm in workbench.view.scm
2023-06-24 13:14:58.667 [info] Added views:workbench.view.search in workbench.view.search
2023-06-24 13:14:58.667 [info] Added views:timeline in workbench.view.explorer
2023-06-24 13:14:58.667 [info] Added views:workbench.explorer.fileView in workbench.view.explorer
2023-06-24 13:14:58.991 [info] Added views:workbench.debug.variablesView,workbench.debug.watchExpressionsView,workbench.debug.callStackView,workbench.debug.breakPointsView in workbench.view.debug
2023-06-24 13:14:59.266 [info] Added views:workbench.panel.repl.view in workbench.panel.repl
2023-06-24 13:14:59.268 [info] Removed views:workbench.debug.breakPointsView,workbench.debug.callStackView,workbench.debug.watchExpressionsView,workbench.debug.variablesView from workbench.view.debug
2023-06-24 13:14:59.269 [info] Added views:workbench.debug.welcome in workbench.view.debug
2023-06-24 13:14:59.614 [info] Added views:workbench.view.testing in workbench.view.extension.test
2023-06-24 13:16:40.559 [info] Removed views:workbench.view.testing from workbench.view.extension.test
