2023-06-21 22:56:53.980 [info] Starting worker process with pid 9389 (type: fileWatcher, window: 1).
2023-06-21 23:03:18.615 [info] Getting Manifest... ms-python.python
2023-06-21 23:03:19.001 [info] Installing extension: ms-python.python
2023-06-21 23:03:19.769 [info] Getting Manifest... ms-toolsai.jupyter
2023-06-21 23:03:22.304 [info] Getting Manifest... ms-toolsai.jupyter-renderers
2023-06-21 23:03:24.253 [info] Getting Manifest... ms-toolsai.jupyter-keymap
2023-06-21 23:03:25.491 [info] Getting Manifest... ms-toolsai.vscode-jupyter-cell-tags
2023-06-21 23:03:27.269 [info] Getting Manifest... ms-toolsai.vscode-jupyter-slideshow
2023-06-21 23:03:27.610 [info] Installing extension: ms-toolsai.jupyter ms-python.python
2023-06-21 23:03:27.610 [info] Installing extension: ms-toolsai.jupyter-renderers ms-python.python
2023-06-21 23:03:27.611 [info] Installing extension: ms-toolsai.jupyter-keymap ms-python.python
2023-06-21 23:03:27.611 [info] Installing extension: ms-toolsai.vscode-jupyter-cell-tags ms-python.python
2023-06-21 23:03:27.611 [info] Installing extension: ms-toolsai.vscode-jupyter-slideshow ms-python.python
2023-06-21 23:03:34.660 [info] Extension signature verification is not done: ms-toolsai.jupyter-keymap
2023-06-21 23:03:34.696 [info] Extracted extension to /home/eho/.vscode-oss/extensions/.8b0d9146-71e0-4607-b41a-b8f6230c90a6: ms-toolsai.jupyter-keymap
2023-06-21 23:03:34.698 [info] Renamed to /home/eho/.vscode-oss/extensions/ms-toolsai.jupyter-keymap-1.1.0-universal
2023-06-21 23:03:34.699 [info] Extracting extension completed. ms-toolsai.jupyter-keymap
2023-06-21 23:03:38.878 [info] Extension signature verification is not done: ms-toolsai.vscode-jupyter-cell-tags
2023-06-21 23:03:38.971 [info] Extracted extension to /home/eho/.vscode-oss/extensions/.21cef8e7-a511-4186-a037-53f88df8a11d: ms-toolsai.vscode-jupyter-cell-tags
2023-06-21 23:03:38.974 [info] Renamed to /home/eho/.vscode-oss/extensions/ms-toolsai.vscode-jupyter-cell-tags-0.1.8-universal
2023-06-21 23:03:38.981 [info] Extracting extension completed. ms-toolsai.vscode-jupyter-cell-tags
2023-06-21 23:03:44.058 [info] Extension signature verification is not done: ms-toolsai.vscode-jupyter-slideshow
2023-06-21 23:03:44.080 [info] Extracted extension to /home/eho/.vscode-oss/extensions/.a8110a75-6d29-4647-b13d-e8860d44dbba: ms-toolsai.vscode-jupyter-slideshow
2023-06-21 23:03:44.082 [info] Renamed to /home/eho/.vscode-oss/extensions/ms-toolsai.vscode-jupyter-slideshow-0.1.5-universal
2023-06-21 23:03:44.082 [info] Extracting extension completed. ms-toolsai.vscode-jupyter-slideshow
2023-06-21 23:04:44.073 [info] Extension signature verification is not done: ms-toolsai.jupyter-renderers
2023-06-21 23:04:44.362 [info] Extracted extension to /home/eho/.vscode-oss/extensions/.0bd4396c-4140-4600-8d04-5bf77df45c8d: ms-toolsai.jupyter-renderers
2023-06-21 23:04:44.374 [info] Renamed to /home/eho/.vscode-oss/extensions/ms-toolsai.jupyter-renderers-1.0.15-universal
2023-06-21 23:04:44.376 [info] Extracting extension completed. ms-toolsai.jupyter-renderers
2023-06-21 23:04:53.904 [info] Extension signature verification is not done: ms-toolsai.jupyter
2023-06-21 23:04:54.641 [info] Extracted extension to /home/eho/.vscode-oss/extensions/.0d8cc42f-18a8-42a5-948d-5fc200642b35: ms-toolsai.jupyter
2023-06-21 23:04:54.661 [info] Renamed to /home/eho/.vscode-oss/extensions/ms-toolsai.jupyter-2023.3.100-universal
2023-06-21 23:04:54.668 [info] Extracting extension completed. ms-toolsai.jupyter
2023-06-21 23:05:31.977 [info] Extension signature verification is not done: ms-python.python
2023-06-21 23:05:33.804 [info] Extracted extension to /home/eho/.vscode-oss/extensions/.71bec1b5-c095-48f6-9824-909fb8635a86: ms-python.python
2023-06-21 23:05:33.819 [info] Renamed to /home/eho/.vscode-oss/extensions/ms-python.python-2023.6.1-universal
2023-06-21 23:05:33.822 [info] Extracting extension completed. ms-python.python
2023-06-21 23:05:33.829 [info] Extension installed successfully: ms-toolsai.jupyter-keymap
2023-06-21 23:05:33.830 [info] Extension installed successfully: ms-toolsai.vscode-jupyter-cell-tags
2023-06-21 23:05:33.830 [info] Extension installed successfully: ms-toolsai.vscode-jupyter-slideshow
2023-06-21 23:05:33.830 [info] Extension installed successfully: ms-toolsai.jupyter-renderers
2023-06-21 23:05:33.830 [info] Extension installed successfully: ms-toolsai.jupyter
2023-06-21 23:05:33.830 [info] Extension installed successfully: ms-python.python
