2023-10-14 17:14:53.651 [info] Deleted uninstalled extension from disk devsense.composer-php-vscode /home/eho/.vscode-oss/extensions/devsense.composer-php-vscode-1.36.13417-universal
2023-10-14 17:14:53.651 [info] Deleted uninstalled extension from disk devsense.profiler-php-vscode /home/eho/.vscode-oss/extensions/devsense.profiler-php-vscode-1.36.13417-universal
2023-10-14 17:14:53.651 [info] Deleted uninstalled extension from disk devsense.phptools-vscode /home/eho/.vscode-oss/extensions/devsense.phptools-vscode-1.36.13417-linux-x64
2023-10-14 17:14:53.652 [info] Deleted uninstalled extension from disk esbenp.prettier-vscode /home/eho/.vscode-oss/extensions/esbenp.prettier-vscode-9.19.0-universal
2023-10-14 17:14:53.663 [error] [uncaught exception in sharedProcess]: Error: ENOENT: no such file or directory, stat '/home/eho/.vscode-oss/extensions/devsense.phptools-vscode-1.36.13417-linux-x64.7fd29b7a.vsctmp': EntryNotFound (FileSystemError): Error: ENOENT: no such file or directory, stat '/home/eho/.vscode-oss/extensions/devsense.phptools-vscode-1.36.13417-linux-x64.7fd29b7a.vsctmp'
    at s.create (/usr/lib/code/out/vs/code/node/sharedProcess/sharedProcessMain.js:51:30209)
    at i (/usr/lib/code/out/vs/code/node/sharedProcess/sharedProcessMain.js:51:30329)
    at t.fb (/usr/lib/code/out/vs/code/node/sharedProcess/sharedProcessMain.js:56:35755)
    at t.stat (/usr/lib/code/out/vs/code/node/sharedProcess/sharedProcessMain.js:56:28201)
    at async w.stat (/usr/lib/code/out/vs/code/node/sharedProcess/sharedProcessMain.js:56:15579)
    at async Q.tb (/usr/lib/code/out/vs/code/node/sharedProcess/sharedProcessMain.js:109:9514)
2023-10-14 17:14:53.679 [info] Deleted uninstalled extension from disk ms-toolsai.jupyter /home/eho/.vscode-oss/extensions/ms-toolsai.jupyter-2023.3.100-universal
2023-10-14 17:14:53.746 [info] Deleted uninstalled extension from disk ms-python.python /home/eho/.vscode-oss/extensions/ms-python.python-2023.12.0-universal
2023-10-14 17:14:58.535 [info] Getting Manifest... devsense.composer-php-vscode
2023-10-14 17:14:58.540 [info] Getting Manifest... devsense.phptools-vscode
2023-10-14 17:14:58.541 [info] Getting Manifest... devsense.profiler-php-vscode
2023-10-14 17:14:58.542 [info] Getting Manifest... formulahendry.code-runner
2023-10-14 17:14:58.544 [info] Getting Manifest... ms-python.python
2023-10-14 17:14:58.544 [info] Getting Manifest... ms-toolsai.jupyter
2023-10-14 17:14:58.545 [info] Getting Manifest... ms-toolsai.jupyter-renderers
2023-10-14 17:14:58.546 [info] Getting Manifest... streetsidesoftware.code-spell-checker
2023-10-14 17:15:01.383 [error] Failed to install extension. devsense.composer-php-vscode
2023-10-14 17:15:01.383 [error] Error: net::ERR_INTERNET_DISCONNECTED
    at SimpleURLLoaderWrapper.<anonymous> (node:electron/js2c/browser_init:2:49981)
    at SimpleURLLoaderWrapper.emit (node:events:513:28)
2023-10-14 17:15:01.385 [error] Failed to install extension. devsense.phptools-vscode
2023-10-14 17:15:01.386 [error] Error: net::ERR_INTERNET_DISCONNECTED
    at SimpleURLLoaderWrapper.<anonymous> (node:electron/js2c/browser_init:2:49981)
    at SimpleURLLoaderWrapper.emit (node:events:513:28)
2023-10-14 17:15:01.387 [error] Failed to install extension. devsense.profiler-php-vscode
2023-10-14 17:15:01.389 [error] Error: net::ERR_INTERNET_DISCONNECTED
    at SimpleURLLoaderWrapper.<anonymous> (node:electron/js2c/browser_init:2:49981)
    at SimpleURLLoaderWrapper.emit (node:events:513:28)
2023-10-14 17:15:01.391 [error] Failed to install extension. formulahendry.code-runner
2023-10-14 17:15:01.392 [error] Error: net::ERR_INTERNET_DISCONNECTED
    at SimpleURLLoaderWrapper.<anonymous> (node:electron/js2c/browser_init:2:49981)
    at SimpleURLLoaderWrapper.emit (node:events:513:28)
2023-10-14 17:15:01.393 [error] Failed to install extension. ms-python.python
2023-10-14 17:15:01.394 [error] Error: net::ERR_INTERNET_DISCONNECTED
    at SimpleURLLoaderWrapper.<anonymous> (node:electron/js2c/browser_init:2:49981)
    at SimpleURLLoaderWrapper.emit (node:events:513:28)
2023-10-14 17:15:01.396 [error] Failed to install extension. ms-toolsai.jupyter
2023-10-14 17:15:01.398 [error] Error: net::ERR_INTERNET_DISCONNECTED
    at SimpleURLLoaderWrapper.<anonymous> (node:electron/js2c/browser_init:2:49981)
    at SimpleURLLoaderWrapper.emit (node:events:513:28)
2023-10-14 17:15:01.399 [error] Failed to install extension. ms-toolsai.jupyter-renderers
2023-10-14 17:15:01.399 [error] Error: net::ERR_INTERNET_DISCONNECTED
    at SimpleURLLoaderWrapper.<anonymous> (node:electron/js2c/browser_init:2:49981)
    at SimpleURLLoaderWrapper.emit (node:events:513:28)
2023-10-14 17:15:01.400 [error] Failed to install extension. streetsidesoftware.code-spell-checker
2023-10-14 17:15:01.401 [error] Error: net::ERR_INTERNET_DISCONNECTED
    at SimpleURLLoaderWrapper.<anonymous> (node:electron/js2c/browser_init:2:49981)
    at SimpleURLLoaderWrapper.emit (node:events:513:28)
2023-10-14 17:15:28.778 [info] Getting Manifest... streetsidesoftware.code-spell-checker
2023-10-14 17:15:29.387 [info] Installing extension: streetsidesoftware.code-spell-checker
2023-10-14 17:15:31.294 [info] Getting Manifest... devsense.composer-php-vscode
2023-10-14 17:15:31.520 [info] Installing extension: devsense.composer-php-vscode
2023-10-14 17:15:32.083 [info] Extension signature verification is not done: streetsidesoftware.code-spell-checker
2023-10-14 17:15:32.224 [info] Extension signature verification is not done: devsense.composer-php-vscode
2023-10-14 17:15:32.241 [info] Extracted extension to file:///home/eho/.vscode-oss/extensions/devsense.composer-php-vscode-1.40.14053-universal: devsense.composer-php-vscode
2023-10-14 17:15:32.245 [info] Renamed to /home/eho/.vscode-oss/extensions/devsense.composer-php-vscode-1.40.14053-universal
2023-10-14 17:15:32.248 [info] Extracting extension completed. devsense.composer-php-vscode
2023-10-14 17:15:32.260 [info] Extension installed successfully: devsense.composer-php-vscode
2023-10-14 17:15:32.266 [info] Marked extension as uninstalled devsense.composer-php-vscode-1.38.13759-universal
2023-10-14 17:15:32.275 [error] [uncaught exception in sharedProcess]: Error: ENOENT: no such file or directory, stat '/home/eho/.vscode-oss/extensions/extensions.json.vsctmp': EntryNotFound (FileSystemError): Error: ENOENT: no such file or directory, stat '/home/eho/.vscode-oss/extensions/extensions.json.vsctmp'
    at s.create (/usr/lib/code/out/vs/code/node/sharedProcess/sharedProcessMain.js:51:30209)
    at i (/usr/lib/code/out/vs/code/node/sharedProcess/sharedProcessMain.js:51:30329)
    at t.fb (/usr/lib/code/out/vs/code/node/sharedProcess/sharedProcessMain.js:56:35755)
    at t.stat (/usr/lib/code/out/vs/code/node/sharedProcess/sharedProcessMain.js:56:28201)
    at async w.stat (/usr/lib/code/out/vs/code/node/sharedProcess/sharedProcessMain.js:56:15579)
    at async Q.tb (/usr/lib/code/out/vs/code/node/sharedProcess/sharedProcessMain.js:109:9514)
2023-10-14 17:15:32.450 [info] Extracted extension to file:///home/eho/.vscode-oss/extensions/streetsidesoftware.code-spell-checker-3.0.1-universal: streetsidesoftware.code-spell-checker
2023-10-14 17:15:32.465 [info] Renamed to /home/eho/.vscode-oss/extensions/streetsidesoftware.code-spell-checker-3.0.1-universal
2023-10-14 17:15:32.468 [info] Extracting extension completed. streetsidesoftware.code-spell-checker
2023-10-14 17:15:32.478 [info] Extension installed successfully: streetsidesoftware.code-spell-checker
2023-10-14 17:15:32.483 [info] Marked extension as uninstalled streetsidesoftware.code-spell-checker-2.20.5-universal
2023-10-14 17:15:32.549 [error] [uncaught exception in sharedProcess]: Error: ENOENT: no such file or directory, stat '/home/eho/.vscode-oss/extensions/extensions.json.vsctmp': EntryNotFound (FileSystemError): Error: ENOENT: no such file or directory, stat '/home/eho/.vscode-oss/extensions/extensions.json.vsctmp'
    at s.create (/usr/lib/code/out/vs/code/node/sharedProcess/sharedProcessMain.js:51:30209)
    at i (/usr/lib/code/out/vs/code/node/sharedProcess/sharedProcessMain.js:51:30329)
    at t.fb (/usr/lib/code/out/vs/code/node/sharedProcess/sharedProcessMain.js:56:35755)
    at t.stat (/usr/lib/code/out/vs/code/node/sharedProcess/sharedProcessMain.js:56:28201)
    at async w.stat (/usr/lib/code/out/vs/code/node/sharedProcess/sharedProcessMain.js:56:15579)
    at async Q.tb (/usr/lib/code/out/vs/code/node/sharedProcess/sharedProcessMain.js:109:9514)
2023-10-14 17:15:32.972 [info] Getting Manifest... ms-toolsai.jupyter
2023-10-14 17:15:33.334 [info] Installing extension: ms-toolsai.jupyter
2023-10-14 17:15:34.616 [info] Getting Manifest... ms-toolsai.jupyter-renderers
2023-10-14 17:15:35.112 [info] Installing extension: ms-toolsai.jupyter-renderers
2023-10-14 17:15:36.678 [info] Getting Manifest... devsense.phptools-vscode
2023-10-14 17:15:37.002 [info] Installing extension: devsense.phptools-vscode
2023-10-14 17:15:37.986 [info] Getting Manifest... devsense.profiler-php-vscode
2023-10-14 17:15:38.335 [info] Installing extension: devsense.profiler-php-vscode
2023-10-14 17:15:39.233 [info] Extension signature verification is not done: devsense.profiler-php-vscode
2023-10-14 17:15:39.252 [info] Extracted extension to file:///home/eho/.vscode-oss/extensions/devsense.profiler-php-vscode-1.40.14053-universal: devsense.profiler-php-vscode
2023-10-14 17:15:39.255 [info] Renamed to /home/eho/.vscode-oss/extensions/devsense.profiler-php-vscode-1.40.14053-universal
2023-10-14 17:15:39.257 [info] Extracting extension completed. devsense.profiler-php-vscode
2023-10-14 17:15:39.265 [info] Extension installed successfully: devsense.profiler-php-vscode
2023-10-14 17:15:39.269 [info] Marked extension as uninstalled devsense.profiler-php-vscode-1.38.13759-universal
2023-10-14 17:15:39.308 [info] Getting Manifest... ms-python.python
2023-10-14 17:15:39.337 [error] [uncaught exception in sharedProcess]: Error: ENOENT: no such file or directory, stat '/home/eho/.vscode-oss/extensions/extensions.json.vsctmp': EntryNotFound (FileSystemError): Error: ENOENT: no such file or directory, stat '/home/eho/.vscode-oss/extensions/extensions.json.vsctmp'
    at s.create (/usr/lib/code/out/vs/code/node/sharedProcess/sharedProcessMain.js:51:30209)
    at i (/usr/lib/code/out/vs/code/node/sharedProcess/sharedProcessMain.js:51:30329)
    at t.fb (/usr/lib/code/out/vs/code/node/sharedProcess/sharedProcessMain.js:56:35755)
    at t.stat (/usr/lib/code/out/vs/code/node/sharedProcess/sharedProcessMain.js:56:28201)
    at async w.stat (/usr/lib/code/out/vs/code/node/sharedProcess/sharedProcessMain.js:56:15579)
    at async Q.tb (/usr/lib/code/out/vs/code/node/sharedProcess/sharedProcessMain.js:109:9514)
2023-10-14 17:15:39.672 [info] Installing extension: ms-python.python
2023-10-14 17:15:43.411 [info] Getting Manifest... formulahendry.code-runner
2023-10-14 17:15:44.832 [info] Installing extension: formulahendry.code-runner
2023-10-14 17:15:50.018 [info] Extension signature verification is not done: ms-toolsai.jupyter
2023-10-14 17:15:50.199 [info] Extension signature verification is not done: formulahendry.code-runner
2023-10-14 17:15:50.336 [info] Extracted extension to file:///home/eho/.vscode-oss/extensions/formulahendry.code-runner-0.12.1-universal: formulahendry.code-runner
2023-10-14 17:15:50.353 [info] Renamed to /home/eho/.vscode-oss/extensions/formulahendry.code-runner-0.12.1-universal
2023-10-14 17:15:50.357 [info] Extracting extension completed. formulahendry.code-runner
2023-10-14 17:15:50.365 [info] Extension installed successfully: formulahendry.code-runner
2023-10-14 17:15:50.368 [info] Marked extension as uninstalled formulahendry.code-runner-0.12.0-universal
2023-10-14 17:15:50.378 [error] [uncaught exception in sharedProcess]: Error: ENOENT: no such file or directory, stat '/home/eho/.vscode-oss/extensions/extensions.json.vsctmp': EntryNotFound (FileSystemError): Error: ENOENT: no such file or directory, stat '/home/eho/.vscode-oss/extensions/extensions.json.vsctmp'
    at s.create (/usr/lib/code/out/vs/code/node/sharedProcess/sharedProcessMain.js:51:30209)
    at i (/usr/lib/code/out/vs/code/node/sharedProcess/sharedProcessMain.js:51:30329)
    at t.fb (/usr/lib/code/out/vs/code/node/sharedProcess/sharedProcessMain.js:56:35755)
    at t.stat (/usr/lib/code/out/vs/code/node/sharedProcess/sharedProcessMain.js:56:28201)
    at async w.stat (/usr/lib/code/out/vs/code/node/sharedProcess/sharedProcessMain.js:56:15579)
    at async Q.tb (/usr/lib/code/out/vs/code/node/sharedProcess/sharedProcessMain.js:109:9514)
2023-10-14 17:15:50.522 [info] Extracted extension to file:///home/eho/.vscode-oss/extensions/ms-toolsai.jupyter-2023.9.100-universal: ms-toolsai.jupyter
2023-10-14 17:15:50.535 [info] Renamed to /home/eho/.vscode-oss/extensions/ms-toolsai.jupyter-2023.9.100-universal
2023-10-14 17:15:50.541 [info] Extracting extension completed. ms-toolsai.jupyter
2023-10-14 17:15:50.551 [info] Extension installed successfully: ms-toolsai.jupyter
2023-10-14 17:15:50.557 [info] Marked extension as uninstalled ms-toolsai.jupyter-2023.7.100-universal
2023-10-14 17:15:50.623 [error] [uncaught exception in sharedProcess]: Error: ENOENT: no such file or directory, stat '/home/eho/.vscode-oss/extensions/extensions.json.vsctmp': EntryNotFound (FileSystemError): Error: ENOENT: no such file or directory, stat '/home/eho/.vscode-oss/extensions/extensions.json.vsctmp'
    at s.create (/usr/lib/code/out/vs/code/node/sharedProcess/sharedProcessMain.js:51:30209)
    at i (/usr/lib/code/out/vs/code/node/sharedProcess/sharedProcessMain.js:51:30329)
    at t.fb (/usr/lib/code/out/vs/code/node/sharedProcess/sharedProcessMain.js:56:35755)
    at t.stat (/usr/lib/code/out/vs/code/node/sharedProcess/sharedProcessMain.js:56:28201)
    at async w.stat (/usr/lib/code/out/vs/code/node/sharedProcess/sharedProcessMain.js:56:15579)
    at async Q.tb (/usr/lib/code/out/vs/code/node/sharedProcess/sharedProcessMain.js:109:9514)
2023-10-14 17:15:58.733 [info] Extension signature verification is not done: ms-toolsai.jupyter-renderers
2023-10-14 17:15:59.042 [info] Extracted extension to file:///home/eho/.vscode-oss/extensions/ms-toolsai.jupyter-renderers-1.0.17-universal: ms-toolsai.jupyter-renderers
2023-10-14 17:15:59.055 [info] Renamed to /home/eho/.vscode-oss/extensions/ms-toolsai.jupyter-renderers-1.0.17-universal
2023-10-14 17:15:59.056 [info] Extracting extension completed. ms-toolsai.jupyter-renderers
2023-10-14 17:15:59.063 [info] Extension installed successfully: ms-toolsai.jupyter-renderers
2023-10-14 17:15:59.066 [info] Marked extension as uninstalled ms-toolsai.jupyter-renderers-1.0.15-universal
2023-10-14 17:15:59.142 [error] [uncaught exception in sharedProcess]: Error: ENOENT: no such file or directory, stat '/home/eho/.vscode-oss/extensions/extensions.json.vsctmp': EntryNotFound (FileSystemError): Error: ENOENT: no such file or directory, stat '/home/eho/.vscode-oss/extensions/extensions.json.vsctmp'
    at s.create (/usr/lib/code/out/vs/code/node/sharedProcess/sharedProcessMain.js:51:30209)
    at i (/usr/lib/code/out/vs/code/node/sharedProcess/sharedProcessMain.js:51:30329)
    at t.fb (/usr/lib/code/out/vs/code/node/sharedProcess/sharedProcessMain.js:56:35755)
    at t.stat (/usr/lib/code/out/vs/code/node/sharedProcess/sharedProcessMain.js:56:28201)
    at async w.stat (/usr/lib/code/out/vs/code/node/sharedProcess/sharedProcessMain.js:56:15579)
    at async Q.tb (/usr/lib/code/out/vs/code/node/sharedProcess/sharedProcessMain.js:109:9514)
2023-10-14 17:16:13.108 [info] Extension signature verification is not done: ms-python.python
2023-10-14 17:16:13.651 [info] Extension signature verification is not done: devsense.phptools-vscode
2023-10-14 17:16:13.949 [info] Extracted extension to file:///home/eho/.vscode-oss/extensions/devsense.phptools-vscode-1.40.14053-linux-x64: devsense.phptools-vscode
2023-10-14 17:16:13.955 [info] Renamed to /home/eho/.vscode-oss/extensions/devsense.phptools-vscode-1.40.14053-linux-x64
2023-10-14 17:16:13.959 [info] Extracting extension completed. devsense.phptools-vscode
2023-10-14 17:16:13.967 [info] Extension installed successfully: devsense.phptools-vscode
2023-10-14 17:16:13.972 [info] Marked extension as uninstalled devsense.phptools-vscode-1.38.13759-linux-x64
2023-10-14 17:16:14.041 [error] [uncaught exception in sharedProcess]: Error: ENOENT: no such file or directory, stat '/home/eho/.vscode-oss/extensions/extensions.json.vsctmp': EntryNotFound (FileSystemError): Error: ENOENT: no such file or directory, stat '/home/eho/.vscode-oss/extensions/extensions.json.vsctmp'
    at s.create (/usr/lib/code/out/vs/code/node/sharedProcess/sharedProcessMain.js:51:30209)
    at i (/usr/lib/code/out/vs/code/node/sharedProcess/sharedProcessMain.js:51:30329)
    at t.fb (/usr/lib/code/out/vs/code/node/sharedProcess/sharedProcessMain.js:56:35755)
    at t.stat (/usr/lib/code/out/vs/code/node/sharedProcess/sharedProcessMain.js:56:28201)
    at async w.stat (/usr/lib/code/out/vs/code/node/sharedProcess/sharedProcessMain.js:56:15579)
    at async Q.tb (/usr/lib/code/out/vs/code/node/sharedProcess/sharedProcessMain.js:109:9514)
2023-10-14 17:16:14.791 [info] Extracted extension to file:///home/eho/.vscode-oss/extensions/ms-python.python-2023.18.0-universal: ms-python.python
2023-10-14 17:16:14.806 [info] Renamed to /home/eho/.vscode-oss/extensions/ms-python.python-2023.18.0-universal
2023-10-14 17:16:14.811 [info] Extracting extension completed. ms-python.python
2023-10-14 17:16:14.821 [info] Extension installed successfully: ms-python.python
2023-10-14 17:16:14.827 [info] Marked extension as uninstalled ms-python.python-2023.14.0-universal
2023-10-14 17:16:14.894 [error] [uncaught exception in sharedProcess]: Error: ENOENT: no such file or directory, stat '/home/eho/.vscode-oss/extensions/extensions.json.vsctmp': EntryNotFound (FileSystemError): Error: ENOENT: no such file or directory, stat '/home/eho/.vscode-oss/extensions/extensions.json.vsctmp'
    at s.create (/usr/lib/code/out/vs/code/node/sharedProcess/sharedProcessMain.js:51:30209)
    at i (/usr/lib/code/out/vs/code/node/sharedProcess/sharedProcessMain.js:51:30329)
    at t.fb (/usr/lib/code/out/vs/code/node/sharedProcess/sharedProcessMain.js:56:35755)
    at t.stat (/usr/lib/code/out/vs/code/node/sharedProcess/sharedProcessMain.js:56:28201)
    at async w.stat (/usr/lib/code/out/vs/code/node/sharedProcess/sharedProcessMain.js:56:15579)
    at async Q.tb (/usr/lib/code/out/vs/code/node/sharedProcess/sharedProcessMain.js:109:9514)
