[2022-08-26T14:29:23.005Z] Log level: Info
[2022-08-26T14:29:23.008Z] [info] Validating found git in: git
[2022-08-26T14:29:23.020Z] [info] Using git 2.37.2 from git
[2022-08-26T14:29:23.037Z] > git rev-parse --show-toplevel [4ms]
[2022-08-26T14:29:23.037Z] fatal: not a git repository (or any of the parent directories): .git
[2022-08-26T14:29:23.051Z] > git rev-parse --show-toplevel [6ms]
[2022-08-26T14:29:23.051Z] fatal: not a git repository (or any of the parent directories): .git
[2022-08-26T14:29:23.056Z] > git rev-parse --show-toplevel [0ms]
[2022-08-26T14:29:23.056Z] fatal: not a git repository (or any of the parent directories): .git
[2022-08-26T14:29:23.064Z] > git rev-parse --show-toplevel [1ms]
[2022-08-26T14:29:23.064Z] fatal: not a git repository (or any of the parent directories): .git
[2022-08-26T14:29:23.074Z] > git rev-parse --show-toplevel [3ms]
[2022-08-26T14:29:23.074Z] fatal: not a git repository (or any of the parent directories): .git
[2022-08-26T14:29:23.081Z] > git rev-parse --show-toplevel [1ms]
[2022-08-26T14:29:23.081Z] fatal: not a git repository (or any of the parent directories): .git
[2022-08-26T14:29:23.086Z] > git rev-parse --show-toplevel [1ms]
[2022-08-26T14:29:23.086Z] fatal: not a git repository (or any of the parent directories): .git
[2022-08-26T14:29:23.092Z] > git rev-parse --show-toplevel [1ms]
[2022-08-26T14:29:23.092Z] fatal: not a git repository (or any of the parent directories): .git
[2022-08-26T14:29:23.100Z] > git rev-parse --show-toplevel [1ms]
[2022-08-26T14:29:23.100Z] fatal: not a git repository (or any of the parent directories): .git
[2022-08-26T14:29:23.110Z] > git rev-parse --show-toplevel [1ms]
[2022-08-26T14:29:23.110Z] fatal: not a git repository (or any of the parent directories): .git
[2022-08-26T14:29:23.118Z] > git rev-parse --show-toplevel [1ms]
[2022-08-26T14:29:23.118Z] fatal: not a git repository (or any of the parent directories): .git
[2022-08-26T14:29:23.125Z] > git rev-parse --show-toplevel [1ms]
[2022-08-26T14:29:23.125Z] fatal: not a git repository (or any of the parent directories): .git
[2022-08-26T14:29:46.965Z] > git rev-parse --show-toplevel [2ms]
[2022-08-26T14:29:46.965Z] fatal: not a git repository (or any of the parent directories): .git
[2022-08-26T14:29:50.765Z] > git rev-parse --show-toplevel [18ms]
[2022-08-26T14:29:50.765Z] fatal: not a git repository (or any of the parent directories): .git
