Initializing document watcher...
Document watcher initialized
site/routes/web.php: {"insertSpaces":true,"tabSize":4}
site/storage/logs/laravel.log: {"insertSpaces":true,"tabSize":4}
site/routes/web.php: {"insertSpaces":true,"tabSize":4}
site/routes/web.php: {"insertSpaces":true,"tabSize":4}
site/routes/web.php: {"insertSpaces":true,"tabSize":4}
site/routes/web.php: {"insertSpaces":true,"tabSize":4}
site/app/Http/Controllers/TodoListController.php: {"insertSpaces":true,"tabSize":4}
site/routes/web.php: {"insertSpaces":true,"tabSize":4}
site/routes/web.php: Using EditorConfig core...
routes/web.php: editor.action.trimTrailingWhitespace
site/app/Http/Controllers/TodoListController.php: {"insertSpaces":true,"tabSize":4}
site/database/migrations/2023_07_30_212621_create_list_items_table.php: {"insertSpaces":true,"tabSize":4}
site/app/Http/Controllers/TodoListController.php: {"insertSpaces":true,"tabSize":4}
site/routes/web.php: {"insertSpaces":true,"tabSize":4}
site/app/Http/Controllers/TodoListController.php: {"insertSpaces":true,"tabSize":4}
site/app/Http/Controllers/TodoListController.php: {"insertSpaces":true,"tabSize":4}
site/app/Models/ListItem.php: {"insertSpaces":true,"tabSize":4}
site/app/Http/Controllers/TodoListController.php: {"insertSpaces":true,"tabSize":4}
site/database/migrations/2023_07_30_212621_create_list_items_table.php: {"insertSpaces":true,"tabSize":4}
site/app/Http/Controllers/TodoListController.php: {"insertSpaces":true,"tabSize":4}
site/app/Http/Controllers/TodoListController.php: {"insertSpaces":true,"tabSize":4}
site/app/Http/Controllers/TodoListController.php: {"insertSpaces":true,"tabSize":4}
site/app/Http/Controllers/TodoListController.php: Using EditorConfig core...
app/Http/Controllers/TodoListController.php: editor.action.trimTrailingWhitespace
site/app/Http/Controllers/TodoListController.php: Using EditorConfig core...
app/Http/Controllers/TodoListController.php: editor.action.trimTrailingWhitespace
site/app/Http/Controllers/TodoListController.php: {"insertSpaces":true,"tabSize":4}
site/database/seeders/DatabaseSeeder.php: {"insertSpaces":true,"tabSize":4}
site/resources/views/welcome.blade.php: {"insertSpaces":true,"tabSize":4}
site/resources/views/index.blade.php: {"insertSpaces":true,"tabSize":4}
site/resources/views/index.blade.php: {"insertSpaces":true,"tabSize":4}
site/resources/views/index.blade.php: {"insertSpaces":true,"tabSize":4}
site/resources/views/index.blade.php: {"insertSpaces":true,"tabSize":4}
site/resources/views/index.blade.php: {"insertSpaces":true,"tabSize":4}
site/resources/views/index.blade.php: {"insertSpaces":true,"tabSize":4}
site/storage/logs/laravel.log: {"insertSpaces":true,"tabSize":4}
site/app/Http/Controllers/TodoListController.php: {"insertSpaces":true,"tabSize":4}
site/routes/web.php: {"insertSpaces":true,"tabSize":4}
site/storage/logs/laravel.log: {"insertSpaces":true,"tabSize":4}
site/app/Http/Controllers/TodoListController.php: {"insertSpaces":true,"tabSize":4}
site/routes/web.php: {"insertSpaces":true,"tabSize":4}
site/app/Http/Controllers/TodoListController.php: {"insertSpaces":true,"tabSize":4}
site/routes/web.php: {"insertSpaces":true,"tabSize":4}
site/app/Http/Controllers/TodoListController.php: {"insertSpaces":true,"tabSize":4}
site/routes/web.php: {"insertSpaces":true,"tabSize":4}
site/app/Http/Controllers/TodoListController.php: {"insertSpaces":true,"tabSize":4}
site/routes/web.php: {"insertSpaces":true,"tabSize":4}
site/app/Http/Controllers/TodoListController.php: {"insertSpaces":true,"tabSize":4}
site/app/Http/Controllers/TodoListController.php: Using EditorConfig core...
app/Http/Controllers/TodoListController.php: editor.action.trimTrailingWhitespace
site/app/Http/Controllers/TodoListController.php: {"insertSpaces":true,"tabSize":4}
site/storage/logs/laravel.log: {"insertSpaces":true,"tabSize":4}
site/storage/logs/laravel.log: {"insertSpaces":true,"tabSize":4}
site/storage/logs/laravel.log: {"insertSpaces":true,"tabSize":4}
site/storage/logs/laravel.log: {"insertSpaces":true,"tabSize":4}
site/storage/logs/laravel.log: {"insertSpaces":true,"tabSize":4}
site/storage/logs/laravel.log: {"insertSpaces":true,"tabSize":4}
site/storage/logs/laravel.log: {"insertSpaces":true,"tabSize":4}
site/routes/web.php: {"insertSpaces":true,"tabSize":4}
site/routes/web.php: {"insertSpaces":true,"tabSize":4}
site/routes/web.php: {"insertSpaces":true,"tabSize":4}
site/app/Http/Controllers/TodoListController.php: {"insertSpaces":true,"tabSize":4}
site/app/Http/Controllers/TodoListController.php: {"insertSpaces":true,"tabSize":4}
site/app/Http/Controllers/TodoListController.php: {"insertSpaces":true,"tabSize":4}
site/routes/web.php: {"insertSpaces":true,"tabSize":4}
site/routes/web.php: Using EditorConfig core...
routes/web.php: editor.action.trimTrailingWhitespace
site/routes/web.php: {"insertSpaces":true,"tabSize":4}
site/routes/web.php: {"insertSpaces":true,"tabSize":4}
site/app/Http/Controllers/TodoListController.php: {"insertSpaces":true,"tabSize":4}
site/storage/logs/laravel.log: {"insertSpaces":true,"tabSize":4}
site/routes/web.php: {"insertSpaces":true,"tabSize":4}
site/routes/web.php: {"insertSpaces":true,"tabSize":4}
site/routes/web.php: {"insertSpaces":true,"tabSize":4}
site/resources/views/index.blade.php: {"insertSpaces":true,"tabSize":4}
site/resources/views/index.blade.php: {"insertSpaces":true,"tabSize":4}
site/resources/views/index.blade.php: {"insertSpaces":true,"tabSize":4}
site/routes/web.php: {"insertSpaces":true,"tabSize":4}
site/app/Http/Controllers/TodoListController.php: {"insertSpaces":true,"tabSize":4}
site/app/Http/Controllers/TodoListController.php: Using EditorConfig core...
app/Http/Controllers/TodoListController.php: editor.action.trimTrailingWhitespace
site/routes/web.php: {"insertSpaces":true,"tabSize":4}
site/routes/web.php: Using EditorConfig core...
routes/web.php: editor.action.trimTrailingWhitespace
site/routes/web.php: {"insertSpaces":true,"tabSize":4}
site/routes/web.php: {"insertSpaces":true,"tabSize":4}
site/routes/web.php: {"insertSpaces":true,"tabSize":4}
site/app/Http/Controllers/TodoListController.php: {"insertSpaces":true,"tabSize":4}
site/routes/web.php: {"insertSpaces":true,"tabSize":4}
site/resources/views/index.blade.php: {"insertSpaces":true,"tabSize":4}
site/storage/logs/laravel.log: {"insertSpaces":true,"tabSize":4}
site/resources/views/index.blade.php: {"insertSpaces":true,"tabSize":4}
site/routes/web.php: {"insertSpaces":true,"tabSize":4}
site/routes/web.php: Using EditorConfig core...
routes/web.php: editor.action.trimTrailingWhitespace
site/routes/web.php: {"insertSpaces":true,"tabSize":4}
site/routes/web.php: Using EditorConfig core...
routes/web.php: editor.action.trimTrailingWhitespace
site/routes/web.php: {"insertSpaces":true,"tabSize":4}
