
PHP Tools server started.
    PID: 5718
    Processing files: *.php; *.phtml

[Info  - 1:38:02 PM] Processing packages in /home/eho/site/vendor/composer/installed.json ...
[Info  - 1:38:07 PM] Processing done in 00:00:05.3888618.
[Info  - 1:38:37 PM] Storing package brick/math@0.11.0 cache ...
[Info  - 1:38:37 PM] Storing package dflydev/dot-access-data@v3.0.2 cache ...
[Info  - 1:38:37 PM] Storing package doctrine/inflector@2.0.8 cache ...
[Info  - 1:38:37 PM] Storing package doctrine/lexer@3.0.0 cache ...
[Info  - 1:38:37 PM] Storing package dragonmantank/cron-expression@v3.3.2 cache ...
[Info  - 1:38:37 PM] Storing package egulias/email-validator@4.0.1 cache ...
[Info  - 1:38:38 PM] Storing package fakerphp/faker@v1.23.0 cache ...
[Info  - 1:38:38 PM] Storing package filp/whoops@2.15.3 cache ...
[Info  - 1:38:38 PM] Storing package fruitcake/php-cors@v1.2.0 cache ...
[Info  - 1:38:38 PM] Storing package graham-campbell/result-type@v1.1.1 cache ...
[Info  - 1:38:38 PM] Storing package guzzlehttp/guzzle@7.7.0 cache ...
[Info  - 1:38:38 PM] Storing package guzzlehttp/promises@2.0.0 cache ...
[Info  - 1:38:38 PM] Storing package guzzlehttp/psr7@2.5.0 cache ...
[Info  - 1:38:38 PM] Storing package guzzlehttp/uri-template@v1.0.1 cache ...
[Info  - 1:38:38 PM] Storing package hamcrest/hamcrest-php@v2.0.1 cache ...
[Info  - 1:38:38 PM] Storing package laravel/framework@v10.16.1 cache ...
[Info  - 1:38:38 PM] Storing package laravel/sail@v1.23.1 cache ...
[Info  - 1:38:38 PM] Storing package laravel/sanctum@v3.2.5 cache ...
[Info  - 1:38:38 PM] Storing package laravel/serializable-closure@v1.3.1 cache ...
[Info  - 1:38:38 PM] Storing package laravel/tinker@v2.8.1 cache ...
[Info  - 1:38:38 PM] Storing package league/commonmark@2.4.0 cache ...
[Info  - 1:38:38 PM] Storing package league/config@v1.2.0 cache ...
[Info  - 1:38:38 PM] Storing package league/flysystem@3.15.1 cache ...
[Info  - 1:38:38 PM] Storing package league/flysystem-local@3.15.0 cache ...
[Info  - 1:38:38 PM] Storing package league/mime-type-detection@1.11.0 cache ...
[Info  - 1:38:38 PM] Storing package mockery/mockery@1.6.4 cache ...
[Info  - 1:38:38 PM] Storing package monolog/monolog@3.4.0 cache ...
[Info  - 1:38:38 PM] Storing package myclabs/deep-copy@1.11.1 cache ...
[Info  - 1:38:38 PM] Storing package nesbot/carbon@2.68.1 cache ...
[Info  - 1:38:38 PM] Storing package nette/schema@v1.2.3 cache ...
[Info  - 1:38:38 PM] Storing package nette/utils@v4.0.1 cache ...
[Info  - 1:38:38 PM] Storing package nikic/php-parser@v4.16.0 cache ...
[Info  - 1:38:38 PM] Storing package nunomaduro/collision@v7.7.0 cache ...
[Info  - 1:38:38 PM] Storing package nunomaduro/termwind@v1.15.1 cache ...
[Info  - 1:38:38 PM] Storing package phar-io/manifest@2.0.3 cache ...
[Info  - 1:38:38 PM] Storing package phar-io/version@3.2.1 cache ...
[Info  - 1:38:38 PM] Storing package phpoption/phpoption@1.9.1 cache ...
[Info  - 1:38:38 PM] Storing package phpunit/php-code-coverage@10.1.3 cache ...
[Info  - 1:38:38 PM] Storing package phpunit/php-file-iterator@4.0.2 cache ...
[Info  - 1:38:38 PM] Storing package phpunit/php-invoker@4.0.0 cache ...
[Info  - 1:38:38 PM] Storing package phpunit/php-text-template@3.0.0 cache ...
[Info  - 1:38:38 PM] Storing package phpunit/php-timer@6.0.0 cache ...
[Info  - 1:38:38 PM] Storing package phpunit/phpunit@10.2.6 cache ...
[Info  - 1:38:38 PM] Storing package psr/container@2.0.2 cache ...
[Info  - 1:38:38 PM] Storing package psr/event-dispatcher@1.0.0 cache ...
[Info  - 1:38:38 PM] Storing package psr/http-client@1.0.2 cache ...
[Info  - 1:38:38 PM] Storing package psr/http-factory@1.0.2 cache ...
[Info  - 1:38:38 PM] Storing package psr/http-message@2.0 cache ...
[Info  - 1:38:38 PM] Storing package psr/log@3.0.0 cache ...
[Info  - 1:38:38 PM] Storing package psr/simple-cache@3.0.0 cache ...
[Info  - 1:38:38 PM] Storing package psy/psysh@v0.11.19 cache ...
[Info  - 1:38:38 PM] Storing package ralouphie/getallheaders@3.0.3 cache ...
[Info  - 1:38:38 PM] Storing package ramsey/collection@2.0.0 cache ...
[Info  - 1:38:38 PM] Storing package ramsey/uuid@4.7.4 cache ...
[Info  - 1:38:38 PM] Storing package sebastian/cli-parser@2.0.0 cache ...
[Info  - 1:38:38 PM] Storing package sebastian/code-unit@2.0.0 cache ...
[Info  - 1:38:38 PM] Storing package sebastian/code-unit-reverse-lookup@3.0.0 cache ...
[Info  - 1:38:38 PM] Storing package sebastian/comparator@5.0.0 cache ...
[Info  - 1:38:38 PM] Storing package sebastian/complexity@3.0.0 cache ...
[Info  - 1:38:38 PM] Storing package sebastian/diff@5.0.3 cache ...
[Info  - 1:38:38 PM] Storing package sebastian/environment@6.0.1 cache ...
[Info  - 1:38:38 PM] Storing package sebastian/exporter@5.0.0 cache ...
[Info  - 1:38:38 PM] Storing package sebastian/global-state@6.0.1 cache ...
[Info  - 1:38:38 PM] Storing package sebastian/lines-of-code@2.0.0 cache ...
[Info  - 1:38:38 PM] Storing package sebastian/object-enumerator@5.0.0 cache ...
[Info  - 1:38:38 PM] Storing package sebastian/object-reflector@3.0.0 cache ...
[Info  - 1:38:38 PM] Storing package sebastian/recursion-context@5.0.0 cache ...
[Info  - 1:38:38 PM] Storing package sebastian/type@4.0.0 cache ...
[Info  - 1:38:38 PM] Storing package sebastian/version@4.0.1 cache ...
[Info  - 1:38:38 PM] Storing package spatie/backtrace@1.5.3 cache ...
[Info  - 1:38:38 PM] Storing package spatie/flare-client-php@1.4.2 cache ...
[Info  - 1:38:38 PM] Storing package spatie/ignition@1.9.0 cache ...
[Info  - 1:38:38 PM] Storing package spatie/laravel-ignition@2.2.0 cache ...
[Info  - 1:38:39 PM] Storing package symfony/console@v6.3.2 cache ...
[Info  - 1:38:39 PM] Storing package symfony/css-selector@v6.3.2 cache ...
[Info  - 1:38:39 PM] Storing package symfony/deprecation-contracts@v3.3.0 cache ...
[Info  - 1:38:39 PM] Storing package symfony/error-handler@v6.3.2 cache ...
[Info  - 1:38:39 PM] Storing package symfony/event-dispatcher@v6.3.2 cache ...
[Info  - 1:38:39 PM] Storing package symfony/event-dispatcher-contracts@v3.3.0 cache ...
[Info  - 1:38:39 PM] Storing package symfony/finder@v6.3.2 cache ...
[Info  - 1:38:39 PM] Storing package symfony/http-foundation@v6.3.2 cache ...
[Info  - 1:38:39 PM] Storing package symfony/http-kernel@v6.3.2 cache ...
[Info  - 1:38:39 PM] Storing package symfony/mailer@v6.3.0 cache ...
[Info  - 1:38:39 PM] Storing package symfony/mime@v6.3.2 cache ...
[Info  - 1:38:39 PM] Storing package symfony/polyfill-ctype@v1.27.0 cache ...
[Info  - 1:38:39 PM] Storing package symfony/polyfill-intl-grapheme@v1.27.0 cache ...
[Info  - 1:38:39 PM] Storing package symfony/polyfill-intl-idn@v1.27.0 cache ...
[Info  - 1:38:39 PM] Storing package symfony/polyfill-intl-normalizer@v1.27.0 cache ...
[Info  - 1:38:39 PM] Storing package symfony/polyfill-mbstring@v1.27.0 cache ...
[Info  - 1:38:39 PM] Storing package symfony/polyfill-php72@v1.27.0 cache ...
[Info  - 1:38:39 PM] Storing package symfony/polyfill-php80@v1.27.0 cache ...
[Info  - 1:38:39 PM] Storing package symfony/polyfill-php83@v1.27.0 cache ...
[Info  - 1:38:39 PM] Storing package symfony/polyfill-uuid@v1.27.0 cache ...
[Info  - 1:38:39 PM] Storing package symfony/process@v6.3.2 cache ...
[Info  - 1:38:39 PM] Storing package symfony/routing@v6.3.2 cache ...
[Info  - 1:38:39 PM] Storing package symfony/service-contracts@v3.3.0 cache ...
[Info  - 1:38:39 PM] Storing package symfony/string@v6.3.2 cache ...
[Info  - 1:38:39 PM] Storing package symfony/translation@v6.3.0 cache ...
[Info  - 1:38:39 PM] Storing package symfony/translation-contracts@v3.3.0 cache ...
[Info  - 1:38:39 PM] Storing package symfony/uid@v6.3.0 cache ...
[Info  - 1:38:39 PM] Storing package symfony/var-dumper@v6.3.2 cache ...
[Info  - 1:38:39 PM] Storing package symfony/yaml@v6.3.0 cache ...
[Info  - 1:38:39 PM] Storing package theseer/tokenizer@1.2.1 cache ...
[Info  - 1:38:39 PM] Storing package tijsverkoyen/css-to-inline-styles@2.2.6 cache ...
[Info  - 1:38:39 PM] Storing package vlucas/phpdotenv@v5.5.0 cache ...
[Info  - 1:38:39 PM] Storing package voku/portable-ascii@2.0.1 cache ...
[Info  - 1:38:39 PM] Storing package webmozart/assert@1.11.0 cache ...
> 1 file system change(s) ...
> 1 file system change(s) ...
> 2 file system change(s) ...
> 1 file system change(s) ...
> 1 file system change(s) ...
> 1 file system change(s) ...
> 1 file system change(s) ...
> 1 file system change(s) ...
> 1 file system change(s) ...
> 1 file system change(s) ...
> 1 file system change(s) ...
> 1 file system change(s) ...
> 1 file system change(s) ...
> 1 file system change(s) ...
> 1 file system change(s) ...
> 1 file system change(s) ...
> 1 file system change(s) ...
> 1 file system change(s) ...
> 2 file system change(s) ...
> 1 file system change(s) ...
> 1 file system change(s) ...
