2023-06-24 12:41:28.501 [info] Log level: Info
2023-06-24 12:41:28.501 [info] Validating found git in: "git"
2023-06-24 12:41:28.501 [info] Using git "2.40.1" from "git"
2023-06-24 12:41:28.501 [info] > git rev-parse --show-toplevel [12ms]
2023-06-24 12:41:28.501 [info] fatal: not a git repository (or any of the parent directories): .git
2023-06-24 12:41:28.502 [info] > git rev-parse --show-toplevel [7ms]
2023-06-24 12:41:28.502 [info] fatal: not a git repository (or any of the parent directories): .git
2023-06-24 12:41:28.514 [info] > git rev-parse --show-toplevel [1ms]
2023-06-24 12:41:28.514 [info] fatal: not a git repository (or any of the parent directories): .git
2023-06-24 12:41:28.523 [info] > git rev-parse --show-toplevel [3ms]
2023-06-24 12:41:28.523 [info] fatal: not a git repository (or any of the parent directories): .git
2023-06-24 12:41:28.530 [info] > git rev-parse --show-toplevel [2ms]
2023-06-24 12:41:28.530 [info] fatal: not a git repository (or any of the parent directories): .git
2023-06-24 12:41:28.540 [info] > git rev-parse --show-toplevel [5ms]
2023-06-24 12:41:28.540 [info] fatal: not a git repository (or any of the parent directories): .git
2023-06-24 12:41:28.560 [info] > git rev-parse --show-toplevel [14ms]
2023-06-24 12:41:28.560 [info] fatal: not a git repository (or any of the parent directories): .git
2023-06-24 12:41:28.575 [info] > git rev-parse --show-toplevel [6ms]
2023-06-24 12:41:28.575 [info] fatal: not a git repository (or any of the parent directories): .git
2023-06-24 12:41:28.584 [info] > git rev-parse --show-toplevel [1ms]
2023-06-24 12:41:28.584 [info] fatal: not a git repository (or any of the parent directories): .git
2023-06-24 12:41:28.589 [info] > git rev-parse --show-toplevel [1ms]
2023-06-24 12:41:28.589 [info] fatal: not a git repository (or any of the parent directories): .git
2023-06-24 12:41:28.596 [info] > git rev-parse --show-toplevel [2ms]
2023-06-24 12:41:28.596 [info] fatal: not a git repository (or any of the parent directories): .git
2023-06-24 12:41:28.602 [info] > git rev-parse --show-toplevel [1ms]
2023-06-24 12:41:28.602 [info] fatal: not a git repository (or any of the parent directories): .git
2023-06-24 12:41:28.607 [info] > git rev-parse --show-toplevel [1ms]
2023-06-24 12:41:28.607 [info] fatal: not a git repository (or any of the parent directories): .git
