2023-08-30 20:33:26.255 [info] Extension host with pid 2590 started
2023-08-30 20:33:26.255 [info] Skipping acquiring lock for /home/eho/.config/Code - OSS/User/workspaceStorage/8bc5819b6fe506d0f53a2e84e9079c63.
2023-08-30 20:33:26.671 [info] ExtensionService#_doActivateExtension vscode.emmet, startup: false, activationEvent: 'onLanguage'
2023-08-30 20:33:26.692 [info] ExtensionService#_doActivateExtension vscode.php-language-features, startup: false, activationEvent: 'onLanguage:php'
2023-08-30 20:33:26.711 [info] ExtensionService#_doActivateExtension codingyu.laravel-goto-view, startup: false, activationEvent: 'onLanguage:php'
2023-08-30 20:33:26.717 [info] ExtensionService#_doActivateExtension DEVSENSE.phptools-vscode, startup: false, activationEvent: 'onLanguage:php'
2023-08-30 20:33:27.354 [info] ExtensionService#_doActivateExtension vscode.git-base, startup: true, activationEvent: '*', root cause: vscode.git
2023-08-30 20:33:27.360 [info] ExtensionService#_doActivateExtension formulahendry.auto-close-tag, startup: true, activationEvent: '*'
2023-08-30 20:33:27.363 [info] ExtensionService#_doActivateExtension formulahendry.auto-rename-tag, startup: true, activationEvent: '*'
2023-08-30 20:33:27.411 [info] ExtensionService#_doActivateExtension vscode.npm, startup: true, activationEvent: 'workspaceContains:package.json'
2023-08-30 20:33:27.458 [info] ExtensionService#_doActivateExtension DEVSENSE.composer-php-vscode, startup: true, activationEvent: 'workspaceContains:composer.json'
2023-08-30 20:33:27.543 [info] ExtensionService#_doActivateExtension vscode.git, startup: true, activationEvent: '*'
2023-08-30 20:33:27.660 [info] ExtensionService#_doActivateExtension vscode.github, startup: true, activationEvent: '*'
2023-08-30 20:33:28.083 [info] Eager extensions activated
2023-08-30 20:33:28.104 [info] ExtensionService#_doActivateExtension vscode.debug-auto-launch, startup: false, activationEvent: 'onStartupFinished'
2023-08-30 20:33:28.107 [info] ExtensionService#_doActivateExtension vscode.merge-conflict, startup: false, activationEvent: 'onStartupFinished'
2023-08-30 20:33:28.150 [info] ExtensionService#_doActivateExtension EditorConfig.EditorConfig, startup: false, activationEvent: 'onStartupFinished'
2023-08-30 20:33:28.177 [info] ExtensionService#_doActivateExtension esbenp.prettier-vscode, startup: false, activationEvent: 'onStartupFinished'
2023-08-30 20:33:28.321 [info] ExtensionService#_doActivateExtension formulahendry.code-runner, startup: false, activationEvent: 'onStartupFinished'
2023-08-30 20:33:28.382 [info] ExtensionService#_doActivateExtension streetsidesoftware.code-spell-checker, startup: false, activationEvent: 'onStartupFinished'
2023-08-30 20:33:48.629 [info] ExtensionService#_doActivateExtension vscode.simple-browser, startup: false, activationEvent: 'onOpenExternalUri:http'
2023-08-30 21:30:54.635 [info] Extension host terminating: renderer closed the MessagePort
