2023-10-25 13:37:56.707 [info] Deleted uninstalled extension from disk devsense.phptools-vscode /home/eho/.vscode-oss/extensions/devsense.phptools-vscode-1.38.13759-linux-x64
2023-10-25 13:37:56.707 [info] Deleted uninstalled extension from disk devsense.profiler-php-vscode /home/eho/.vscode-oss/extensions/devsense.profiler-php-vscode-1.38.13759-universal
2023-10-25 13:37:56.707 [info] Deleted uninstalled extension from disk devsense.composer-php-vscode /home/eho/.vscode-oss/extensions/devsense.composer-php-vscode-1.38.13759-universal
2023-10-25 13:37:56.736 [error] [uncaught exception in sharedProcess]: Error: ENOENT: no such file or directory, stat '/home/eho/.vscode-oss/extensions/devsense.profiler-php-vscode-1.38.13759-universal.6afcf1c6.vsctmp': EntryNotFound (FileSystemError): Error: ENOENT: no such file or directory, stat '/home/eho/.vscode-oss/extensions/devsense.profiler-php-vscode-1.38.13759-universal.6afcf1c6.vsctmp'
    at s.create (/usr/lib/code/out/vs/code/node/sharedProcess/sharedProcessMain.js:51:30209)
    at i (/usr/lib/code/out/vs/code/node/sharedProcess/sharedProcessMain.js:51:30329)
    at t.fb (/usr/lib/code/out/vs/code/node/sharedProcess/sharedProcessMain.js:56:35755)
    at t.stat (/usr/lib/code/out/vs/code/node/sharedProcess/sharedProcessMain.js:56:28201)
    at async w.stat (/usr/lib/code/out/vs/code/node/sharedProcess/sharedProcessMain.js:56:15579)
    at async Q.tb (/usr/lib/code/out/vs/code/node/sharedProcess/sharedProcessMain.js:109:9514)
2023-10-25 13:37:56.744 [info] Deleted uninstalled extension from disk ms-toolsai.jupyter /home/eho/.vscode-oss/extensions/ms-toolsai.jupyter-2023.7.100-universal
2023-10-25 13:37:56.745 [info] Deleted uninstalled extension from disk ms-toolsai.jupyter-renderers /home/eho/.vscode-oss/extensions/ms-toolsai.jupyter-renderers-1.0.15-universal
2023-10-25 13:37:56.746 [info] Deleted uninstalled extension from disk formulahendry.code-runner /home/eho/.vscode-oss/extensions/formulahendry.code-runner-0.12.0-universal
2023-10-25 13:37:56.748 [info] Deleted uninstalled extension from disk streetsidesoftware.code-spell-checker /home/eho/.vscode-oss/extensions/streetsidesoftware.code-spell-checker-2.20.5-universal
2023-10-25 13:37:56.803 [info] Deleted uninstalled extension from disk ms-python.python /home/eho/.vscode-oss/extensions/ms-python.python-2023.14.0-universal
2023-10-25 13:38:00.576 [info] Getting Manifest... codingyu.laravel-goto-view
2023-10-25 13:38:00.589 [info] Getting Manifest... devsense.composer-php-vscode
2023-10-25 13:38:00.592 [info] Getting Manifest... devsense.phptools-vscode
2023-10-25 13:38:00.594 [info] Getting Manifest... devsense.profiler-php-vscode
2023-10-25 13:38:01.594 [info] Installing extension: codingyu.laravel-goto-view
2023-10-25 13:38:01.595 [info] Installing extension: devsense.profiler-php-vscode
2023-10-25 13:38:01.615 [info] Installing extension: devsense.composer-php-vscode
2023-10-25 13:38:01.767 [info] Installing extension: devsense.phptools-vscode
2023-10-25 13:38:02.780 [info] Extension signature verification is not done: devsense.profiler-php-vscode
2023-10-25 13:38:02.812 [info] Extracted extension to file:///home/eho/.vscode-oss/extensions/devsense.profiler-php-vscode-1.40.14103-universal: devsense.profiler-php-vscode
2023-10-25 13:38:02.815 [info] Renamed to /home/eho/.vscode-oss/extensions/devsense.profiler-php-vscode-1.40.14103-universal
2023-10-25 13:38:02.816 [info] Extracting extension completed. devsense.profiler-php-vscode
2023-10-25 13:38:02.828 [info] Extension installed successfully: devsense.profiler-php-vscode
2023-10-25 13:38:02.831 [info] Marked extension as uninstalled devsense.profiler-php-vscode-1.40.14053-universal
2023-10-25 13:38:02.900 [error] [uncaught exception in sharedProcess]: Error: ENOENT: no such file or directory, stat '/home/eho/.vscode-oss/extensions/extensions.json.vsctmp': EntryNotFound (FileSystemError): Error: ENOENT: no such file or directory, stat '/home/eho/.vscode-oss/extensions/extensions.json.vsctmp'
    at s.create (/usr/lib/code/out/vs/code/node/sharedProcess/sharedProcessMain.js:51:30209)
    at i (/usr/lib/code/out/vs/code/node/sharedProcess/sharedProcessMain.js:51:30329)
    at t.fb (/usr/lib/code/out/vs/code/node/sharedProcess/sharedProcessMain.js:56:35755)
    at t.stat (/usr/lib/code/out/vs/code/node/sharedProcess/sharedProcessMain.js:56:28201)
    at async w.stat (/usr/lib/code/out/vs/code/node/sharedProcess/sharedProcessMain.js:56:15579)
    at async Q.tb (/usr/lib/code/out/vs/code/node/sharedProcess/sharedProcessMain.js:109:9514)
2023-10-25 13:38:02.926 [info] Extension signature verification is not done: codingyu.laravel-goto-view
2023-10-25 13:38:02.957 [info] Extracted extension to file:///home/eho/.vscode-oss/extensions/codingyu.laravel-goto-view-1.3.11-universal: codingyu.laravel-goto-view
2023-10-25 13:38:02.961 [info] Renamed to /home/eho/.vscode-oss/extensions/codingyu.laravel-goto-view-1.3.11-universal
2023-10-25 13:38:02.963 [info] Extracting extension completed. codingyu.laravel-goto-view
2023-10-25 13:38:02.971 [info] Extension installed successfully: codingyu.laravel-goto-view
2023-10-25 13:38:02.973 [info] Marked extension as uninstalled codingyu.laravel-goto-view-1.3.9-universal
2023-10-25 13:38:03.002 [info] Extension signature verification is not done: devsense.composer-php-vscode
2023-10-25 13:38:03.016 [info] Extracted extension to file:///home/eho/.vscode-oss/extensions/devsense.composer-php-vscode-1.40.14103-universal: devsense.composer-php-vscode
2023-10-25 13:38:03.031 [info] Renamed to /home/eho/.vscode-oss/extensions/devsense.composer-php-vscode-1.40.14103-universal
2023-10-25 13:38:03.033 [info] Extracting extension completed. devsense.composer-php-vscode
2023-10-25 13:38:03.039 [info] Extension installed successfully: devsense.composer-php-vscode
2023-10-25 13:38:03.051 [info] Marked extension as uninstalled devsense.composer-php-vscode-1.40.14053-universal
2023-10-25 13:38:29.351 [info] Extension signature verification is not done: devsense.phptools-vscode
2023-10-25 13:38:29.602 [info] Extracted extension to file:///home/eho/.vscode-oss/extensions/devsense.phptools-vscode-1.40.14103-linux-x64: devsense.phptools-vscode
2023-10-25 13:38:29.616 [info] Renamed to /home/eho/.vscode-oss/extensions/devsense.phptools-vscode-1.40.14103-linux-x64
2023-10-25 13:38:29.621 [info] Extracting extension completed. devsense.phptools-vscode
2023-10-25 13:38:29.630 [info] Extension installed successfully: devsense.phptools-vscode
2023-10-25 13:38:29.636 [info] Marked extension as uninstalled devsense.phptools-vscode-1.40.14053-linux-x64
2023-10-25 13:38:29.713 [error] [uncaught exception in sharedProcess]: Error: ENOENT: no such file or directory, stat '/home/eho/.vscode-oss/extensions/extensions.json.vsctmp': EntryNotFound (FileSystemError): Error: ENOENT: no such file or directory, stat '/home/eho/.vscode-oss/extensions/extensions.json.vsctmp'
    at s.create (/usr/lib/code/out/vs/code/node/sharedProcess/sharedProcessMain.js:51:30209)
    at i (/usr/lib/code/out/vs/code/node/sharedProcess/sharedProcessMain.js:51:30329)
    at t.fb (/usr/lib/code/out/vs/code/node/sharedProcess/sharedProcessMain.js:56:35755)
    at t.stat (/usr/lib/code/out/vs/code/node/sharedProcess/sharedProcessMain.js:56:28201)
    at async w.stat (/usr/lib/code/out/vs/code/node/sharedProcess/sharedProcessMain.js:56:15579)
    at async Q.tb (/usr/lib/code/out/vs/code/node/sharedProcess/sharedProcessMain.js:109:9514)
