2023-10-30 15:36:48.606 [warning] [composer-php-vscode]: Couldn't find message for key composer.workingPath.description.
2023-10-30 15:36:48.607 [warning] [composer-php-vscode]: Couldn't find message for key composer.bin.description.
2023-10-30 15:36:48.607 [warning] [composer-php-vscode]: Couldn't find message for key composer.inlayVersionEnabled.description.
2023-10-30 15:36:48.607 [warning] [composer-php-vscode]: Couldn't find message for key composer.diagnosticsEnabled.description.
2023-10-30 15:36:48.607 [warning] [composer-php-vscode]: Couldn't find message for key commands.download.title.
2023-10-30 15:36:48.607 [warning] [composer-php-vscode]: Couldn't find message for key commands.search.title.
2023-10-30 15:36:48.608 [warning] [composer-php-vscode]: Couldn't find message for key task.composer.command.description.
2023-10-30 15:36:48.608 [warning] [composer-php-vscode]: Couldn't find message for key task.composer.args.description.
2023-10-30 15:36:48.608 [warning] [composer-php-vscode]: Couldn't find message for key capabilities.virtualWorkspaces.description.
2023-10-30 15:36:48.608 [warning] [composer-php-vscode]: Couldn't find message for key capabilities.untrustedWorkspaces.description.
2023-10-30 15:36:48.615 [warning] [phptools-vscode]: Couldn't find message for key php.inlayHints.insertOnDoubleClick.
2023-10-30 15:36:48.616 [warning] [phptools-vscode]: Couldn't find message for key php.inlayHints.parameters.enabled.
2023-10-30 15:36:48.616 [warning] [phptools-vscode]: Couldn't find message for key php.inlayHints.parameters.suppressNameMatchingValue.
2023-10-30 15:36:48.617 [warning] [phptools-vscode]: Couldn't find message for key php.inlayHints.parameters.byReference.
2023-10-30 15:36:48.617 [warning] [phptools-vscode]: Couldn't find message for key php.inlayHints.types.return.true.
2023-10-30 15:36:48.617 [warning] [phptools-vscode]: Couldn't find message for key php.inlayHints.types.return.false.
2023-10-30 15:36:48.617 [warning] [phptools-vscode]: Couldn't find message for key php.inlayHints.types.return.named.
2023-10-30 15:36:48.618 [warning] [phptools-vscode]: Couldn't find message for key php.inlayHints.types.return.
2023-10-30 15:36:48.618 [warning] [phptools-vscode]: Couldn't find message for key php.inlayHints.types.variable.
2023-10-30 15:36:48.618 [warning] [phptools-vscode]: Couldn't find message for key php.inlayHints.types.suppressVariableFromLiteral.
2023-10-30 15:36:48.618 [warning] [phptools-vscode]: Couldn't find message for key php.workspace.shortOpenTag.auto.
2023-10-30 15:36:48.618 [warning] [phptools-vscode]: Couldn't find message for key php.workspace.shortOpenTag.true.
2023-10-30 15:36:48.619 [warning] [phptools-vscode]: Couldn't find message for key php.workspace.shortOpenTag.false.
2023-10-30 15:36:48.619 [warning] [phptools-vscode]: Couldn't find message for key php.problems.scope.none.
2023-10-30 15:36:48.620 [warning] [phptools-vscode]: Couldn't find message for key php.problems.scope.opened.
2023-10-30 15:36:48.620 [warning] [phptools-vscode]: Couldn't find message for key php.problems.scope.all.
2023-10-30 15:36:48.621 [warning] [phptools-vscode]: Couldn't find message for key php.format.codeStyle.description.
2023-10-30 15:36:48.621 [warning] [phptools-vscode]: Couldn't find message for key php.format.rules.openBraceOnNewLineForNamespaces.description.
2023-10-30 15:36:48.621 [warning] [phptools-vscode]: Couldn't find message for key php.format.rules.openBraceOnNewLineForTypes.description.
2023-10-30 15:36:48.621 [warning] [phptools-vscode]: Couldn't find message for key php.format.rules.openBraceOnNewLineForFunctions.description.
2023-10-30 15:36:48.622 [warning] [phptools-vscode]: Couldn't find message for key php.format.rules.openBraceOnNewLineForLambdas.description.
2023-10-30 15:36:48.622 [warning] [phptools-vscode]: Couldn't find message for key php.format.rules.openBraceOnNewLineForAnonymousClasses.description.
2023-10-30 15:36:48.622 [warning] [phptools-vscode]: Couldn't find message for key php.format.rules.openBraceOnNewLineForBlocks.description.
2023-10-30 15:36:48.622 [warning] [phptools-vscode]: Couldn't find message for key php.format.rules.indentBraces.description.
2023-10-30 15:36:48.622 [warning] [phptools-vscode]: Couldn't find message for key php.format.rules.elseOnNewLine.description.
2023-10-30 15:36:48.622 [warning] [phptools-vscode]: Couldn't find message for key php.format.rules.catchOnNewLine.description.
2023-10-30 15:36:48.623 [warning] [phptools-vscode]: Couldn't find message for key php.format.rules.finallyOnNewLine.description.
2023-10-30 15:36:48.623 [warning] [phptools-vscode]: Couldn't find message for key php.format.rules.spaceAfterCast.description.
2023-10-30 15:36:48.623 [warning] [phptools-vscode]: Couldn't find message for key php.format.rules.spaceAfterUnaryNot.description.
2023-10-30 15:36:48.623 [warning] [phptools-vscode]: Couldn't find message for key php.format.rules.spaceAroundConcatenation.description.
2023-10-30 15:36:48.623 [warning] [phptools-vscode]: Couldn't find message for key php.format.rules.spaceBeforeParenthesesInArrowFunctions.description.
2023-10-30 15:36:48.623 [warning] [phptools-vscode]: Couldn't find message for key php.format.rules.spaceBeforeParenthesesInControlStatements.description.
2023-10-30 15:36:48.624 [warning] [phptools-vscode]: Couldn't find message for key php.format.rules.spaceBeforeParenthesesInCalls.description.
2023-10-30 15:36:48.624 [warning] [phptools-vscode]: Couldn't find message for key php.format.rules.spaceBeforeParenthesesInDeclarations.description.
2023-10-30 15:36:48.624 [warning] [phptools-vscode]: Couldn't find message for key php.format.rules.spaceBeforeColonInControlStatements.description.
2023-10-30 15:36:48.624 [warning] [phptools-vscode]: Couldn't find message for key php.format.rules.spaceBeforeColonInReturnType.description.
2023-10-30 15:36:48.624 [warning] [phptools-vscode]: Couldn't find message for key php.format.rules.spaceWithinCallParens.description.
2023-10-30 15:36:48.624 [warning] [phptools-vscode]: Couldn't find message for key php.format.rules.spaceWithinDeclParens.description.
2023-10-30 15:36:48.625 [warning] [phptools-vscode]: Couldn't find message for key php.format.rules.spaceWithinArrayInitilizersParens.description.
2023-10-30 15:36:48.627 [warning] [phptools-vscode]: Couldn't find message for key php.format.rules.spaceWithinIfParens.description.
2023-10-30 15:36:48.627 [warning] [phptools-vscode]: Couldn't find message for key php.format.rules.spaceWithinWhileParens.description.
2023-10-30 15:36:48.627 [warning] [phptools-vscode]: Couldn't find message for key php.format.rules.spaceWithinForParens.description.
2023-10-30 15:36:48.628 [warning] [phptools-vscode]: Couldn't find message for key php.format.rules.spaceWithinForeachParens.description.
2023-10-30 15:36:48.628 [warning] [phptools-vscode]: Couldn't find message for key php.format.rules.spaceWithinCatchParens.description.
2023-10-30 15:36:48.628 [warning] [phptools-vscode]: Couldn't find message for key php.format.rules.spaceWithinBrackets.description.
2023-10-30 15:36:48.629 [warning] [phptools-vscode]: Couldn't find message for key php.format.rules.spaceWithinBracketsAroundExpression.description.
2023-10-30 15:36:48.629 [warning] [phptools-vscode]: Couldn't find message for key php.format.rules.spaceWithinExpressionParens.description.
2023-10-30 15:36:48.630 [warning] [phptools-vscode]: Couldn't find message for key php.format.rules.arrayInitializersWrap.description.
2023-10-30 15:36:48.630 [warning] [phptools-vscode]: Couldn't find message for key _inherit.
2023-10-30 15:36:48.631 [warning] [phptools-vscode]: Couldn't find message for key _on_every_item.
2023-10-30 15:36:48.631 [warning] [phptools-vscode]: Couldn't find message for key _off.
2023-10-30 15:36:48.632 [warning] [phptools-vscode]: Couldn't find message for key php.format.rules.wrap.inherit.description.
2023-10-30 15:36:48.633 [warning] [phptools-vscode]: Couldn't find message for key php.format.rules.wrap.onEveryItem.description.
2023-10-30 15:36:48.633 [warning] [phptools-vscode]: Couldn't find message for key php.format.rules.wrap.off.description.
2023-10-30 15:36:48.633 [warning] [phptools-vscode]: Couldn't find message for key php.format.rules.arrayInitializersNewLineBeforeFirstElement.description.
2023-10-30 15:36:48.633 [warning] [phptools-vscode]: Couldn't find message for key php.format.rules.arrayInitializersNewLineAfterLastElement.description.
2023-10-30 15:36:48.634 [warning] [phptools-vscode]: Couldn't find message for key php.format.rules.arrayInitializersAlignKeyValuePairs.description.
2023-10-30 15:36:48.634 [warning] [phptools-vscode]: Couldn't find message for key php.format.rules.callParametersWrap.description.
2023-10-30 15:36:48.634 [warning] [phptools-vscode]: Couldn't find message for key _inherit.
2023-10-30 15:36:48.634 [warning] [phptools-vscode]: Couldn't find message for key _on_every_item.
2023-10-30 15:36:48.634 [warning] [phptools-vscode]: Couldn't find message for key _off.
2023-10-30 15:36:48.635 [warning] [phptools-vscode]: Couldn't find message for key php.format.rules.wrap.inherit.description.
2023-10-30 15:36:48.635 [warning] [phptools-vscode]: Couldn't find message for key php.format.rules.wrap.onEveryItem.description.
2023-10-30 15:36:48.639 [warning] [phptools-vscode]: Couldn't find message for key php.format.rules.wrap.off.description.
2023-10-30 15:36:48.639 [warning] [phptools-vscode]: Couldn't find message for key php.format.rules.callParametersNewLineAfterLeftParen.description.
2023-10-30 15:36:48.640 [warning] [phptools-vscode]: Couldn't find message for key php.format.rules.callParametersNewLineBeforeRightParen.description.
2023-10-30 15:36:48.640 [warning] [phptools-vscode]: Couldn't find message for key php.format.rules.declParametersWrap.description.
2023-10-30 15:36:48.640 [warning] [phptools-vscode]: Couldn't find message for key _inherit.
2023-10-30 15:36:48.640 [warning] [phptools-vscode]: Couldn't find message for key _on_every_item.
2023-10-30 15:36:48.641 [warning] [phptools-vscode]: Couldn't find message for key _off.
2023-10-30 15:36:48.641 [warning] [phptools-vscode]: Couldn't find message for key php.format.rules.wrap.inherit.description.
2023-10-30 15:36:48.641 [warning] [phptools-vscode]: Couldn't find message for key php.format.rules.wrap.onEveryItem.description.
2023-10-30 15:36:48.641 [warning] [phptools-vscode]: Couldn't find message for key php.format.rules.wrap.off.description.
2023-10-30 15:36:48.641 [warning] [phptools-vscode]: Couldn't find message for key php.format.rules.declParametersNewLineAfterLeftParen.description.
2023-10-30 15:36:48.641 [warning] [phptools-vscode]: Couldn't find message for key php.format.rules.declParametersNewLineBeforeRightParen.description.
2023-10-30 15:36:48.642 [warning] [phptools-vscode]: Couldn't find message for key php.format.rules.declKeepRightParenAndOpenBraceOnOneLine.description.
2023-10-30 15:36:48.642 [warning] [phptools-vscode]: Couldn't find message for key php.format.rules.whileStatementNewLineAfterLeftParen.description.
2023-10-30 15:36:48.642 [warning] [phptools-vscode]: Couldn't find message for key php.format.rules.whileStatementNewLineBeforeRightParen.description.
2023-10-30 15:36:48.642 [warning] [phptools-vscode]: Couldn't find message for key php.format.rules.forStatementWrap.description.
2023-10-30 15:36:48.643 [warning] [phptools-vscode]: Couldn't find message for key _inherit.
2023-10-30 15:36:48.643 [warning] [phptools-vscode]: Couldn't find message for key _on_every_item.
2023-10-30 15:36:48.643 [warning] [phptools-vscode]: Couldn't find message for key _off.
2023-10-30 15:36:48.643 [warning] [phptools-vscode]: Couldn't find message for key php.format.rules.wrap.inherit.description.
2023-10-30 15:36:48.644 [warning] [phptools-vscode]: Couldn't find message for key php.format.rules.wrap.onEveryItem.description.
2023-10-30 15:36:48.644 [warning] [phptools-vscode]: Couldn't find message for key php.format.rules.wrap.off.description.
2023-10-30 15:36:48.645 [warning] [phptools-vscode]: Couldn't find message for key php.format.rules.forStatementNewLineAfterLeftParen.description.
2023-10-30 15:36:48.646 [warning] [phptools-vscode]: Couldn't find message for key php.format.rules.forStatementNewLineBeforeRightParen.description.
2023-10-30 15:36:48.646 [warning] [phptools-vscode]: Couldn't find message for key php.format.rules.ifStatementNewLineAfterLeftParen.description.
2023-10-30 15:36:48.646 [warning] [phptools-vscode]: Couldn't find message for key php.format.rules.ifStatementNewLineBeforeRightParen.description.
2023-10-30 15:36:48.646 [warning] [phptools-vscode]: Couldn't find message for key php.format.rules.implementsListWrap.description.
2023-10-30 15:36:48.646 [warning] [phptools-vscode]: Couldn't find message for key _inherit.
2023-10-30 15:36:48.646 [warning] [phptools-vscode]: Couldn't find message for key _on_every_item.
2023-10-30 15:36:48.647 [warning] [phptools-vscode]: Couldn't find message for key _off.
2023-10-30 15:36:48.647 [warning] [phptools-vscode]: Couldn't find message for key php.format.rules.wrap.inherit.description.
2023-10-30 15:36:48.647 [warning] [phptools-vscode]: Couldn't find message for key php.format.rules.wrap.onEveryItem.description.
2023-10-30 15:36:48.647 [warning] [phptools-vscode]: Couldn't find message for key php.format.rules.wrap.off.description.
2023-10-30 15:36:48.647 [warning] [phptools-vscode]: Couldn't find message for key php.format.rules.newLineAfterImplements.description.
2023-10-30 15:36:48.648 [warning] [phptools-vscode]: Couldn't find message for key php.format.rules.switchStatementNewLineAfterLeftParen.description.
2023-10-30 15:36:48.648 [warning] [phptools-vscode]: Couldn't find message for key php.format.rules.switchStatementNewLineBeforeRightParen.description.
2023-10-30 15:36:48.648 [warning] [phptools-vscode]: Couldn't find message for key php.format.rules.groupUseWrap.description.
2023-10-30 15:36:48.648 [warning] [phptools-vscode]: Couldn't find message for key _inherit.
2023-10-30 15:36:48.648 [warning] [phptools-vscode]: Couldn't find message for key _on_every_item.
2023-10-30 15:36:48.648 [warning] [phptools-vscode]: Couldn't find message for key _off.
2023-10-30 15:36:48.649 [warning] [phptools-vscode]: Couldn't find message for key php.format.rules.wrap.inherit.description.
2023-10-30 15:36:48.649 [warning] [phptools-vscode]: Couldn't find message for key php.format.rules.wrap.onEveryItem.description.
2023-10-30 15:36:48.649 [warning] [phptools-vscode]: Couldn't find message for key php.format.rules.wrap.off.description.
2023-10-30 15:36:48.649 [warning] [phptools-vscode]: Couldn't find message for key php.format.rules.groupUseNewLineBeforeFirstDeclaration.description.
2023-10-30 15:36:48.649 [warning] [phptools-vscode]: Couldn't find message for key php.format.rules.alignConsecutiveAssignments.description.
2023-10-30 15:36:48.650 [warning] [phptools-vscode]: Couldn't find message for key php.format.rules.alignConstants.description.
2023-10-30 15:36:48.652 [warning] [phptools-vscode]: Couldn't find message for key php.format.rules.alignEnumCases.description.
2023-10-30 15:36:48.652 [warning] [phptools-vscode]: Couldn't find message for key php.format.rules.keepControlStatementsOnOneLine.description.
2023-10-30 15:36:48.653 [warning] [phptools-vscode]: Couldn't find message for key php.format.rules.addCommaAfterLastArrayElement.description.
2023-10-30 15:36:48.653 [warning] [phptools-vscode]: Couldn't find message for key php.format.rules.addCommaAfterLastCallParameter.description.
2023-10-30 15:36:48.653 [warning] [phptools-vscode]: Couldn't find message for key php.format.rules.addCommaAfterLastDeclParameter.description.
2023-10-30 15:36:48.653 [warning] [phptools-vscode]: Couldn't find message for key php.format.rules.booleanConstantCasing.description.
2023-10-30 15:36:48.653 [warning] [phptools-vscode]: Couldn't find message for key _uppercase.
2023-10-30 15:36:48.653 [warning] [phptools-vscode]: Couldn't find message for key _lowercase.
2023-10-30 15:36:48.653 [warning] [phptools-vscode]: Couldn't find message for key _keep.
2023-10-30 15:36:48.654 [warning] [phptools-vscode]: Couldn't find message for key php.format.rules.nullConstantCasing.description.
2023-10-30 15:36:48.654 [warning] [phptools-vscode]: Couldn't find message for key _uppercase.
2023-10-30 15:36:48.654 [warning] [phptools-vscode]: Couldn't find message for key _lowercase.
2023-10-30 15:36:48.654 [warning] [phptools-vscode]: Couldn't find message for key _keep.
2023-10-30 15:36:48.654 [warning] [phptools-vscode]: Couldn't find message for key phptools.activate.title.
2023-10-30 15:36:48.654 [warning] [phptools-vscode]: Couldn't find message for key phptools.requesttrial.title.
2023-10-30 15:36:48.654 [warning] [phptools-vscode]: Couldn't find message for key phptools.releasenotes.title.
2023-10-30 15:36:48.654 [warning] [phptools-vscode]: Couldn't find message for key phptools.todo.search.title.
2023-10-30 15:36:48.655 [warning] [phptools-vscode]: Couldn't find message for key phptools.selectPhpVersion.title.
2023-10-30 15:36:48.655 [warning] [phptools-vscode]: Couldn't find message for key phptools.selectLanguage.
2023-10-30 15:36:48.655 [warning] [phptools-vscode]: Couldn't find message for key phptools.problems.scope.
2023-10-30 15:36:48.655 [warning] [phptools-vscode]: Couldn't find message for key phptools.importClass.title.
2023-10-30 15:36:48.655 [warning] [phptools-vscode]: Couldn't find message for key phptools.fqnClass.title.
2023-10-30 15:36:48.655 [warning] [phptools-vscode]: Couldn't find message for key capabilities.virtualWorkspaces.description.
2023-10-30 15:36:48.655 [warning] [profiler-php-vscode]: Couldn't find message for key phpprofiler.hotpath.treshold.desc.
2023-10-30 15:36:48.656 [warning] [profiler-php-vscode]: Couldn't find message for key phpprofiler.openfile.title.
2023-10-30 15:36:48.656 [warning] [profiler-php-vscode]: Couldn't find message for key customeditor.phpprofiler.cachegrind.
2023-10-30 15:36:48.656 [warning] [profiler-php-vscode]: Couldn't find message for key capabilities.virtualWorkspaces.description.
2023-10-30 15:36:48.656 [warning] [profiler-php-vscode]: Couldn't find message for key capabilities.untrustedWorkspaces.description.
2023-10-30 15:36:48.776 [info] Deleted uninstalled extension from disk devsense.composer-php-vscode /home/eho/.vscode-oss/extensions/devsense.composer-php-vscode-1.40.14053-universal
2023-10-30 15:36:48.777 [info] Deleted uninstalled extension from disk devsense.profiler-php-vscode /home/eho/.vscode-oss/extensions/devsense.profiler-php-vscode-1.40.14053-universal
2023-10-30 15:36:48.777 [info] Deleted uninstalled extension from disk devsense.phptools-vscode /home/eho/.vscode-oss/extensions/devsense.phptools-vscode-1.40.14053-linux-x64
2023-10-30 15:36:48.809 [info] Deleted uninstalled extension from disk codingyu.laravel-goto-view /home/eho/.vscode-oss/extensions/codingyu.laravel-goto-view-1.3.9-universal
2023-10-30 15:36:48.812 [error] [uncaught exception in sharedProcess]: Error: ENOENT: no such file or directory, stat '/home/eho/.vscode-oss/extensions/devsense.composer-php-vscode-1.40.14053-universal.17e45de2.vsctmp': EntryNotFound (FileSystemError): Error: ENOENT: no such file or directory, stat '/home/eho/.vscode-oss/extensions/devsense.composer-php-vscode-1.40.14053-universal.17e45de2.vsctmp'
    at s.create (/usr/lib/code/out/vs/code/node/sharedProcess/sharedProcessMain.js:51:30209)
    at i (/usr/lib/code/out/vs/code/node/sharedProcess/sharedProcessMain.js:51:30329)
    at t.fb (/usr/lib/code/out/vs/code/node/sharedProcess/sharedProcessMain.js:56:35755)
    at t.stat (/usr/lib/code/out/vs/code/node/sharedProcess/sharedProcessMain.js:56:28201)
    at async w.stat (/usr/lib/code/out/vs/code/node/sharedProcess/sharedProcessMain.js:56:15579)
    at async Q.tb (/usr/lib/code/out/vs/code/node/sharedProcess/sharedProcessMain.js:109:9514)
