Initializing document watcher...
Document watcher initialized
site/routes/web.php: {"insertSpaces":true,"tabSize":4}
site/routes/web.php: {"insertSpaces":true,"tabSize":4}
site/routes/web.php: {"insertSpaces":true,"tabSize":4}
site/routes/web.php: {"insertSpaces":true,"tabSize":4}
site/routes/web.php: {"insertSpaces":true,"tabSize":4}
site/routes/web.php: {"insertSpaces":true,"tabSize":4}
site/routes/web.php: {"insertSpaces":true,"tabSize":4}
site/app/Http/Controllers/TodoListController.php: {"insertSpaces":true,"tabSize":4}
site/app/Http/Controllers/TodoListController.php: Using EditorConfig core...
app/Http/Controllers/TodoListController.php: editor.action.trimTrailingWhitespace
site/app/Http/Controllers/TodoListController.php: {"insertSpaces":true,"tabSize":4}
site/app/Http/Controllers/TodoListController.php: Using EditorConfig core...
app/Http/Controllers/TodoListController.php: editor.action.trimTrailingWhitespace
site/app/Http/Controllers/TodoListController.php: {"insertSpaces":true,"tabSize":4}
site/app/Http/Controllers/TodoListController.php: {"insertSpaces":true,"tabSize":4}
site/app/Http/Controllers/TodoListController.php: Using EditorConfig core...
app/Http/Controllers/TodoListController.php: editor.action.trimTrailingWhitespace
site/routes/web.php: {"insertSpaces":true,"tabSize":4}
site/resources/views/index.blade.php: {"insertSpaces":true,"tabSize":4}
site/routes/web.php: {"insertSpaces":true,"tabSize":4}
site/routes/web.php: {"insertSpaces":true,"tabSize":4}
site/app/Http/Controllers/TodoListController.php: {"insertSpaces":true,"tabSize":4}
site/app/Http/Controllers/TodoListController.php: {"insertSpaces":true,"tabSize":4}
site/app/Http/Controllers/TodoListController.php: {"insertSpaces":true,"tabSize":4}
site/resources/views/index.blade.php: {"insertSpaces":true,"tabSize":4}
site/routes/web.php: {"insertSpaces":true,"tabSize":4}
site/routes/web.php: {"insertSpaces":true,"tabSize":4}
site/routes/web.php: {"insertSpaces":true,"tabSize":4}
site/resources/views/index.blade.php: {"insertSpaces":true,"tabSize":4}
site/resources/views/index.blade.php: {"insertSpaces":true,"tabSize":4}
site/resources/views/index.blade.php: {"insertSpaces":true,"tabSize":4}
site/resources/views/index.blade.php: {"insertSpaces":true,"tabSize":4}
site/resources/views/index.blade.php: {"insertSpaces":true,"tabSize":4}
site/app/Http/Controllers/TodoListController.php: {"insertSpaces":true,"tabSize":4}
site/app/Http/Controllers/TodoListController.php: {"insertSpaces":true,"tabSize":4}
site/resources/views/index.blade.php: {"insertSpaces":true,"tabSize":4}
site/routes/web.php: {"insertSpaces":true,"tabSize":4}
site/routes/web.php: {"insertSpaces":true,"tabSize":4}
site/routes/web.php: {"insertSpaces":true,"tabSize":4}
site/routes/web.php: {"insertSpaces":true,"tabSize":4}
site/routes/web.php: {"insertSpaces":true,"tabSize":4}
site/routes/web.php: {"insertSpaces":true,"tabSize":4}
site/routes/web.php: {"insertSpaces":true,"tabSize":4}
site/routes/web.php: Using EditorConfig core...
routes/web.php: editor.action.trimTrailingWhitespace
site/routes/web.php: {"insertSpaces":true,"tabSize":4}
site/resources/views/index.blade.php: {"insertSpaces":true,"tabSize":4}
site/app/Http/Controllers/TodoListController.php: {"insertSpaces":true,"tabSize":4}
site/app/Http/Controllers/TodoListController.php: {"insertSpaces":true,"tabSize":4}
site/storage/logs/laravel.log: {"insertSpaces":true,"tabSize":4}
site/storage/logs/laravel.log: {"insertSpaces":true,"tabSize":4}
site/storage/logs/laravel.log: {"insertSpaces":true,"tabSize":4}
site/storage/logs/laravel.log: {"insertSpaces":true,"tabSize":4}
site/storage/logs/laravel.log: {"insertSpaces":true,"tabSize":4}
site/routes/web.php: {"insertSpaces":true,"tabSize":4}
site/resources/views/index.blade.php: {"insertSpaces":true,"tabSize":4}
site/app/Http/Controllers/TodoListController.php: {"insertSpaces":true,"tabSize":4}
site/app/Http/Controllers/TodoListController.php: {"insertSpaces":true,"tabSize":4}
site/app/Http/Controllers/TodoListController.php: Using EditorConfig core...
app/Http/Controllers/TodoListController.php: editor.action.trimTrailingWhitespace
site/app/Http/Controllers/TodoListController.php: {"insertSpaces":true,"tabSize":4}
site/app/Http/Controllers/TodoListController.php: {"insertSpaces":true,"tabSize":4}
site/app/Http/Controllers/TodoListController.php: {"insertSpaces":true,"tabSize":4}
site/resources/views/index.blade.php: {"insertSpaces":true,"tabSize":4}
site/routes/web.php: {"insertSpaces":true,"tabSize":4}
site/app/Http/Controllers/TodoListController.php: {"insertSpaces":true,"tabSize":4}
site/app/Http/Controllers/TodoListController.php: {"insertSpaces":true,"tabSize":4}
site/resources/views/index.blade.php: {"insertSpaces":true,"tabSize":4}
site/resources/views/index.blade.php: {"insertSpaces":true,"tabSize":4}
site/resources/views/index.blade.php: {"insertSpaces":true,"tabSize":4}
site/resources/views/index.blade.php: Using EditorConfig core...
resources/views/index.blade.php: editor.action.trimTrailingWhitespace
site/resources/views/index.blade.php: {"insertSpaces":true,"tabSize":4}
site/resources/views/index.blade.php: {"insertSpaces":true,"tabSize":4}
site/resources/views/index.blade.php: Using EditorConfig core...
resources/views/index.blade.php: editor.action.trimTrailingWhitespace
site/resources/views/index.blade.php: {"insertSpaces":true,"tabSize":4}
site/resources/views/index.blade.php: {"insertSpaces":true,"tabSize":4}
site/resources/views/index.blade.php: {"insertSpaces":true,"tabSize":4}
site/resources/views/index.blade.php: {"insertSpaces":true,"tabSize":4}
site/resources/views/index.blade.php: {"insertSpaces":true,"tabSize":4}
site/resources/views/index.blade.php: {"insertSpaces":true,"tabSize":4}
site/resources/views/index.blade.php: {"insertSpaces":true,"tabSize":4}
site/resources/views/index.blade.php: {"insertSpaces":true,"tabSize":4}
site/resources/views/index.blade.php: {"insertSpaces":true,"tabSize":4}
site/resources/views/index.blade.php: Using EditorConfig core...
resources/views/index.blade.php: editor.action.trimTrailingWhitespace
site/storage/logs/laravel.log: {"insertSpaces":true,"tabSize":4}
site/storage/logs/laravel.log: {"insertSpaces":true,"tabSize":4}
site/resources/views/index.blade.php: {"insertSpaces":true,"tabSize":4}
site/resources/views/index.blade.php: {"insertSpaces":true,"tabSize":4}
site/storage/logs/laravel.log: {"insertSpaces":true,"tabSize":4}
site/resources/views/index.blade.php: {"insertSpaces":true,"tabSize":4}
site/resources/views/index.blade.php: {"insertSpaces":true,"tabSize":4}
site/routes/web.php: {"insertSpaces":true,"tabSize":4}
site/app/Http/Controllers/TodoListController.php: {"insertSpaces":true,"tabSize":4}
site/app/Http/Controllers/TodoListController.php: Using EditorConfig core...
app/Http/Controllers/TodoListController.php: editor.action.trimTrailingWhitespace
site/app/Http/Controllers/TodoListController.php: {"insertSpaces":true,"tabSize":4}
site/storage/logs/laravel.log: {"insertSpaces":true,"tabSize":4}
site/routes/web.php: {"insertSpaces":true,"tabSize":4}
site/app/Http/Controllers/TodoListController.php: {"insertSpaces":true,"tabSize":4}
site/app/Http/Controllers/TodoListController.php: Using EditorConfig core...
app/Http/Controllers/TodoListController.php: editor.action.trimTrailingWhitespace
site/app/Http/Controllers/TodoListController.php: {"insertSpaces":true,"tabSize":4}
site/app/Http/Controllers/TodoListController.php: {"insertSpaces":true,"tabSize":4}
site/app/Http/Controllers/TodoListController.php: Using EditorConfig core...
app/Http/Controllers/TodoListController.php: editor.action.trimTrailingWhitespace
site/app/Http/Controllers/TodoListController.php: {"insertSpaces":true,"tabSize":4}
site/storage/logs/laravel.log: {"insertSpaces":true,"tabSize":4}
site/routes/web.php: {"insertSpaces":true,"tabSize":4}
site/app/Http/Controllers/TodoListController.php: {"insertSpaces":true,"tabSize":4}
site/app/Http/Controllers/TodoListController.php: Using EditorConfig core...
app/Http/Controllers/TodoListController.php: editor.action.trimTrailingWhitespace
site/app/Http/Controllers/TodoListController.php: {"insertSpaces":true,"tabSize":4}
site/app/Http/Controllers/TodoListController.php: {"insertSpaces":true,"tabSize":4}
site/app/Http/Controllers/TodoListController.php: {"insertSpaces":true,"tabSize":4}
site/app/Http/Controllers/TodoListController.php: {"insertSpaces":true,"tabSize":4}
site/app/Http/Controllers/TodoListController.php: Using EditorConfig core...
app/Http/Controllers/TodoListController.php: editor.action.trimTrailingWhitespace
site/app/Http/Controllers/TodoListController.php: Using EditorConfig core...
app/Http/Controllers/TodoListController.php: editor.action.trimTrailingWhitespace
site/app/Http/Controllers/TodoListController.php: {"insertSpaces":true,"tabSize":4}
site/storage/logs/laravel.log: {"insertSpaces":true,"tabSize":4}
site/routes/web.php: {"insertSpaces":true,"tabSize":4}
site/app/Http/Controllers/TodoListController.php: {"insertSpaces":true,"tabSize":4}
site/app/Http/Controllers/TodoListController.php: Using EditorConfig core...
app/Http/Controllers/TodoListController.php: editor.action.trimTrailingWhitespace
site/app/Http/Controllers/TodoListController.php: {"insertSpaces":true,"tabSize":4}
site/app/Http/Controllers/TodoListController.php: {"insertSpaces":true,"tabSize":4}
site/app/Http/Controllers/TodoListController.php: Using EditorConfig core...
app/Http/Controllers/TodoListController.php: editor.action.trimTrailingWhitespace
site/app/Http/Controllers/TodoListController.php: {"insertSpaces":true,"tabSize":4}
site/app/Http/Controllers/TodoListController.php: {"insertSpaces":true,"tabSize":4}
site/app/Http/Controllers/TodoListController.php: Using EditorConfig core...
app/Http/Controllers/TodoListController.php: editor.action.trimTrailingWhitespace
site/app/Http/Controllers/TodoListController.php: {"insertSpaces":true,"tabSize":4}
site/app/Http/Controllers/TodoListController.php: Using EditorConfig core...
app/Http/Controllers/TodoListController.php: editor.action.trimTrailingWhitespace
site/app/Http/Controllers/TodoListController.php: {"insertSpaces":true,"tabSize":4}
site/app/Http/Controllers/TodoListController.php: {"insertSpaces":true,"tabSize":4}
site/app/Http/Controllers/TodoListController.php: {"insertSpaces":true,"tabSize":4}
site/app/Http/Controllers/TodoListController.php: {"insertSpaces":true,"tabSize":4}
site/app/Http/Controllers/TodoListController.php: {"insertSpaces":true,"tabSize":4}
site/storage/logs/laravel.log: {"insertSpaces":true,"tabSize":4}
site/app/Http/Controllers/TodoListController.php: {"insertSpaces":true,"tabSize":4}
site/app/Http/Controllers/TodoListController.php: {"insertSpaces":true,"tabSize":4}
site/app/Http/Controllers/TodoListController.php: {"insertSpaces":true,"tabSize":4}
site/app/Http/Controllers/TodoListController.php: {"insertSpaces":true,"tabSize":4}
site/app/Http/Controllers/TodoListController.php: {"insertSpaces":true,"tabSize":4}
site/resources/views/index.blade.php: {"insertSpaces":true,"tabSize":4}
site/resources/views/index.blade.php: {"insertSpaces":true,"tabSize":4}
site/app/Http/Controllers/TodoListController.php: {"insertSpaces":true,"tabSize":4}
site/app/Http/Controllers/TodoListController.php: {"insertSpaces":true,"tabSize":4}
site/app/Http/Controllers/TodoListController.php: Using EditorConfig core...
app/Http/Controllers/TodoListController.php: editor.action.trimTrailingWhitespace
site/app/Http/Controllers/TodoListController.php: {"insertSpaces":true,"tabSize":4}
site/app/Http/Controllers/TodoListController.php: {"insertSpaces":true,"tabSize":4}
site/app/Http/Controllers/TodoListController.php: {"insertSpaces":true,"tabSize":4}
site/app/Http/Controllers/TodoListController.php: {"insertSpaces":true,"tabSize":4}
