
PHP Tools server started.
    PID: 4211
    Processing files: *.php; *.phtml

[Info  - 3:36:52 PM] Loaded 107 package(s) from cache in 00:00:00.7501197.
[Info  - 3:36:54 PM] Processing packages in /home/eho/site/vendor/composer/installed.json ...
[Info  - 3:36:54 PM] Processing done in 00:00:00.4060715.
> 1 file system change(s) ...
> 1 file system change(s) ...
> 1 file system change(s) ...
> 1 file system change(s) ...
> 1 file system change(s) ...
> 1 file system change(s) ...
> 1 file system change(s) ...
> 1 file system change(s) ...
> 1 file system change(s) ...
> 1 file system change(s) ...
> 1 file system change(s) ...
> 1 file system change(s) ...
> 1 file system change(s) ...
> 1 file system change(s) ...
> 3 file system change(s) ...
> 1 file system change(s) ...
> 1 file system change(s) ...
> 2 file system change(s) ...
> 4 file system change(s) ...
> 1 file system change(s) ...
> 2 file system change(s) ...
> 1 file system change(s) ...
> 1 file system change(s) ...
> 1 file system change(s) ...
> 2 file system change(s) ...
> 1 file system change(s) ...
> 1 file system change(s) ...
> 1 file system change(s) ...
> 5 file system change(s) ...
> 2 file system change(s) ...
> 1 file system change(s) ...
> 1 file system change(s) ...
> 1 file system change(s) ...
> 1 file system change(s) ...
> 1 file system change(s) ...
> 9 file system change(s) ...
> 1 file system change(s) ...
> 1 file system change(s) ...
> 8 file system change(s) ...
> 12 file system change(s) ...
> 2 file system change(s) ...
> 4 file system change(s) ...
