DEBUG     Checking PHPLS_ALLOW_XDEBUG
DEBUG     The Xdebug extension is not loaded

[Info  - 7:48:48 PM] OK!
[Info  - 7:48:48 PM] 6518 files total
[Info  - 7:48:48 PM] Indexing project for definitions and static references
Parsing file:///home/eho/first_project/lang/en/passwords.php
Parsing file:///home/eho/first_project/lang/en/auth.php
Parsing file:///home/eho/first_project/lang/en/validation.php
Parsing file:///home/eho/first_project/lang/en/pagination.php
Parsing file:///home/eho/first_project/bootstrap/cache/services.php
Parsing file:///home/eho/first_project/bootstrap/cache/packages.php
Parsing file:///home/eho/first_project/bootstrap/app.php
Parsing file:///home/eho/first_project/app/Http/Controllers/Controller.php
Parsing file:///home/eho/first_project/app/Http/Kernel.php
Parsing file:///home/eho/first_project/app/Http/Middleware/EncryptCookies.php
Parsing file:///home/eho/first_project/app/Http/Middleware/TrustHosts.php
Parsing file:///home/eho/first_project/app/Http/Middleware/RedirectIfAuthenticated.php
Parsing file:///home/eho/first_project/app/Http/Middleware/Authenticate.php
Parsing file:///home/eho/first_project/app/Http/Middleware/TrimStrings.php
Parsing file:///home/eho/first_project/app/Http/Middleware/VerifyCsrfToken.php
Parsing file:///home/eho/first_project/app/Http/Middleware/TrustProxies.php
Parsing file:///home/eho/first_project/app/Http/Middleware/PreventRequestsDuringMaintenance.php
Parsing file:///home/eho/first_project/app/Console/Kernel.php
Parsing file:///home/eho/first_project/app/Providers/AppServiceProvider.php
Parsing file:///home/eho/first_project/app/Providers/RouteServiceProvider.php
Parsing file:///home/eho/first_project/app/Providers/EventServiceProvider.php
Parsing file:///home/eho/first_project/app/Providers/BroadcastServiceProvider.php
Parsing file:///home/eho/first_project/app/Providers/AuthServiceProvider.php
Parsing file:///home/eho/first_project/app/Models/User.php
Parsing file:///home/eho/first_project/tests/CreatesApplication.php
Parsing file:///home/eho/first_project/tests/Feature/ExampleTest.php
Parsing file:///home/eho/first_project/tests/Unit/ExampleTest.php
Parsing file:///home/eho/first_project/tests/TestCase.php
Parsing file:///home/eho/first_project/routes/channels.php
Parsing file:///home/eho/first_project/routes/console.php
Parsing file:///home/eho/first_project/routes/web.php
Parsing file:///home/eho/first_project/routes/api.php
Parsing file:///home/eho/first_project/config/auth.php
Parsing file:///home/eho/first_project/config/view.php
Parsing file:///home/eho/first_project/config/cors.php
Parsing file:///home/eho/first_project/config/session.php
Parsing file:///home/eho/first_project/config/filesystems.php
Parsing file:///home/eho/first_project/config/logging.php
Parsing file:///home/eho/first_project/config/app.php
Parsing file:///home/eho/first_project/config/services.php
Parsing file:///home/eho/first_project/config/queue.php
Parsing file:///home/eho/first_project/config/database.php
Parsing file:///home/eho/first_project/config/broadcasting.php
Parsing file:///home/eho/first_project/config/hashing.php
Parsing file:///home/eho/first_project/config/cache.php
Parsing file:///home/eho/first_project/config/sanctum.php
Parsing file:///home/eho/first_project/config/mail.php
Parsing file:///home/eho/first_project/storage/framework/views/085a0a66d8cf46bdf40ca50b1451576b002d8572.php
Parsing file:///home/eho/first_project/public/index.php
Parsing file:///home/eho/first_project/resources/views/welcome.blade.php
Parsing file:///home/eho/first_project/database/migrations/2014_10_12_100000_create_password_resets_table.php
Parsing file:///home/eho/first_project/database/migrations/2019_12_14_000001_create_personal_access_tokens_table.php
Parsing file:///home/eho/first_project/database/migrations/2014_10_12_000000_create_users_table.php
Parsing file:///home/eho/first_project/database/migrations/2019_08_19_000000_create_failed_jobs_table.php
Parsing file:///home/eho/first_project/database/seeders/DatabaseSeeder.php
Parsing file:///home/eho/first_project/database/factories/UserFactory.php
Parsing file:///home/eho/first_project/vendor/composer/InstalledVersions.php
Parsing file:///home/eho/first_project/vendor/composer/autoload_real.php
Parsing file:///home/eho/first_project/vendor/composer/installed.php
Parsing file:///home/eho/first_project/vendor/composer/platform_check.php
Parsing file:///home/eho/first_project/vendor/composer/autoload_files.php
Parsing file:///home/eho/first_project/vendor/composer/autoload_psr4.php
Parsing file:///home/eho/first_project/vendor/composer/ClassLoader.php
Parsing file:///home/eho/first_project/vendor/composer/autoload_namespaces.php
Parsing file:///home/eho/first_project/vendor/composer/autoload_static.php
[Info  - 7:48:48 PM] Ignoring file file:///home/eho/first_project/vendor/composer/autoload_static.php because it exceeds size limit of 150000 bytes (742135)
Parsing file:///home/eho/first_project/vendor/composer/autoload_classmap.php
[Info  - 7:48:48 PM] Ignoring file file:///home/eho/first_project/vendor/composer/autoload_classmap.php because it exceeds size limit of 150000 bytes (675815)
Parsing file:///home/eho/first_project/vendor/autoload.php
[Info  - 7:48:48 PM] Indexing project for dynamic references
Parsing file:///home/eho/first_project/lang/en/passwords.php
Parsing file:///home/eho/first_project/lang/en/auth.php
Parsing file:///home/eho/first_project/lang/en/validation.php
Parsing file:///home/eho/first_project/lang/en/pagination.php
Parsing file:///home/eho/first_project/bootstrap/cache/services.php
Parsing file:///home/eho/first_project/bootstrap/cache/packages.php
Parsing file:///home/eho/first_project/bootstrap/app.php
Parsing file:///home/eho/first_project/app/Http/Controllers/Controller.php
Parsing file:///home/eho/first_project/app/Http/Kernel.php
Parsing file:///home/eho/first_project/app/Http/Middleware/EncryptCookies.php
Parsing file:///home/eho/first_project/app/Http/Middleware/TrustHosts.php
Parsing file:///home/eho/first_project/app/Http/Middleware/RedirectIfAuthenticated.php
Parsing file:///home/eho/first_project/app/Http/Middleware/Authenticate.php
Parsing file:///home/eho/first_project/app/Http/Middleware/TrimStrings.php
Parsing file:///home/eho/first_project/app/Http/Middleware/VerifyCsrfToken.php
Parsing file:///home/eho/first_project/app/Http/Middleware/TrustProxies.php
Parsing file:///home/eho/first_project/app/Http/Middleware/PreventRequestsDuringMaintenance.php
Parsing file:///home/eho/first_project/app/Console/Kernel.php
Parsing file:///home/eho/first_project/app/Providers/AppServiceProvider.php
Parsing file:///home/eho/first_project/app/Providers/RouteServiceProvider.php
Parsing file:///home/eho/first_project/app/Providers/EventServiceProvider.php
Parsing file:///home/eho/first_project/app/Providers/BroadcastServiceProvider.php
Parsing file:///home/eho/first_project/app/Providers/AuthServiceProvider.php
Parsing file:///home/eho/first_project/app/Models/User.php
Parsing file:///home/eho/first_project/tests/CreatesApplication.php
Parsing file:///home/eho/first_project/tests/Feature/ExampleTest.php
Parsing file:///home/eho/first_project/tests/Unit/ExampleTest.php
Parsing file:///home/eho/first_project/tests/TestCase.php
Parsing file:///home/eho/first_project/routes/channels.php
Parsing file:///home/eho/first_project/routes/console.php
Parsing file:///home/eho/first_project/routes/web.php
Parsing file:///home/eho/first_project/routes/api.php
Parsing file:///home/eho/first_project/config/auth.php
Parsing file:///home/eho/first_project/config/view.php
Parsing file:///home/eho/first_project/config/cors.php
Parsing file:///home/eho/first_project/config/session.php
Parsing file:///home/eho/first_project/config/filesystems.php
Parsing file:///home/eho/first_project/config/logging.php
Parsing file:///home/eho/first_project/config/app.php
Parsing file:///home/eho/first_project/config/services.php
Parsing file:///home/eho/first_project/config/queue.php
Parsing file:///home/eho/first_project/config/database.php
Parsing file:///home/eho/first_project/config/broadcasting.php
Parsing file:///home/eho/first_project/config/hashing.php
Parsing file:///home/eho/first_project/config/cache.php
Parsing file:///home/eho/first_project/config/sanctum.php
Parsing file:///home/eho/first_project/config/mail.php
Parsing file:///home/eho/first_project/storage/framework/views/085a0a66d8cf46bdf40ca50b1451576b002d8572.php
Parsing file:///home/eho/first_project/public/index.php
Parsing file:///home/eho/first_project/resources/views/welcome.blade.php
Parsing file:///home/eho/first_project/database/migrations/2014_10_12_100000_create_password_resets_table.php
Parsing file:///home/eho/first_project/database/migrations/2019_12_14_000001_create_personal_access_tokens_table.php
Parsing file:///home/eho/first_project/database/migrations/2014_10_12_000000_create_users_table.php
Parsing file:///home/eho/first_project/database/migrations/2019_08_19_000000_create_failed_jobs_table.php
Parsing file:///home/eho/first_project/database/seeders/DatabaseSeeder.php
Parsing file:///home/eho/first_project/database/factories/UserFactory.php
Parsing file:///home/eho/first_project/vendor/composer/InstalledVersions.php
Parsing file:///home/eho/first_project/vendor/composer/autoload_real.php
Parsing file:///home/eho/first_project/vendor/composer/installed.php
Parsing file:///home/eho/first_project/vendor/composer/platform_check.php
Parsing file:///home/eho/first_project/vendor/composer/autoload_files.php
Parsing file:///home/eho/first_project/vendor/composer/autoload_psr4.php
Parsing file:///home/eho/first_project/vendor/composer/ClassLoader.php
Parsing file:///home/eho/first_project/vendor/composer/autoload_namespaces.php
Parsing file:///home/eho/first_project/vendor/composer/autoload_static.php
[Info  - 7:48:48 PM] Ignoring file file:///home/eho/first_project/vendor/composer/autoload_static.php because it exceeds size limit of 150000 bytes (742135)
Parsing file:///home/eho/first_project/vendor/composer/autoload_classmap.php
[Info  - 7:48:48 PM] Ignoring file file:///home/eho/first_project/vendor/composer/autoload_classmap.php because it exceeds size limit of 150000 bytes (675815)
Parsing file:///home/eho/first_project/vendor/autoload.php
[Info  - 7:48:48 PM] 109 Packages
[Info  - 7:48:48 PM] Restored phar-io/manifest:2.0.3 from cache
[Info  - 7:48:48 PM] Restored phar-io/version:3.2.1 from cache
[Info  - 7:48:48 PM] Restored symfony/polyfill-php81:1.26.0 from cache
[Info  - 7:48:48 PM] Restored symfony/mime:6.1.3 from cache
[Info  - 7:48:48 PM] Restored symfony/service-contracts:3.1.1 from cache
[Info  - 7:48:49 PM] Restored symfony/polyfill-intl-idn:1.26.0 from cache
[Info  - 7:48:49 PM] Restored symfony/error-handler:6.1.3 from cache
[Info  - 7:48:49 PM] Restored symfony/polyfill-intl-normalizer:1.26.0 from cache
[Info  - 7:48:49 PM] Restored symfony/event-dispatcher-contracts:3.1.1 from cache
[Info  - 7:48:49 PM] Restored symfony/css-selector:6.1.3 from cache
[Info  - 7:48:49 PM] Restored symfony/polyfill-intl-grapheme:1.26.0 from cache
[Info  - 7:48:49 PM] Restored symfony/deprecation-contracts:3.1.1 from cache
[Info  - 7:48:49 PM] Restored symfony/polyfill-php72:1.26.0 from cache
[Info  - 7:48:49 PM] Restored symfony/var-dumper:6.1.3 from cache
[Info  - 7:48:49 PM] Restored symfony/finder:6.1.3 from cache
[Info  - 7:48:49 PM] Restored symfony/polyfill-php80:1.26.0 from cache
[Info  - 7:48:49 PM] Restored symfony/console:6.1.3 from cache
[Info  - 7:48:49 PM] Restored symfony/polyfill-ctype:1.26.0 from cache
[Info  - 7:48:49 PM] Restored symfony/event-dispatcher:6.1.0 from cache
[Info  - 7:48:49 PM] Restored symfony/mailer:6.1.3 from cache
[Info  - 7:48:49 PM] Restored symfony/translation:6.1.3 from cache
[Info  - 7:48:49 PM] Restored symfony/polyfill-mbstring:1.26.0 from cache
[Info  - 7:48:49 PM] Restored symfony/process:6.1.3 from cache
[Info  - 7:48:49 PM] Restored symfony/http-foundation:6.1.3 from cache
[Info  - 7:48:49 PM] Restored symfony/http-kernel:6.1.3 from cache
[Info  - 7:48:49 PM] Restored symfony/routing:6.1.3 from cache
[Info  - 7:48:49 PM] Restored symfony/string:6.1.3 from cache
[Info  - 7:48:49 PM] Restored symfony/translation-contracts:3.1.1 from cache
[Info  - 7:48:49 PM] Restored doctrine/lexer:1.2.3 from cache
[Info  - 7:48:49 PM] Restored doctrine/inflector:2.0.4 from cache
[Info  - 7:48:49 PM] Restored doctrine/instantiator:1.4.1 from cache
[Info  - 7:48:49 PM] Restored nesbot/carbon:2.60.0 from cache
[Info  - 7:48:49 PM] Restored hamcrest/hamcrest-php:2.0.1 from cache
[Info  - 7:48:49 PM] Restored vlucas/phpdotenv:5.4.1 from cache
[Info  - 7:48:49 PM] Restored psr/http-factory:1.0.1 from cache
[Info  - 7:48:49 PM] Restored psr/simple-cache:3.0.0 from cache
[Info  - 7:48:49 PM] Restored psr/log:3.0.0 from cache
[Info  - 7:48:49 PM] Restored psr/http-client:1.0.1 from cache
[Info  - 7:48:49 PM] Restored psr/event-dispatcher:1.0.0 from cache
[Info  - 7:48:49 PM] Restored psr/http-message:1.0.1 from cache
[Info  - 7:48:49 PM] Restored psr/container:2.0.2 from cache
[Info  - 7:48:49 PM] Restored tijsverkoyen/css-to-inline-styles:2.2.4 from cache
[Info  - 7:48:49 PM] Restored fruitcake/php-cors:1.2.0 from cache
[Info  - 7:48:49 PM] Restored fakerphp/faker:1.20.0 from cache
[Info  - 7:48:49 PM] Restored phpunit/php-text-template:2.0.4 from cache
[Info  - 7:48:49 PM] Restored phpunit/php-code-coverage:9.2.15 from cache
[Info  - 7:48:49 PM] Restored phpunit/php-invoker:3.1.1 from cache
[Info  - 7:48:49 PM] Restored phpunit/phpunit:9.5.21 from cache
[Info  - 7:48:49 PM] Restored phpunit/php-file-iterator:3.0.6 from cache
[Info  - 7:48:49 PM] Restored phpunit/php-timer:5.0.3 from cache
[Info  - 7:48:49 PM] Restored voku/portable-ascii:2.0.1 from cache
[Info  - 7:48:49 PM] Restored nikic/php-parser:4.14.0 from cache
[Info  - 7:48:49 PM] Restored phpoption/phpoption:1.9.0 from cache
[Info  - 7:48:49 PM] Restored nunomaduro/collision:6.2.1 from cache
[Info  - 7:48:49 PM] Restored nunomaduro/termwind:1.14.0 from cache
[Info  - 7:48:49 PM] Restored filp/whoops:2.14.5 from cache
[Info  - 7:48:49 PM] Restored myclabs/deep-copy:1.11.0 from cache
[Info  - 7:48:49 PM] Restored psy/psysh:0.11.8 from cache
[Info  - 7:48:50 PM] Restored theseer/tokenizer:1.2.1 from cache
[Info  - 7:48:50 PM] Restored league/commonmark:2.3.5 from cache
[Info  - 7:48:50 PM] Restored league/flysystem:3.2.0 from cache
[Info  - 7:48:50 PM] Restored league/config:1.1.1 from cache
[Info  - 7:48:50 PM] Restored league/mime-type-detection:1.11.0 from cache
[Info  - 7:48:50 PM] Restored ramsey/uuid:4.3.1 from cache
[Info  - 7:48:50 PM] Restored ramsey/collection:1.2.2 from cache
[Info  - 7:48:50 PM] Restored webmozart/assert:1.11.0 from cache
[Info  - 7:48:50 PM] Restored phpspec/prophecy:1.15.0 from cache
[Info  - 7:48:50 PM] Restored mockery/mockery:1.5.0 from cache
[Info  - 7:48:50 PM] Restored spatie/flare-client-php:1.2.0 from cache
[Info  - 7:48:50 PM] Restored spatie/ignition:1.3.1 from cache
[Info  - 7:48:50 PM] Restored spatie/laravel-ignition:1.3.1 from cache
[Info  - 7:48:50 PM] Restored spatie/backtrace:1.2.1 from cache
[Info  - 7:48:50 PM] Restored graham-campbell/result-type:1.1.0 from cache
[Info  - 7:48:50 PM] Restored laravel/serializable-closure:1.2.0 from cache
[Info  - 7:48:50 PM] Restored laravel/tinker:2.7.2 from cache
[Info  - 7:48:50 PM] Restored laravel/sanctum:3.0.1 from cache
[Info  - 7:48:50 PM] Restored laravel/sail:1.15.1 from cache
[Info  - 7:48:50 PM] Restored laravel/framework:9.23.0 from cache
[Info  - 7:48:50 PM] Restored ralouphie/getallheaders:3.0.3 from cache
[Info  - 7:48:50 PM] Restored phpdocumentor/reflection-common:2.2.0 from cache
[Info  - 7:48:50 PM] Restored phpdocumentor/reflection-docblock:5.3.0 from cache
[Info  - 7:48:50 PM] Restored phpdocumentor/type-resolver:1.6.1 from cache
[Info  - 7:48:50 PM] Restored egulias/email-validator:3.2.1 from cache
[Info  - 7:48:50 PM] Restored guzzlehttp/psr7:2.4.0 from cache
[Info  - 7:48:50 PM] Restored guzzlehttp/guzzle:7.4.5 from cache
[Info  - 7:48:50 PM] Restored guzzlehttp/promises:1.5.1 from cache
[Info  - 7:48:50 PM] Restored brick/math:0.9.3 from cache
[Info  - 7:48:50 PM] Restored nette/schema:1.2.2 from cache
[Info  - 7:48:50 PM] Restored nette/utils:3.2.7 from cache
[Info  - 7:48:50 PM] Restored dflydev/dot-access-data:3.0.1 from cache
[Info  - 7:48:50 PM] Restored dragonmantank/cron-expression:3.3.1 from cache
[Info  - 7:48:50 PM] Restored facade/ignition-contracts:1.0.2 from cache
[Info  - 7:48:50 PM] Restored sebastian/global-state:5.0.5 from cache
[Info  - 7:48:50 PM] Restored sebastian/resource-operations:3.0.3 from cache
[Info  - 7:48:50 PM] Restored sebastian/object-enumerator:4.0.4 from cache
[Info  - 7:48:50 PM] Restored sebastian/exporter:4.0.4 from cache
[Info  - 7:48:50 PM] Restored sebastian/comparator:4.0.6 from cache
[Info  - 7:48:50 PM] Restored sebastian/environment:5.1.4 from cache
[Info  - 7:48:50 PM] Restored sebastian/recursion-context:4.0.4 from cache
[Info  - 7:48:50 PM] Restored sebastian/diff:4.0.4 from cache
[Info  - 7:48:50 PM] Restored sebastian/code-unit:1.0.8 from cache
[Info  - 7:48:50 PM] Restored sebastian/object-reflector:2.0.4 from cache
[Info  - 7:48:50 PM] Restored sebastian/code-unit-reverse-lookup:2.0.3 from cache
[Info  - 7:48:50 PM] Restored sebastian/lines-of-code:1.0.3 from cache
[Info  - 7:48:50 PM] Restored sebastian/cli-parser:1.0.1 from cache
[Info  - 7:48:50 PM] Restored sebastian/version:3.0.2 from cache
[Info  - 7:48:50 PM] Restored sebastian/complexity:2.0.2 from cache
[Info  - 7:48:50 PM] Restored sebastian/type:3.0.0 from cache
[Info  - 7:48:50 PM] Restored monolog/monolog:2.8.0 from cache
[Info  - 7:48:50 PM] All 6518 PHP files parsed in 2 seconds. 516 MiB allocated.
