[2022-10-01T17:48:47.588Z] Log level: Info
[2022-10-01T17:48:47.602Z] [info] Validating found git in: git
[2022-10-01T17:48:47.634Z] [info] Using git 2.37.2 from git
[2022-10-01T17:48:47.648Z] > git rev-parse --show-toplevel [3ms]
[2022-10-01T17:48:47.648Z] fatal: not a git repository (or any of the parent directories): .git
[2022-10-01T17:48:47.656Z] > git rev-parse --show-toplevel [1ms]
[2022-10-01T17:48:47.656Z] fatal: not a git repository (or any of the parent directories): .git
[2022-10-01T17:48:47.663Z] > git rev-parse --show-toplevel [1ms]
[2022-10-01T17:48:47.663Z] fatal: not a git repository (or any of the parent directories): .git
[2022-10-01T17:48:47.668Z] > git rev-parse --show-toplevel [1ms]
[2022-10-01T17:48:47.668Z] fatal: not a git repository (or any of the parent directories): .git
[2022-10-01T17:48:47.675Z] > git rev-parse --show-toplevel [1ms]
[2022-10-01T17:48:47.675Z] fatal: not a git repository (or any of the parent directories): .git
[2022-10-01T17:48:47.681Z] > git rev-parse --show-toplevel [1ms]
[2022-10-01T17:48:47.681Z] fatal: not a git repository (or any of the parent directories): .git
[2022-10-01T17:48:47.732Z] > git rev-parse --show-toplevel [40ms]
[2022-10-01T17:48:47.732Z] fatal: not a git repository (or any of the parent directories): .git
[2022-10-01T17:48:47.741Z] > git rev-parse --show-toplevel [4ms]
[2022-10-01T17:48:47.741Z] fatal: not a git repository (or any of the parent directories): .git
[2022-10-01T17:48:47.759Z] > git rev-parse --show-toplevel [14ms]
[2022-10-01T17:48:47.759Z] fatal: not a git repository (or any of the parent directories): .git
[2022-10-01T17:48:47.766Z] > git rev-parse --show-toplevel [1ms]
[2022-10-01T17:48:47.766Z] fatal: not a git repository (or any of the parent directories): .git
[2022-10-01T17:48:47.792Z] > git rev-parse --show-toplevel [20ms]
[2022-10-01T17:48:47.792Z] fatal: not a git repository (or any of the parent directories): .git
[2022-10-01T17:48:47.801Z] > git rev-parse --show-toplevel [4ms]
[2022-10-01T17:48:47.801Z] fatal: not a git repository (or any of the parent directories): .git
[2022-10-01T17:48:47.812Z] > git rev-parse --show-toplevel [1ms]
[2022-10-01T17:48:47.812Z] fatal: not a git repository (or any of the parent directories): .git
[2022-10-01T17:48:47.819Z] > git rev-parse --show-toplevel [1ms]
[2022-10-01T17:48:47.819Z] fatal: not a git repository (or any of the parent directories): .git
