2023-07-30 17:14:45.140 [error] Extension 'ms-python.python CANNOT USE these API proposals 'contribEditorContentMenu, quickPickSortByLabel, envShellEvent, testObserver, quickPickItemTooltip, envCollectionWorkspace, saveEditor, envCollectionOptions'. You MUST start in extension development mode or use the --enable-proposed-api command line flag
2023-07-30 17:14:45.140 [error] Extension 'ms-toolsai.jupyter CANNOT USE these API proposals 'notebookDeprecated, notebookMessaging, notebookMime, notebookCellExecutionState, portsAttributes, quickPickSortByLabel, notebookKernelSource, interactiveWindow, notebookControllerAffinityHidden, quickPickItemTooltip'. You MUST start in extension development mode or use the --enable-proposed-api command line flag
2023-07-30 17:14:45.140 [error] Extension 'ms-toolsai.jupyter-renderers CANNOT USE these API proposals 'contribNotebookStaticPreloads'. You MUST start in extension development mode or use the --enable-proposed-api command line flag
2023-07-30 17:14:45.209 [error] [ms-python.python]: editor/content is a proposed menu identifier. It requires 'package.json#enabledApiProposals: ["contribEditorContentMenu"]' and is only available when running out of dev or with the following command line switch: --enable-proposed-api ms-python.python
2023-07-30 17:14:45.211 [error] [ms-toolsai.jupyter]: notebook/kernelSource is a proposed menu identifier. It requires 'package.json#enabledApiProposals: ["notebookKernelSource"]' and is only available when running out of dev or with the following command line switch: --enable-proposed-api ms-toolsai.jupyter
2023-07-30 17:14:45.986 [error] [HansUXdev.bootstrap5-snippets]: Unknown language in `contributes.bootstrap5-snippets.language`. Provided value: blade
2023-07-30 17:14:45.986 [error] [HansUXdev.bootstrap5-snippets]: Unknown language in `contributes.bootstrap5-snippets.language`. Provided value: ejs
2023-07-30 17:14:45.987 [error] [HansUXdev.bootstrap5-snippets]: Unknown language in `contributes.bootstrap5-snippets.language`. Provided value: latte
2023-07-30 17:14:45.987 [error] [HansUXdev.bootstrap5-snippets]: Unknown language in `contributes.bootstrap5-snippets.language`. Provided value: tpl
2023-07-30 17:14:45.988 [error] [HansUXdev.bootstrap5-snippets]: Unknown language in `contributes.bootstrap5-snippets.language`. Provided value: twig
2023-07-30 17:14:45.989 [error] [HansUXdev.bootstrap5-snippets]: Unknown language in `contributes.bootstrap5-snippets.language`. Provided value: vue
2023-07-30 17:14:45.989 [error] [HansUXdev.bootstrap5-snippets]: Unknown language in `contributes.bootstrap5-snippets.language`. Provided value: vue-html
2023-07-30 17:14:45.989 [error] [HansUXdev.bootstrap5-snippets]: Unknown language in `contributes.bootstrap5-snippets.language`. Provided value: django-html
2023-07-30 17:14:45.989 [error] [HansUXdev.bootstrap5-snippets]: Unknown language in `contributes.bootstrap5-snippets.language`. Provided value: jinja-html
2023-07-30 17:14:45.990 [error] [HansUXdev.bootstrap5-snippets]: Unknown language in `contributes.bootstrap5-snippets.language`. Provided value: erb
2023-07-30 17:14:45.990 [error] [HansUXdev.bootstrap5-snippets]: Unknown language in `contributes.bootstrap5-snippets.language`. Provided value: HTML (Eex)
2023-07-30 17:14:45.990 [error] [HansUXdev.bootstrap5-snippets]: Unknown language in `contributes.bootstrap5-snippets.language`. Provided value: volt
2023-07-30 17:14:45.991 [error] [HansUXdev.bootstrap5-snippets]: Unknown language in `contributes.bootstrap5-snippets.language`. Provided value: nunjucks
2023-07-30 17:14:45.991 [error] [onecentlin.laravel5-snippets]: Unknown language in `contributes.laravel5-snippets.language`. Provided value: blade
2023-07-30 17:14:48.172 [info] [perf] Render performance baseline is 49ms
2023-07-30 17:21:55.290 [error] [ms-python.python]: editor/content is a proposed menu identifier. It requires 'package.json#enabledApiProposals: ["contribEditorContentMenu"]' and is only available when running out of dev or with the following command line switch: --enable-proposed-api ms-python.python
2023-07-30 17:21:55.291 [error] [ms-toolsai.jupyter]: notebook/kernelSource is a proposed menu identifier. It requires 'package.json#enabledApiProposals: ["notebookKernelSource"]' and is only available when running out of dev or with the following command line switch: --enable-proposed-api ms-toolsai.jupyter
2023-07-30 17:24:25.279 [error] [ms-python.python]: editor/content is a proposed menu identifier. It requires 'package.json#enabledApiProposals: ["contribEditorContentMenu"]' and is only available when running out of dev or with the following command line switch: --enable-proposed-api ms-python.python
2023-07-30 17:24:25.280 [error] [ms-toolsai.jupyter]: notebook/kernelSource is a proposed menu identifier. It requires 'package.json#enabledApiProposals: ["notebookKernelSource"]' and is only available when running out of dev or with the following command line switch: --enable-proposed-api ms-toolsai.jupyter
2023-07-30 17:24:56.543 [error] [ms-python.python]: editor/content is a proposed menu identifier. It requires 'package.json#enabledApiProposals: ["contribEditorContentMenu"]' and is only available when running out of dev or with the following command line switch: --enable-proposed-api ms-python.python
2023-07-30 17:24:56.548 [error] [ms-toolsai.jupyter]: notebook/kernelSource is a proposed menu identifier. It requires 'package.json#enabledApiProposals: ["notebookKernelSource"]' and is only available when running out of dev or with the following command line switch: --enable-proposed-api ms-toolsai.jupyter
2023-07-30 17:31:18.735 [error] Unable to read file '/home/eho/site/resources/views/dfdsf.html' (Error: File not modified since): Error: Unable to read file '/home/eho/site/resources/views/dfdsf.html' (Error: File not modified since)
    at e.FileService.w (vscode-file://vscode-app/usr/lib/code/out/vs/workbench/workbench.desktop.main.js:624:18034)
    at e.FileService.v (vscode-file://vscode-app/usr/lib/code/out/vs/workbench/workbench.desktop.main.js:624:17865)
    at async e.NativeTextFileService.H (vscode-file://vscode-app/usr/lib/code/out/vs/workbench/workbench.desktop.main.js:2310:40500)
    at async e.NativeTextFileService.readStream (vscode-file://vscode-app/usr/lib/code/out/vs/workbench/workbench.desktop.main.js:2310:40195)
    at async js.Ab (vscode-file://vscode-app/usr/lib/code/out/vs/workbench/workbench.desktop.main.js:2299:35191)
    at async js.resolve (vscode-file://vscode-app/usr/lib/code/out/vs/workbench/workbench.desktop.main.js:2299:33576)
    at async vscode-file://vscode-app/usr/lib/code/out/vs/workbench/workbench.desktop.main.js:2310:36218
2023-07-30 17:32:28.476 [error] Cannot read properties of undefined (reading 'start'): TypeError: Cannot read properties of undefined (reading 'start')
    at t.DefaultCompletionItemProvider.b (/usr/lib/code/extensions/emmet/dist/node/emmetNodeMain.js:1:130429)
    at t.DefaultCompletionItemProvider.provideCompletionItems (/usr/lib/code/extensions/emmet/dist/node/emmetNodeMain.js:1:128898)
    at q.provideCompletionItems (/usr/lib/code/out/vs/workbench/api/node/extensionHostProcess.js:101:51252)
    at /usr/lib/code/out/vs/workbench/api/node/extensionHostProcess.js:101:72248
    at oe.s (/usr/lib/code/out/vs/workbench/api/node/extensionHostProcess.js:101:63904)
    at oe.$provideCompletionItems (/usr/lib/code/out/vs/workbench/api/node/extensionHostProcess.js:101:72235)
    at s.N (/usr/lib/code/out/vs/workbench/api/node/extensionHostProcess.js:111:11717)
    at s.M (/usr/lib/code/out/vs/workbench/api/node/extensionHostProcess.js:111:11435)
    at s.H (/usr/lib/code/out/vs/workbench/api/node/extensionHostProcess.js:111:10477)
    at s.G (/usr/lib/code/out/vs/workbench/api/node/extensionHostProcess.js:111:9494)
    at /usr/lib/code/out/vs/workbench/api/node/extensionHostProcess.js:111:8282
    at b.invoke (/usr/lib/code/out/vs/workbench/api/node/extensionHostProcess.js:63:145)
    at deliver (/usr/lib/code/out/vs/workbench/api/node/extensionHostProcess.js:63:2121)
    at n.fire (/usr/lib/code/out/vs/workbench/api/node/extensionHostProcess.js:63:1729)
    at p.fire (/usr/lib/code/out/vs/workbench/api/node/extensionHostProcess.js:73:14783)
    at /usr/lib/code/out/vs/workbench/api/node/extensionHostProcess.js:127:32461
    at b.invoke (/usr/lib/code/out/vs/workbench/api/node/extensionHostProcess.js:63:145)
    at deliver (/usr/lib/code/out/vs/workbench/api/node/extensionHostProcess.js:63:2121)
    at n.fire (/usr/lib/code/out/vs/workbench/api/node/extensionHostProcess.js:63:1729)
    at p.fire (/usr/lib/code/out/vs/workbench/api/node/extensionHostProcess.js:73:14783)
    at MessagePortMain.<anonymous> (/usr/lib/code/out/vs/workbench/api/node/extensionHostProcess.js:127:30587)
    at MessagePortMain.emit (node:events:513:28)
    at Object.MessagePortMain._internalPort.emit (node:electron/js2c/utility_init:2:367)
