2023-07-30 17:14:45.845 [info] Log level: Info
2023-07-30 17:14:45.845 [info] Validating found git in: "git"
2023-07-30 17:14:45.845 [info] Using git "2.41.0" from "git"
2023-07-30 17:14:45.845 [info] > git rev-parse --show-toplevel [3ms]
2023-07-30 17:14:45.845 [info] fatal: not a git repository (or any of the parent directories): .git
2023-07-30 17:14:45.845 [info] > git rev-parse --show-toplevel [10ms]
2023-07-30 17:14:45.845 [info] fatal: not a git repository (or any of the parent directories): .git
2023-07-30 17:14:45.845 [info] > git rev-parse --show-toplevel [10ms]
2023-07-30 17:14:45.845 [info] fatal: not a git repository (or any of the parent directories): .git
2023-07-30 17:14:45.845 [info] > git rev-parse --show-toplevel [9ms]
2023-07-30 17:14:45.845 [info] fatal: not a git repository (or any of the parent directories): .git
2023-07-30 17:14:45.845 [info] > git rev-parse --show-toplevel [10ms]
2023-07-30 17:14:45.845 [info] fatal: not a git repository (or any of the parent directories): .git
2023-07-30 17:14:45.846 [info] > git rev-parse --show-toplevel [2ms]
2023-07-30 17:14:45.846 [info] fatal: not a git repository (or any of the parent directories): .git
2023-07-30 17:14:45.854 [info] > git rev-parse --show-toplevel [1ms]
2023-07-30 17:14:45.854 [info] fatal: not a git repository (or any of the parent directories): .git
2023-07-30 17:14:45.860 [info] > git rev-parse --show-toplevel [1ms]
2023-07-30 17:14:45.860 [info] fatal: not a git repository (or any of the parent directories): .git
2023-07-30 17:14:45.867 [info] > git rev-parse --show-toplevel [1ms]
2023-07-30 17:14:45.867 [info] fatal: not a git repository (or any of the parent directories): .git
2023-07-30 17:14:45.873 [info] > git rev-parse --show-toplevel [1ms]
2023-07-30 17:14:45.873 [info] fatal: not a git repository (or any of the parent directories): .git
2023-07-30 17:14:45.879 [info] > git rev-parse --show-toplevel [1ms]
2023-07-30 17:14:45.879 [info] fatal: not a git repository (or any of the parent directories): .git
2023-07-30 17:14:45.885 [info] > git rev-parse --show-toplevel [1ms]
2023-07-30 17:14:45.885 [info] fatal: not a git repository (or any of the parent directories): .git
2023-07-30 17:14:45.891 [info] > git rev-parse --show-toplevel [1ms]
2023-07-30 17:14:45.891 [info] fatal: not a git repository (or any of the parent directories): .git
2023-07-30 17:14:46.090 [info] > git rev-parse --show-toplevel [2ms]
2023-07-30 17:14:46.090 [info] fatal: not a git repository (or any of the parent directories): .git
2023-07-30 17:14:46.130 [info] > git rev-parse --show-toplevel [1ms]
2023-07-30 17:14:46.130 [info] fatal: not a git repository (or any of the parent directories): .git
2023-07-30 17:14:46.222 [info] > git rev-parse --show-toplevel [2ms]
2023-07-30 17:14:46.222 [info] fatal: not a git repository (or any of the parent directories): .git
2023-07-30 17:14:46.404 [info] > git rev-parse --show-toplevel [2ms]
2023-07-30 17:14:46.404 [info] fatal: not a git repository (or any of the parent directories): .git
2023-07-30 17:19:40.650 [info] > git rev-parse --show-toplevel [1ms]
2023-07-30 17:19:40.650 [info] fatal: not a git repository (or any of the parent directories): .git
2023-07-30 17:20:06.497 [info] > git rev-parse --show-toplevel [10ms]
2023-07-30 17:20:06.497 [info] fatal: not a git repository (or any of the parent directories): .git
2023-07-30 17:20:42.567 [info] > git rev-parse --show-toplevel [1ms]
2023-07-30 17:20:42.567 [info] fatal: not a git repository (or any of the parent directories): .git
2023-07-30 17:20:42.808 [info] > git rev-parse --show-toplevel [15ms]
2023-07-30 17:20:42.808 [info] fatal: not a git repository (or any of the parent directories): .git
2023-07-30 17:20:57.954 [info] > git rev-parse --show-toplevel [4ms]
2023-07-30 17:20:57.954 [info] fatal: not a git repository (or any of the parent directories): .git
2023-07-30 17:21:26.467 [info] > git rev-parse --show-toplevel [16ms]
2023-07-30 17:21:26.467 [info] fatal: not a git repository (or any of the parent directories): .git
2023-07-30 17:21:55.297 [info] > git rev-parse --show-toplevel [2ms]
2023-07-30 17:21:55.297 [info] fatal: not a git repository (or any of the parent directories): .git
2023-07-30 17:22:35.112 [info] > git rev-parse --show-toplevel [6ms]
2023-07-30 17:22:35.112 [info] fatal: not a git repository (or any of the parent directories): .git
2023-07-30 17:24:25.293 [info] > git rev-parse --show-toplevel [2ms]
2023-07-30 17:24:25.293 [info] fatal: not a git repository (or any of the parent directories): .git
2023-07-30 17:24:56.552 [info] > git rev-parse --show-toplevel [2ms]
2023-07-30 17:24:56.552 [info] fatal: not a git repository (or any of the parent directories): .git
2023-07-30 17:29:18.858 [info] > git rev-parse --show-toplevel [10ms]
2023-07-30 17:29:18.858 [info] fatal: not a git repository (or any of the parent directories): .git
2023-07-30 17:29:23.536 [info] > git rev-parse --show-toplevel [5ms]
2023-07-30 17:29:23.536 [info] fatal: not a git repository (or any of the parent directories): .git
2023-07-30 17:29:49.144 [info] > git rev-parse --show-toplevel [3ms]
2023-07-30 17:29:49.144 [info] fatal: not a git repository (or any of the parent directories): .git
2023-07-30 17:30:31.385 [info] > git rev-parse --show-toplevel [3ms]
2023-07-30 17:30:31.385 [info] fatal: not a git repository (or any of the parent directories): .git
2023-07-30 17:30:50.055 [info] > git rev-parse --show-toplevel [4ms]
2023-07-30 17:30:50.055 [info] fatal: not a git repository (or any of the parent directories): .git
2023-07-30 17:30:52.219 [info] > git rev-parse --show-toplevel [5ms]
2023-07-30 17:30:52.219 [info] fatal: not a git repository (or any of the parent directories): .git
2023-07-30 17:30:59.204 [info] > git rev-parse --show-toplevel [4ms]
2023-07-30 17:30:59.204 [info] fatal: not a git repository (or any of the parent directories): .git
2023-07-30 17:31:14.929 [info] > git rev-parse --show-toplevel [2ms]
2023-07-30 17:31:14.929 [info] fatal: not a git repository (or any of the parent directories): .git
2023-07-30 17:31:18.721 [info] > git rev-parse --show-toplevel [4ms]
2023-07-30 17:31:18.721 [info] fatal: not a git repository (or any of the parent directories): .git
2023-07-30 17:31:20.168 [info] > git rev-parse --show-toplevel [3ms]
2023-07-30 17:31:20.168 [info] fatal: not a git repository (or any of the parent directories): .git
2023-07-30 17:31:25.686 [info] > git rev-parse --show-toplevel [3ms]
2023-07-30 17:31:25.686 [info] fatal: not a git repository (or any of the parent directories): .git
2023-07-30 17:32:09.694 [info] > git rev-parse --show-toplevel [2ms]
2023-07-30 17:32:09.704 [info] fatal: not a git repository (or any of the parent directories): .git
2023-07-30 17:36:52.907 [info] > git rev-parse --show-toplevel [4ms]
2023-07-30 17:36:52.907 [info] fatal: not a git repository (or any of the parent directories): .git
2023-07-30 17:38:31.527 [info] > git rev-parse --show-toplevel [6ms]
2023-07-30 17:38:31.527 [info] fatal: not a git repository (or any of the parent directories): .git
2023-07-30 17:38:32.492 [info] > git rev-parse --show-toplevel [3ms]
2023-07-30 17:38:32.492 [info] fatal: not a git repository (or any of the parent directories): .git
2023-07-30 17:38:33.205 [info] > git rev-parse --show-toplevel [3ms]
2023-07-30 17:38:33.205 [info] fatal: not a git repository (or any of the parent directories): .git
2023-07-30 18:00:16.426 [info] > git rev-parse --show-toplevel [4ms]
2023-07-30 18:00:16.426 [info] fatal: not a git repository (or any of the parent directories): .git
2023-07-30 18:07:09.770 [info] > git rev-parse --show-toplevel [4ms]
2023-07-30 18:07:09.770 [info] fatal: not a git repository (or any of the parent directories): .git
2023-07-30 18:07:10.843 [info] > git rev-parse --show-toplevel [3ms]
2023-07-30 18:07:10.843 [info] fatal: not a git repository (or any of the parent directories): .git
2023-07-30 18:14:03.473 [info] > git rev-parse --show-toplevel [6ms]
2023-07-30 18:14:03.474 [info] fatal: not a git repository (or any of the parent directories): .git
2023-07-30 18:14:27.669 [info] > git rev-parse --show-toplevel [3ms]
2023-07-30 18:14:27.669 [info] fatal: not a git repository (or any of the parent directories): .git
2023-07-30 18:14:53.228 [info] > git rev-parse --show-toplevel [3ms]
2023-07-30 18:14:53.228 [info] fatal: not a git repository (or any of the parent directories): .git
2023-07-30 18:14:58.260 [info] > git rev-parse --show-toplevel [2ms]
2023-07-30 18:14:58.261 [info] fatal: not a git repository (or any of the parent directories): .git
2023-07-30 18:15:09.044 [info] > git rev-parse --show-toplevel [2ms]
2023-07-30 18:15:09.044 [info] fatal: not a git repository (or any of the parent directories): .git
2023-07-30 18:15:10.348 [info] > git rev-parse --show-toplevel [5ms]
2023-07-30 18:15:10.348 [info] fatal: not a git repository (or any of the parent directories): .git
2023-07-30 18:15:14.463 [info] > git rev-parse --show-toplevel [3ms]
2023-07-30 18:15:14.463 [info] fatal: not a git repository (or any of the parent directories): .git
2023-07-30 18:15:15.718 [info] > git rev-parse --show-toplevel [2ms]
2023-07-30 18:15:15.718 [info] fatal: not a git repository (or any of the parent directories): .git
2023-07-30 18:15:18.754 [info] > git rev-parse --show-toplevel [1ms]
2023-07-30 18:15:18.754 [info] fatal: not a git repository (or any of the parent directories): .git
2023-07-30 18:15:19.347 [info] > git rev-parse --show-toplevel [1ms]
2023-07-30 18:15:19.347 [info] fatal: not a git repository (or any of the parent directories): .git
2023-07-30 18:15:21.099 [info] > git rev-parse --show-toplevel [1ms]
2023-07-30 18:15:21.099 [info] fatal: not a git repository (or any of the parent directories): .git
2023-07-30 18:15:21.158 [info] > git rev-parse --show-toplevel [1ms]
2023-07-30 18:15:21.158 [info] fatal: not a git repository (or any of the parent directories): .git
2023-07-30 18:15:27.010 [info] > git rev-parse --show-toplevel [1ms]
2023-07-30 18:15:27.011 [info] fatal: not a git repository (or any of the parent directories): .git
2023-07-30 18:17:15.657 [info] > git rev-parse --show-toplevel [3ms]
2023-07-30 18:17:15.658 [info] fatal: not a git repository (or any of the parent directories): .git
2023-07-30 18:17:17.166 [info] > git rev-parse --show-toplevel [4ms]
2023-07-30 18:17:17.166 [info] fatal: not a git repository (or any of the parent directories): .git
2023-07-30 18:17:18.193 [info] > git rev-parse --show-toplevel [3ms]
2023-07-30 18:17:18.193 [info] fatal: not a git repository (or any of the parent directories): .git
2023-07-30 18:17:18.848 [info] > git rev-parse --show-toplevel [2ms]
2023-07-30 18:17:18.848 [info] fatal: not a git repository (or any of the parent directories): .git
2023-07-30 18:17:19.561 [info] > git rev-parse --show-toplevel [3ms]
2023-07-30 18:17:19.561 [info] fatal: not a git repository (or any of the parent directories): .git
2023-07-30 18:17:20.258 [info] > git rev-parse --show-toplevel [2ms]
2023-07-30 18:17:20.258 [info] fatal: not a git repository (or any of the parent directories): .git
2023-07-30 18:17:22.688 [info] > git rev-parse --show-toplevel [2ms]
2023-07-30 18:17:22.688 [info] fatal: not a git repository (or any of the parent directories): .git
2023-07-30 18:17:32.271 [info] > git rev-parse --show-toplevel [2ms]
2023-07-30 18:17:32.271 [info] fatal: not a git repository (or any of the parent directories): .git
2023-07-30 18:17:35.430 [info] > git rev-parse --show-toplevel [2ms]
2023-07-30 18:17:35.430 [info] fatal: not a git repository (or any of the parent directories): .git
2023-07-30 18:17:38.113 [info] > git rev-parse --show-toplevel [8ms]
2023-07-30 18:17:38.113 [info] fatal: not a git repository (or any of the parent directories): .git
2023-07-30 18:18:06.723 [info] > git rev-parse --show-toplevel [1ms]
2023-07-30 18:18:06.723 [info] fatal: not a git repository (or any of the parent directories): .git
2023-07-30 18:25:40.222 [info] > git rev-parse --show-toplevel [4ms]
2023-07-30 18:25:40.222 [info] fatal: not a git repository (or any of the parent directories): .git
2023-07-30 18:26:43.843 [info] > git rev-parse --show-toplevel [4ms]
2023-07-30 18:26:43.843 [info] fatal: not a git repository (or any of the parent directories): .git
2023-07-30 18:26:51.140 [info] > git rev-parse --show-toplevel [4ms]
2023-07-30 18:26:51.140 [info] fatal: not a git repository (or any of the parent directories): .git
2023-07-30 18:26:52.755 [info] > git rev-parse --show-toplevel [3ms]
2023-07-30 18:26:52.755 [info] fatal: not a git repository (or any of the parent directories): .git
2023-07-30 18:26:58.144 [info] > git rev-parse --show-toplevel [5ms]
2023-07-30 18:26:58.144 [info] fatal: not a git repository (or any of the parent directories): .git
2023-07-30 18:27:00.595 [info] > git rev-parse --show-toplevel [3ms]
2023-07-30 18:27:00.595 [info] fatal: not a git repository (or any of the parent directories): .git
2023-07-30 18:27:01.977 [info] > git rev-parse --show-toplevel [5ms]
2023-07-30 18:27:01.977 [info] fatal: not a git repository (or any of the parent directories): .git
2023-07-30 18:27:09.553 [info] > git rev-parse --show-toplevel [3ms]
2023-07-30 18:27:09.554 [info] fatal: not a git repository (or any of the parent directories): .git
2023-07-30 18:31:05.302 [info] > git rev-parse --show-toplevel [6ms]
2023-07-30 18:31:05.302 [info] fatal: not a git repository (or any of the parent directories): .git
2023-07-30 18:31:06.578 [info] > git rev-parse --show-toplevel [2ms]
2023-07-30 18:31:06.578 [info] fatal: not a git repository (or any of the parent directories): .git
2023-07-30 18:31:10.033 [info] > git rev-parse --show-toplevel [3ms]
2023-07-30 18:31:10.034 [info] fatal: not a git repository (or any of the parent directories): .git
2023-07-30 18:31:47.875 [info] > git rev-parse --show-toplevel [1ms]
2023-07-30 18:31:47.875 [info] fatal: not a git repository (or any of the parent directories): .git
2023-07-30 18:32:03.351 [info] > git rev-parse --show-toplevel [3ms]
2023-07-30 18:32:03.351 [info] fatal: not a git repository (or any of the parent directories): .git
2023-07-30 18:33:44.954 [info] > git rev-parse --show-toplevel [3ms]
2023-07-30 18:33:44.954 [info] fatal: not a git repository (or any of the parent directories): .git
2023-07-30 18:35:58.578 [info] > git rev-parse --show-toplevel [2ms]
2023-07-30 18:35:58.578 [info] fatal: not a git repository (or any of the parent directories): .git
2023-07-30 18:36:32.119 [info] > git rev-parse --show-toplevel [5ms]
2023-07-30 18:36:32.119 [info] fatal: not a git repository (or any of the parent directories): .git
2023-07-30 18:36:54.206 [info] > git rev-parse --show-toplevel [4ms]
2023-07-30 18:36:54.206 [info] fatal: not a git repository (or any of the parent directories): .git
2023-07-30 18:37:10.662 [info] > git rev-parse --show-toplevel [5ms]
2023-07-30 18:37:10.663 [info] fatal: not a git repository (or any of the parent directories): .git
2023-07-30 18:37:13.804 [info] > git rev-parse --show-toplevel [2ms]
2023-07-30 18:37:13.804 [info] fatal: not a git repository (or any of the parent directories): .git
2023-07-30 18:37:18.659 [info] > git rev-parse --show-toplevel [3ms]
2023-07-30 18:37:18.659 [info] fatal: not a git repository (or any of the parent directories): .git
2023-07-30 18:38:17.006 [info] > git rev-parse --show-toplevel [1ms]
2023-07-30 18:38:17.006 [info] fatal: not a git repository (or any of the parent directories): .git
2023-07-30 18:38:17.031 [info] > git rev-parse --show-toplevel [1ms]
2023-07-30 18:38:17.031 [info] fatal: not a git repository (or any of the parent directories): .git
2023-07-30 18:38:17.045 [info] > git rev-parse --show-toplevel [1ms]
2023-07-30 18:38:17.045 [info] fatal: not a git repository (or any of the parent directories): .git
2023-07-30 18:38:17.061 [info] > git rev-parse --show-toplevel [1ms]
2023-07-30 18:38:17.061 [info] fatal: not a git repository (or any of the parent directories): .git
2023-07-30 18:38:17.083 [info] > git rev-parse --show-toplevel [1ms]
2023-07-30 18:38:17.083 [info] fatal: not a git repository (or any of the parent directories): .git
