Initializing document watcher...
Document watcher initialized
site/storage/logs/laravel.log: {"insertSpaces":true,"tabSize":4}
site/storage/logs/laravel.log: {"insertSpaces":true,"tabSize":4}
site/storage/logs/laravel.log: {"insertSpaces":true,"tabSize":4}
site/storage/logs/laravel.log: {"insertSpaces":true,"tabSize":4}
site/storage/logs/laravel.log: {"insertSpaces":true,"tabSize":4}
site/storage/logs/laravel.log: {"insertSpaces":true,"tabSize":4}
site/storage/logs/laravel.log: {"insertSpaces":true,"tabSize":4}
site/storage/logs/laravel.log: {"insertSpaces":true,"tabSize":4}
site/storage/logs/laravel.log: {"insertSpaces":true,"tabSize":4}
site/storage/logs/laravel.log: {"insertSpaces":true,"tabSize":4}
site/storage/logs/laravel.log: {"insertSpaces":true,"tabSize":4}
site/storage/logs/laravel.log: {"insertSpaces":true,"tabSize":4}
site/storage/logs/laravel.log: {"insertSpaces":true,"tabSize":4}
site/storage/logs/laravel.log: {"insertSpaces":true,"tabSize":4}
site/storage/logs/laravel.log: {"insertSpaces":true,"tabSize":4}
site/storage/logs/laravel.log: {"insertSpaces":true,"tabSize":4}
site/storage/logs/laravel.log: {"insertSpaces":true,"tabSize":4}
site/database/migrations/2023_07_30_212621_create_list_items_table.php: {"insertSpaces":true,"tabSize":4}
site/app/Models/ListItem.php: {"insertSpaces":true,"tabSize":4}
site/app/Models/ListItem.php: {"insertSpaces":true,"tabSize":4}
site/app/Models/ListItem.php: {"insertSpaces":true,"tabSize":4}
site/vendor/laravel/framework/src/Illuminate/Database/Eloquent/Factories/HasFactory.php: {"insertSpaces":true,"tabSize":4}
site/app/Models/ListItem.php: {"insertSpaces":true,"tabSize":4}
site/database/migrations/2023_07_30_212621_create_list_items_table.php: {"insertSpaces":true,"tabSize":4}
site/app/Http/Controllers/TodoListController.php: {"insertSpaces":true,"tabSize":4}
site/app/Http/Controllers/TodoListController.php: {"insertSpaces":true,"tabSize":4}
site/app/Http/Controllers/TodoListController.php: {"insertSpaces":true,"tabSize":4}
site/app/Models/ListItem.php: {"insertSpaces":true,"tabSize":4}
site/app/Models/project.php: {"insertSpaces":true,"tabSize":4}
site/app/Models/User.php: {"insertSpaces":true,"tabSize":4}
site/app/Models/ListItem.php: {"insertSpaces":true,"tabSize":4}
site/database/migrations/2023_07_30_212621_create_list_items_table.php: {"insertSpaces":true,"tabSize":4}
site/database/migrations/2023_07_30_212621_create_list_items_table.php: {"insertSpaces":true,"tabSize":4}
site/database/migrations/2023_07_30_212621_create_list_items_table.php: {"insertSpaces":true,"tabSize":4}
site/database/migrations/2023_07_30_212621_create_list_items_table.php: {"insertSpaces":true,"tabSize":4}
site/database/factories/UserFactory.php: {"insertSpaces":true,"tabSize":4}
site/database/migrations/2023_07_30_212621_create_list_items_table.php: {"insertSpaces":true,"tabSize":4}
site/database/migrations/2023_07_30_212621_create_list_items_table.php: {"insertSpaces":true,"tabSize":4}
site/database/migrations/2023_07_30_212621_create_list_items_table.php: {"insertSpaces":true,"tabSize":4}
site/database/migrations/2023_07_30_212621_create_list_items_table.php: {"insertSpaces":true,"tabSize":4}
site/database/migrations/2023_07_30_212621_create_list_items_table.php: {"insertSpaces":true,"tabSize":4}
site/database/migrations/2023_07_30_212621_create_list_items_table.php: {"insertSpaces":true,"tabSize":4}
site/app/Http/Controllers/TodoListController.php: {"insertSpaces":true,"tabSize":4}
site/app/Models/ListItem.php: {"insertSpaces":true,"tabSize":4}
site/app/Http/Controllers/TodoListController.php: {"insertSpaces":true,"tabSize":4}
site/app/Models/ListItem.php: {"insertSpaces":true,"tabSize":4}
site/database/migrations/2023_07_30_212621_create_list_items_table.php: {"insertSpaces":true,"tabSize":4}
site/app/Http/Controllers/TodoListController.php: {"insertSpaces":true,"tabSize":4}
site/app/Http/Controllers/TodoListController.php: Using EditorConfig core...
app/Http/Controllers/TodoListController.php: editor.action.trimTrailingWhitespace
site/app/Http/Controllers/TodoListController.php: {"insertSpaces":true,"tabSize":4}
site/database/migrations/2023_07_30_212621_create_list_items_table.php: {"insertSpaces":true,"tabSize":4}
site/database/factories/UserFactory.php: {"insertSpaces":true,"tabSize":4}
site/database/migrations/2023_07_30_212621_create_list_items_table.php: {"insertSpaces":true,"tabSize":4}
site/app/Http/Controllers/TodoListController.php: {"insertSpaces":true,"tabSize":4}
site/app/Http/Controllers/TodoListController.php: Using EditorConfig core...
app/Http/Controllers/TodoListController.php: editor.action.trimTrailingWhitespace
site/app/Http/Controllers/TodoListController.php: {"insertSpaces":true,"tabSize":4}
site/database/migrations/2023_07_30_212621_create_list_items_table.php: {"insertSpaces":true,"tabSize":4}
site/app/Http/Controllers/TodoListController.php: {"insertSpaces":true,"tabSize":4}
site/app/Http/Controllers/TodoListController.php: Using EditorConfig core...
app/Http/Controllers/TodoListController.php: editor.action.trimTrailingWhitespace
site/app/Http/Controllers/TodoListController.php: {"insertSpaces":true,"tabSize":4}
site/app/Http/Controllers/TodoListController.php: {"insertSpaces":true,"tabSize":4}
site/database/migrations/2023_07_30_212621_create_list_items_table.php: {"insertSpaces":true,"tabSize":4}
site/app/Http/Controllers/TodoListController.php: {"insertSpaces":true,"tabSize":4}
site/app/Http/Controllers/TodoListController.php: {"insertSpaces":true,"tabSize":4}
site/app/Http/Controllers/TodoListController.php: Using EditorConfig core...
app/Http/Controllers/TodoListController.php: editor.action.trimTrailingWhitespace
site/app/Http/Controllers/TodoListController.php: {"insertSpaces":true,"tabSize":4}
site/storage/logs/laravel.log: {"insertSpaces":true,"tabSize":4}
site/storage/logs/laravel.log: Using EditorConfig core...
storage/logs/laravel.log: editor.action.trimTrailingWhitespace
site/storage/logs/laravel.log: {"insertSpaces":true,"tabSize":4}
site/app/Http/Controllers/TodoListController.php: {"insertSpaces":true,"tabSize":4}
site/resources/views/index.blade.php: {"insertSpaces":true,"tabSize":4}
site/database/migrations/2023_07_30_212621_create_list_items_table.php: {"insertSpaces":true,"tabSize":4}
site/app/Http/Controllers/TodoListController.php: {"insertSpaces":true,"tabSize":4}
site/app/Http/Controllers/TodoListController.php: Using EditorConfig core...
app/Http/Controllers/TodoListController.php: editor.action.trimTrailingWhitespace
site/app/Http/Controllers/TodoListController.php: {"insertSpaces":true,"tabSize":4}
site/app/Http/Controllers/TodoListController.php: {"insertSpaces":true,"tabSize":4}
site/app/Http/Controllers/TodoListController.php: Using EditorConfig core...
app/Http/Controllers/TodoListController.php: editor.action.trimTrailingWhitespace
site/app/Http/Controllers/TodoListController.php: Using EditorConfig core...
app/Http/Controllers/TodoListController.php: editor.action.trimTrailingWhitespace
site/resources/views/index.blade.php: {"insertSpaces":true,"tabSize":4}
site/resources/views/index.blade.php: Using EditorConfig core...
resources/views/index.blade.php: editor.action.trimTrailingWhitespace
site/routes/web.php: {"insertSpaces":true,"tabSize":4}
site/app/Http/Controllers/TodoListController.php: {"insertSpaces":true,"tabSize":4}
site/routes/web.php: {"insertSpaces":true,"tabSize":4}
site/routes/web.php: Using EditorConfig core...
routes/web.php: editor.action.trimTrailingWhitespace
site/routes/web.php: Using EditorConfig core...
routes/web.php: editor.action.trimTrailingWhitespace
site/routes/web.php: Using EditorConfig core...
routes/web.php: editor.action.trimTrailingWhitespace
site/routes/web.php: {"insertSpaces":true,"tabSize":4}
site/routes/web.php: {"insertSpaces":true,"tabSize":4}
site/routes/web.php: Using EditorConfig core...
routes/web.php: editor.action.trimTrailingWhitespace
site/routes/web.php: {"insertSpaces":true,"tabSize":4}
site/routes/web.php: {"insertSpaces":true,"tabSize":4}
site/routes/web.php: {"insertSpaces":true,"tabSize":4}
site/app/Http/Controllers/TodoListController.php: {"insertSpaces":true,"tabSize":4}
site/app/Http/Controllers/TodoListController.php: Using EditorConfig core...
app/Http/Controllers/TodoListController.php: editor.action.trimTrailingWhitespace
site/app/Http/Controllers/TodoListController.php: {"insertSpaces":true,"tabSize":4}
site/app/Http/Controllers/TodoListController.php: Using EditorConfig core...
app/Http/Controllers/TodoListController.php: editor.action.trimTrailingWhitespace
site/app/Http/Controllers/TodoListController.php: {"insertSpaces":true,"tabSize":4}
site/app/Http/Controllers/TodoListController.php: {"insertSpaces":true,"tabSize":4}
