
PHP Tools server started.
    PID: 3966
    Processing files: *.php; *.phtml

> 1 file system change(s) ...
> Indexing directory 'file:///home/eho/site/storage/framework/sessions/ByhCrfPudIbiwViQmbw0c2ugBvEgRu50Q7LAhPmj' ...
> 1 file system change(s) ...
> Indexing directory 'file:///home/eho/site/storage/framework/sessions/AZQjJ4NmTEy35Z105rphzWRICEkaMwJoz7BQUZ4w' ...
> 2 file system change(s) ...
> Indexing directory 'file:///home/eho/site/storage/framework/sessions/klWcGFrDTbL0slUU35sM9yMYSc2SMDEcPY6lJfpV' ...
> Removed path 'file:///home/eho/site/storage/framework/sessions/UlzzdrlVIGAnHYKc2sos9W4VHgNFkZGink9xyjAS' ...
> 1 file system change(s) ...
> Indexing directory 'file:///home/eho/site/storage/framework/sessions/fQwVX4r56Vm67O6FvQbgBsX4PIlyjBbBeR0jKdu3' ...
> 1 file system change(s) ...
> Indexing directory 'file:///home/eho/site/storage/framework/sessions/6wSRHxOcINWhhwxoYPzhXOv6Qa6qreZ3TqU322BH' ...
> 1 file system change(s) ...
> Indexing directory 'file:///home/eho/site/storage/framework/sessions/6wSRHxOcINWhhwxoYPzhXOv6Qa6qreZ3TqU322BH' ...
> 1 file system change(s) ...
> Indexing directory 'file:///home/eho/site/storage/framework/sessions/6wSRHxOcINWhhwxoYPzhXOv6Qa6qreZ3TqU322BH' ...
> 1 file system change(s) ...
> 1 file system change(s) ...
> Indexing directory 'file:///home/eho/site/storage/framework/sessions/6wSRHxOcINWhhwxoYPzhXOv6Qa6qreZ3TqU322BH' ...
> 1 file system change(s) ...
> 1 file system change(s) ...
> Indexing directory 'file:///home/eho/site/storage/framework/sessions/6wSRHxOcINWhhwxoYPzhXOv6Qa6qreZ3TqU322BH' ...
> 1 file system change(s) ...
> Indexing directory 'file:///home/eho/site/storage/framework/sessions/6wSRHxOcINWhhwxoYPzhXOv6Qa6qreZ3TqU322BH' ...
> 1 file system change(s) ...
> 1 file system change(s) ...
> Indexing directory 'file:///home/eho/site/storage/framework/sessions/6wSRHxOcINWhhwxoYPzhXOv6Qa6qreZ3TqU322BH' ...
> 1 file system change(s) ...
> Indexing directory 'file:///home/eho/site/storage/framework/sessions/6wSRHxOcINWhhwxoYPzhXOv6Qa6qreZ3TqU322BH' ...
> 1 file system change(s) ...
> 1 file system change(s) ...
> Indexing directory 'file:///home/eho/site/storage/framework/sessions/6wSRHxOcINWhhwxoYPzhXOv6Qa6qreZ3TqU322BH' ...
> 1 file system change(s) ...
> 1 file system change(s) ...
> Indexing directory 'file:///home/eho/site/storage/framework/sessions/6wSRHxOcINWhhwxoYPzhXOv6Qa6qreZ3TqU322BH' ...
> 1 file system change(s) ...
> 1 file system change(s) ...
> 1 file system change(s) ...
> 1 file system change(s) ...
> 1 file system change(s) ...
> 1 file system change(s) ...
> 1 file system change(s) ...
> 1 file system change(s) ...
> Indexing directory 'file:///home/eho/site/storage/framework/sessions/6wSRHxOcINWhhwxoYPzhXOv6Qa6qreZ3TqU322BH' ...
> 1 file system change(s) ...
> Indexing directory 'file:///home/eho/site/storage/framework/sessions/6wSRHxOcINWhhwxoYPzhXOv6Qa6qreZ3TqU322BH' ...
> 1 file system change(s) ...
> 1 file system change(s) ...
> Indexing directory 'file:///home/eho/site/storage/framework/sessions/6wSRHxOcINWhhwxoYPzhXOv6Qa6qreZ3TqU322BH' ...
> 1 file system change(s) ...
