2023-08-30 20:33:35.173 [info] Getting Manifest... devsense.composer-php-vscode
2023-08-30 20:33:35.178 [info] Getting Manifest... devsense.phptools-vscode
2023-08-30 20:33:35.179 [info] Getting Manifest... devsense.profiler-php-vscode
2023-08-30 20:33:35.180 [info] Getting Manifest... esbenp.prettier-vscode
2023-08-30 20:33:35.180 [info] Getting Manifest... ms-python.python
2023-08-30 20:33:35.181 [info] Getting Manifest... ms-toolsai.jupyter
2023-08-30 20:33:36.243 [info] Installing extension: devsense.composer-php-vscode
2023-08-30 20:33:36.273 [info] Installing extension: devsense.profiler-php-vscode
2023-08-30 20:33:36.296 [info] Installing extension: esbenp.prettier-vscode
2023-08-30 20:33:36.561 [info] Installing extension: devsense.phptools-vscode
2023-08-30 20:33:36.663 [info] Installing extension: ms-python.python
2023-08-30 20:33:36.830 [info] Installing extension: ms-toolsai.jupyter
2023-08-30 20:33:38.945 [info] Extension signature verification is not done: devsense.composer-php-vscode
2023-08-30 20:33:38.972 [info] Extracted extension to file:///home/eho/.vscode-oss/extensions/devsense.composer-php-vscode-1.38.13759-universal: devsense.composer-php-vscode
2023-08-30 20:33:38.975 [info] Renamed to /home/eho/.vscode-oss/extensions/devsense.composer-php-vscode-1.38.13759-universal
2023-08-30 20:33:38.976 [info] Extracting extension completed. devsense.composer-php-vscode
2023-08-30 20:33:38.985 [info] Extension installed successfully: devsense.composer-php-vscode
2023-08-30 20:33:38.988 [info] Marked extension as uninstalled devsense.composer-php-vscode-1.36.13417-universal
2023-08-30 20:33:40.865 [info] Extension signature verification is not done: devsense.profiler-php-vscode
2023-08-30 20:33:40.902 [info] Extracted extension to file:///home/eho/.vscode-oss/extensions/devsense.profiler-php-vscode-1.38.13759-universal: devsense.profiler-php-vscode
2023-08-30 20:33:40.904 [info] Renamed to /home/eho/.vscode-oss/extensions/devsense.profiler-php-vscode-1.38.13759-universal
2023-08-30 20:33:40.905 [info] Extracting extension completed. devsense.profiler-php-vscode
2023-08-30 20:33:40.910 [info] Extension installed successfully: devsense.profiler-php-vscode
2023-08-30 20:33:40.913 [info] Marked extension as uninstalled devsense.profiler-php-vscode-1.36.13417-universal
2023-08-30 20:34:01.033 [info] Extension signature verification is not done: esbenp.prettier-vscode
2023-08-30 20:34:01.128 [info] Extracted extension to file:///home/eho/.vscode-oss/extensions/esbenp.prettier-vscode-10.1.0-universal: esbenp.prettier-vscode
2023-08-30 20:34:01.131 [info] Renamed to /home/eho/.vscode-oss/extensions/esbenp.prettier-vscode-10.1.0-universal
2023-08-30 20:34:01.135 [info] Extracting extension completed. esbenp.prettier-vscode
2023-08-30 20:34:01.140 [info] Extension installed successfully: esbenp.prettier-vscode
2023-08-30 20:34:01.144 [info] Marked extension as uninstalled esbenp.prettier-vscode-9.19.0-universal
2023-08-30 20:35:15.196 [info] Extension signature verification is not done: ms-toolsai.jupyter
2023-08-30 20:35:15.585 [info] Extracted extension to file:///home/eho/.vscode-oss/extensions/ms-toolsai.jupyter-2023.7.100-universal: ms-toolsai.jupyter
2023-08-30 20:35:15.601 [info] Renamed to /home/eho/.vscode-oss/extensions/ms-toolsai.jupyter-2023.7.100-universal
2023-08-30 20:35:15.608 [info] Extracting extension completed. ms-toolsai.jupyter
2023-08-30 20:35:15.615 [info] Extension installed successfully: ms-toolsai.jupyter
2023-08-30 20:35:15.620 [info] Marked extension as uninstalled ms-toolsai.jupyter-2023.3.100-universal
2023-08-30 20:35:20.717 [info] Extension signature verification is not done: ms-python.python
2023-08-30 20:35:21.310 [info] Extension signature verification is not done: devsense.phptools-vscode
2023-08-30 20:35:21.652 [info] Extracted extension to file:///home/eho/.vscode-oss/extensions/devsense.phptools-vscode-1.38.13759-linux-x64: devsense.phptools-vscode
2023-08-30 20:35:21.664 [info] Renamed to /home/eho/.vscode-oss/extensions/devsense.phptools-vscode-1.38.13759-linux-x64
2023-08-30 20:35:21.668 [info] Extracting extension completed. devsense.phptools-vscode
2023-08-30 20:35:21.675 [info] Extension installed successfully: devsense.phptools-vscode
2023-08-30 20:35:21.679 [info] Marked extension as uninstalled devsense.phptools-vscode-1.36.13417-linux-x64
2023-08-30 20:35:22.267 [info] Extracted extension to file:///home/eho/.vscode-oss/extensions/ms-python.python-2023.14.0-universal: ms-python.python
2023-08-30 20:35:22.281 [info] Renamed to /home/eho/.vscode-oss/extensions/ms-python.python-2023.14.0-universal
2023-08-30 20:35:22.287 [info] Extracting extension completed. ms-python.python
2023-08-30 20:35:22.294 [info] Extension installed successfully: ms-python.python
2023-08-30 20:35:22.299 [info] Marked extension as uninstalled ms-python.python-2023.12.0-universal
