2023-07-31 15:05:30.288 [info] Extension host with pid 3858 started
2023-07-31 15:05:30.288 [info] Skipping acquiring lock for /home/eho/.config/Code - OSS/User/workspaceStorage/8bc5819b6fe506d0f53a2e84e9079c63.
2023-07-31 15:05:30.436 [info] ExtensionService#_doActivateExtension vscode.emmet, startup: false, activationEvent: 'onLanguage'
2023-07-31 15:05:30.674 [info] ExtensionService#_doActivateExtension vscode.git-base, startup: true, activationEvent: '*', root cause: vscode.git
2023-07-31 15:05:30.678 [info] ExtensionService#_doActivateExtension formulahendry.auto-close-tag, startup: true, activationEvent: '*'
2023-07-31 15:05:30.681 [info] ExtensionService#_doActivateExtension formulahendry.auto-rename-tag, startup: true, activationEvent: '*'
2023-07-31 15:05:30.699 [info] ExtensionService#_doActivateExtension vscode.npm, startup: true, activationEvent: 'workspaceContains:package.json'
2023-07-31 15:05:30.710 [info] ExtensionService#_doActivateExtension DEVSENSE.composer-php-vscode, startup: true, activationEvent: 'workspaceContains:composer.json'
2023-07-31 15:05:30.771 [info] ExtensionService#_doActivateExtension vscode.git, startup: true, activationEvent: '*'
2023-07-31 15:05:30.801 [info] ExtensionService#_doActivateExtension vscode.github, startup: true, activationEvent: '*'
2023-07-31 15:05:31.025 [info] ExtensionService#_doActivateExtension DEVSENSE.phptools-vscode, startup: true, activationEvent: 'workspaceContains:**/*.php,phpunit.*'
2023-07-31 15:05:31.268 [info] Eager extensions activated
2023-07-31 15:05:31.351 [info] ExtensionService#_doActivateExtension vscode.debug-auto-launch, startup: false, activationEvent: 'onStartupFinished'
2023-07-31 15:05:31.355 [info] ExtensionService#_doActivateExtension vscode.merge-conflict, startup: false, activationEvent: 'onStartupFinished'
2023-07-31 15:05:31.365 [info] ExtensionService#_doActivateExtension EditorConfig.EditorConfig, startup: false, activationEvent: 'onStartupFinished'
2023-07-31 15:05:31.397 [info] ExtensionService#_doActivateExtension esbenp.prettier-vscode, startup: false, activationEvent: 'onStartupFinished'
2023-07-31 15:05:31.467 [info] ExtensionService#_doActivateExtension formulahendry.code-runner, startup: false, activationEvent: 'onStartupFinished'
2023-07-31 15:05:31.559 [info] ExtensionService#_doActivateExtension streetsidesoftware.code-spell-checker, startup: false, activationEvent: 'onStartupFinished'
2023-07-31 15:05:50.764 [info] ExtensionService#_doActivateExtension vscode.simple-browser, startup: false, activationEvent: 'onOpenExternalUri:http'
2023-07-31 15:09:26.280 [info] ExtensionService#_doActivateExtension vscode.php-language-features, startup: false, activationEvent: 'onLanguage:php'
2023-07-31 15:09:26.306 [info] ExtensionService#_doActivateExtension codingyu.laravel-goto-view, startup: false, activationEvent: 'onLanguage:php'
2023-07-31 15:55:21.433 [info] Extension host terminating: renderer closed the MessagePort
2023-07-31 15:55:22.924 [error] Error: Language client is not ready yet
    at Ih.sendRequest (/home/eho/.vscode-oss/extensions/devsense.phptools-vscode-1.36.13417-linux-x64/out/src/extension.js:92:47246)
    at xC.<anonymous> (/home/eho/.vscode-oss/extensions/devsense.phptools-vscode-1.36.13417-linux-x64/out/src/extension.js:194:2136)
    at Generator.next (<anonymous>)
    at a (/home/eho/.vscode-oss/extensions/devsense.phptools-vscode-1.36.13417-linux-x64/out/src/extension.js:1:1079)
2023-07-31 15:55:26.452 [info] Extension host with pid 3858 exiting with code 0
